2	 2	 1	 1	 1	    1	 10	 9	 3	 NaN	    3	 7	 0	 7	 -1.8949	    6.7919	 2.0895	 4.2411	 7.6975	 -5.0423	    -7.3844	 -3.2958	 NaN	 NaN	 14.9334	    9.8320	 4.9457	 14.8817	 5.2064	 5.5519	    14.9139	 19.9951	 NaN	 NaN	 4.0091	    1	 0.0200	 0	 3.011837e+03	 3.012746e+03	    3016.7547
2	 2	 1	 2	 1	    1	 10	 9	 1	 NaN	    1	 3	 0	 3	 -7.6977	    -7.0666	 4.5765	 7.1258	 NaN	 NaN	    NaN	 NaN	 NaN	 NaN	 18.9152	    6.0772	 8.3643	 14.8302	 NaN	 NaN	    NaN	 NaN	 NaN	 NaN	 6.1762	    1	 0.0400	 0	 3.022397e+03	 3.023031e+03	    3025.1980
2	 2	 1	 3	 1	    2	 10	 9	 3	 NaN	    3	 0	 2	 2	 2.7583	    -6.9390	 -7.4526	 NaN	 NaN	 NaN	    NaN	 NaN	 NaN	 NaN	 18.1418	    7.2938	 15.9991	 NaN	 NaN	 NaN	    NaN	 NaN	 NaN	 NaN	 7.7432	    1	 0.0600	 0	 3.030349e+03	 3.031174e+03	    3032.7412
2	 2	 1	 4	 1	    2	 10	 9	 2	 NaN	    1	 0	 3	 3	 0.0350	    -7.7326	 -0.3871	 4.0528	 NaN	 NaN	    NaN	 NaN	 NaN	 NaN	 5.2064	    17.4502	 19.9932	 4.8296	 NaN	 NaN	    NaN	 NaN	 NaN	 NaN	 10.5438	    0	 0.0400	 0	 3.037976e+03	 3.038826e+03	    3041.6263
2	 2	 1	 5	 1	    2	 10	 9	 3	 NaN	    3	 0	 0	 0	 1.4269	    NaN	 NaN	 NaN	 NaN	 NaN	    NaN	 NaN	 NaN	 NaN	 4.8296	    NaN	 NaN	 NaN	 NaN	 NaN	    NaN	 NaN	 NaN	 NaN	 11.6857	    1	 0.0600	 0	 3.046702e+03	 3.047594e+03	    3048.7361
2	 2	 1	 6	 1	    2	 10	 9	 4	 NaN	    3	 0	 1	 1	 2.7583	    -6.4458	 NaN	 NaN	 NaN	 NaN	    NaN	 NaN	 NaN	 NaN	 17.0634	    11.0998	 NaN	 NaN	 NaN	 NaN	    NaN	 NaN	 NaN	 NaN	 13.9527	    0	 0.0400	 0	 3.053937e+03	 3.054921e+03	    3057.1878
2	 2	 1	 7	 1	    1	 10	 9	 2	 NaN	    2	 6	 0	 6	 5.4456	    5.5839	 -4.0177	 -2.5052	 -6.0700	 4.7009	    -1.0282	 NaN	 NaN	 NaN	 11.2825	    15.9178	 8.2597	 19.5346	 12.9274	 6.5570	    14.5371	 NaN	 NaN	 NaN	 15.7698	    1	 0.0600	 0	 3.063031e+03	 3.063814e+03	    3065.6311
2	 2	 1	 8	 1	    1	 10	 9	 2	 NaN	    1	 0	 0	 0	 -0.2078	    NaN	 NaN	 NaN	 NaN	 NaN	    NaN	 NaN	 NaN	 NaN	 18.1511	    NaN	 NaN	 NaN	 NaN	 NaN	    NaN	 NaN	 NaN	 NaN	 17.0534	    0	 0.0400	 0	 3.070974e+03	 3.071882e+03	    3073.1660
2	 2	 1	 9	 1	    1	 10	 9	 2	 NaN	    1	 5	 0	 5	 -7.6415	    4.1731	 -5.7981	 2.7132	 2.9249	 -1.8021	    NaN	 NaN	 NaN	 NaN	 14.3860	    9.7468	 8.0932	 4.6239	 17.6176	 15.6599	    NaN	 NaN	 NaN	 NaN	 19.1121	    0	 0.0200	 0	 3.078092e+03	 3.079076e+03	    3081.1343
2	 2	 1	 10	 1	    1	 10	 9	 1	 NaN	    1	 8	 0	 8	 4.0528	    -1.6389	 -6.1254	 -7.2946	 6.5634	 -0.0366	    4.1705	 2.3612	 -5.7486	 NaN	 11.1030	    14.5626	 19.2292	 9.6262	 14.3680	 4.3463	    5.9278	 18.7935	 14.9334	 NaN	 22.6628	    1	 0.0400	 0	 3.086902e+03	 3.087436e+03	    3090.9863
2	 2	 1	 11	 1	    2	 10	 9	 2	 NaN	    2	 0	 4	 4	 -6.6235	    3.9992	 5.3016	 -2.6899	 -4.1252	 NaN	    NaN	 NaN	 NaN	 NaN	 18.3788	    12.2209	 6.4879	 5.2064	 15.1716	 NaN	    NaN	 NaN	 NaN	 NaN	 24.3882	    1	 0.0600	 0	 3.095896e+03	 3.096871e+03	    3098.5961
2	 2	 1	 12	 1	    2	 10	 9	 4	 NaN	    3	 0	 8	 8	 4.8504	    5.6099	 4.1731	 4.9149	 -6.3803	 -5.8857	    -7.9588	 -2.1865	 -1.3569	 NaN	 11.3645	    5.0501	 15.4758	 19.7393	 13.9366	 8.0851	    18.7382	 5.1121	 16.1497	 NaN	 26.9886	    0	 0.0400	 0	 3.104056e+03	 3.104731e+03	    3107.3312
2	 2	 1	 13	 1	    2	 10	 9	 1	 NaN	    1	 0	 5	 5	 -7.9275	    -1.0219	 -2.0939	 5.3988	 7.4835	 5.2103	    NaN	 NaN	 NaN	 NaN	 12.2150	    5.0763	 18.1058	 19.0431	 7.6562	 11.3166	    NaN	 NaN	 NaN	 NaN	 28.5389	    1	 0.0600	 0	 3.112291e+03	 3.112816e+03	    3114.3659
2	 2	 1	 14	 1	    1	 10	 9	 3	 NaN	    3	 4	 0	 4	 4.5765	    -6.6411	 3.3873	 -1.3734	 -7.1585	 NaN	    NaN	 NaN	 NaN	 NaN	 15.8660	    7.0876	 4.1483	 19.7881	 13.9928	 NaN	    NaN	 NaN	 NaN	 NaN	 30.9060	    1	 0.0800	 0	 3.120484e+03	 3.121042e+03	    3123.4094
2	 2	 1	 15	 1	    1	 10	 9	 3	 NaN	    3	 2	 0	 2	 2.2579	    -2.6978	 -6.7777	 NaN	 NaN	 NaN	    NaN	 NaN	 NaN	 NaN	 17.9056	    4.5196	 17.7150	 NaN	 NaN	 NaN	    NaN	 NaN	 NaN	 NaN	 32.5564	    1	 0.1000	 0	 3.129444e+03	 3.130186e+03	    3131.8361
2	 2	 1	 16	 1	    1	 10	 9	 3	 NaN	    4	 1	 0	 1	 -6.3257	    4.1405	 NaN	 NaN	 NaN	 NaN	    NaN	 NaN	 NaN	 NaN	 12.3431	    6.5506	 NaN	 NaN	 NaN	 NaN	    NaN	 NaN	 NaN	 NaN	 34.8485	    0	 0.0800	 1	 3.137171e+03	 3.138071e+03	    3140.3628
2	 2	 1	 17	 1	    2	 10	 9	 3	 NaN	    3	 0	 7	 7	 6.2981	    7.4502	 -6.7923	 -6.1929	 2.5879	 -6.1617	    -1.7829	 7.3704	 NaN	 NaN	 7.2707	    11.7456	 7.6377	 17.8608	 18.8064	 11.6527	    13.9773	 19.9618	 NaN	 NaN	 39.5161	    1	 0.1000	 0	 3.146906e+03	 3.147573e+03	    3152.2402
2	 2	 1	 18	 1	    2	 10	 9	 1	 NaN	    1	 0	 6	 6	 -0.3522	    -4.0173	 7.8284	 -6.3257	 3.7234	 1.3868	    7.3421	 NaN	 NaN	 NaN	 17.7150	    13.0720	 4.5451	 9.4475	 5.3226	 13.5256	    13.5043	 NaN	 NaN	 NaN	 43.1251	    1	 0.1200	 0	 3.157716e+03	 3.158491e+03	    3162.1005
2	 2	 1	 19	 1	    2	 10	 9	 3	 NaN	    4	 0	 3	 3	 -0.3841	    -7.5565	 3.7086	 6.9010	 NaN	 NaN	    NaN	 NaN	 NaN	 NaN	 5.4710	    6.2491	 12.0141	 16.6752	 NaN	 NaN	    NaN	 NaN	 NaN	 NaN	 44.9338	    0	 0.1000	 0	 3.167802e+03	 3.168627e+03	    3170.4355
2	 2	 1	 20	 1	    2	 10	 9	 3	 NaN	    3	 0	 6	 6	 6.4788	    1.8008	 -7.4673	 -2.6899	 -2.7514	 4.5138	    -7.6714	 NaN	 NaN	 NaN	 14.1008	    4.7459	 13.8951	 5.4562	 18.8488	 7.7335	    9.3666	 NaN	 NaN	 NaN	 48.8678	    1	 0.0800	 1	 3.176770e+03	 3.177554e+03	    3181.4877
2	 2	 1	 21	 1	    1	 10	 9	 2	 NaN	    2	 6	 0	 6	 1.4629	    6.2981	 -6.1314	 5.6099	 -5.7608	 -1.4844	    6.6139	 NaN	 NaN	 NaN	 5.0126	    19.4274	 19.0118	 7.5608	 10.7954	 18.3532	    13.3715	 NaN	 NaN	 NaN	 50.6765	    1	 0.1000	 0	 3.188422e+03	 3.189081e+03	    3190.8896
2	 2	 1	 22	 1	    1	 10	 9	 1	 NaN	    1	 8	 0	 8	 4.9614	    5.9791	 5.9948	 -0.6149	 -7.3103	 2.0492	    -2.8468	 -7.0666	 -6.7923	 NaN	 14.4979	    18.8814	 8.0470	 4.9457	 10.4502	 17.5852	    15.3578	 4.3749	 17.7953	 NaN	 55.5525	    1	 0.1200	 0	 3.196241e+03	 3.196858e+03	    3201.7335
2	 2	 1	 23	 1	    2	 10	 9	 4	 NaN	    4	 0	 7	 7	 -0.2972	    6.3129	 6.7407	 7.8924	 2.9091	 -6.7777	    -6.6363	 -3.9506	 NaN	 NaN	 16.1497	    6.1372	 10.2082	 14.1674	 19.4274	 9.4377	    16.5390	 4.2949	 NaN	 NaN	 59.0532	    1	 0.1400	 0	 3.207360e+03	 3.208043e+03	    3211.5438
2	 2	 1	 24	 1	    1	 10	 9	 1	 NaN	    1	 2	 0	 2	 7.3749	    -5.1036	 1.2251	 NaN	 NaN	 NaN	    NaN	 NaN	 NaN	 NaN	 18.1372	    5.5659	 19.7393	 NaN	 NaN	 NaN	    NaN	 NaN	 NaN	 NaN	 60.6702	    1	 0.1600	 0	 3.217762e+03	 3.218670e+03	    3220.2872
2	 2	 1	 25	 1	    1	 10	 9	 2	 NaN	    2	 1	 0	 1	 4.7632	    -5.8067	 NaN	 NaN	 NaN	 NaN	    NaN	 NaN	 NaN	 NaN	 4.2442	    12.3448	 NaN	 NaN	 NaN	 NaN	    NaN	 NaN	 NaN	 NaN	 62.2955	    1	 0.1800	 0	 3.226030e+03	 3.226872e+03	    3228.4972
2	 2	 1	 26	 1	    1	 10	 9	 3	 NaN	    3	 7	 0	 7	 4.7732	    1.7186	 -7.1678	 -1.7345	 -5.9345	 -3.3350	    0.7364	 6.4138	 NaN	 NaN	 11.1030	    14.4261	 13.7440	 4.3972	 6.6421	 17.0622	    19.3527	 5.3152	 NaN	 NaN	 65.9379	    1	 0.2000	 0	 3.234732e+03	 3.235682e+03	    3239.3244
2	 2	 1	 27	 1	    2	 10	 9	 1	 NaN	    2	 0	 0	 0	 4.4490	    NaN	 NaN	 NaN	 NaN	 NaN	    NaN	 NaN	 NaN	 NaN	 19.1999	    NaN	 NaN	 NaN	 NaN	 NaN	    NaN	 NaN	 NaN	 NaN	 67.7717	    0	 0.1800	 0	 3.244842e+03	 3.245476e+03	    3247.3094
2	 2	 1	 28	 1	    1	 10	 9	 4	 NaN	    3	 5	 0	 5	 -0.1502	    7.4835	 -7.3103	 2.1173	 -6.8235	 5.2103	    NaN	 NaN	 NaN	 NaN	 16.5840	    9.9668	 12.5323	 5.8691	 5.8423	 14.8239	    NaN	 NaN	 NaN	 NaN	 69.9637	    0	 0.1600	 0	 3.252752e+03	 3.253402e+03	    3255.5943
2	 2	 1	 29	 1	    1	 10	 9	 1	 NaN	    1	 0	 0	 0	 3.7961	    NaN	 NaN	 NaN	 NaN	 NaN	    NaN	 NaN	 NaN	 NaN	 13.3228	    NaN	 NaN	 NaN	 NaN	 NaN	    NaN	 NaN	 NaN	 NaN	 71.4307	    1	 0.1800	 0	 3.261446e+03	 3.262412e+03	    3263.8793
2	 2	 1	 30	 1	    2	 10	 9	 4	 NaN	    4	 0	 4	 4	 6.3515	    -2.5673	 -2.2783	 3.9800	 -7.1058	 NaN	    NaN	 NaN	 NaN	 NaN	 13.9136	    18.7170	 5.0501	 6.6635	 19.2572	 NaN	    NaN	 NaN	 NaN	 NaN	 73.2394	    1	 0.2000	 0	 3.269305e+03	 3.269814e+03	    3271.6226
2	 2	 1	 31	 1	    2	 10	 9	 2	 NaN	    2	 0	 1	 1	 1.6204	    -6.9891	 NaN	 NaN	 NaN	 NaN	    NaN	 NaN	 NaN	 NaN	 4.3659	    12.3773	 NaN	 NaN	 NaN	 NaN	    NaN	 NaN	 NaN	 NaN	 74.8064	    1	 0.2200	 0	 3.277732e+03	 3.278466e+03	    3280.0326
2	 2	 1	 32	 1	    2	 10	 9	 4	 NaN	    4	 0	 2	 2	 -2.8111	    7.7592	 4.6651	 NaN	 NaN	 NaN	    NaN	 NaN	 NaN	 NaN	 12.4765	    10.3328	 17.0984	 NaN	 NaN	 NaN	    NaN	 NaN	 NaN	 NaN	 76.3567	    1	 0.2400	 0	 3.285142e+03	 3.285800e+03	    3287.3507
2	 2	 1	 33	 1	    1	 10	 9	 4	 NaN	    4	 4	 0	 4	 -3.3215	    7.4746	 -7.8570	 5.0282	 -4.5551	 NaN	    NaN	 NaN	 NaN	 NaN	 5.8423	    13.5043	 13.2626	 6.8348	 16.6296	 NaN	    NaN	 NaN	 NaN	 NaN	 77.8820	    1	 0.2600	 0	 3.292377e+03	 3.293210e+03	    3294.7355
2	 2	 1	 34	 1	    2	 10	 9	 1	 NaN	    1	 0	 8	 8	 7.3433	    -6.4383	 4.4569	 0.5542	 -2.9286	 -5.7981	    -7.2845	 4.3381	 7.2282	 NaN	 16.9538	    10.4805	 13.7374	 18.2349	 5.4945	 17.4615	    6.3566	 4.2949	 7.8152	 NaN	 80.5575	    1	 0.2800	 0	 3.299645e+03	 3.300395e+03	    3303.0705
2	 2	 1	 35	 1	    2	 10	 9	 2	 NaN	    2	 0	 5	 5	 -3.2716	    2.6476	 -4.1574	 5.6651	 -5.8826	 7.1023	    NaN	 NaN	 NaN	 NaN	 4.1771	    15.4556	 13.3228	 4.6485	 17.4086	 10.0074	    NaN	 NaN	 NaN	 NaN	 81.7327	    1	 0.3000	 0	 3.309605e+03	 3.310280e+03	    3311.4555
2	 2	 1	 36	 1	    1	 10	 9	 3	 NaN	    3	 3	 0	 3	 -2.5052	    -5.1267	 4.2142	 7.6372	 NaN	 NaN	    NaN	 NaN	 NaN	 NaN	 13.7383	    6.0311	 13.3257	 5.9908	 NaN	 NaN	    NaN	 NaN	 NaN	 NaN	 84.3582	    1	 0.2800	 1	 3.317773e+03	 3.318682e+03	    3321.3075
2	 2	 1	 37	 1	    2	 10	 9	 3	 NaN	    3	 0	 2	 2	 -6.3986	    6.7407	 7.3433	 NaN	 NaN	 NaN	    NaN	 NaN	 NaN	 NaN	 16.9413	    10.4085	 15.9097	 NaN	 NaN	 NaN	    NaN	 NaN	 NaN	 NaN	 86.0419	    1	 0.3000	 0	 3.327617e+03	 3.328384e+03	    3330.0676
2	 2	 1	 38	 1	    2	 10	 9	 3	 NaN	    4	 0	 3	 3	 3.3279	    -5.6521	 4.2410	 -6.6411	 NaN	 NaN	    NaN	 NaN	 NaN	 NaN	 5.9459	    16.4542	 12.4277	 5.9059	 NaN	 NaN	    NaN	 NaN	 NaN	 NaN	 88.3923	    0	 0.2800	 0	 3.336477e+03	 3.337244e+03	    3339.5945
2	 2	 1	 39	 1	    1	 10	 9	 1	 NaN	    1	 2	 0	 2	 1.9651	    -3.4595	 7.7686	 NaN	 NaN	 NaN	    NaN	 NaN	 NaN	 NaN	 5.0501	    19.9842	 15.1472	 NaN	 NaN	 NaN	    NaN	 NaN	 NaN	 NaN	 89.7509	    1	 0.3000	 0	 3.345154e+03	 3.345804e+03	    3347.1627
2	 2	 1	 40	 1	    2	 10	 9	 3	 NaN	    4	 0	 5	 5	 -2.6762	    -6.1929	 -6.9511	 2.3354	 1.0098	 3.6808	    NaN	 NaN	 NaN	 NaN	 6.5149	    11.9041	 16.9650	 5.3226	 19.2618	 13.9957	    NaN	 NaN	 NaN	 NaN	 91.7846	    0	 0.2800	 0	 3.352739e+03	 3.353614e+03	    3355.6478
2	 2	 1	 41	 1	    2	 10	 9	 1	 NaN	    1	 0	 8	 8	 -6.3986	    3.0900	 -6.9390	 6.4138	 7.7674	 -6.8961	    -6.5951	 2.0895	 -1.1600	 NaN	 4.8782	    16.7646	 9.6528	 5.8108	 18.8525	 19.8220	    14.0091	 5.0501	 14.1833	 NaN	 93.9851	    1	 0.3000	 0	 3.360715e+03	 3.361599e+03	    3363.7994
2	 2	 1	 42	 1	    1	 10	 9	 4	 NaN	    4	 0	 0	 0	 -3.6660	    NaN	 NaN	 NaN	 NaN	 NaN	    NaN	 NaN	 NaN	 NaN	 17.4502	    NaN	 NaN	 NaN	 NaN	 NaN	    NaN	 NaN	 NaN	 NaN	 95.1686	    1	 0.3200	 0	 3.368867e+03	 3.369767e+03	    3370.9508
2	 2	 1	 43	 1	    2	 10	 9	 1	 NaN	    2	 0	 1	 1	 2.0492	    -3.8073	 NaN	 NaN	 NaN	 NaN	    NaN	 NaN	 NaN	 NaN	 4.1788	    17.4968	 NaN	 NaN	 NaN	 NaN	    NaN	 NaN	 NaN	 NaN	 97.0190	    0	 0.3000	 0	 3.376752e+03	 3.377335e+03	    3379.1858
2	 2	 1	 44	 1	    2	 10	 9	 3	 NaN	    4	 0	 0	 0	 -5.7840	    NaN	 NaN	 NaN	 NaN	 NaN	    NaN	 NaN	 NaN	 NaN	 9.7914	    NaN	 NaN	 NaN	 NaN	 NaN	    NaN	 NaN	 NaN	 NaN	 98.5443	    0	 0.2800	 0	 3.384003e+03	 3.384620e+03	    3386.1455
2	 2	 1	 45	 1	    1	 10	 9	 3	 NaN	    4	 6	 0	 6	 4.5138	    -3.9962	 -5.6712	 7.6985	 -6.5248	 6.9010	    -4.8614	 NaN	 NaN	 NaN	 12.5323	    5.1985	 17.9264	 7.2729	 9.2239	 18.2349	    13.8110	 NaN	 NaN	 NaN	 100.0112	    0	 0.2600	 0	 3.392864e+03	 3.393680e+03	    3395.1474
2	 2	 1	 46	 1	    1	 10	 9	 2	 NaN	    2	 5	 0	 5	 2.5296	    -6.1538	 -6.5600	 2.1991	 -3.8705	 7.8175	    NaN	 NaN	 NaN	 NaN	 5.1092	    13.5802	 8.0272	 16.3692	 16.9538	 7.4421	    NaN	 NaN	 NaN	 NaN	 101.3364	    1	 0.2800	 0	 3.400065e+03	 3.400990e+03	    3402.3155
2	 2	 1	 47	 1	    2	 10	 9	 3	 NaN	    3	 0	 7	 7	 -7.3209	    -5.4842	 6.7901	 4.0044	 1.0098	 -6.3257	    -6.7004	 1.1060	 NaN	 NaN	 9.4475	    14.4261	 12.4146	 8.1306	 4.9867	 4.9867	    18.2658	 13.8951	 NaN	 NaN	 103.4868	    1	 0.3000	 0	 3.408542e+03	 3.409450e+03	    3411.6007
2	 2	 1	 48	 1	    2	 10	 9	 2	 NaN	    2	 0	 6	 6	 7.8284	    5.6562	 -0.1894	 1.6808	 -6.2338	 -7.1153	    -4.6012	 NaN	 NaN	 NaN	 17.6203	    6.5506	 4.3749	 16.6285	 16.4352	 10.1070	    6.2805	 NaN	 NaN	 NaN	 105.8373	    1	 0.3200	 0	 3.416943e+03	 3.417669e+03	    3420.0190
2	 2	 1	 49	 1	    1	 10	 9	 4	 NaN	    4	 8	 0	 8	 -6.2418	    -6.9511	 0.9288	 7.7674	 4.7036	 4.5993	    -2.0392	 -7.4526	 1.2251	 NaN	 4.6842	    11.4222	 4.4155	 13.9773	 16.5840	 10.9048	    16.5840	 16.2722	 13.8416	 NaN	 107.6293	    1	 0.3400	 0	 3.424845e+03	 3.425562e+03	    3427.3538
2	 2	 1	 50	 1	    2	 10	 9	 3	 NaN	    3	 0	 4	 4	 7.4676	    -1.9300	 3.8209	 -6.7004	 0.7364	 NaN	    NaN	 NaN	 NaN	 NaN	 17.8890	    15.3302	 7.5641	 4.8048	 18.7268	 NaN	    NaN	 NaN	 NaN	 NaN	 109.7797	    1	 0.3200	 1	 3.433088e+03	 3.434030e+03	    3436.1806
2	 2	 1	 51	 1	    1	 10	 9	 3	 NaN	    4	 4	 0	 4	 2.1837	    -6.4652	 -2.2161	 3.3193	 -6.6689	 NaN	    NaN	 NaN	 NaN	 NaN	 15.8554	    8.6372	 16.5390	 7.1908	 15.3965	 NaN	    NaN	 NaN	 NaN	 NaN	 112.0801	    0	 0.3000	 0	 3.445024e+03	 3.445758e+03	    3448.0580
2	 2	 1	 52	 1	    1	 10	 9	 2	 NaN	    2	 7	 0	 7	 5.7889	    4.0044	 -3.2844	 -5.0924	 -7.2613	 -1.4083	    2.5024	 7.7353	 NaN	 NaN	 14.9619	    19.4079	 5.8423	 18.8814	 9.9778	 16.7118	    4.9586	 8.2847	 NaN	 NaN	 113.4554	    1	 0.2800	 1	 3.453617e+03	 3.454618e+03	    3455.9930
2	 2	 1	 53	 1	    1	 10	 9	 4	 NaN	    4	 3	 0	 3	 -6.7004	    -1.9527	 7.7686	 3.2588	 NaN	 NaN	    NaN	 NaN	 NaN	 NaN	 11.7455	    17.0029	 12.0046	 7.1058	 NaN	 NaN	    NaN	 NaN	 NaN	 NaN	 115.5142	    1	 0.3000	 0	 3.462103e+03	 3.463086e+03	    3465.1448
2	 2	 1	 54	 1	    1	 10	 9	 4	 NaN	    4	 1	 0	 1	 5.8674	    -6.0700	 NaN	 NaN	 NaN	 NaN	    NaN	 NaN	 NaN	 NaN	 5.3164	    17.5122	 NaN	 NaN	 NaN	 NaN	    NaN	 NaN	 NaN	 NaN	 117.3729	    1	 0.3200	 0	 3.470588e+03	 3.471438e+03	    3473.2964
2	 2	 1	 55	 1	    1	 10	 9	 4	 NaN	    3	 3	 0	 3	 -7.1850	    -5.2053	 7.7116	 5.9791	 NaN	 NaN	    NaN	 NaN	 NaN	 NaN	 14.2874	    6.9596	 6.3784	 15.2933	 NaN	 NaN	    NaN	 NaN	 NaN	 NaN	 119.2232	    0	 0.3000	 0	 3.478931e+03	 3.479656e+03	    3481.5064
2	 2	 1	 56	 1	    1	 10	 9	 2	 NaN	    2	 8	 0	 8	 6.6350	    3.1609	 -2.5673	 -6.6689	 -1.6045	 -7.3098	    6.3428	 4.3405	 7.1911	 NaN	 10.0074	    19.5341	 5.9416	 10.6129	 15.0916	 19.2038	    14.7090	 5.6414	 18.9742	 NaN	 123.1406	    1	 0.3200	 0	 3.486724e+03	 3.487599e+03	    3491.5167
2	 2	 1	 57	 1	    2	 10	 9	 1	 NaN	    2	 0	 3	 3	 -4.7293	    -6.1513	 7.3078	 1.6407	 NaN	 NaN	    NaN	 NaN	 NaN	 NaN	 11.4549	    17.0634	 16.5732	 4.8922	 NaN	 NaN	    NaN	 NaN	 NaN	 NaN	 125.3827	    0	 0.3000	 0	 3.497335e+03	 3.498035e+03	    3500.2768
2	 2	 1	 58	 1	    2	 10	 9	 3	 NaN	    3	 0	 7	 7	 4.2410	    7.7686	 2.2420	 -4.0487	 -0.4551	 -6.3246	    3.6522	 -7.0101	 NaN	 NaN	 15.9316	    9.4626	 5.5659	 4.5260	 17.1084	 19.1999	    11.6527	 14.4755	 NaN	 NaN	 128.0666	    1	 0.3200	 0	 3.505103e+03	 3.506070e+03	    3508.7535
2	 2	 1	 59	 1	    2	 10	 9	 1	 NaN	    1	 0	 6	 6	 5.6350	    -4.4122	 7.5241	 4.1613	 -0.2424	 -4.1362	    7.9840	 NaN	 NaN	 NaN	 15.9560	    15.6451	 4.0396	 8.9228	 15.1896	 7.0807	    12.1385	 NaN	 NaN	 NaN	 130.4671	    1	 0.3400	 0	 3.514746e+03	 3.515271e+03	    3517.6720
2	 2	 1	 60	 1	    1	 10	 9	 1	 NaN	    1	 5	 0	 5	 6.0594	    2.3105	 -7.2946	 5.1302	 -6.4616	 -2.0939	    NaN	 NaN	 NaN	 NaN	 10.6772	    6.0994	 10.2246	 18.2982	 16.2627	 18.1058	    NaN	 NaN	 NaN	 NaN	 132.2007	    1	 0.3600	 0	 3.523815e+03	 3.524465e+03	    3526.1987
2	 2	 1	 61	 1	    2	 10	 9	 3	 NaN	    3	 0	 2	 2	 -6.9155	    5.7027	 7.6372	 NaN	 NaN	 NaN	    NaN	 NaN	 NaN	 NaN	 6.6416	    17.7150	 7.2707	 NaN	 NaN	 NaN	    NaN	 NaN	 NaN	 NaN	 134.1261	    1	 0.3800	 0	 3.532133e+03	 3.532700e+03	    3534.6254
2	 2	 1	 62	 1	    1	 10	 9	 3	 NaN	    3	 6	 0	 6	 4.7036	    -6.9390	 4.8413	 -6.4520	 -6.7608	 3.1133	    -1.7124	 NaN	 NaN	 NaN	 5.2166	    9.9489	 16.6036	 5.0126	 15.3258	 12.5081	    16.9650	 NaN	 NaN	 NaN	 136.8183	    1	 0.3600	 1	 3.541068e+03	 3.541960e+03	    3544.6524
2	 2	 1	 63	 1	    2	 10	 9	 3	 NaN	    3	 0	 5	 5	 -6.6139	    -7.0666	 2.0272	 -1.1831	 6.6894	 7.1023	    NaN	 NaN	 NaN	 NaN	 6.2294	    18.4818	 4.9511	 16.3336	 11.4222	 19.5346	    NaN	 NaN	 NaN	 NaN	 138.9520	    1	 0.3800	 0	 3.551721e+03	 3.552421e+03	    3554.5544
2	 2	 1	 64	 1	    1	 10	 9	 4	 NaN	    4	 7	 0	 7	 -3.1803	    -7.1632	 4.2410	 -1.1133	 3.0715	 7.8711	    6.2488	 -6.2338	 NaN	 NaN	 6.6381	    14.4979	 5.3164	 15.9316	 14.2505	 9.8001	    19.3947	 10.1249	 NaN	 NaN	 141.2609	    1	 0.4000	 0	 3.562823e+03	 3.563823e+03	    3566.1318
2	 2	 1	 65	 1	    2	 10	 9	 4	 NaN	    4	 0	 8	 8	 -5.4040	    -5.7840	 5.9566	 -5.4513	 7.6985	 4.0111	    2.7287	 -4.2005	 7.9269	 NaN	 13.8242	    19.0330	 13.2733	 5.0930	 4.8048	 8.6139	    17.0363	 9.5153	 19.2849	 NaN	 143.7197	    1	 0.4200	 0	 3.572208e+03	 3.572991e+03	    3575.4503
2	 2	 1	 66	 1	    1	 10	 9	 2	 NaN	    2	 2	 0	 2	 -4.0868	    7.7117	 7.1911	 NaN	 NaN	 NaN	    NaN	 NaN	 NaN	 NaN	 11.3166	    14.9597	 8.9616	 NaN	 NaN	 NaN	    NaN	 NaN	 NaN	 NaN	 145.0366	    1	 0.4400	 0	 3.581718e+03	 3.582335e+03	    3583.6519
2	 2	 1	 67	 1	    1	 10	 9	 2	 NaN	    2	 1	 0	 1	 -1.9809	    6.1067	 NaN	 NaN	 NaN	 NaN	    NaN	 NaN	 NaN	 NaN	 5.4240	    16.4352	 NaN	 NaN	 NaN	 NaN	    NaN	 NaN	 NaN	 NaN	 146.7619	    1	 0.4600	 0	 3.588845e+03	 3.589812e+03	    3591.5368
2	 2	 1	 68	 1	    1	 10	 9	 2	 NaN	    1	 4	 0	 4	 6.3489	    -5.8759	 2.8213	 -5.2053	 2.9091	 NaN	    NaN	 NaN	 NaN	 NaN	 9.6729	    6.0772	 15.4637	 17.1086	 5.9365	 NaN	    NaN	 NaN	 NaN	 NaN	 148.3539	    0	 0.4400	 0	 3.597455e+03	 3.598005e+03	    3599.5968
2	 2	 1	 69	 1	    2	 10	 9	 2	 NaN	    2	 0	 4	 4	 -7.6071	    6.2981	 -6.7248	 6.3602	 -0.5288	 NaN	    NaN	 NaN	 NaN	 NaN	 19.5903	    19.7280	 8.1410	 10.6929	 13.9038	 NaN	    NaN	 NaN	 NaN	 NaN	 150.1626	    1	 0.4600	 0	 3.604815e+03	 3.605656e+03	    3607.4650
2	 2	 1	 70	 1	    1	 10	 9	 4	 NaN	    4	 0	 0	 0	 -4.9032	    NaN	 NaN	 NaN	 NaN	 NaN	    NaN	 NaN	 NaN	 NaN	 13.7374	    NaN	 NaN	 NaN	 NaN	 NaN	    NaN	 NaN	 NaN	 NaN	 152.2546	    1	 0.4800	 0	 3.613183e+03	 3.613916e+03	    3616.0084
2	 2	 1	 71	 1	    2	 10	 9	 2	 NaN	    2	 0	 1	 1	 4.8413	    -4.0487	 NaN	 NaN	 NaN	 NaN	    NaN	 NaN	 NaN	 NaN	 19.2008	    7.1428	 NaN	 NaN	 NaN	 NaN	    NaN	 NaN	 NaN	 NaN	 153.4715	    1	 0.5000	 0	 3.623435e+03	 3.624077e+03	    3625.2936
2	 2	 1	 72	 1	    2	 10	 9	 2	 NaN	    2	 0	 0	 0	 -5.0423	    NaN	 NaN	 NaN	 NaN	 NaN	    NaN	 NaN	 NaN	 NaN	 4.8922	    NaN	 NaN	 NaN	 NaN	 NaN	    NaN	 NaN	 NaN	 NaN	 154.7801	    1	 0.5200	 0	 3.631978e+03	 3.632553e+03	    3633.8620
2	 2	 1	 73	 1	    1	 10	 9	 1	 NaN	    1	 0	 0	 0	 -2.1585	    NaN	 NaN	 NaN	 NaN	 NaN	    NaN	 NaN	 NaN	 NaN	 14.8647	    NaN	 NaN	 NaN	 NaN	 NaN	    NaN	 NaN	 NaN	 NaN	 156.0386	    1	 0.5400	 0	 3.639672e+03	 3.640513e+03	    3641.7719
2	 2	 1	 74	 1	    2	 10	 9	 3	 NaN	    3	 0	 0	 0	 1.2093	    NaN	 NaN	 NaN	 NaN	 NaN	    NaN	 NaN	 NaN	 NaN	 4.9511	    NaN	 NaN	 NaN	 NaN	 NaN	    NaN	 NaN	 NaN	 NaN	 157.3805	    1	 0.5600	 0	 3.647081e+03	 3.647790e+03	    3649.1317
2	 2	 1	 75	 1	    1	 10	 9	 3	 NaN	    3	 1	 0	 1	 -2.6992	    4.0528	 NaN	 NaN	 NaN	 NaN	    NaN	 NaN	 NaN	 NaN	 13.9957	    10.2257	 NaN	 NaN	 NaN	 NaN	    NaN	 NaN	 NaN	 NaN	 158.7558	    1	 0.5800	 0	 3.655750e+03	 3.656700e+03	    3658.0752
2	 2	 1	 76	 1	    1	 10	 9	 3	 NaN	    3	 3	 0	 3	 7.7621	    -4.9032	 -5.6392	 2.9249	 NaN	 NaN	    NaN	 NaN	 NaN	 NaN	 7.8152	    13.8848	 8.5414	 12.2712	 NaN	 NaN	    NaN	 NaN	 NaN	 NaN	 160.4812	    1	 0.6000	 0	 3.664310e+03	 3.665052e+03	    3666.7770
2	 2	 1	 77	 1	    2	 10	 9	 1	 NaN	    1	 0	 7	 7	 -0.0891	    -5.3137	 6.6139	 -5.1898	 7.5642	 4.5138	    5.2718	 -0.3905	 NaN	 NaN	 16.4476	    14.0810	 14.4646	 9.5122	 19.6771	 4.9901	    9.2518	 4.3415	 NaN	 NaN	 161.9064	    1	 0.6200	 0	 3.672703e+03	 3.673245e+03	    3674.6702
2	 2	 1	 78	 1	    1	 10	 9	 2	 NaN	    2	 8	 0	 8	 2.2579	    7.1258	 -3.3350	 -2.7617	 -5.1618	 -2.5047	    6.2981	 5.3940	 0.9073	 NaN	 13.7440	    4.8205	 6.0772	 18.2349	 10.7955	 13.8848	    18.7935	 9.7814	 5.0930	 NaN	 163.5151	    1	 0.6400	 0	 3.680471e+03	 3.681147e+03	    3682.7552
2	 2	 1	 79	 1	    2	 10	 9	 2	 NaN	    2	 0	 2	 2	 -0.1458	    6.4572	 4.0251	 NaN	 NaN	 NaN	    NaN	 NaN	 NaN	 NaN	 19.9951	    9.2893	 19.8019	 NaN	 NaN	 NaN	    NaN	 NaN	 NaN	 NaN	 165.7822	    1	 0.6600	 0	 3.688573e+03	 3.689123e+03	    3691.3903
2	 2	 1	 80	 1	    2	 10	 9	 4	 NaN	    3	 0	 4	 4	 -4.2005	    -7.6641	 7.1712	 4.0733	 -6.8093	 NaN	    NaN	 NaN	 NaN	 NaN	 8.6662	    18.8814	 13.5043	 9.6041	 4.0932	 NaN	    NaN	 NaN	 NaN	 NaN	 169.5246	    0	 0.6400	 1	 3.696741e+03	 3.697733e+03	    3701.4756
2	 2	 1	 81	 1	    2	 10	 9	 2	 NaN	    2	 0	 8	 8	 5.8885	    5.0970	 -0.0891	 -4.5551	 -7.4380	 1.7720	    -7.6850	 5.7027	 7.9840	 NaN	 4.3067	    16.9615	 5.1610	 8.2785	 18.2387	 13.6582	    13.9136	 8.8690	 12.3400	 NaN	 172.7336	    1	 0.6600	 0	 3.708752e+03	 3.709427e+03	    3712.6362
2	 2	 1	 82	 1	    1	 10	 9	 2	 NaN	    2	 4	 0	 4	 6.1993	    -6.4520	 5.9566	 -0.0561	 2.9638	 NaN	    NaN	 NaN	 NaN	 NaN	 5.9908	    7.0949	 17.9056	 18.3532	 12.2885	 NaN	    NaN	 NaN	 NaN	 NaN	 175.5091	    1	 0.6800	 0	 3.718237e+03	 3.719112e+03	    3721.8880
2	 2	 1	 83	 1	    1	 10	 9	 3	 NaN	    3	 5	 0	 5	 -7.1058	    6.2981	 3.3438	 2.5430	 -1.5900	 -5.7055	    NaN	 NaN	 NaN	 NaN	 12.1016	    10.4502	 16.9615	 6.0088	 4.9263	 19.0118	    NaN	 NaN	 NaN	 NaN	 178.4513	    1	 0.7000	 0	 3.728364e+03	 3.728923e+03	    3731.8651
2	 2	 1	 84	 1	    2	 10	 9	 2	 NaN	    2	 0	 1	 1	 6.3129	    -5.6392	 NaN	 NaN	 NaN	 NaN	    NaN	 NaN	 NaN	 NaN	 18.6030	    7.7503	 NaN	 NaN	 NaN	 NaN	    NaN	 NaN	 NaN	 NaN	 179.4598	    1	 0.7200	 0	 3.736841e+03	 3.737833e+03	    3738.8414
2	 2	 1	 85	 1	    2	 10	 9	 3	 NaN	    3	 0	 3	 3	 -0.3352	    5.5535	 -6.7101	 7.3856	 NaN	 NaN	    NaN	 NaN	 NaN	 NaN	 13.6912	    9.2781	 7.3616	 14.2874	 NaN	 NaN	    NaN	 NaN	 NaN	 NaN	 181.5852	    1	 0.7400	 0	 3.743951e+03	 3.744826e+03	    3746.9514
2	 2	 1	 86	 1	    2	 10	 9	 2	 NaN	    2	 0	 5	 5	 -5.9389	    1.1515	 7.5037	 7.6922	 -1.7625	 -5.5998	    NaN	 NaN	 NaN	 NaN	 6.1514	    16.1478	 14.8817	 7.1656	 4.8205	 14.0090	    NaN	 NaN	 NaN	 NaN	 184.1358	    1	 0.7600	 0	 3.752102e+03	 3.752961e+03	    3755.5115
2	 2	 1	 87	 1	    1	 10	 9	 2	 NaN	    2	 2	 0	 2	 -4.5141	    6.4531	 5.2782	 NaN	 NaN	 NaN	    NaN	 NaN	 NaN	 NaN	 9.2518	    16.2971	 9.7879	 NaN	 NaN	 NaN	    NaN	 NaN	 NaN	 NaN	 185.6194	    1	 0.7800	 0	 3.760471e+03	 3.761113e+03	    3762.5962
2	 2	 1	 88	 1	    1	 10	 9	 4	 NaN	    3	 6	 0	 6	 6.9010	    5.2718	 -0.3121	 -5.2019	 -2.1483	 5.1429	    -5.2787	 NaN	 NaN	 NaN	 16.5840	    9.1777	 19.7881	 5.6068	 14.2477	 4.6485	    10.6802	 NaN	 NaN	 NaN	 188.4783	    0	 0.7600	 0	 3.771831e+03	 3.772598e+03	    3775.4571
2	 2	 1	 89	 1	    1	 10	 9	 3	 NaN	    3	 7	 0	 7	 -7.9588	    -4.0868	 4.2740	 4.0733	 5.7565	 -2.2783	    -6.7608	 0.9288	 NaN	 NaN	 10.3445	    7.5065	 12.3773	 19.1718	 5.0501	 17.6203	    17.9500	 4.9263	 NaN	 NaN	 192.1707	    1	 0.7800	 0	 3.782142e+03	 3.782842e+03	    3786.5344
2	 2	 1	 90	 1	    2	 10	 9	 1	 NaN	    1	 0	 6	 6	 1.8008	    -3.5642	 2.2579	 6.0418	 -5.9414	 -6.8961	    -1.8861	 NaN	 NaN	 NaN	 19.9932	    18.2942	 5.2064	 13.7383	 10.6772	 6.1939	    4.9716	 NaN	 NaN	 NaN	 193.4209	    1	 0.8000	 0	 3.791935e+03	 3.792819e+03	    3794.0692
2	 2	 1	 91	 1	    1	 10	 9	 1	 NaN	    1	 2	 0	 2	 6.0594	    -5.6798	 -5.3137	 NaN	 NaN	 NaN	    NaN	 NaN	 NaN	 NaN	 11.8994	    12.8583	 19.2292	 NaN	 NaN	 NaN	    NaN	 NaN	 NaN	 NaN	 195.7297	    1	 0.8200	 0	 3.799162e+03	 3.799854e+03	    3802.1625
2	 2	 1	 92	 1	    1	 10	 9	 3	 NaN	    3	 6	 0	 6	 7.8328	    -1.1600	 -0.3459	 5.9963	 7.9458	 -4.5428	    -5.0859	 NaN	 NaN	 NaN	 18.8814	    14.3680	 19.2890	 4.8558	 11.0362	 6.9848	    12.8233	 NaN	 NaN	 NaN	 197.7551	    1	 0.8400	 0	 3.807697e+03	 3.808339e+03	    3810.3642
2	 2	 1	 93	 1	    1	 10	 9	 3	 NaN	    3	 1	 0	 1	 -7.3209	    2.9091	 NaN	 NaN	 NaN	 NaN	    NaN	 NaN	 NaN	 NaN	 8.9338	    17.6540	 NaN	 NaN	 NaN	 NaN	    NaN	 NaN	 NaN	 NaN	 198.9637	    1	 0.8600	 0	 3.816807e+03	 3.817682e+03	    3818.8909
2	 2	 1	 94	 1	    1	 10	 9	 2	 NaN	    2	 3	 0	 3	 -2.4810	    -6.0820	 5.4456	 4.3405	 NaN	 NaN	    NaN	 NaN	 NaN	 NaN	 18.8106	    9.0314	 16.5732	 9.3926	 NaN	 NaN	    NaN	 NaN	 NaN	 NaN	 200.3389	    1	 0.8800	 0	 3.823800e+03	 3.824542e+03	    3825.9173
2	 2	 1	 95	 1	    2	 10	 9	 3	 NaN	    4	 0	 3	 3	 -5.1039	    -7.5112	 2.1837	 5.9963	 NaN	 NaN	    NaN	 NaN	 NaN	 NaN	 15.5557	    6.0833	 19.8960	 10.5528	 NaN	 NaN	    NaN	 NaN	 NaN	 NaN	 202.2143	    0	 0.8600	 0	 3.832735e+03	 3.833410e+03	    3835.2858
2	 2	 1	 96	 1	    2	 10	 9	 2	 NaN	    1	 0	 2	 2	 -3.0060	    6.5275	 2.2420	 NaN	 NaN	 NaN	    NaN	 NaN	 NaN	 NaN	 5.6625	    15.6521	 16.7858	 NaN	 NaN	 NaN	    NaN	 NaN	 NaN	 NaN	 203.5395	    0	 0.8400	 0	 3.841120e+03	 3.842096e+03	    3843.4208
2	 2	 1	 97	 1	    2	 10	 9	 1	 NaN	    1	 0	 1	 1	 -4.9344	    2.9201	 NaN	 NaN	 NaN	 NaN	    NaN	 NaN	 NaN	 NaN	 10.5113	    14.2874	 NaN	 NaN	 NaN	 NaN	    NaN	 NaN	 NaN	 NaN	 205.1148	    1	 0.8600	 0	 3.851639e+03	 3.852414e+03	    3853.9896
2	 2	 1	 98	 1	    2	 10	 9	 1	 NaN	    1	 0	 8	 8	 -0.7298	    -7.3103	 -1.9300	 6.0906	 6.6894	 2.0120	    6.1067	 -6.0700	 -7.2251	 NaN	 17.6928	    19.0330	 5.1270	 10.2246	 5.0554	 13.0720	    17.0622	 7.1651	 14.3680	 NaN	 208.0904	    1	 0.8800	 0	 3.860199e+03	 3.861174e+03	    3864.1500
2	 2	 1	 99	 1	    1	 10	 9	 4	 NaN	    4	 5	 0	 5	 -4.1252	    3.0715	 -7.8783	 7.5124	 -2.2783	 4.0251	    NaN	 NaN	 NaN	 NaN	 5.3023	    17.1138	 8.6139	 9.2893	 18.0775	 12.6441	    NaN	 NaN	 NaN	 NaN	 210.3825	    1	 0.9000	 0	 3.869534e+03	 3.870335e+03	    3872.6267
2	 2	 1	 100	 1	    1	 10	 9	 3	 NaN	    3	 7	 0	 7	 -1.9300	    7.1151	 -4.5909	 2.7583	 4.0044	 -6.8961	    -6.9318	 3.1638	 NaN	 NaN	 15.3578	    9.0007	 9.4756	 13.8848	 18.2159	 4.1541	    18.1372	 5.0930	 NaN	 NaN	 211.9912	    1	 0.9200	 0	 3.878770e+03	 3.879420e+03	    3881.0284
2	 2	 1	 101	 1	    1	 10	 9	 4	 NaN	    3	 8	 0	 8	 -0.7563	    7.3810	 3.2910	 -7.1058	 7.7592	 -4.8752	    -7.2164	 3.0622	 5.7889	 NaN	 14.0342	    9.7914	 5.9908	 11.2381	 19.2572	 17.4968	    6.5506	 19.4274	 13.7867	 NaN	 213.8415	    0	 0.9000	 0	 3.886563e+03	 3.887396e+03	    3889.2467
2	 2	 1	 102	 1	    2	 10	 9	 4	 NaN	    4	 0	 6	 6	 7.4492	    -4.7668	 -7.8267	 2.3285	 5.3988	 -7.3209	    -3.2652	 NaN	 NaN	 NaN	 14.7180	    8.7717	 11.8273	 15.5557	 7.2545	 16.2093	    14.4979	 NaN	 NaN	 NaN	 216.3753	    1	 0.9200	 0	 3.897673e+03	 3.898582e+03	    3901.1157
2	 2	 1	 103	 1	    2	 10	 9	 2	 NaN	    2	 0	 5	 5	 7.8711	    -4.9344	 0.4624	 3.8269	 -7.7326	 -7.1678	    NaN	 NaN	 NaN	 NaN	 14.4646	    15.8660	 19.8741	 4.1788	 11.4549	 6.2491	    NaN	 NaN	 NaN	 NaN	 218.0589	    1	 0.9400	 0	 3.906300e+03	 3.906967e+03	    3908.6506
2	 2	 1	 104	 1	    2	 10	 9	 4	 NaN	    4	 0	 0	 0	 7.7116	    NaN	 NaN	 NaN	 NaN	 NaN	    NaN	 NaN	 NaN	 NaN	 17.1084	    NaN	 NaN	 NaN	 NaN	 NaN	    NaN	 NaN	 NaN	 NaN	 219.2175	    1	 0.9600	 0	 3.913660e+03	 3.914535e+03	    3915.6936
2	 2	 1	 105	 1	    1	 10	 9	 2	 NaN	    2	 4	 0	 4	 7.3856	    -4.6969	 4.9539	 -7.9588	 -4.0386	 NaN	    NaN	 NaN	 NaN	 NaN	 7.0876	    13.9928	 13.8848	 8.5044	 4.7425	 NaN	    NaN	 NaN	 NaN	 NaN	 220.2093	    1	 0.9800	 0	 3.921903e+03	 3.922703e+03	    3923.6952
2	 2	 1	 106	 1	    1	 10	 9	 2	 NaN	    1	 0	 0	 0	 -6.6490	    NaN	 NaN	 NaN	 NaN	 NaN	    NaN	 NaN	 NaN	 NaN	 10.1351	    NaN	 NaN	 NaN	 NaN	 NaN	    NaN	 NaN	 NaN	 NaN	 221.3262	    0	 0.9600	 0	 3.928805e+03	 3.929488e+03	    3930.6050
2	 2	 1	 107	 1	    2	 10	 9	 3	 NaN	    3	 0	 7	 7	 -5.6712	    2.1191	 0.6606	 5.4934	 5.3016	 -3.6538	    -5.6521	 -3.6660	 NaN	 NaN	 10.0427	    18.6869	 14.4261	 11.5387	 5.4240	 18.9742	    14.1674	 4.9867	 NaN	 NaN	 223.0682	    1	 0.9800	 0	 3.935814e+03	 3.936548e+03	    3938.2899
2	 2	 1	 108	 1	    2	 10	 9	 3	 NaN	    3	 0	 4	 4	 4.7930	    -6.7973	 7.1164	 -4.9727	 -1.5990	 NaN	    NaN	 NaN	 NaN	 NaN	 17.6176	    13.9928	 7.1636	 8.5735	 13.9734	 NaN	    NaN	 NaN	 NaN	 NaN	 225.0519	    1	 1.0000	 0	 3.945425e+03	 3.946008e+03	    3947.9918
2	 2	 1	 109	 1	    1	 10	 9	 1	 NaN	    1	 8	 0	 8	 -6.6689	    3.6522	 -1.5900	 -6.6190	 0.0350	 -5.4557	    7.3856	 4.7009	 7.9840	 NaN	 4.1771	    16.7987	 18.4818	 11.4772	 13.9136	 16.7858	    10.6992	 4.2949	 15.3724	 NaN	 227.9108	    1	 1.0200	 0	 3.955410e+03	 3.956277e+03	    3959.1357
2	 2	 1	 110	 1	    1	 10	 9	 3	 NaN	    3	 0	 0	 0	 7.4746	    NaN	 NaN	 NaN	 NaN	 NaN	    NaN	 NaN	 NaN	 NaN	 14.8341	    NaN	 NaN	 NaN	 NaN	 NaN	    NaN	 NaN	 NaN	 NaN	 228.8859	    1	 1.0400	 0	 3.965229e+03	 3.966179e+03	    3967.1540
2	 2	 1	 111	 1	    1	 10	 9	 3	 NaN	    4	 1	 0	 1	 2.1991	    -7.3103	 NaN	 NaN	 NaN	 NaN	    NaN	 NaN	 NaN	 NaN	 19.8721	    9.9392	 NaN	 NaN	 NaN	 NaN	    NaN	 NaN	 NaN	 NaN	 230.4362	    0	 1.0200	 0	 3.972530e+03	 3.973280e+03	    3974.8305
2	 2	 1	 112	 1	    2	 10	 9	 2	 NaN	    1	 0	 0	 0	 -4.0811	    NaN	 NaN	 NaN	 NaN	 NaN	    NaN	 NaN	 NaN	 NaN	 9.0007	    NaN	 NaN	 NaN	 NaN	 NaN	    NaN	 NaN	 NaN	 NaN	 231.3614	    0	 1.0000	 0	 3.980740e+03	 3.981590e+03	    3982.5154
2	 2	 1	 113	 1	    1	 10	 9	 4	 NaN	    4	 3	 0	 3	 -4.8310	    3.1638	 7.5642	 -3.7411	 NaN	 NaN	    NaN	 NaN	 NaN	 NaN	 6.0311	    6.7786	 17.4484	 12.5893	 NaN	 NaN	    NaN	 NaN	 NaN	 NaN	 232.9534	    1	 1.0200	 0	 3.988108e+03	 3.988633e+03	    3990.2253
2	 2	 1	 114	 1	    2	 10	 9	 4	 NaN	    4	 0	 5	 5	 -3.7004	    -2.9286	 4.2210	 7.3704	 5.5839	 -5.8857	    NaN	 NaN	 NaN	 NaN	 7.1886	    18.9555	 5.3121	 9.4350	 14.0091	 13.8816	    NaN	 NaN	 NaN	 NaN	 235.5539	    1	 1.0400	 0	 3.994951e+03	 3.995601e+03	    3998.2019
2	 2	 1	 115	 1	    2	 10	 9	 1	 NaN	    1	 0	 3	 3	 0.9933	    7.4746	 -4.9344	 -4.8614	 NaN	 NaN	    NaN	 NaN	 NaN	 NaN	 16.5389	    6.6885	 7.0949	 18.1137	 NaN	 NaN	    NaN	 NaN	 NaN	 NaN	 237.5626	    1	 1.0200	 1	 4.003445e+03	 4.004386e+03	    4006.3952
2	 2	 1	 116	 1	    1	 10	 9	 4	 NaN	    4	 4	 0	 4	 -1.2761	    6.6687	 -6.9301	 4.7009	 2.9638	 NaN	    NaN	 NaN	 NaN	 NaN	 14.0857	    9.8001	 15.3965	 4.8505	 14.4261	 NaN	    NaN	 NaN	 NaN	 NaN	 240.0048	    1	 1.0400	 0	 4.013905e+03	 4.014505e+03	    4016.9473
2	 2	 1	 117	 1	    2	 10	 9	 4	 NaN	    4	 0	 6	 6	 6.5082	    -1.1831	 -1.4948	 1.4269	 6.2352	 -6.6689	    -6.2338	 NaN	 NaN	 NaN	 19.3673	    13.3737	 19.2618	 4.9867	 8.9746	 4.6255	    16.4476	 NaN	 NaN	 NaN	 243.1304	    1	 1.0600	 0	 4.022073e+03	 4.022840e+03	    4025.9658
2	 2	 1	 118	 1	    2	 10	 9	 2	 NaN	    2	 0	 2	 2	 4.0528	    -5.0859	 -5.0312	 NaN	 NaN	 NaN	    NaN	 NaN	 NaN	 NaN	 14.1674	    5.4562	 9.5878	 NaN	 NaN	 NaN	    NaN	 NaN	 NaN	 NaN	 244.6307	    1	 1.0800	 0	 4.031884e+03	 4.032517e+03	    4034.0174
2	 2	 1	 119	 1	    2	 10	 9	 1	 NaN	    1	 0	 8	 8	 -7.7925	    7.6600	 3.1555	 -3.9962	 5.4934	 -6.7004	    2.5879	 -6.7142	 -1.9337	 NaN	 6.2363	    16.2989	 17.4484	 16.4352	 8.2056	 11.5932	    5.0554	 19.7280	 4.9511	 NaN	 247.1061	    1	 1.1000	 0	 4.040452e+03	 4.041027e+03	    4043.5027
2	 2	 1	 120	 1	    2	 10	 9	 3	 NaN	    4	 0	 7	 7	 -5.8067	    4.2740	 1.1060	 -1.3048	 4.8413	 -3.3008	    -6.8093	 7.1976	 NaN	 NaN	 12.5144	    18.3723	 4.1541	 14.5902	 11.5791	 19.9070	    4.9901	 4.5665	 NaN	 NaN	 248.6481	    0	 1.0800	 1	 4.051379e+03	 4.052379e+03	    4053.9214
2	 2	 1	 121	 1	    1	 10	 9	 3	 NaN	    3	 6	 0	 6	 -2.6218	    3.0741	 -7.5572	 6.2981	 4.0435	 -6.4785	    7.3360	 NaN	 NaN	 NaN	 17.1086	    12.1305	 14.2874	 7.9703	 4.4554	 8.1306	    17.0722	 NaN	 NaN	 NaN	 250.7402	    1	 1.1000	 0	 4.059981e+03	 4.060781e+03	    4062.8732
2	 2	 1	 122	 1	    1	 10	 9	 4	 NaN	    4	 5	 0	 5	 1.2441	    -4.0108	 6.1358	 4.4721	 -6.3600	 -1.6045	    NaN	 NaN	 NaN	 NaN	 15.1930	    12.4554	 12.7118	 5.3121	 5.8543	 5.4990	    NaN	 NaN	 NaN	 NaN	 251.7987	    1	 1.1200	 0	 4.068716e+03	 4.069525e+03	    4070.5831
2	 2	 1	 123	 1	    1	 10	 9	 4	 NaN	    4	 7	 0	 7	 6.0594	    -0.5707	 -5.9389	 5.5790	 -0.1502	 5.3849	    -6.7142	 6.9307	 NaN	 NaN	 14.7483	    14.5442	 9.3926	 9.0007	 5.3363	 19.0870	    16.1835	 4.6318	 NaN	 NaN	 253.1823	    1	 1.1400	 0	 4.076001e+03	 4.076526e+03	    4077.9096
2	 2	 1	 124	 1	    2	 10	 9	 1	 NaN	    1	 0	 1	 1	 4.4393	    -0.0891	 NaN	 NaN	 NaN	 NaN	    NaN	 NaN	 NaN	 NaN	 7.5504	    15.1268	 NaN	 NaN	 NaN	 NaN	    NaN	 NaN	 NaN	 NaN	 254.3825	    1	 1.1600	 0	 4.082819e+03	 4.083469e+03	    4084.6693
2	 2	 1	 125	 1	    2	 10	 9	 4	 NaN	    4	 0	 4	 4	 3.3687	    -7.9275	 3.7688	 -5.7840	 5.8759	 NaN	    NaN	 NaN	 NaN	 NaN	 19.1999	    15.1930	 11.6110	 5.0991	 6.6421	 NaN	    NaN	 NaN	 NaN	 NaN	 256.2245	    1	 1.1800	 0	 4.089979e+03	 4.090637e+03	    4092.4792
2	 2	 1	 126	 1	    1	 10	 9	 2	 NaN	    2	 2	 0	 2	 7.4232	    -5.4557	 3.3279	 NaN	 NaN	 NaN	    NaN	 NaN	 NaN	 NaN	 11.2337	    15.2995	 14.4327	 NaN	 NaN	 NaN	    NaN	 NaN	 NaN	 NaN	 257.2497	    1	 1.2000	 0	 4.098089e+03	 4.098789e+03	    4099.8140
2	 2	 1	 127	 1	    1	 10	 9	 2	 NaN	    2	 8	 0	 8	 5.6562	    -3.6784	 -4.1568	 1.5614	 7.5124	 -0.2341	    -5.6712	 7.1712	 1.2251	 NaN	 11.0313	    17.9207	 5.4476	 14.0091	 5.1214	 4.3972	    12.2712	 18.0342	 19.2576	 NaN	 260.1919	    1	 1.2200	 0	 4.106190e+03	 4.106874e+03	    4109.8160
2	 2	 1	 128	 1	    1	 10	 9	 4	 NaN	    4	 6	 0	 6	 4.8033	    -7.1890	 -0.5288	 3.2910	 -7.6977	 2.4752	    4.2740	 NaN	 NaN	 NaN	 8.1332	    14.2505	 19.0870	 12.8392	 4.5196	 4.6318	    17.3478	 NaN	 NaN	 NaN	 262.7924	    1	 1.2400	 0	 4.115392e+03	 4.116309e+03	    4118.9095
2	 2	 1	 129	 1	    1	 10	 9	 4	 NaN	    4	 7	 0	 7	 5.2637	    -6.9390	 -3.0060	 3.7086	 6.7407	 2.7315	    -1.7540	 -7.2164	 NaN	 NaN	 9.7468	    18.9555	 6.5965	 4.6239	 17.4002	 14.4979	    17.5522	 9.7579	 NaN	 NaN	 264.3594	    1	 1.2600	 0	 4.125161e+03	 4.126011e+03	    4127.5779
2	 2	 1	 130	 1	    1	 10	 9	 4	 NaN	    4	 0	 0	 0	 -0.5538	    NaN	 NaN	 NaN	 NaN	 NaN	    NaN	 NaN	 NaN	 NaN	 15.9316	    NaN	 NaN	 NaN	 NaN	 NaN	    NaN	 NaN	 NaN	 NaN	 265.2763	    1	 1.2800	 0	 4.133212e+03	 4.134204e+03	    4135.1211
2	 2	 1	 131	 1	    2	 10	 9	 1	 NaN	    1	 0	 6	 6	 -7.7326	    1.2591	 -4.0868	 2.3344	 -7.2613	 4.1203	    7.1640	 NaN	 NaN	 NaN	 7.3616	    14.0810	 11.2381	 19.1940	 14.5902	 8.8878	    5.9059	 NaN	 NaN	 NaN	 268.9437	    1	 1.3000	 0	 4.141331e+03	 4.141989e+03	    4145.6565
2	 2	 1	 132	 1	    1	 10	 9	 2	 NaN	    2	 5	 0	 5	 -7.2845	    7.0787	 5.9566	 -6.8961	 7.2282	 -3.7004	    NaN	 NaN	 NaN	 NaN	 15.1930	    11.4656	 19.8732	 8.5044	 4.5451	 19.1140	    NaN	 NaN	 NaN	 NaN	 271.0857	    1	 1.3200	 0	 4.151483e+03	 4.152208e+03	    4154.3499
2	 2	 1	 133	 1	    1	 10	 9	 1	 NaN	    2	 3	 0	 3	 2.5296	    -6.5248	 7.3576	 -2.8837	 NaN	 NaN	    NaN	 NaN	 NaN	 NaN	 15.1971	    12.2494	 9.2239	 4.3972	 NaN	 NaN	    NaN	 NaN	 NaN	 NaN	 272.4193	    0	 1.3000	 0	 4.159301e+03	 4.159926e+03	    4161.2597
2	 2	 1	 134	 1	    2	 10	 9	 2	 NaN	    1	 0	 1	 1	 4.1203	    -3.1324	 NaN	 NaN	 NaN	 NaN	    NaN	 NaN	 NaN	 NaN	 6.6885	    15.6599	 NaN	 NaN	 NaN	 NaN	    NaN	 NaN	 NaN	 NaN	 273.9363	    0	 1.2800	 0	 4.166277e+03	 4.166902e+03	    4168.4194
2	 2	 1	 135	 1	    1	 10	 9	 1	 NaN	    2	 1	 0	 1	 1.6407	    -7.2613	 NaN	 NaN	 NaN	 NaN	    NaN	 NaN	 NaN	 NaN	 19.3866	    5.5659	 NaN	 NaN	 NaN	 NaN	    NaN	 NaN	 NaN	 NaN	 276.5535	    0	 1.2600	 0	 4.173746e+03	 4.174479e+03	    4177.0962
2	 2	 1	 136	 1	    2	 10	 9	 2	 NaN	    2	 0	 4	 4	 5.0011	    -2.1030	 -4.0108	 5.7398	 -7.6850	 NaN	    NaN	 NaN	 NaN	 NaN	 14.8207	    17.3934	 7.7475	 9.3652	 4.3415	 NaN	    NaN	 NaN	 NaN	 NaN	 279.0456	    1	 1.2400	 1	 4.182139e+03	 4.182864e+03	    4185.3562
2	 2	 1	 137	 1	    1	 10	 9	 2	 NaN	    2	 4	 0	 4	 -4.3814	    0.6254	 -7.8943	 5.5535	 6.6192	 NaN	    NaN	 NaN	 NaN	 NaN	 8.0932	    15.5036	 15.2923	 7.4504	 17.6540	 NaN	    NaN	 NaN	 NaN	 NaN	 280.8960	    1	 1.2600	 0	 4.191666e+03	 4.192283e+03	    4194.1329
2	 2	 1	 138	 1	    2	 10	 9	 3	 NaN	    3	 0	 7	 7	 7.1151	    1.6407	 -0.5839	 -6.1254	 5.3988	 -4.0717	    3.0715	 -7.8481	 NaN	 NaN	 7.4191	    18.7041	 15.1515	 5.7565	 17.0029	 9.2239	    6.7959	 14.8207	 NaN	 NaN	 283.4548	    1	 1.2800	 0	 4.202768e+03	 4.203668e+03	    4206.2270
2	 2	 1	 139	 1	    2	 10	 9	 3	 NaN	    3	 0	 5	 5	 1.7428	    -2.8446	 -4.7183	 0.5833	 4.4721	 -6.2912	    NaN	 NaN	 NaN	 NaN	 15.6398	    6.6067	 10.3445	 19.7757	 11.1776	 19.1718	    NaN	 NaN	 NaN	 NaN	 285.6552	    1	 1.3000	 0	 4.212512e+03	 4.213162e+03	    4215.3622
2	 2	 1	 140	 1	    2	 10	 9	 4	 NaN	    4	 0	 0	 0	 1.0098	    NaN	 NaN	 NaN	 NaN	 NaN	    NaN	 NaN	 NaN	 NaN	 5.4915	    NaN	 NaN	 NaN	 NaN	 NaN	    NaN	 NaN	 NaN	 NaN	 286.6137	    1	 1.3200	 0	 4.220813e+03	 4.221363e+03	    4222.3220
2	 2	 1	 141	 1	    2	 10	 9	 3	 NaN	    3	 0	 3	 3	 -4.6012	    -5.1267	 5.9490	 7.9269	 NaN	 NaN	    NaN	 NaN	 NaN	 NaN	 16.3690	    9.0295	 7.2977	 15.8499	 NaN	 NaN	    NaN	 NaN	 NaN	 NaN	 288.5725	    1	 1.3400	 0	 4.227398e+03	 4.228148e+03	    4230.1069
2	 2	 1	 142	 1	    2	 10	 9	 2	 NaN	    2	 0	 8	 8	 -4.3838	    -7.7326	 4.7036	 6.5598	 7.4787	 -7.1632	    -1.7124	 2.9125	 2.9125	 NaN	 14.4548	    5.0746	 11.0933	 17.7953	 7.5065	 18.2387	    17.6540	 6.6067	 19.9962	 NaN	 292.4732	    1	 1.3200	 1	 4.236650e+03	 4.237517e+03	    4241.4174
2	 2	 1	 143	 1	    1	 10	 9	 3	 NaN	    4	 2	 0	 2	 -7.1585	    7.3433	 6.3515	 NaN	 NaN	 NaN	    NaN	 NaN	 NaN	 NaN	 17.2580	    7.4504	 18.9673	 NaN	 NaN	 NaN	    NaN	 NaN	 NaN	 NaN	 294.0735	    0	 1.3000	 0	 4.247994e+03	 4.248586e+03	    4250.1859
2	 2	 1	 144	 1	    2	 10	 9	 4	 NaN	    3	 0	 2	 2	 -3.1324	    3.3861	 -5.7840	 NaN	 NaN	 NaN	    NaN	 NaN	 NaN	 NaN	 6.6764	    19.4274	 13.3715	 NaN	 NaN	 NaN	    NaN	 NaN	 NaN	 NaN	 295.9739	    0	 1.2800	 0	 4.256304e+03	 4.257279e+03	    4259.1794
2	 2	 1	 145	 1	    1	 10	 9	 3	 NaN	    4	 5	 0	 5	 -3.6660	    -6.8093	 -7.5001	 6.6381	 2.6238	 7.1640	    NaN	 NaN	 NaN	 NaN	 13.2011	    16.2989	 4.5451	 15.5717	 4.0049	 6.5133	    NaN	 NaN	 NaN	 NaN	 298.2993	    0	 1.2600	 0	 4.264422e+03	 4.265297e+03	    4267.6227
2	 2	 1	 146	 1	    1	 10	 9	 2	 NaN	    2	 0	 0	 0	 -6.2912	    NaN	 NaN	 NaN	 NaN	 NaN	    NaN	 NaN	 NaN	 NaN	 13.0720	    NaN	 NaN	 NaN	 NaN	 NaN	    NaN	 NaN	 NaN	 NaN	 299.4246	    1	 1.2800	 0	 4.273666e+03	 4.274299e+03	    4275.4243
2	 2	 1	 147	 1	    1	 10	 9	 1	 NaN	    2	 1	 0	 1	 -4.0108	    3.4151	 NaN	 NaN	 NaN	 NaN	    NaN	 NaN	 NaN	 NaN	 18.3757	    7.2545	 NaN	 NaN	 NaN	 NaN	    NaN	 NaN	 NaN	 NaN	 300.3831	    0	 1.2600	 0	 4.280417e+03	 4.281184e+03	    4282.1423
2	 2	 1	 148	 1	    2	 10	 9	 3	 NaN	    3	 0	 0	 0	 6.7374	    NaN	 NaN	 NaN	 NaN	 NaN	    NaN	 NaN	 NaN	 NaN	 4.6842	    NaN	 NaN	 NaN	 NaN	 NaN	    NaN	 NaN	 NaN	 NaN	 301.5666	    1	 1.2400	 1	 4.287843e+03	 4.288469e+03	    4289.6521
2	 2	 1	 149	 1	    2	 10	 9	 4	 NaN	    3	 0	 6	 6	 -4.0177	    -2.8880	 -3.5810	 7.4282	 5.6490	 7.1151	    1.6407	 NaN	 NaN	 NaN	 13.2752	    17.9500	 4.2202	 9.5153	 15.9560	 5.2119	    19.5346	 NaN	 NaN	 NaN	 304.7089	    0	 1.2200	 0	 4.296604e+03	 4.297362e+03	    4300.5043
2	 2	 1	 150	 1	    2	 10	 9	 3	 NaN	    3	 0	 4	 4	 -5.0924	    7.1151	 -0.3871	 5.1857	 7.4492	 NaN	    NaN	 NaN	 NaN	 NaN	 7.4522	    12.0046	 15.8660	 7.8116	 18.5625	 NaN	    NaN	 NaN	 NaN	 NaN	 306.6510	    1	 1.2400	 0	 4.305497e+03	 4.306030e+03	    4307.9725
2	 2	 1	 151	 1	    2	 10	 9	 2	 NaN	    2	 0	 5	 5	 6.6139	    4.0528	 -1.8021	 -5.7981	 -4.4675	 2.2101	    NaN	 NaN	 NaN	 NaN	 11.0995	    6.7975	 17.6176	 18.9673	 6.2829	 18.5625	    NaN	 NaN	 NaN	 NaN	 308.5763	    1	 1.2600	 0	 4.313982e+03	 4.314716e+03	    4316.6409
2	 2	 1	 152	 1	    2	 10	 9	 4	 NaN	    3	 0	 2	 2	 -2.8138	    5.7398	 5.4040	 NaN	 NaN	 NaN	    NaN	 NaN	 NaN	 NaN	 19.2292	    6.5149	 11.1030	 NaN	 NaN	 NaN	    NaN	 NaN	 NaN	 NaN	 309.9016	    0	 1.2400	 0	 4.321975e+03	 4.322700e+03	    4324.0257
2	 2	 1	 153	 1	    2	 10	 9	 3	 NaN	    4	 0	 7	 7	 -2.8446	    3.6937	 6.3129	 -6.3257	 6.3428	 1.2251	    -7.6977	 -1.4542	 NaN	 NaN	 17.4770	    16.9024	 5.3363	 6.4926	 10.2082	 13.3737	    13.9654	 4.4163	 NaN	 NaN	 312.0687	    0	 1.2200	 0	 4.329127e+03	 4.329910e+03	    4332.0773
2	 2	 1	 154	 1	    1	 10	 9	 1	 NaN	    1	 4	 0	 4	 -3.5810	    6.0906	 3.8325	 -6.4785	 -7.8481	 NaN	    NaN	 NaN	 NaN	 NaN	 5.9365	    13.1656	 18.3757	 9.7251	 15.1268	 NaN	    NaN	 NaN	 NaN	 NaN	 313.8107	    1	 1.2000	 1	 4.337604e+03	 4.338370e+03	    4340.1123
2	 2	 1	 155	 1	    2	 10	 9	 1	 NaN	    2	 0	 3	 3	 4.6533	    -7.1678	 6.6195	 -1.9809	 NaN	 NaN	    NaN	 NaN	 NaN	 NaN	 18.1418	    9.2239	 10.9048	 19.2849	 NaN	 NaN	    NaN	 NaN	 NaN	 NaN	 315.3026	    0	 1.1800	 0	 4.345547e+03	 4.346147e+03	    4347.6388
2	 2	 1	 156	 1	    1	 10	 9	 4	 NaN	    4	 3	 0	 3	 2.6249	    -4.4412	 -4.9344	 2.7583	 NaN	 NaN	    NaN	 NaN	 NaN	 NaN	 6.2762	    7.6696	 14.4507	 14.3680	 NaN	 NaN	    NaN	 NaN	 NaN	 NaN	 317.1113	    1	 1.2000	 0	 4.353248e+03	 4.353890e+03	    4355.6987
2	 2	 1	 157	 1	    1	 10	 9	 4	 NaN	    4	 2	 0	 2	 7.5124	    -1.1210	 -5.6392	 NaN	 NaN	 NaN	    NaN	 NaN	 NaN	 NaN	 7.5065	    15.2933	 10.3208	 NaN	 NaN	 NaN	    NaN	 NaN	 NaN	 NaN	 318.9450	    1	 1.2200	 0	 4.361033e+03	 4.361942e+03	    4363.7754
2	 2	 1	 158	 1	    1	 10	 9	 4	 NaN	    4	 6	 0	 6	 -4.0177	    7.2051	 7.3856	 -6.6531	 4.2074	 -2.6775	    -7.9083	 NaN	 NaN	 NaN	 11.9835	    14.4507	 5.1092	 17.6005	 17.4770	 4.9716	    6.2906	 NaN	 NaN	 NaN	 321.0370	    1	 1.2400	 0	 4.369001e+03	 4.369810e+03	    4371.9020
2	 2	 1	 159	 1	    1	 10	 9	 4	 NaN	    4	 8	 0	 8	 7.9155	    -6.0700	 3.7086	 -6.7142	 7.8392	 -1.0394	    2.9941	 -1.8104	 -3.3215	 NaN	 9.2893	    6.4371	 7.3523	 15.6320	 15.9178	 15.2995	    14.3844	 4.5260	 19.0330	 NaN	 323.8709	    1	 1.2600	 0	 4.376970e+03	 4.377787e+03	    4380.6204
2	 2	 1	 160	 1	    2	 10	 9	 4	 NaN	    4	 0	 1	 1	 6.6381	    -0.0341	 NaN	 NaN	 NaN	 NaN	    NaN	 NaN	 NaN	 NaN	 4.9511	    15.8554	 NaN	 NaN	 NaN	 NaN	    NaN	 NaN	 NaN	 NaN	 325.1128	    1	 1.2800	 0	 4.387113e+03	 4.388022e+03	    4389.2638
2	 2	 1	 161	 1	    1	 10	 9	 3	 NaN	    3	 7	 0	 7	 6.6139	    -2.0392	 -0.4551	 5.7565	 -7.9083	 -7.1058	    7.7674	 2.7583	 NaN	 NaN	 9.8001	    5.1214	 18.1124	 19.2572	 14.4839	 9.9717	    14.6812	 6.1939	 NaN	 NaN	 326.8048	    1	 1.3000	 0	 4.394457e+03	 4.395123e+03	    4396.8153
2	 2	 1	 162	 1	    2	 10	 9	 2	 NaN	    1	 0	 8	 8	 7.7116	    2.7164	 -1.7008	 5.1857	 -5.5633	 -7.6071	    6.7596	 -0.1593	 2.1991	 NaN	 18.9152	    17.4086	 19.8019	 4.3067	 9.8793	 16.3416	    11.0933	 4.7459	 13.2222	 NaN	 329.0053	    0	 1.2800	 1	 4.402550e+03	 4.403375e+03	    4405.5754
2	 2	 1	 163	 1	    1	 10	 9	 4	 NaN	    4	 2	 0	 2	 5.9779	    -4.9894	 -4.0177	 NaN	 NaN	 NaN	    NaN	 NaN	 NaN	 NaN	 18.1372	    6.4371	 14.9619	 NaN	 NaN	 NaN	    NaN	 NaN	 NaN	 NaN	 330.4389	    1	 1.3000	 0	 4.411310e+03	 4.412010e+03	    4413.4437
2	 2	 1	 164	 1	    1	 10	 9	 3	 NaN	    3	 7	 0	 7	 6.4788	    4.7732	 -5.2008	 7.7353	 -0.0891	 -7.6641	    -0.6512	 6.8865	 NaN	 NaN	 14.3901	    19.3947	 11.2778	 5.2119	 19.6236	 5.1985	    13.5256	 9.1483	 NaN	 NaN	 331.6224	    1	 1.3200	 0	 4.422045e+03	 4.422779e+03	    4423.9625
2	 2	 1	 165	 1	    2	 10	 9	 1	 NaN	    1	 0	 1	 1	 4.0044	    -4.6155	 NaN	 NaN	 NaN	 NaN	    NaN	 NaN	 NaN	 NaN	 17.4028	    4.0049	 NaN	 NaN	 NaN	 NaN	    NaN	 NaN	 NaN	 NaN	 332.6810	    1	 1.3400	 0	 4.429080e+03	 4.429672e+03	    4430.7305
2	 2	 1	 166	 1	    2	 10	 9	 4	 NaN	    3	 0	 4	 4	 -1.9809	    5.1857	 3.1039	 -4.1574	 -3.3008	 NaN	    NaN	 NaN	 NaN	 NaN	 18.3374	    18.6173	 5.6277	 9.8459	 13.9366	 NaN	    NaN	 NaN	 NaN	 NaN	 334.5980	    0	 1.3200	 0	 4.435531e+03	 4.436057e+03	    4437.9736
2	 2	 1	 167	 1	    2	 10	 9	 4	 NaN	    4	 0	 6	 6	 7.9458	    -1.2341	 -3.2196	 7.4676	 -7.2946	 3.3438	    4.2410	 NaN	 NaN	 NaN	 18.6464	    15.9050	 12.3773	 6.2836	 9.0633	 5.0670	    11.4959	 NaN	 NaN	 NaN	 337.0318	    1	 1.3400	 0	 4.443300e+03	 4.444050e+03	    4446.4837
2	 2	 1	 168	 1	    1	 10	 9	 3	 NaN	    3	 1	 0	 1	 4.7732	    -2.6992	 NaN	 NaN	 NaN	 NaN	    NaN	 NaN	 NaN	 NaN	 9.6262	    13.5256	 NaN	 NaN	 NaN	 NaN	    NaN	 NaN	 NaN	 NaN	 338.3070	    1	 1.3600	 0	 4.452452e+03	 4.453260e+03	    4454.5353
2	 2	 1	 169	 1	    1	 10	 9	 1	 NaN	    1	 4	 0	 4	 2.5693	    -3.1058	 -2.0320	 5.6562	 -7.7881	 NaN	    NaN	 NaN	 NaN	 NaN	 18.7694	    15.1332	 4.8296	 6.2906	 17.9500	 NaN	    NaN	 NaN	 NaN	 NaN	 340.7742	    1	 1.3800	 0	 4.459911e+03	 4.460687e+03	    4463.1537
2	 2	 1	 170	 1	    2	 10	 9	 3	 NaN	    3	 0	 3	 3	 -4.1362	    3.7234	 -3.3170	 2.9107	 NaN	 NaN	    NaN	 NaN	 NaN	 NaN	 11.5932	    4.9716	 18.7694	 13.2311	 NaN	 NaN	    NaN	 NaN	 NaN	 NaN	 343.1413	    1	 1.4000	 0	 4.468021e+03	 4.468630e+03	    4470.9969
2	 2	 1	 171	 1	    2	 10	 9	 3	 NaN	    3	 0	 8	 8	 7.6922	    7.3749	 4.2210	 -3.0380	 -7.5112	 4.1356	    -1.6692	 -4.8614	 -6.1513	 NaN	 17.0984	    9.7727	 6.5049	 4.8730	 8.0717	 13.6582	    18.6030	 14.4979	 19.3947	 NaN	 346.2169	    1	 1.3800	 1	 4.476248e+03	 4.477140e+03	    4480.2154
2	 2	 1	 172	 1	    1	 10	 9	 3	 NaN	    3	 6	 0	 6	 -4.9894	    -7.3098	 -7.1890	 1.3177	 6.1253	 3.7234	    4.8033	 NaN	 NaN	 NaN	 19.6771	    4.6397	 10.4502	 15.6521	 4.1771	 18.8512	    8.3290	 NaN	 NaN	 NaN	 347.5255	    1	 1.4000	 0	 4.486883e+03	 4.487792e+03	    4489.1006
2	 2	 1	 173	 1	    1	 10	 9	 2	 NaN	    1	 0	 0	 0	 -1.0282	    NaN	 NaN	 NaN	 NaN	 NaN	    NaN	 NaN	 NaN	 NaN	 16.0007	    NaN	 NaN	 NaN	 NaN	 NaN	    NaN	 NaN	 NaN	 NaN	 348.6924	    0	 1.3800	 0	 4.496027e+03	 4.496594e+03	    4497.7607
2	 2	 1	 174	 1	    1	 10	 9	 4	 NaN	    4	 5	 0	 5	 0.7962	    -1.9671	 5.9697	 -3.2196	 -7.8267	 7.9840	    NaN	 NaN	 NaN	 NaN	 5.5725	    18.5678	 15.9178	 14.1833	 11.5932	 7.2707	    NaN	 NaN	 NaN	 NaN	 349.9509	    1	 1.4000	 0	 4.503670e+03	 4.504562e+03	    4505.8206
2	 2	 1	 175	 1	    2	 10	 9	 1	 NaN	    2	 0	 5	 5	 4.1405	    0.4576	 7.8284	 -4.5428	 -6.5096	 -7.4526	    NaN	 NaN	 NaN	 NaN	 7.8144	    18.8488	 11.6053	 15.9560	 8.5947	 12.7495	    NaN	 NaN	 NaN	 NaN	 352.5764	    0	 1.3800	 0	 4.510672e+03	 4.511538e+03	    4514.1639
2	 2	 1	 176	 1	    1	 10	 9	 1	 NaN	    2	 3	 0	 3	 5.4040	    -7.1153	 -5.0423	 6.3428	 NaN	 NaN	    NaN	 NaN	 NaN	 NaN	 8.1306	    6.2906	 17.1040	 13.8416	 NaN	 NaN	    NaN	 NaN	 NaN	 NaN	 354.2934	    0	 1.3600	 0	 4.519248e+03	 4.519990e+03	    4521.7071
2	 2	 1	 177	 1	    2	 10	 9	 1	 NaN	    1	 0	 7	 7	 -5.7840	    7.8165	 3.6390	 -0.5288	 -2.2783	 -3.1281	    4.0099	 6.3129	 NaN	 NaN	 11.1186	    12.7118	 17.9753	 19.0225	 14.1555	 6.7080	    10.3208	 5.1759	 NaN	 NaN	 357.9025	    1	 1.3800	 0	 4.528417e+03	 4.529284e+03	    4532.8927
2	 2	 1	 178	 1	    2	 10	 9	 3	 NaN	    3	 0	 2	 2	 -5.7238	    0.0618	 6.3428	 NaN	 NaN	 NaN	    NaN	 NaN	 NaN	 NaN	 6.1714	    14.0857	 12.7396	 NaN	 NaN	 NaN	    NaN	 NaN	 NaN	 NaN	 359.6278	    1	 1.4000	 0	 4.537919e+03	 4.538777e+03	    4540.5026
2	 2	 1	 179	 1	    1	 10	 9	 2	 NaN	    2	 8	 0	 8	 -7.9275	    2.4756	 6.6350	 6.3052	 -5.8173	 -1.6045	    -3.1281	 4.7646	 -3.2196	 NaN	 17.7264	    16.0007	 10.6802	 19.8165	 8.6662	 14.3680	    4.4155	 5.9908	 18.7041	 NaN	 362.7034	    1	 1.4200	 0	 4.545245e+03	 4.546087e+03	    4549.1626
2	 2	 1	 180	 1	    2	 10	 9	 3	 NaN	    3	 0	 0	 0	 4.3381	    NaN	 NaN	 NaN	 NaN	 NaN	    NaN	 NaN	 NaN	 NaN	 14.1487	    NaN	 NaN	 NaN	 NaN	 NaN	    NaN	 NaN	 NaN	 NaN	 364.2037	    1	 1.4400	 0	 4.555656e+03	 4.556206e+03	    4557.7060
2	 2	 1	 181	 1	    1	 10	 9	 3	 NaN	    3	 5	 0	 5	 -1.9656	    -6.0700	 6.7596	 -3.3255	 2.7095	 7.1519	    NaN	 NaN	 NaN	 NaN	 15.6327	    9.9489	 9.9683	 5.9459	 17.8808	 16.3416	    NaN	 NaN	 NaN	 NaN	 366.3041	    1	 1.4600	 0	 4.562982e+03	 4.563574e+03	    4565.6743
2	 2	 1	 182	 1	    1	 10	 9	 1	 NaN	    1	 3	 0	 3	 -7.6415	    -3.2066	 3.1463	 6.2352	 NaN	 NaN	    NaN	 NaN	 NaN	 NaN	 9.3926	    4.3463	 19.2890	 15.4637	 NaN	 NaN	    NaN	 NaN	 NaN	 NaN	 368.3462	    1	 1.4800	 0	 4.571392e+03	 4.572142e+03	    4574.1843
2	 2	 1	 183	 1	    1	 10	 9	 2	 NaN	    2	 7	 0	 7	 -2.6218	    4.2740	 -2.8446	 -4.7293	 6.7374	 4.1215	    -7.8228	 7.8300	 NaN	 NaN	 13.9928	    6.5049	 18.3521	 4.8048	 9.8320	 18.4818	    8.2596	 14.4979	 NaN	 NaN	 370.0632	    1	 1.5000	 0	 4.579019e+03	 4.579944e+03	    4581.6608
2	 2	 1	 184	 1	    1	 10	 9	 1	 NaN	    1	 8	 0	 8	 3.9800	    -3.2652	 -2.8446	 -6.7777	 6.3227	 2.6238	    4.2142	 -7.5404	 -6.9390	 NaN	 13.8416	    6.9848	 18.4195	 11.5289	 10.3933	 5.3363	    18.7935	 18.1771	 5.1985	 NaN	 373.8639	    1	 1.5200	 0	 4.586520e+03	 4.587095e+03	    4590.8960
2	 2	 1	 185	 1	    2	 10	 9	 1	 NaN	    2	 0	 5	 5	 0.3441	    3.7086	 -4.0177	 -7.6714	 -4.5428	 4.7009	    NaN	 NaN	 NaN	 NaN	 18.1771	    5.0554	 16.5513	 11.3698	 6.8586	 17.7749	    NaN	 NaN	 NaN	 NaN	 376.6645	    0	 1.5000	 0	 4.595780e+03	 4.596622e+03	    4599.4227
2	 2	 1	 186	 1	    2	 10	 9	 2	 NaN	    2	 0	 0	 0	 6.3510	    NaN	 NaN	 NaN	 NaN	 NaN	    NaN	 NaN	 NaN	 NaN	 19.2576	    NaN	 NaN	 NaN	 NaN	 NaN	    NaN	 NaN	 NaN	 NaN	 378.0647	    1	 1.5200	 0	 4.609308e+03	 4.610200e+03	    4611.6002
2	 2	 1	 187	 1	    2	 10	 9	 3	 NaN	    3	 0	 8	 8	 7.8392	    -5.2008	 -4.5141	 -1.7829	 -5.8826	 5.9490	    6.7326	 0.5336	 2.7095	 NaN	 7.5916	    19.9842	 9.8546	 14.0421	 5.5134	 12.1474	    16.9024	 4.0932	 18.2658	 NaN	 380.9320	    1	 1.5400	 0	 4.617810e+03	 4.618502e+03	    4621.3688
2	 2	 1	 188	 1	    1	 10	 9	 2	 NaN	    2	 0	 0	 0	 4.4393	    NaN	 NaN	 NaN	 NaN	 NaN	    NaN	 NaN	 NaN	 NaN	 7.8144	    NaN	 NaN	 NaN	 NaN	 NaN	    NaN	 NaN	 NaN	 NaN	 382.1405	    1	 1.5600	 0	 4.627853e+03	 4.628812e+03	    4630.0206
2	 2	 1	 189	 1	    2	 10	 9	 2	 NaN	    2	 0	 4	 4	 7.3810	    -4.6225	 -7.0802	 0.9933	 -5.7865	 NaN	    NaN	 NaN	 NaN	 NaN	 6.7786	    13.6582	 7.1058	 13.6912	 19.8732	 NaN	    NaN	 NaN	 NaN	 NaN	 384.6327	    1	 1.5800	 0	 4.636205e+03	 4.637147e+03	    4639.6391
2	 2	 1	 190	 1	    1	 10	 9	 4	 NaN	    4	 6	 0	 6	 -5.4557	    7.4232	 -3.5510	 -3.5810	 4.4141	 2.2101	    0.0006	 NaN	 NaN	 NaN	 19.7071	    7.0949	 12.1305	 6.7975	 14.4646	 5.9059	    15.1971	 NaN	 NaN	 NaN	 386.4747	    1	 1.6000	 0	 4.645624e+03	 4.646507e+03	    4648.3492
2	 2	 1	 191	 1	    2	 10	 9	 1	 NaN	    1	 0	 3	 3	 -4.0731	    0.2926	 -4.6969	 5.8940	 NaN	 NaN	    NaN	 NaN	 NaN	 NaN	 5.3237	    15.9316	 11.0933	 12.1092	 NaN	 NaN	    NaN	 NaN	 NaN	 NaN	 388.0000	    1	 1.6200	 0	 4.653309e+03	 4.654200e+03	    4655.7257
2	 2	 1	 192	 1	    2	 10	 9	 1	 NaN	    1	 0	 7	 7	 4.4490	    -7.8783	 -4.1255	 -5.1287	 -2.5052	 6.8139	    5.9040	 4.0251	 NaN	 NaN	 9.7814	    12.3133	 4.0396	 9.2781	 17.4615	 6.0833	    13.7171	 17.8608	 NaN	 NaN	 390.3421	    1	 1.6400	 0	 4.660668e+03	 4.661227e+03	    4663.5689
