2	 3	 1	 1	 1	    1	 10	 9	 2	 NaN	    2	 4	 0	 4	 4.9044	    -3.1518	 -4.0997	 4.8771	 0.7452	 NaN	    NaN	 NaN	 NaN	 NaN	 13.9003	    5.3957	 19.9017	 6.6433	 18.9778	 NaN	    NaN	 NaN	 NaN	 NaN	 1.5252	    1	 0.0200	 0	 1.700912e+03	 1.701462e+03	    1702.9876
2	 3	 1	 2	 1	    1	 10	 9	 2	 NaN	    2	 1	 0	 1	 6.1475	    -5.4938	 NaN	 NaN	 NaN	 NaN	    NaN	 NaN	 NaN	 NaN	 9.5044	    15.8458	 NaN	 NaN	 NaN	 NaN	    NaN	 NaN	 NaN	 NaN	 3.3256	    1	 0.0400	 0	 1.710397e+03	 1.711189e+03	    1712.9895
2	 3	 1	 3	 1	    2	 10	 9	 3	 NaN	    3	 0	 1	 1	 7.5239	    -7.7422	 NaN	 NaN	 NaN	 NaN	    NaN	 NaN	 NaN	 NaN	 7.9297	    16.3047	 NaN	 NaN	 NaN	 NaN	    NaN	 NaN	 NaN	 NaN	 4.7592	    1	 0.0200	 1	 1.718924e+03	 1.719841e+03	    1721.2745
2	 3	 1	 4	 1	    1	 10	 9	 2	 NaN	    2	 6	 0	 6	 1.3073	    -6.0075	 1.7412	 -7.0938	 -7.2465	 7.5330	    7.3596	 NaN	 NaN	 NaN	 4.2670	    9.0375	 18.7285	 4.0790	 14.2118	 18.6953	    10.0362	 NaN	 NaN	 NaN	 8.0348	    1	 0.0400	 0	 1.727851e+03	 1.728743e+03	    1732.0183
2	 3	 1	 5	 1	    2	 10	 9	 3	 NaN	    3	 0	 7	 7	 -7.0824	    -1.9420	 5.0575	 6.2163	 -1.4572	 -6.6104	    6.9812	 3.5048	 NaN	 NaN	 15.5409	    18.9867	 10.3221	 14.8376	 4.9070	 4.5463	    18.9557	 5.0408	 NaN	 NaN	 10.1685	    1	 0.0600	 0	 1.736936e+03	 1.737453e+03	    1739.5864
2	 3	 1	 6	 1	    2	 10	 9	 3	 NaN	    3	 0	 4	 4	 -6.7115	    7.4897	 -5.3697	 2.0043	 7.2118	 NaN	    NaN	 NaN	 NaN	 NaN	 17.7156	    12.5564	 7.7618	 5.0111	 19.2351	 NaN	    NaN	 NaN	 NaN	 NaN	 12.7273	    1	 0.0400	 1	 1.746029e+03	 1.746913e+03	    1749.4717
2	 3	 1	 7	 1	    1	 10	 9	 2	 NaN	    2	 8	 0	 8	 5.0512	    3.3300	 -7.7094	 -7.5937	 -1.6434	 6.6067	    -2.6957	 2.5918	 1.7148	 NaN	 10.4578	    14.6251	 9.5671	 15.8458	 17.7656	 4.2921	    6.1941	 19.2521	 4.4958	 NaN	 14.0442	    1	 0.0600	 0	 1.754981e+03	 1.755498e+03	    1756.8148
2	 3	 1	 8	 1	    1	 10	 9	 4	 NaN	    4	 5	 0	 5	 4.3146	    -6.4755	 7.8878	 -5.8230	 1.4267	 -7.1363	    NaN	 NaN	 NaN	 NaN	 9.6565	    7.2941	 18.2769	 18.4098	 4.6436	 13.3746	    NaN	 NaN	 NaN	 NaN	 17.0781	    1	 0.0800	 0	 1.761616e+03	 1.762324e+03	    1765.3581
2	 3	 1	 9	 1	    2	 10	 9	 1	 NaN	    2	 0	 0	 0	 4.9442	    NaN	 NaN	 NaN	 NaN	 NaN	    NaN	 NaN	 NaN	 NaN	 11.9797	    NaN	 NaN	 NaN	 NaN	 NaN	    NaN	 NaN	 NaN	 NaN	 18.6784	    0	 0.0600	 0	 1.773560e+03	 1.774235e+03	    1775.8352
2	 3	 1	 10	 1	    2	 10	 9	 2	 NaN	    2	 0	 3	 3	 3.9567	    -5.8318	 -0.1056	 2.5918	 NaN	 NaN	    NaN	 NaN	 NaN	 NaN	 12.1607	    9.2808	 16.0386	 5.9509	 NaN	 NaN	    NaN	 NaN	 NaN	 NaN	 20.0787	    1	 0.0800	 0	 1.780695e+03	 1.781295e+03	    1782.6949
2	 3	 1	 11	 1	    1	 10	 9	 1	 NaN	    1	 7	 0	 7	 -0.1072	    7.3025	 -7.3786	 -6.7336	 -5.3718	 2.3652	    6.7846	 5.0989	 NaN	 NaN	 15.6759	    8.5646	 11.4967	 6.8752	 15.7992	 4.9761	    17.8368	 12.2153	 NaN	 NaN	 21.4873	    1	 0.0600	 1	 1.787613e+03	 1.788288e+03	    1789.6963
2	 3	 1	 12	 1	    2	 10	 9	 2	 NaN	    2	 0	 5	 5	 -4.1413	    6.7708	 1.8801	 -7.9315	 -6.4329	 7.6254	    NaN	 NaN	 NaN	 NaN	 11.8893	    18.4964	 15.4080	 19.1933	 5.9207	 8.4672	    NaN	 NaN	 NaN	 NaN	 24.1795	    1	 0.0800	 0	 1.800007e+03	 1.800807e+03	    1803.4990
2	 3	 1	 13	 1	    2	 10	 9	 4	 NaN	    3	 0	 8	 8	 5.4214	    5.6977	 2.6616	 -5.5831	 -5.1140	 -1.8339	    -6.1290	 4.3146	 1.9079	 NaN	 11.4646	    15.6637	 18.5541	 11.6490	 4.2148	 15.5508	    16.8353	 4.9156	 14.1013	 NaN	 26.4549	    0	 0.0600	 0	 1.808592e+03	 1.809150e+03	    1811.4255
2	 3	 1	 14	 1	    1	 10	 9	 4	 NaN	    4	 3	 0	 3	 -6.9726	    -5.8897	 4.4007	 5.7240	 NaN	 NaN	    NaN	 NaN	 NaN	 NaN	 10.1028	    15.0053	 7.9596	 13.0653	 NaN	 NaN	    NaN	 NaN	 NaN	 NaN	 27.6551	    1	 0.0800	 0	 1.816260e+03	 1.817260e+03	    1818.4602
2	 3	 1	 15	 1	    2	 10	 9	 2	 NaN	    2	 0	 2	 2	 -5.5678	    4.9044	 6.7279	 NaN	 NaN	 NaN	    NaN	 NaN	 NaN	 NaN	 5.3804	    17.5256	 5.9509	 NaN	 NaN	 NaN	    NaN	 NaN	 NaN	 NaN	 28.7720	    1	 0.1000	 0	 1.823778e+03	 1.824303e+03	    1825.4199
2	 3	 1	 16	 1	    2	 10	 9	 1	 NaN	    2	 0	 6	 6	 -5.8349	    7.2994	 2.6853	 7.3909	 -2.0598	 -5.7558	    -6.1150	 NaN	 NaN	 NaN	 11.1574	    19.2447	 15.9505	 11.7475	 5.3957	 17.0998	    5.4279	 NaN	 NaN	 NaN	 30.1139	    0	 0.0800	 0	 1.831813e+03	 1.832480e+03	    1833.8216
2	 3	 1	 17	 1	    1	 10	 9	 1	 NaN	    1	 2	 0	 2	 -2.0228	    4.5613	 7.6716	 NaN	 NaN	 NaN	    NaN	 NaN	 NaN	 NaN	 17.7584	    9.4075	 14.5896	 NaN	 NaN	 NaN	    NaN	 NaN	 NaN	 NaN	 31.5058	    1	 0.1000	 0	 1.838931e+03	 1.839773e+03	    1841.1647
2	 3	 1	 18	 1	    1	 10	 9	 2	 NaN	    2	 0	 0	 0	 -4.6907	    NaN	 NaN	 NaN	 NaN	 NaN	    NaN	 NaN	 NaN	 NaN	 6.2975	    NaN	 NaN	 NaN	 NaN	 NaN	    NaN	 NaN	 NaN	 NaN	 32.4393	    1	 0.1200	 0	 1.846357e+03	 1.847066e+03	    1847.9994
2	 3	 1	 19	 1	    2	 10	 9	 2	 NaN	    2	 0	 7	 7	 -2.1362	    5.2818	 -6.2353	 6.4248	 -7.1835	 -2.8558	    7.0957	 1.1898	 NaN	 NaN	 13.9407	    15.0455	 8.6315	 8.6970	 17.3580	 4.3276	    4.4916	 17.8739	 NaN	 NaN	 35.2149	    1	 0.1400	 0	 1.853100e+03	 1.854017e+03	    1856.7928
2	 3	 1	 20	 1	    2	 10	 9	 1	 NaN	    1	 0	 4	 4	 -5.3697	    4.0407	 -5.2988	 7.4184	 7.7144	 NaN	    NaN	 NaN	 NaN	 NaN	 11.3201	    19.1485	 16.1030	 8.5553	 13.1053	 NaN	    NaN	 NaN	 NaN	 NaN	 37.2902	    1	 0.1600	 0	 1.861685e+03	 1.862652e+03	    1864.7277
2	 3	 1	 21	 1	    2	 10	 9	 2	 NaN	    2	 0	 8	 8	 -5.9419	    -0.5959	 3.9800	 -3.6205	 6.0704	 -4.9371	    6.0121	 0.3498	 1.1494	 NaN	 12.6498	    15.4684	 11.5717	 5.9509	 6.4072	 18.5563	    18.2532	 4.4958	 19.6303	 NaN	 41.2993	    1	 0.1800	 0	 1.869520e+03	 1.870354e+03	    1874.3629
2	 3	 1	 22	 1	    2	 10	 9	 4	 NaN	    4	 0	 5	 5	 1.4050	    4.0119	 -6.7627	 -4.9390	 -1.5495	 6.3064	    NaN	 NaN	 NaN	 NaN	 18.5297	    5.4279	 16.7821	 10.6357	 15.2908	 10.8352	    NaN	 NaN	 NaN	 NaN	 42.5162	    1	 0.2000	 0	 1.879281e+03	 1.879789e+03	    1881.0059
2	 3	 1	 23	 1	    1	 10	 9	 4	 NaN	    4	 7	 0	 7	 7.4150	    -7.2769	 -4.0624	 6.9680	 -1.9008	 -7.1363	    1.8029	 6.4313	 NaN	 NaN	 17.0434	    17.7532	 11.6358	 9.5671	 18.5265	 7.2120	    13.6002	 5.0438	 NaN	 NaN	 43.3830	    1	 0.2200	 0	 1.885707e+03	 1.886640e+03	    1887.5071
2	 3	 1	 24	 1	    1	 10	 9	 1	 NaN	    1	 3	 0	 3	 3.3973	    -4.9879	 6.9129	 -3.7947	 NaN	 NaN	    NaN	 NaN	 NaN	 NaN	 17.1261	    13.6858	 9.1975	 5.9617	 NaN	 NaN	    NaN	 NaN	 NaN	 NaN	 44.2165	    1	 0.2400	 0	 1.892508e+03	 1.893042e+03	    1893.8751
2	 3	 1	 25	 1	    1	 10	 9	 1	 NaN	    1	 4	 0	 4	 -5.6784	    6.3563	 -4.6594	 2.9201	 5.2563	 NaN	    NaN	 NaN	 NaN	 NaN	 4.4916	    13.6095	 16.4914	 4.5327	 9.4882	 NaN	    NaN	 NaN	 NaN	 NaN	 45.9835	    1	 0.2200	 1	 1.898634e+03	 1.899493e+03	    1901.2598
2	 3	 1	 26	 1	    1	 10	 9	 1	 NaN	    1	 0	 0	 0	 -3.2897	    NaN	 NaN	 NaN	 NaN	 NaN	    NaN	 NaN	 NaN	 NaN	 5.5456	    NaN	 NaN	 NaN	 NaN	 NaN	    NaN	 NaN	 NaN	 NaN	 46.7837	    1	 0.2400	 0	 1.907011e+03	 1.907594e+03	    1908.3946
2	 3	 1	 27	 1	    1	 10	 9	 2	 NaN	    2	 8	 0	 8	 -7.2887	    1.0264	 -3.7827	 -2.3705	 5.3213	 5.2142	    -6.6696	 7.1551	 1.0046	 NaN	 6.4192	    4.6737	 18.2599	 14.1349	 7.0278	 17.8864	    14.1013	 11.2837	 19.2761	 NaN	 51.5263	    1	 0.2600	 0	 1.913587e+03	 1.914512e+03	    1919.2550
2	 3	 1	 28	 1	    2	 10	 9	 3	 NaN	    3	 0	 1	 1	 5.2379	    -6.6104	 NaN	 NaN	 NaN	 NaN	    NaN	 NaN	 NaN	 NaN	 10.9734	    18.3524	 NaN	 NaN	 NaN	 NaN	    NaN	 NaN	 NaN	 NaN	 52.6349	    1	 0.2800	 0	 1.924139e+03	 1.925106e+03	    1926.2148
2	 3	 1	 29	 1	    2	 10	 9	 1	 NaN	    1	 0	 3	 3	 3.7399	    -5.1140	 -6.3765	 2.6143	 NaN	 NaN	    NaN	 NaN	 NaN	 NaN	 17.3580	    5.6279	 18.0917	 5.5097	 NaN	 NaN	    NaN	 NaN	 NaN	 NaN	 53.3683	    1	 0.3000	 0	 1.931016e+03	 1.931833e+03	    1932.5660
2	 3	 1	 30	 1	    2	 10	 9	 3	 NaN	    3	 0	 0	 0	 0.2492	    NaN	 NaN	 NaN	 NaN	 NaN	    NaN	 NaN	 NaN	 NaN	 14.0445	    NaN	 NaN	 NaN	 NaN	 NaN	    NaN	 NaN	 NaN	 NaN	 54.2518	    1	 0.3200	 0	 1.937250e+03	 1.937984e+03	    1938.8672
2	 3	 1	 31	 1	    1	 10	 9	 4	 NaN	    4	 1	 0	 1	 -6.3402	    5.7141	 NaN	 NaN	 NaN	 NaN	    NaN	 NaN	 NaN	 NaN	 18.1891	    6.2048	 NaN	 NaN	 NaN	 NaN	    NaN	 NaN	 NaN	 NaN	 55.0436	    1	 0.3400	 0	 1.944260e+03	 1.945002e+03	    1945.7936
2	 3	 1	 32	 1	    1	 10	 9	 3	 NaN	    3	 6	 0	 6	 6.3777	    -7.9854	 6.6924	 -4.2150	 1.8029	 -5.2745	    -7.5584	 NaN	 NaN	 NaN	 8.2351	    8.5498	 12.6061	 5.8788	 16.7708	 14.3887	    19.9911	 NaN	 NaN	 NaN	 58.1775	    1	 0.3600	 0	 1.950970e+03	 1.951911e+03	    1955.0454
2	 3	 1	 33	 1	    2	 10	 9	 3	 NaN	    3	 0	 6	 6	 1.5146	    6.2216	 -6.5605	 7.7023	 -4.6963	 -7.9531	    6.3289	 NaN	 NaN	 NaN	 17.4096	    11.2837	 13.5058	 16.2265	 6.3040	 9.5399	    6.4072	 NaN	 NaN	 NaN	 59.3861	    1	 0.3800	 0	 1.960155e+03	 1.960772e+03	    1961.9801
2	 3	 1	 34	 1	    1	 10	 9	 1	 NaN	    2	 5	 0	 5	 7.5783	    -3.0763	 4.2200	 5.1100	 -5.1942	 -7.0428	    NaN	 NaN	 NaN	 NaN	 16.7577	    4.2148	 13.3812	 4.8089	 16.8972	 10.0903	    NaN	 NaN	 NaN	 NaN	 62.3117	    0	 0.3600	 0	 1.966664e+03	 1.967256e+03	    1970.1817
2	 3	 1	 35	 1	    1	 10	 9	 3	 NaN	    3	 2	 0	 2	 3.3488	    -6.9646	 7.6397	 NaN	 NaN	 NaN	    NaN	 NaN	 NaN	 NaN	 13.2079	    10.6418	 10.3802	 NaN	 NaN	 NaN	    NaN	 NaN	 NaN	 NaN	 63.0368	    1	 0.3800	 0	 1.979250e+03	 1.979925e+03	    1980.6504
2	 3	 1	 36	 1	    2	 10	 9	 3	 NaN	    3	 0	 2	 2	 0.3256	    -0.0491	 -3.9167	 NaN	 NaN	 NaN	    NaN	 NaN	 NaN	 NaN	 17.7584	    4.8525	 15.2231	 NaN	 NaN	 NaN	    NaN	 NaN	 NaN	 NaN	 64.2620	    1	 0.4000	 0	 1.985210e+03	 1.985901e+03	    1987.1267
2	 3	 1	 37	 1	    2	 10	 9	 2	 NaN	    2	 0	 1	 1	 -4.7420	    3.8084	 NaN	 NaN	 NaN	 NaN	    NaN	 NaN	 NaN	 NaN	 11.3292	    13.7363	 NaN	 NaN	 NaN	 NaN	    NaN	 NaN	 NaN	 NaN	 65.1122	    1	 0.3800	 1	 1.992236e+03	 1.993170e+03	    1994.0197
2	 3	 1	 38	 1	    1	 10	 9	 4	 NaN	    4	 7	 0	 7	 -0.5584	    -2.1870	 -6.9926	 6.9680	 -3.9913	 4.8620	    6.0053	 6.7882	 NaN	 NaN	 16.3141	    4.3564	 9.9404	 14.5721	 18.9829	 9.5217	    19.0432	 4.2987	 NaN	 NaN	 66.3374	    1	 0.4000	 0	 2.000238e+03	 2.001079e+03	    2002.3047
2	 3	 1	 39	 1	    2	 10	 9	 4	 NaN	    4	 0	 0	 0	 -4.9625	    NaN	 NaN	 NaN	 NaN	 NaN	    NaN	 NaN	 NaN	 NaN	 9.4351	    NaN	 NaN	 NaN	 NaN	 NaN	    NaN	 NaN	 NaN	 NaN	 67.3376	    1	 0.4200	 0	 2.010323e+03	 2.010890e+03	    2011.8899
2	 3	 1	 40	 1	    2	 10	 9	 2	 NaN	    2	 0	 5	 5	 -2.0598	    -6.2343	 -6.0950	 2.4742	 6.9812	 7.3635	    NaN	 NaN	 NaN	 NaN	 13.7973	    16.8551	 11.3201	 15.9421	 11.7475	 7.2120	    NaN	 NaN	 NaN	 NaN	 68.1127	    1	 0.4400	 0	 2.016974e+03	 2.017949e+03	    2018.7245
2	 3	 1	 41	 1	    2	 10	 9	 4	 NaN	    4	 0	 2	 2	 1.7412	    -6.5097	 -4.9350	 NaN	 NaN	 NaN	    NaN	 NaN	 NaN	 NaN	 16.6641	    9.2619	 13.3837	 NaN	 NaN	 NaN	    NaN	 NaN	 NaN	 NaN	 69.4796	    1	 0.4600	 0	 2.024609e+03	 2.025559e+03	    2026.9262
2	 3	 1	 42	 1	    1	 10	 9	 1	 NaN	    2	 6	 0	 6	 5.9952	    -7.5937	 2.1292	 6.9129	 -0.8813	 -6.4755	    -3.4399	 NaN	 NaN	 NaN	 12.0891	    16.8467	 6.1092	 7.3071	 15.4684	 10.0061	    18.9829	 NaN	 NaN	 NaN	 72.8469	    0	 0.4400	 0	 2.032852e+03	 2.033653e+03	    2037.0198
2	 3	 1	 43	 1	    2	 10	 9	 2	 NaN	    2	 0	 4	 4	 -7.5711	    5.0512	 -4.0934	 4.3835	 -1.6227	 NaN	    NaN	 NaN	 NaN	 NaN	 11.0561	    5.7868	 17.4951	 15.0455	 14.2118	 NaN	    NaN	 NaN	 NaN	 NaN	 74.5722	    1	 0.4600	 0	 2.042096e+03	 2.042988e+03	    2044.7130
2	 3	 1	 44	 1	    1	 10	 9	 2	 NaN	    2	 5	 0	 5	 2.9285	    -6.9770	 2.8898	 -1.6434	 6.9680	 -5.9725	    NaN	 NaN	 NaN	 NaN	 13.5463	    8.4550	 18.5160	 4.0624	 10.5355	 17.6055	    NaN	 NaN	 NaN	 NaN	 76.1309	    1	 0.4800	 0	 2.049731e+03	 2.050289e+03	    2051.8477
2	 3	 1	 45	 1	    2	 10	 9	 4	 NaN	    4	 0	 7	 7	 -6.3402	    2.5048	 -7.8772	 6.9680	 4.7603	 -5.7270	    -1.8418	 0.6688	 NaN	 NaN	 13.7132	    5.8733	 8.8211	 15.8911	 9.3011	 4.1820	    13.1392	 19.0432	 NaN	 NaN	 79.1481	    1	 0.5000	 0	 2.056565e+03	 2.057382e+03	    2060.3994
2	 3	 1	 46	 1	    1	 10	 9	 4	 NaN	    4	 0	 0	 0	 0.9179	    NaN	 NaN	 NaN	 NaN	 NaN	    NaN	 NaN	 NaN	 NaN	 18.9778	    NaN	 NaN	 NaN	 NaN	 NaN	    NaN	 NaN	 NaN	 NaN	 79.9650	    1	 0.4800	 1	 2.066292e+03	 2.067067e+03	    2067.8842
2	 3	 1	 47	 1	    1	 10	 9	 1	 NaN	    1	 4	 0	 4	 -6.1290	    4.3628	 -0.4981	 7.6594	 -4.1413	 NaN	    NaN	 NaN	 NaN	 NaN	 17.0487	    9.5123	 16.2464	 4.5327	 11.1574	 NaN	    NaN	 NaN	 NaN	 NaN	 82.1154	    1	 0.5000	 0	 2.075286e+03	 2.076278e+03	    2078.4279
2	 3	 1	 48	 1	    1	 10	 9	 1	 NaN	    1	 8	 0	 8	 4.4324	    -5.6784	 7.8542	 7.6594	 -4.2615	 -0.0694	    -2.0392	 2.1486	 -6.4668	 NaN	 10.8352	    18.0310	 8.0514	 15.3503	 12.9955	 17.4096	    5.3700	 5.8788	 9.4075	 NaN	 85.9078	    1	 0.5200	 0	 2.084396e+03	 2.084938e+03	    2088.7300
2	 3	 1	 49	 1	    2	 10	 9	 1	 NaN	    1	 0	 8	 8	 -6.6959	    7.1895	 -7.1835	 -0.2130	 1.3565	 6.9878	    -6.0836	 5.0575	 2.2565	 NaN	 18.7800	    11.7946	 13.8901	 17.0658	 4.9156	 6.7139	    7.0696	 17.1769	 13.8353	 NaN	 88.9084	    1	 0.5400	 0	 2.094356e+03	 2.094931e+03	    2097.9318
2	 3	 1	 50	 1	    2	 10	 9	 2	 NaN	    1	 0	 6	 6	 -7.0710	    4.5050	 -3.4347	 6.8484	 4.8620	 -1.7596	    0.6332	 NaN	 NaN	 NaN	 11.9997	    13.6788	 17.7221	 6.8203	 18.0917	 4.9761	    19.2222	 NaN	 NaN	 NaN	 90.9254	    0	 0.5200	 0	 2.103533e+03	 2.104375e+03	    2106.3917
2	 3	 1	 51	 1	    1	 10	 9	 3	 NaN	    3	 3	 0	 3	 7.8472	    -6.4235	 6.4866	 -1.8339	 NaN	 NaN	    NaN	 NaN	 NaN	 NaN	 12.4569	    14.7352	 8.6458	 4.9942	 NaN	 NaN	    NaN	 NaN	 NaN	 NaN	 91.7755	    1	 0.5400	 0	 2.112360e+03	 2.113151e+03	    2114.0016
2	 3	 1	 52	 1	    1	 10	 9	 1	 NaN	    2	 1	 0	 1	 -4.4331	    6.9129	 NaN	 NaN	 NaN	 NaN	    NaN	 NaN	 NaN	 NaN	 12.9173	    9.3517	 NaN	 NaN	 NaN	 NaN	    NaN	 NaN	 NaN	 NaN	 92.6757	    0	 0.5200	 0	 2.119486e+03	 2.120420e+03	    2121.3197
2	 3	 1	 53	 1	    2	 10	 9	 4	 NaN	    4	 0	 3	 3	 5.1021	    -5.5447	 2.3998	 -0.2708	 NaN	 NaN	    NaN	 NaN	 NaN	 NaN	 9.6262	    16.1823	 4.0530	 18.9668	 NaN	 NaN	    NaN	 NaN	 NaN	 NaN	 94.4093	    1	 0.5400	 0	 2.128213e+03	 2.128763e+03	    2130.4965
2	 3	 1	 54	 1	    1	 10	 9	 3	 NaN	    3	 2	 0	 2	 -4.6789	    7.3596	 0.2087	 NaN	 NaN	 NaN	    NaN	 NaN	 NaN	 NaN	 18.5541	    4.0790	 19.4917	 NaN	 NaN	 NaN	    NaN	 NaN	 NaN	 NaN	 95.6762	    1	 0.5600	 0	 2.135914e+03	 2.136706e+03	    2137.9730
2	 3	 1	 55	 1	    1	 10	 9	 3	 NaN	    3	 2	 0	 2	 -4.4331	    4.2788	 4.9554	 NaN	 NaN	 NaN	    NaN	 NaN	 NaN	 NaN	 6.4583	    12.5459	 17.0968	 NaN	 NaN	 NaN	    NaN	 NaN	 NaN	 NaN	 97.2182	    1	 0.5800	 0	 2.142966e+03	 2.143507e+03	    2145.0493
2	 3	 1	 56	 1	    1	 10	 9	 1	 NaN	    2	 0	 0	 0	 -6.5737	    NaN	 NaN	 NaN	 NaN	 NaN	    NaN	 NaN	 NaN	 NaN	 12.6061	    NaN	 NaN	 NaN	 NaN	 NaN	    NaN	 NaN	 NaN	 NaN	 98.0599	    0	 0.5600	 0	 2.150034e+03	 2.150617e+03	    2151.4589
2	 3	 1	 57	 1	    1	 10	 9	 1	 NaN	    1	 3	 0	 3	 -5.7558	    4.5001	 7.5659	 -5.8897	 NaN	 NaN	    NaN	 NaN	 NaN	 NaN	 16.5885	    13.6122	 7.0696	 9.4351	 NaN	 NaN	    NaN	 NaN	 NaN	 NaN	 100.3270	    1	 0.5800	 0	 2.156118e+03	 2.156893e+03	    2159.1605
2	 3	 1	 58	 1	    2	 10	 9	 3	 NaN	    4	 0	 0	 0	 -4.9179	    NaN	 NaN	 NaN	 NaN	 NaN	    NaN	 NaN	 NaN	 NaN	 13.9462	    NaN	 NaN	 NaN	 NaN	 NaN	    NaN	 NaN	 NaN	 NaN	 101.2855	    0	 0.5600	 0	 2.164812e+03	 2.165512e+03	    2166.4703
2	 3	 1	 59	 1	    2	 10	 9	 4	 NaN	    4	 0	 3	 3	 5.2563	    -3.3398	 -5.5678	 1.9262	 NaN	 NaN	    NaN	 NaN	 NaN	 NaN	 11.9549	    18.3969	 14.5721	 5.2546	 NaN	 NaN	    NaN	 NaN	 NaN	 NaN	 102.0107	    1	 0.5800	 0	 2.171463e+03	 2.172338e+03	    2173.0632
2	 3	 1	 60	 1	    1	 10	 9	 1	 NaN	    1	 4	 0	 4	 5.6821	    -1.3884	 -5.7558	 5.1763	 -6.4855	 NaN	    NaN	 NaN	 NaN	 NaN	 13.2776	    5.5097	 12.9173	 7.6151	 5.4188	 NaN	    NaN	 NaN	 NaN	 NaN	 103.3692	    1	 0.6000	 0	 2.178456e+03	 2.179173e+03	    2180.5313
2	 3	 1	 61	 1	    2	 10	 9	 1	 NaN	    1	 0	 6	 6	 -7.9011	    3.1774	 -6.4855	 3.6056	 3.5943	 -4.8516	    7.3057	 NaN	 NaN	 NaN	 17.8394	    17.6349	 13.7132	 11.4766	 5.7798	 7.7618	    19.1933	 NaN	 NaN	 NaN	 106.0364	    1	 0.5800	 1	 2.185549e+03	 2.186457e+03	    2189.1247
2	 3	 1	 62	 1	    1	 10	 9	 1	 NaN	    2	 8	 0	 8	 7.5783	    -6.5737	 0.6587	 -7.8772	 4.8610	 -7.0060	    -2.2865	 7.6254	 3.9670	 NaN	 6.8162	    17.9333	 14.2096	 9.1466	 12.3717	 4.8265	    5.0714	 17.2583	 18.9935	 NaN	 110.1789	    0	 0.5600	 0	 2.194767e+03	 2.195701e+03	    2199.8434
2	 3	 1	 63	 1	    2	 10	 9	 3	 NaN	    3	 0	 1	 1	 7.4184	    -7.5499	 NaN	 NaN	 NaN	 NaN	    NaN	 NaN	 NaN	 NaN	 13.4657	    5.7868	 NaN	 NaN	 NaN	 NaN	    NaN	 NaN	 NaN	 NaN	 111.1374	    1	 0.5800	 0	 2.205761e+03	 2.206336e+03	    2207.2949
2	 3	 1	 64	 1	    1	 10	 9	 3	 NaN	    3	 5	 0	 5	 7.6397	    6.4313	 -5.8230	 -6.5605	 -5.6035	 1.0250	    NaN	 NaN	 NaN	 NaN	 18.5888	    7.4501	 5.2616	 18.5541	 9.5669	 14.0557	    NaN	 NaN	 NaN	 NaN	 113.1628	    1	 0.6000	 0	 2.212154e+03	 2.212829e+03	    2214.8547
2	 3	 1	 65	 1	    1	 10	 9	 3	 NaN	    3	 7	 0	 7	 -1.4630	    7.5659	 6.5395	 -3.8772	 -7.1779	 2.3998	    -2.7846	 1.7135	 NaN	 NaN	 15.5111	    14.0212	 7.3416	 11.3859	 17.2532	 18.5626	    4.2987	 4.6436	 NaN	 NaN	 114.3130	    1	 0.6200	 0	 2.220498e+03	 2.221056e+03	    2222.2061
2	 3	 1	 66	 1	    2	 10	 9	 3	 NaN	    4	 0	 2	 2	 -0.9942	    0.4090	 5.2733	 NaN	 NaN	 NaN	    NaN	 NaN	 NaN	 NaN	 4.9411	    16.5082	 7.8671	 NaN	 NaN	 NaN	    NaN	 NaN	 NaN	 NaN	 115.4965	    0	 0.6000	 0	 2.227374e+03	 2.228199e+03	    2229.3826
2	 3	 1	 67	 1	    1	 10	 9	 3	 NaN	    3	 6	 0	 6	 5.0951	    7.0799	 -5.6636	 -7.8345	 -1.7496	 2.2514	    3.7839	 NaN	 NaN	 NaN	 11.8639	    16.9012	 17.5897	 7.4997	 15.2889	 4.2232	    7.9876	 NaN	 NaN	 NaN	 116.6217	    1	 0.6200	 0	 2.234392e+03	 2.234950e+03	    2236.0755
2	 3	 1	 68	 1	    2	 10	 9	 1	 NaN	    1	 0	 5	 5	 6.9452	    4.0535	 -5.7489	 4.3835	 -0.5477	 -6.2884	    NaN	 NaN	 NaN	 NaN	 13.6375	    6.4072	 11.7932	 18.5983	 19.5850	 5.9509	    NaN	 NaN	 NaN	 NaN	 119.6056	    1	 0.6400	 0	 2.240843e+03	 2.241777e+03	    2244.7606
2	 3	 1	 69	 1	    2	 10	 9	 2	 NaN	    2	 0	 4	 4	 -4.5706	    5.5770	 -6.0413	 6.6970	 -0.8782	 NaN	    NaN	 NaN	 NaN	 NaN	 18.6797	    16.8353	 9.0061	 9.1466	 13.5608	 NaN	    NaN	 NaN	 NaN	 NaN	 120.9393	    1	 0.6600	 0	 2.250253e+03	 2.250895e+03	    2252.2287
2	 3	 1	 70	 1	    2	 10	 9	 3	 NaN	    4	 0	 8	 8	 -4.8664	    0.3147	 -6.4531	 -4.5706	 2.1486	 2.4181	    -6.8898	 6.9900	 4.7103	 NaN	 4.6436	    19.2835	 12.7313	 17.8052	 6.0901	 13.1046	    8.6023	 10.6144	 18.1948	 NaN	 122.8646	    0	 0.6400	 0	 2.257746e+03	 2.258372e+03	    2260.2970
2	 3	 1	 71	 1	    2	 10	 9	 4	 NaN	    4	 0	 7	 7	 -7.0327	    6.0531	 -5.4679	 -2.8129	 -2.9388	 2.9513	    7.3742	 4.8620	 NaN	 NaN	 5.0714	    11.3201	 18.9449	 5.7868	 14.2118	 14.7538	    16.1030	 4.9761	 NaN	 NaN	 124.3899	    1	 0.6600	 0	 2.266948e+03	 2.267923e+03	    2269.4488
2	 3	 1	 72	 1	    1	 10	 9	 1	 NaN	    2	 1	 0	 1	 -6.4764	    4.4973	 NaN	 NaN	 NaN	 NaN	    NaN	 NaN	 NaN	 NaN	 11.8267	    12.1131	 NaN	 NaN	 NaN	 NaN	    NaN	 NaN	 NaN	 NaN	 125.3067	    0	 0.6400	 0	 2.275467e+03	 2.276033e+03	    2276.9502
2	 3	 1	 73	 1	    2	 10	 9	 2	 NaN	    2	 0	 7	 7	 4.1605	    -6.0721	 7.0814	 -0.7952	 -4.5706	 6.9878	    -4.5706	 1.9607	 NaN	 NaN	 7.3071	    11.0094	 18.8878	 4.9070	 6.9914	 14.5698	    16.1030	 16.1823	 NaN	 NaN	 128.6740	    1	 0.6600	 0	 2.281951e+03	 2.282743e+03	    2286.1104
2	 3	 1	 74	 1	    2	 10	 9	 3	 NaN	    4	 0	 8	 8	 3.3426	    5.9815	 -5.3789	 7.3057	 -4.1187	 -7.9315	    -4.7420	 5.5860	 -0.8775	 NaN	 14.6293	    10.4940	 18.7299	 19.9017	 13.2527	 11.7264	    5.5039	 5.9049	 17.3273	 NaN	 131.5412	    0	 0.6400	 0	 2.291211e+03	 2.292028e+03	    2294.8954
2	 3	 1	 75	 1	    2	 10	 9	 3	 NaN	    3	 0	 5	 5	 -4.5706	    3.4220	 7.2223	 -1.6434	 5.7799	 -5.6636	    NaN	 NaN	 NaN	 NaN	 10.6418	    15.3343	 17.3131	 17.7927	 11.0561	 5.7798	    NaN	 NaN	 NaN	 NaN	 135.3003	    1	 0.6600	 0	 2.299863e+03	 2.300472e+03	    2304.2306
2	 3	 1	 76	 1	    1	 10	 9	 1	 NaN	    2	 7	 0	 7	 -5.2364	    -7.0697	 1.0571	 -5.8230	 5.0035	 4.5001	    7.4184	 -1.7596	 NaN	 NaN	 17.1885	    10.9742	 18.5664	 5.0163	 19.4023	 11.0561	    5.8858	 14.5347	 NaN	 NaN	 138.4259	    0	 0.6400	 0	 2.309390e+03	 2.310248e+03	    2313.3740
2	 3	 1	 77	 1	    1	 10	 9	 4	 NaN	    4	 6	 0	 6	 4.7103	    -6.0721	 2.2565	 -3.1535	 5.3728	 -7.6609	    -4.6907	 NaN	 NaN	 NaN	 13.8239	    4.2921	 17.1884	 14.0212	 5.8871	 9.5669	    18.8225	 NaN	 NaN	 NaN	 141.3848	    1	 0.6600	 0	 2.318350e+03	 2.319034e+03	    2321.9924
2	 3	 1	 78	 1	    1	 10	 9	 4	 NaN	    4	 5	 0	 5	 7.5783	    7.8430	 3.0843	 -6.8004	 -6.0413	 -0.8813	    NaN	 NaN	 NaN	 NaN	 9.6262	    4.9411	 12.0891	 11.1020	 17.5256	 19.6672	    NaN	 NaN	 NaN	 NaN	 144.1603	    1	 0.6800	 0	 2.326793e+03	 2.327469e+03	    2330.2440
2	 3	 1	 79	 1	    2	 10	 9	 3	 NaN	    3	 0	 2	 2	 7.0799	    -6.6959	 6.9812	 NaN	 NaN	 NaN	    NaN	 NaN	 NaN	 NaN	 15.3522	    8.3856	 7.0718	 NaN	 NaN	 NaN	    NaN	 NaN	 NaN	 NaN	 144.9771	    1	 0.7000	 0	 2.335320e+03	 2.336037e+03	    2336.8537
2	 3	 1	 80	 1	    1	 10	 9	 1	 NaN	    1	 3	 0	 3	 -3.8772	    -5.4218	 6.6832	 0.6139	 NaN	 NaN	    NaN	 NaN	 NaN	 NaN	 16.8551	    7.7618	 6.6965	 15.1641	 NaN	 NaN	    NaN	 NaN	 NaN	 NaN	 146.6691	    1	 0.7200	 0	 2.342038e+03	 2.342630e+03	    2344.3218
2	 3	 1	 81	 1	    1	 10	 9	 1	 NaN	    1	 4	 0	 4	 -1.2054	    5.4563	 5.6862	 -7.7541	 7.5659	 NaN	    NaN	 NaN	 NaN	 NaN	 15.4080	    5.8237	 17.7221	 9.1975	 12.3955	 NaN	    NaN	 NaN	 NaN	 NaN	 148.1110	    1	 0.7400	 0	 2.349139e+03	 2.349790e+03	    2351.2315
2	 3	 1	 82	 1	    1	 10	 9	 1	 NaN	    1	 2	 0	 2	 -2.5735	    1.8829	 2.3652	 NaN	 NaN	 NaN	    NaN	 NaN	 NaN	 NaN	 14.7352	    4.5441	 12.8968	 NaN	 NaN	 NaN	    NaN	 NaN	 NaN	 NaN	 149.1529	    1	 0.7600	 0	 2.356249e+03	 2.357216e+03	    2358.2579
2	 3	 1	 83	 1	    1	 10	 9	 4	 NaN	    4	 1	 0	 1	 -4.9179	    0.2341	 NaN	 NaN	 NaN	 NaN	    NaN	 NaN	 NaN	 NaN	 10.5355	    14.3382	 NaN	 NaN	 NaN	 NaN	    NaN	 NaN	 NaN	 NaN	 150.3114	    1	 0.7800	 0	 2.363050e+03	 2.363709e+03	    2364.8675
2	 3	 1	 84	 1	    2	 10	 9	 2	 NaN	    2	 0	 0	 0	 0.7150	    NaN	 NaN	 NaN	 NaN	 NaN	    NaN	 NaN	 NaN	 NaN	 18.9778	    NaN	 NaN	 NaN	 NaN	 NaN	    NaN	 NaN	 NaN	 NaN	 151.4033	    1	 0.8000	 0	 2.370869e+03	 2.371544e+03	    2372.6357
2	 3	 1	 85	 1	    2	 10	 9	 2	 NaN	    1	 0	 6	 6	 5.4164	    6.1498	 -4.1413	 -3.0901	 4.7064	 -6.7923	    -6.4329	 NaN	 NaN	 NaN	 11.0561	    7.1182	 10.5256	 19.6066	 15.6065	 16.8554	    5.3957	 NaN	 NaN	 NaN	 155.2040	    0	 0.7800	 0	 2.380146e+03	 2.380671e+03	    2384.4713
2	 3	 1	 86	 1	    2	 10	 9	 4	 NaN	    4	 0	 1	 1	 6.5941	    -2.2858	 NaN	 NaN	 NaN	 NaN	    NaN	 NaN	 NaN	 NaN	 6.2549	    14.7701	 NaN	 NaN	 NaN	 NaN	    NaN	 NaN	 NaN	 NaN	 156.4209	    1	 0.8000	 0	 2.390389e+03	 2.391081e+03	    2392.2979
2	 3	 1	 87	 1	    1	 10	 9	 1	 NaN	    1	 0	 0	 0	 4.6469	    NaN	 NaN	 NaN	 NaN	 NaN	    NaN	 NaN	 NaN	 NaN	 7.8066	    NaN	 NaN	 NaN	 NaN	 NaN	    NaN	 NaN	 NaN	 NaN	 157.5127	    1	 0.8200	 0	 2.397316e+03	 2.398032e+03	    2399.1242
2	 3	 1	 88	 1	    1	 10	 9	 1	 NaN	    1	 8	 0	 8	 1.8990	    6.7279	 6.4587	 -1.0125	 -6.7336	 -3.2091	    7.3057	 -7.8772	 -7.5499	 NaN	 16.8937	    6.3040	 10.9937	 13.8274	 17.7927	 5.6489	    18.0310	 11.8989	 4.7914	 NaN	 158.6713	    1	 0.8400	 0	 2.403909e+03	 2.404809e+03	    2405.9672
2	 3	 1	 89	 1	    2	 10	 9	 1	 NaN	    2	 0	 3	 3	 -0.5959	    4.8610	 4.4796	 -5.3181	 NaN	 NaN	    NaN	 NaN	 NaN	 NaN	 5.5039	    16.5685	 10.7683	 17.7156	 NaN	 NaN	    NaN	 NaN	 NaN	 NaN	 160.6216	    0	 0.8200	 0	 2.410793e+03	 2.411402e+03	    2413.3520
2	 3	 1	 90	 1	    2	 10	 9	 3	 NaN	    3	 0	 4	 4	 5.2489	    5.2283	 -2.2858	 -6.8004	 -2.7846	 NaN	    NaN	 NaN	 NaN	 NaN	 14.3533	    7.6256	 13.8901	 11.4646	 4.2129	 NaN	    NaN	 NaN	 NaN	 NaN	 161.7551	    1	 0.8400	 0	 2.418186e+03	 2.418953e+03	    2420.0867
2	 3	 1	 91	 1	    2	 10	 9	 4	 NaN	    4	 0	 4	 4	 -2.9069	    5.6776	 -6.3765	 4.1605	 -6.6486	 NaN	    NaN	 NaN	 NaN	 NaN	 16.8777	    19.2945	 6.4051	 11.7946	 12.1131	 NaN	    NaN	 NaN	 NaN	 NaN	 163.8222	    1	 0.8600	 0	 2.424888e+03	 2.425613e+03	    2427.6798
2	 3	 1	 92	 1	    2	 10	 9	 2	 NaN	    1	 0	 8	 8	 2.4191	    7.5824	 -1.4867	 5.5304	 -6.6486	 6.1242	    -3.2179	 -7.2480	 -7.2648	 NaN	 15.6443	    5.5914	 18.5983	 9.9899	 15.9505	 18.3524	    6.4583	 8.2351	 19.9773	 NaN	 167.8646	    0	 0.8400	 0	 2.432422e+03	 2.433323e+03	    2437.3651
2	 3	 1	 93	 1	    1	 10	 9	 4	 NaN	    4	 2	 0	 2	 -6.0269	    6.3001	 5.1509	 NaN	 NaN	 NaN	    NaN	 NaN	 NaN	 NaN	 18.3116	    10.0903	 19.2351	 NaN	 NaN	 NaN	    NaN	 NaN	 NaN	 NaN	 169.1732	    1	 0.8200	 1	 2.442233e+03	 2.443158e+03	    2444.4665
2	 3	 1	 94	 1	    2	 10	 9	 2	 NaN	    2	 0	 7	 7	 -5.3697	    4.6469	 6.6412	 -1.6227	 -4.8516	 -4.6907	    3.6711	 6.1449	 NaN	 NaN	 9.4949	    5.8282	 19.4787	 17.1498	 13.7946	 4.4958	    14.3533	 10.3264	 NaN	 NaN	 172.1404	    1	 0.8400	 0	 2.450009e+03	 2.450784e+03	    2453.7516
2	 3	 1	 95	 1	    2	 10	 9	 4	 NaN	    4	 0	 2	 2	 5.1648	    -5.3181	 -0.8646	 NaN	 NaN	 NaN	    NaN	 NaN	 NaN	 NaN	 10.6693	    16.7577	 15.2908	 NaN	 NaN	 NaN	    NaN	 NaN	 NaN	 NaN	 173.2073	    1	 0.8600	 0	 2.458628e+03	 2.459578e+03	    2460.6446
2	 3	 1	 96	 1	    2	 10	 9	 3	 NaN	    3	 0	 5	 5	 -7.5711	    -7.0795	 6.1242	 1.0217	 -5.3789	 5.7799	    NaN	 NaN	 NaN	 NaN	 18.7901	    9.2621	 4.9775	 17.5888	 14.6293	 9.5399	    NaN	 NaN	 NaN	 NaN	 174.4742	    1	 0.8800	 0	 2.465537e+03	 2.466287e+03	    2467.5543
2	 3	 1	 97	 1	    2	 10	 9	 4	 NaN	    4	 0	 1	 1	 -6.0950	    4.5001	 NaN	 NaN	 NaN	 NaN	    NaN	 NaN	 NaN	 NaN	 17.6963	    9.0188	 NaN	 NaN	 NaN	 NaN	    NaN	 NaN	 NaN	 NaN	 175.2076	    1	 0.9000	 0	 2.472380e+03	 2.472997e+03	    2473.7305
2	 3	 1	 98	 1	    1	 10	 9	 4	 NaN	    4	 4	 0	 4	 4.1753	    0.2264	 -1.0515	 -7.0697	 4.7163	 NaN	    NaN	 NaN	 NaN	 NaN	 10.5285	    17.6963	 5.0111	 13.5463	 17.4382	 NaN	    NaN	 NaN	 NaN	 NaN	 176.6412	    1	 0.9200	 0	 2.478606e+03	 2.479482e+03	    2480.9153
2	 3	 1	 99	 1	    2	 10	 9	 2	 NaN	    2	 0	 3	 3	 -3.3114	    4.7603	 -6.4779	 6.3563	 NaN	 NaN	    NaN	 NaN	 NaN	 NaN	 17.1769	    7.4026	 4.9775	 12.2657	 NaN	 NaN	    NaN	 NaN	 NaN	 NaN	 177.7248	    1	 0.9400	 0	 2.486150e+03	 2.486925e+03	    2488.0083
2	 3	 1	 100	 1	    2	 10	 9	 1	 NaN	    2	 0	 6	 6	 1.4267	    -7.2648	 3.0843	 -5.6986	 6.5818	 -1.9930	    -4.4160	 NaN	 NaN	 NaN	 15.2889	    17.8394	 4.7493	 5.5456	 11.7932	 18.5160	    12.9497	 NaN	 NaN	 NaN	 180.2003	    0	 0.9200	 1	 2.493126e+03	 2.493693e+03	    2496.1683
2	 3	 1	 101	 1	    1	 10	 9	 2	 NaN	    2	 3	 0	 3	 -3.2530	    5.5485	 3.6379	 -7.5937	 NaN	 NaN	    NaN	 NaN	 NaN	 NaN	 13.7973	    11.4646	 5.1084	 16.9012	 NaN	 NaN	    NaN	 NaN	 NaN	 NaN	 182.2840	    1	 0.9400	 0	 2.501636e+03	 2.502186e+03	    2504.2699
2	 3	 1	 102	 1	    1	 10	 9	 2	 NaN	    1	 7	 0	 7	 5.5679	    4.0132	 -7.0824	 -6.3946	 -2.8642	 1.7148	    -4.4160	 4.2356	 NaN	 NaN	 15.7992	    6.4485	 17.0968	 10.9224	 18.7285	 14.4071	    6.3040	 11.2920	 NaN	 NaN	 185.8180	    0	 0.9200	 0	 2.509187e+03	 2.509713e+03	    2513.2466
2	 3	 1	 103	 1	    1	 10	 9	 3	 NaN	    4	 6	 0	 6	 3.0788	    7.1895	 -7.6024	 -1.3034	 5.0035	 -0.4106	    7.8472	 NaN	 NaN	 NaN	 17.2971	    4.4331	 10.2029	 19.8639	 12.2153	 4.8265	    9.2578	 NaN	 NaN	 NaN	 187.3017	    0	 0.9000	 0	 2.518156e+03	 2.519148e+03	    2520.6314
2	 3	 1	 104	 1	    1	 10	 9	 4	 NaN	    4	 0	 0	 0	 -6.8376	    NaN	 NaN	 NaN	 NaN	 NaN	    NaN	 NaN	 NaN	 NaN	 8.7965	    NaN	 NaN	 NaN	 NaN	 NaN	    NaN	 NaN	 NaN	 NaN	 188.1184	    1	 0.8800	 1	 2.525457e+03	 2.525982e+03	    2526.7992
2	 3	 1	 105	 1	    1	 10	 9	 3	 NaN	    4	 1	 0	 1	 1.3215	    -7.3019	 NaN	 NaN	 NaN	 NaN	    NaN	 NaN	 NaN	 NaN	 13.8353	    6.1941	 NaN	 NaN	 NaN	 NaN	    NaN	 NaN	 NaN	 NaN	 190.1272	    0	 0.8600	 0	 2.532967e+03	 2.533642e+03	    2535.6510
2	 3	 1	 106	 1	    2	 10	 9	 2	 NaN	    2	 0	 0	 0	 7.6716	    NaN	 NaN	 NaN	 NaN	 NaN	    NaN	 NaN	 NaN	 NaN	 15.3343	    NaN	 NaN	 NaN	 NaN	 NaN	    NaN	 NaN	 NaN	 NaN	 191.1274	    1	 0.8800	 0	 2.541977e+03	 2.542769e+03	    2543.7693
2	 3	 1	 107	 1	    1	 10	 9	 2	 NaN	    2	 5	 0	 5	 4.2375	    -7.1779	 6.9452	 -7.9011	 7.6594	 -1.9774	    NaN	 NaN	 NaN	 NaN	 7.0278	    5.0998	 18.2006	 11.3736	 13.7132	 14.2300	    NaN	 NaN	 NaN	 NaN	 192.4943	    1	 0.9000	 0	 2.548645e+03	 2.549520e+03	    2550.8873
2	 3	 1	 108	 1	    1	 10	 9	 4	 NaN	    4	 8	 0	 8	 6.7279	    -0.5477	 4.9209	 -5.1984	 -4.7307	 -1.5760	    5.3728	 1.2920	 -7.8772	 NaN	 8.1030	    15.2295	 16.2988	 18.2712	 7.7887	 4.0790	    4.0790	 19.6066	 12.5497	 NaN	 195.2365	    1	 0.9200	 0	 2.556005e+03	 2.556605e+03	    2559.3473
2	 3	 1	 109	 1	    2	 10	 9	 2	 NaN	    2	 0	 6	 6	 -1.2465	    6.7279	 -4.0674	 3.7278	 -5.1984	 1.8029	    -4.7037	 NaN	 NaN	 NaN	 16.6865	    4.0624	 5.9566	 19.6303	 11.2920	 14.0023	    18.9935	 NaN	 NaN	 NaN	 197.6370	    1	 0.9400	 0	 2.564515e+03	 2.565065e+03	    2567.4656
2	 3	 1	 110	 1	    2	 10	 9	 4	 NaN	    4	 0	 0	 0	 5.6126	    NaN	 NaN	 NaN	 NaN	 NaN	    NaN	 NaN	 NaN	 NaN	 5.9049	    NaN	 NaN	 NaN	 NaN	 NaN	    NaN	 NaN	 NaN	 NaN	 198.3455	    1	 0.9600	 0	 2.574609e+03	 2.575125e+03	    2575.8339
2	 3	 1	 111	 1	    2	 10	 9	 1	 NaN	    2	 0	 4	 4	 7.2118	    -6.7115	 -7.1238	 5.5770	 -2.3083	 NaN	    NaN	 NaN	 NaN	 NaN	 8.7370	    18.6953	 11.1574	 13.4657	 13.1989	 NaN	    NaN	 NaN	 NaN	 NaN	 199.6874	    0	 0.9400	 0	 2.580810e+03	 2.581752e+03	    2583.0936
2	 3	 1	 112	 1	    2	 10	 9	 2	 NaN	    2	 0	 1	 1	 -5.7405	    3.0687	 NaN	 NaN	 NaN	 NaN	    NaN	 NaN	 NaN	 NaN	 8.5619	    13.2541	 NaN	 NaN	 NaN	 NaN	    NaN	 NaN	 NaN	 NaN	 201.0459	    1	 0.9600	 0	 2.590120e+03	 2.591079e+03	    2592.4372
2	 3	 1	 113	 1	    1	 10	 9	 4	 NaN	    4	 3	 0	 3	 -5.8349	    3.6102	 0.6318	 -7.1835	 NaN	 NaN	    NaN	 NaN	 NaN	 NaN	 7.5406	    12.1131	 17.5256	 11.5767	 NaN	 NaN	    NaN	 NaN	 NaN	 NaN	 202.1545	    1	 0.9800	 0	 2.598863e+03	 2.599405e+03	    2600.5137
2	 3	 1	 114	 1	    2	 10	 9	 2	 NaN	    1	 0	 2	 2	 6.7846	    -2.0228	 -3.4347	 NaN	 NaN	 NaN	    NaN	 NaN	 NaN	 NaN	 8.3545	    13.9462	 7.0718	 NaN	 NaN	 NaN	    NaN	 NaN	 NaN	 NaN	 203.1296	    0	 0.9600	 0	 2.606782e+03	 2.607457e+03	    2608.4319
2	 3	 1	 115	 1	    1	 10	 9	 4	 NaN	    4	 4	 0	 4	 -3.5260	    5.5679	 -0.4524	 2.1292	 -5.3697	 NaN	    NaN	 NaN	 NaN	 NaN	 14.1013	    7.3975	 4.9942	 13.6375	 4.9019	 NaN	    NaN	 NaN	 NaN	 NaN	 205.5717	    1	 0.9800	 0	 2.613933e+03	 2.614658e+03	    2617.1003
2	 3	 1	 116	 1	    1	 10	 9	 4	 NaN	    4	 8	 0	 8	 -5.9076	    1.6426	 3.7839	 -2.3733	 -3.2179	 6.6924	    6.1475	 -7.0060	 -7.7264	 NaN	 18.4419	    17.7156	 11.3859	 4.6737	 13.6095	 16.3609	    4.5463	 10.6602	 5.1084	 NaN	 206.6219	    1	 1.0000	 0	 2.622160e+03	 2.622860e+03	    2623.9100
2	 3	 1	 117	 1	    2	 10	 9	 1	 NaN	    2	 0	 5	 5	 -1.8101	    7.9009	 -5.4679	 1.3215	 5.0512	 -7.5409	    NaN	 NaN	 NaN	 NaN	 14.0445	    9.5217	 7.9876	 4.9761	 19.8548	 14.0109	    NaN	 NaN	 NaN	 NaN	 209.7725	    0	 0.9800	 0	 2.628919e+03	 2.629811e+03	    2632.9618
2	 3	 1	 118	 1	    1	 10	 9	 1	 NaN	    1	 1	 0	 1	 2.7361	    -7.3988	 NaN	 NaN	 NaN	 NaN	    NaN	 NaN	 NaN	 NaN	 15.5610	    7.7618	 NaN	 NaN	 NaN	 NaN	    NaN	 NaN	 NaN	 NaN	 210.5810	    1	 1.0000	 0	 2.638563e+03	 2.639430e+03	    2640.2382
2	 3	 1	 119	 1	    2	 10	 9	 3	 NaN	    3	 0	 7	 7	 -2.3142	    5.5689	 -5.5234	 -5.3776	 5.9877	 -4.8496	    1.4728	 3.9800	 NaN	 NaN	 5.0998	    17.5601	 19.6822	 7.8671	 10.5256	 14.5821	    17.7656	 5.3957	 NaN	 NaN	 211.8062	    1	 1.0200	 0	 2.645639e+03	 2.646148e+03	    2647.3729
2	 3	 1	 120	 1	    1	 10	 9	 4	 NaN	    3	 6	 0	 6	 0.8544	    -3.8237	 -4.9179	 -7.9854	 4.2572	 6.9900	    5.7290	 NaN	 NaN	 NaN	 19.5926	    18.7285	 10.9601	 6.8854	 12.5497	 8.8537	    17.6055	 NaN	 NaN	 NaN	 214.8985	    0	 1.0000	 0	 2.652774e+03	 2.653349e+03	    2656.4414
2	 3	 1	 121	 1	    1	 10	 9	 4	 NaN	    4	 2	 0	 2	 4.1605	    -3.2714	 -1.5704	 NaN	 NaN	 NaN	    NaN	 NaN	 NaN	 NaN	 14.8031	    7.0776	 16.5082	 NaN	 NaN	 NaN	    NaN	 NaN	 NaN	 NaN	 216.2570	    1	 1.0200	 0	 2.661426e+03	 2.662309e+03	    2663.6678
2	 3	 1	 122	 1	    1	 10	 9	 2	 NaN	    2	 7	 0	 7	 2.0593	    6.2256	 -1.4867	 6.6412	 -2.7992	 -6.0269	    -6.4855	 5.1219	 NaN	 NaN	 13.9407	    15.3876	 17.3019	 8.4748	 5.8963	 10.2885	    16.5082	 4.6436	 NaN	 NaN	 217.5072	    1	 1.0400	 0	 2.668594e+03	 2.669519e+03	    2670.7692
2	 3	 1	 123	 1	    1	 10	 9	 3	 NaN	    3	 5	 0	 5	 -6.0413	    7.4148	 -4.8394	 -2.6749	 6.4866	 3.5048	    NaN	 NaN	 NaN	 NaN	 18.5713	    18.1891	 11.8134	 4.7493	 8.3945	 13.7434	    NaN	 NaN	 NaN	 NaN	 219.1909	    1	 1.0600	 0	 2.675679e+03	 2.676587e+03	    2678.2707
2	 3	 1	 124	 1	    2	 10	 9	 4	 NaN	    4	 0	 3	 3	 6.3064	    -6.0413	 -7.0900	 6.9900	 NaN	 NaN	    NaN	 NaN	 NaN	 NaN	 16.0519	    18.0917	 10.1028	 7.3071	 NaN	 NaN	    NaN	 NaN	 NaN	 NaN	 220.0161	    1	 1.0800	 0	 2.683272e+03	 2.684255e+03	    2685.0803
2	 3	 1	 125	 1	    1	 10	 9	 4	 NaN	    4	 0	 0	 0	 3.4529	    NaN	 NaN	 NaN	 NaN	 NaN	    NaN	 NaN	 NaN	 NaN	 5.8568	    NaN	 NaN	 NaN	 NaN	 NaN	    NaN	 NaN	 NaN	 NaN	 220.7662	    1	 1.1000	 0	 2.692682e+03	 2.693324e+03	    2694.0738
2	 3	 1	 126	 1	    2	 10	 9	 4	 NaN	    4	 0	 8	 8	 6.6412	    1.5701	 -5.6612	 -2.0598	 5.1509	 -2.0143	    7.1551	 -0.3583	 -5.8349	 NaN	 9.3011	    17.1769	 7.7618	 19.3179	 4.5441	 15.2295	    18.3969	 5.2616	 16.8937	 NaN	 224.6836	    1	 1.1200	 0	 2.699033e+03	 2.699675e+03	    2703.5923
2	 3	 1	 127	 1	    2	 10	 9	 1	 NaN	    1	 0	 5	 5	 4.4973	    4.7064	 -4.0624	 -5.5318	 -4.3967	 5.0035	    NaN	 NaN	 NaN	 NaN	 12.9069	    18.0643	 5.7556	 10.6945	 17.6963	 4.0530	    NaN	 NaN	 NaN	 NaN	 225.5838	    1	 1.1400	 0	 2.708618e+03	 2.709435e+03	    2710.3353
2	 3	 1	 128	 1	    1	 10	 9	 3	 NaN	    3	 2	 0	 2	 6.7668	    -3.8995	 2.1233	 NaN	 NaN	 NaN	    NaN	 NaN	 NaN	 NaN	 7.5406	    19.2044	 14.9811	 NaN	 NaN	 NaN	    NaN	 NaN	 NaN	 NaN	 226.7590	    1	 1.1600	 0	 2.717537e+03	 2.718479e+03	    2719.6538
2	 3	 1	 129	 1	    2	 10	 9	 3	 NaN	    3	 0	 0	 0	 7.8878	    NaN	 NaN	 NaN	 NaN	 NaN	    NaN	 NaN	 NaN	 NaN	 18.8141	    NaN	 NaN	 NaN	 NaN	 NaN	    NaN	 NaN	 NaN	 NaN	 227.6425	    1	 1.1800	 0	 2.725163e+03	 2.725847e+03	    2726.7302
2	 3	 1	 130	 1	    1	 10	 9	 2	 NaN	    1	 1	 0	 1	 -5.7027	    2.9780	 NaN	 NaN	 NaN	 NaN	    NaN	 NaN	 NaN	 NaN	 11.1020	    19.9773	 NaN	 NaN	 NaN	 NaN	    NaN	 NaN	 NaN	 NaN	 228.9677	    0	 1.1600	 0	 2.732398e+03	 2.733023e+03	    2734.3483
2	 3	 1	 131	 1	    2	 10	 9	 3	 NaN	    3	 0	 4	 4	 5.2563	    -4.0967	 -5.1942	 3.3025	 -0.9196	 NaN	    NaN	 NaN	 NaN	 NaN	 5.9617	    8.9977	 15.2051	 16.8972	 19.0302	 NaN	    NaN	 NaN	 NaN	 NaN	 230.8431	    1	 1.1800	 0	 2.739458e+03	 2.739974e+03	    2741.8498
2	 3	 1	 132	 1	    2	 10	 9	 1	 NaN	    1	 0	 2	 2	 2.3451	    -1.1624	 -5.0375	 NaN	 NaN	 NaN	    NaN	 NaN	 NaN	 NaN	 5.5039	    13.7132	 5.5717	 NaN	 NaN	 NaN	    NaN	 NaN	 NaN	 NaN	 232.3433	    1	 1.2000	 0	 2.748976e+03	 2.749543e+03	    2751.0433
2	 3	 1	 133	 1	    1	 10	 9	 4	 NaN	    4	 3	 0	 3	 -4.0624	    -2.3233	 5.8481	 3.9567	 NaN	 NaN	    NaN	 NaN	 NaN	 NaN	 9.5014	    14.0445	 17.6055	 4.6436	 NaN	 NaN	    NaN	 NaN	 NaN	 NaN	 233.1101	    1	 1.2200	 0	 2.755861e+03	 2.756719e+03	    2757.4862
2	 3	 1	 134	 1	    2	 10	 9	 4	 NaN	    3	 0	 3	 3	 -4.2150	    -1.5837	 5.1763	 4.9554	 NaN	 NaN	    NaN	 NaN	 NaN	 NaN	 6.7057	    15.1884	 15.4485	 10.8945	 NaN	 NaN	    NaN	 NaN	 NaN	 NaN	 234.4687	    0	 1.2000	 0	 2.762779e+03	 2.763529e+03	    2764.8877
2	 3	 1	 135	 1	    1	 10	 9	 1	 NaN	    2	 8	 0	 8	 4.2356	    3.4220	 6.6924	 -4.8496	 -7.0824	 -1.1255	    -2.5871	 3.3300	 -3.1445	 NaN	 17.7479	    12.7738	 8.5963	 8.3093	 17.8368	 18.2769	    4.9185	 5.3804	 14.7571	 NaN	 237.3276	    0	 1.1800	 0	 2.769705e+03	 2.770422e+03	    2773.2810
2	 3	 1	 136	 1	    1	 10	 9	 3	 NaN	    4	 4	 0	 4	 -3.1518	    -7.1835	 2.8898	 5.1509	 5.1509	 NaN	    NaN	 NaN	 NaN	 NaN	 5.4735	    17.1261	 19.2521	 5.9566	 14.4656	 NaN	    NaN	 NaN	 NaN	 NaN	 238.8696	    0	 1.1600	 0	 2.778032e+03	 2.778574e+03	    2780.1156
2	 3	 1	 137	 1	    2	 10	 9	 2	 NaN	    1	 0	 1	 1	 4.2572	    -0.1151	 NaN	 NaN	 NaN	 NaN	    NaN	 NaN	 NaN	 NaN	 6.0901	    19.9773	 NaN	 NaN	 NaN	 NaN	    NaN	 NaN	 NaN	 NaN	 240.1948	    0	 1.1400	 0	 2.785833e+03	 2.786375e+03	    2787.7005
2	 3	 1	 138	 1	    1	 10	 9	 4	 NaN	    4	 7	 0	 7	 6.4587	    -2.3083	 2.4191	 0.7843	 -7.1623	 -5.6636	    7.3025	 -7.9011	 NaN	 NaN	 7.8007	    19.1152	 17.3777	 5.2828	 15.8911	 9.4487	    14.0212	 4.3164	 NaN	 NaN	 243.2704	    1	 1.1600	 0	 2.792676e+03	 2.793602e+03	    2796.6772
2	 3	 1	 139	 1	    1	 10	 9	 4	 NaN	    4	 0	 0	 0	 6.3064	    NaN	 NaN	 NaN	 NaN	 NaN	    NaN	 NaN	 NaN	 NaN	 15.9577	    NaN	 NaN	 NaN	 NaN	 NaN	    NaN	 NaN	 NaN	 NaN	 243.9538	    1	 1.1400	 1	 2.801853e+03	 2.802395e+03	    2803.0785
2	 3	 1	 140	 1	    1	 10	 9	 3	 NaN	    3	 5	 0	 5	 6.0472	    7.5659	 -7.3643	 -0.5367	 -6.4668	 1.7151	    NaN	 NaN	 NaN	 NaN	 13.5530	    7.9009	 18.2751	 17.7532	 9.6802	 5.8000	    NaN	 NaN	 NaN	 NaN	 244.7373	    1	 1.1600	 0	 2.809788e+03	 2.810497e+03	    2811.2801
2	 3	 1	 141	 1	    2	 10	 9	 4	 NaN	    4	 0	 8	 8	 5.4397	    -3.3398	 -6.7582	 0.1589	 2.0061	 -4.3967	    -6.7125	 7.8430	 -0.3283	 NaN	 5.9411	    18.5076	 5.8054	 4.7131	 17.8864	 9.5669	    15.9577	 13.7973	 14.1640	 NaN	 247.1961	    1	 1.1800	 0	 2.815964e+03	 2.816831e+03	    2819.2900
2	 3	 1	 142	 1	    2	 10	 9	 3	 NaN	    3	 0	 6	 6	 3.7839	    -5.8212	 -0.5959	 5.4225	 6.5941	 -5.5447	    -6.2343	 NaN	 NaN	 NaN	 5.2616	    7.0278	 19.5926	 14.0755	 10.0362	 14.0212	    18.5138	 NaN	 NaN	 NaN	 249.5882	    1	 1.2000	 0	 2.824349e+03	 2.825133e+03	    2827.5250
2	 3	 1	 143	 1	    1	 10	 9	 2	 NaN	    2	 6	 0	 6	 6.5818	    -0.7230	 5.1509	 -5.4699	 1.3324	 -3.8772	    7.0814	 NaN	 NaN	 NaN	 14.4693	    4.4916	 8.9516	 6.7297	 15.2432	 14.3033	    5.0408	 NaN	 NaN	 NaN	 251.4886	    1	 1.2200	 0	 2.832359e+03	 2.833051e+03	    2834.9514
2	 3	 1	 144	 1	    2	 10	 9	 4	 NaN	    4	 0	 7	 7	 6.4923	    -7.9315	 -2.5556	 6.0733	 -7.5937	 1.4050	    -7.3795	 7.3025	 NaN	 NaN	 18.4964	    9.1580	 5.8568	 14.0755	 15.2231	 17.9328	    4.9019	 7.2500	 NaN	 NaN	 252.7138	    1	 1.2400	 0	 2.840436e+03	 2.841069e+03	    2842.2945
2	 3	 1	 145	 1	    2	 10	 9	 4	 NaN	    3	 0	 5	 5	 6.4313	    -2.7846	 0.9820	 6.1449	 -4.6789	 -5.0375	    NaN	 NaN	 NaN	 NaN	 14.3988	    6.3631	 19.8006	 7.8037	 15.0053	 9.9404	    NaN	 NaN	 NaN	 NaN	 255.3393	    0	 1.2200	 0	 2.847187e+03	 2.848146e+03	    2850.7712
2	 3	 1	 146	 1	    2	 10	 9	 1	 NaN	    1	 0	 7	 7	 1.9079	    -0.8597	 2.8898	 -2.7670	 -4.9556	 5.6436	    7.8542	 -7.2648	 NaN	 NaN	 4.0530	    18.5626	 12.4917	 5.8326	 15.3343	 8.5619	    16.2279	 5.9944	 NaN	 NaN	 256.9813	    1	 1.2400	 0	 2.856322e+03	 2.857106e+03	    2858.7478
2	 3	 1	 147	 1	    2	 10	 9	 4	 NaN	    4	 0	 3	 3	 -6.6104	    -6.0950	 3.7423	 4.0921	 NaN	 NaN	    NaN	 NaN	 NaN	 NaN	 10.4940	    15.1884	 14.0109	 5.9944	 NaN	 NaN	    NaN	 NaN	 NaN	 NaN	 257.6897	    1	 1.2600	 0	 2.863857e+03	 2.864766e+03	    2865.4741
2	 3	 1	 148	 1	    1	 10	 9	 1	 NaN	    2	 4	 0	 4	 0.9179	    -7.7264	 7.4690	 -5.5678	 -5.2993	 NaN	    NaN	 NaN	 NaN	 NaN	 16.1030	    9.5669	 6.8203	 18.1891	 12.9955	 NaN	    NaN	 NaN	 NaN	 NaN	 259.4317	    0	 1.2400	 1	 2.872651e+03	 2.873592e+03	    2875.3343
2	 3	 1	 149	 1	    1	 10	 9	 3	 NaN	    3	 5	 0	 5	 5.6570	    -1.2207	 -4.6963	 5.4563	 -5.3697	 7.6913	    NaN	 NaN	 NaN	 NaN	 9.4487	    15.5108	 4.2865	 14.7352	 11.8639	 18.2841	    NaN	 NaN	 NaN	 NaN	 262.3156	    1	 1.2600	 0	 2.882744e+03	 2.883578e+03	    2886.4615
2	 3	 1	 150	 1	    2	 10	 9	 4	 NaN	    3	 0	 6	 6	 3.3300	    3.5048	 -5.6612	 4.6469	 -5.7024	 -1.4630	    7.4489	 NaN	 NaN	 NaN	 18.0310	    4.2927	 4.6737	 11.8267	 13.2527	 16.3844	    15.5108	 NaN	 NaN	 NaN	 265.4662	    0	 1.2400	 0	 2.892246e+03	 2.892829e+03	    2895.9801
2	 3	 1	 151	 1	    1	 10	 9	 4	 NaN	    4	 2	 0	 2	 -4.6789	    4.2788	 -0.8646	 NaN	 NaN	 NaN	    NaN	 NaN	 NaN	 NaN	 12.9502	    6.1357	 17.1139	 NaN	 NaN	 NaN	    NaN	 NaN	 NaN	 NaN	 266.9414	    1	 1.2600	 0	 2.901965e+03	 2.902498e+03	    2903.9733
2	 3	 1	 152	 1	    1	 10	 9	 2	 NaN	    2	 3	 0	 3	 -4.8741	    -5.3776	 5.2283	 6.5395	 NaN	 NaN	    NaN	 NaN	 NaN	 NaN	 13.4859	    4.3564	 19.2030	 6.9516	 NaN	 NaN	    NaN	 NaN	 NaN	 NaN	 268.2083	    1	 1.2800	 0	 2.908783e+03	 2.909691e+03	    2910.9580
2	 3	 1	 153	 1	    1	 10	 9	 1	 NaN	    1	 1	 0	 1	 -4.6328	    5.2379	 NaN	 NaN	 NaN	 NaN	    NaN	 NaN	 NaN	 NaN	 16.4914	    9.1975	 NaN	 NaN	 NaN	 NaN	    NaN	 NaN	 NaN	 NaN	 269.1918	    1	 1.3000	 0	 2.915776e+03	 2.916642e+03	    2917.6260
2	 3	 1	 154	 1	    1	 10	 9	 3	 NaN	    3	 7	 0	 7	 -3.2299	    6.0704	 -4.1187	 -7.5711	 7.3742	 2.5993	    3.0788	 -3.5228	 NaN	 NaN	 13.8010	    10.6693	 18.0917	 15.7216	 4.0624	 14.9423	    4.5327	 7.1243	 NaN	 NaN	 270.4671	    1	 1.3200	 0	 2.922544e+03	 2.923444e+03	    2924.7190
2	 3	 1	 155	 1	    2	 10	 9	 3	 NaN	    3	 0	 4	 4	 -6.6104	    7.2302	 -5.2627	 7.8927	 -2.7670	 NaN	    NaN	 NaN	 NaN	 NaN	 11.2837	    15.2801	 17.6652	 8.8537	 4.3799	 NaN	    NaN	 NaN	 NaN	 NaN	 271.1589	    1	 1.3400	 0	 2.929512e+03	 2.930220e+03	    2930.9119
2	 3	 1	 156	 1	    2	 10	 9	 2	 NaN	    2	 0	 1	 1	 -7.5499	    6.0472	 NaN	 NaN	 NaN	 NaN	    NaN	 NaN	 NaN	 NaN	 5.8289	    14.0946	 NaN	 NaN	 NaN	 NaN	    NaN	 NaN	 NaN	 NaN	 272.4591	    1	 1.3200	 1	 2.935696e+03	 2.936396e+03	    2937.6966
2	 3	 1	 157	 1	    2	 10	 9	 3	 NaN	    4	 0	 2	 2	 6.0704	    -6.4235	 -0.1072	 NaN	 NaN	 NaN	    NaN	 NaN	 NaN	 NaN	 4.2921	    17.8368	 15.6375	 NaN	 NaN	 NaN	    NaN	 NaN	 NaN	 NaN	 273.9094	    0	 1.3000	 0	 2.945273e+03	 2.946023e+03	    2947.4735
2	 3	 1	 158	 1	    1	 10	 9	 2	 NaN	    2	 8	 0	 8	 -5.9192	    2.1292	 0.4693	 -4.8642	 3.9473	 -0.5477	    -7.5594	 6.5395	 7.5504	 NaN	 16.8937	    19.8275	 16.0118	 4.6016	 5.8912	 5.3516	    9.6828	 14.2300	 8.2351	 NaN	 277.9852	    1	 1.3200	 0	 2.952691e+03	 2.953458e+03	    2957.5338
2	 3	 1	 159	 1	    1	 10	 9	 4	 NaN	    4	 0	 0	 0	 7.5330	    NaN	 NaN	 NaN	 NaN	 NaN	    NaN	 NaN	 NaN	 NaN	 17.9328	    NaN	 NaN	 NaN	 NaN	 NaN	    NaN	 NaN	 NaN	 NaN	 278.9354	    1	 1.3400	 0	 2.962777e+03	 2.963418e+03	    2964.3685
2	 3	 1	 160	 1	    1	 10	 9	 2	 NaN	    2	 6	 0	 6	 -3.2530	    -7.5762	 -7.2887	 3.0843	 5.4563	 7.5755	    -1.5495	 NaN	 NaN	 NaN	 18.7013	    18.7800	 10.8512	 15.4533	 9.2568	 5.2701	    4.2921	 NaN	 NaN	 NaN	 279.6605	    1	 1.3600	 0	 2.969344e+03	 2.970020e+03	    2970.7447
2	 3	 1	 161	 1	    2	 10	 9	 4	 NaN	    4	 0	 8	 8	 4.4689	    -6.6696	 5.7492	 -5.7405	 0.6332	 -5.3181	    2.1233	 -6.8004	 7.2302	 NaN	 14.0755	    18.4419	 9.6565	 8.3571	 17.5601	 13.9407	    5.8342	 4.2129	 19.2945	 NaN	 282.9528	    1	 1.3800	 0	 2.975629e+03	 2.976429e+03	    2979.7215
2	 3	 1	 162	 1	    2	 10	 9	 3	 NaN	    3	 0	 0	 0	 -5.2745	    NaN	 NaN	 NaN	 NaN	 NaN	    NaN	 NaN	 NaN	 NaN	 8.3093	    NaN	 NaN	 NaN	 NaN	 NaN	    NaN	 NaN	 NaN	 NaN	 283.9613	    1	 1.4000	 0	 2.984923e+03	 2.985689e+03	    2986.6979
2	 3	 1	 163	 1	    2	 10	 9	 1	 NaN	    2	 0	 7	 7	 -7.0060	    7.8542	 -3.2299	 2.8898	 2.4191	 -3.4385	    -2.3309	 3.9800	 NaN	 NaN	 10.0754	    10.2729	 13.3746	 18.9970	 12.8968	 4.6331	    18.0156	 8.5403	 NaN	 NaN	 285.2366	    0	 1.3800	 0	 2.992091e+03	 2.992624e+03	    2993.8993
2	 3	 1	 164	 1	    2	 10	 9	 2	 NaN	    2	 0	 1	 1	 -4.8797	    6.0053	 NaN	 NaN	 NaN	 NaN	    NaN	 NaN	 NaN	 NaN	 8.9504	    18.5297	 NaN	 NaN	 NaN	 NaN	    NaN	 NaN	 NaN	 NaN	 286.4701	    1	 1.4000	 0	 3.000309e+03	 3.001192e+03	    3002.4260
2	 3	 1	 165	 1	    1	 10	 9	 3	 NaN	    3	 4	 0	 4	 -4.0981	    4.7685	 -1.5837	 2.7505	 -6.0075	 NaN	    NaN	 NaN	 NaN	 NaN	 5.8237	    8.9017	 18.5265	 18.4396	 10.0949	 NaN	    NaN	 NaN	 NaN	 NaN	 287.7037	    1	 1.4200	 0	 3.008344e+03	 3.009002e+03	    3010.2358
2	 3	 1	 166	 1	    1	 10	 9	 2	 NaN	    2	 7	 0	 7	 -6.7758	    0.3148	 -1.2323	 -7.3592	 4.4973	 7.5239	    5.6977	 -7.6609	 NaN	 NaN	 10.1028	    13.7199	 4.6016	 16.6641	 4.5169	 13.8353	    17.7584	 4.0357	 NaN	 NaN	 289.1289	    1	 1.4400	 0	 3.016445e+03	 3.017212e+03	    3018.6374
2	 3	 1	 167	 1	    1	 10	 9	 3	 NaN	    3	 1	 0	 1	 2.5048	    -3.8995	 NaN	 NaN	 NaN	 NaN	    NaN	 NaN	 NaN	 NaN	 17.2583	    4.8283	 NaN	 NaN	 NaN	 NaN	    NaN	 NaN	 NaN	 NaN	 289.8874	    1	 1.4600	 0	 3.024847e+03	 3.025572e+03	    3026.3306
2	 3	 1	 168	 1	    2	 10	 9	 2	 NaN	    2	 0	 0	 0	 7.4729	    NaN	 NaN	 NaN	 NaN	 NaN	    NaN	 NaN	 NaN	 NaN	 8.7370	    NaN	 NaN	 NaN	 NaN	 NaN	    NaN	 NaN	 NaN	 NaN	 291.0043	    1	 1.4800	 0	 3.031623e+03	 3.032607e+03	    3033.7238
2	 3	 1	 169	 1	    2	 10	 9	 2	 NaN	    2	 0	 6	 6	 -0.8597	    2.0219	 5.5770	 -5.5278	 -4.0624	 7.5659	    -6.9646	 NaN	 NaN	 NaN	 4.3541	    17.0305	 7.1162	 14.0557	 9.0188	 19.8082	    18.0156	 NaN	 NaN	 NaN	 293.2797	    1	 1.5000	 0	 3.039742e+03	 3.040342e+03	    3042.6172
2	 3	 1	 170	 1	    2	 10	 9	 1	 NaN	    2	 0	 2	 2	 -5.2822	    2.7985	 7.6239	 NaN	 NaN	 NaN	    NaN	 NaN	 NaN	 NaN	 10.6604	    12.7252	 18.0310	 NaN	 NaN	 NaN	    NaN	 NaN	 NaN	 NaN	 294.9467	    0	 1.4800	 0	 3.048560e+03	 3.049410e+03	    3051.0772
2	 3	 1	 171	 1	    2	 10	 9	 3	 NaN	    4	 0	 4	 4	 -5.5304	    4.1605	 -0.6408	 7.4815	 0.8251	 NaN	    NaN	 NaN	 NaN	 NaN	 6.7297	    14.7800	 16.3047	 6.1941	 4.3564	 NaN	    NaN	 NaN	 NaN	 NaN	 295.7385	    0	 1.4600	 0	 3.056828e+03	 3.057804e+03	    3058.5953
2	 3	 1	 172	 1	    1	 10	 9	 4	 NaN	    4	 6	 0	 6	 -0.7707	    4.3146	 3.8430	 -6.7125	 7.7902	 -7.3988	    3.0843	 NaN	 NaN	 NaN	 18.9641	    7.2500	 19.9878	 14.0755	 9.5491	 4.0624	    12.9962	 NaN	 NaN	 NaN	 297.7805	    1	 1.4800	 0	 3.063880e+03	 3.064571e+03	    3066.6136
2	 3	 1	 173	 1	    2	 10	 9	 4	 NaN	    3	 0	 3	 3	 3.0788	    0.8097	 -5.3697	 -4.8394	 NaN	 NaN	    NaN	 NaN	 NaN	 NaN	 5.4279	    15.1463	 7.3416	 19.9773	 NaN	 NaN	    NaN	 NaN	 NaN	 NaN	 299.6726	    0	 1.4600	 0	 3.073940e+03	 3.074565e+03	    3076.4572
2	 3	 1	 174	 1	    1	 10	 9	 3	 NaN	    3	 2	 0	 2	 6.9680	    -6.2884	 4.2375	 NaN	 NaN	 NaN	    NaN	 NaN	 NaN	 NaN	 9.6262	    16.2464	 14.5721	 NaN	 NaN	 NaN	    NaN	 NaN	 NaN	 NaN	 300.8979	    1	 1.4800	 0	 3.081967e+03	 3.082867e+03	    3084.0920
2	 3	 1	 175	 1	    1	 10	 9	 4	 NaN	    4	 0	 0	 0	 -6.4779	    NaN	 NaN	 NaN	 NaN	 NaN	    NaN	 NaN	 NaN	 NaN	 6.7057	    NaN	 NaN	 NaN	 NaN	 NaN	    NaN	 NaN	 NaN	 NaN	 301.5647	    1	 1.5000	 0	 3.090460e+03	 3.091102e+03	    3091.7685
2	 3	 1	 176	 1	    1	 10	 9	 4	 NaN	    4	 8	 0	 8	 -3.2299	    1.4642	 4.9044	 4.5988	 -7.5594	 -7.3931	    -1.8565	 5.2733	 -5.0375	 NaN	 11.9385	    17.0187	 5.8342	 12.6508	 7.8007	 14.2927	    4.7912	 18.5626	 19.3179	 NaN	 304.9653	    1	 1.5200	 0	 3.099653e+03	 3.100604e+03	    3104.0042
2	 3	 1	 177	 1	    2	 10	 9	 2	 NaN	    2	 0	 8	 8	 -6.4755	    4.0206	 2.7371	 7.9554	 6.5605	 -0.2782	    -1.5495	 -3.9203	 -5.9689	 NaN	 17.1139	    13.7946	 4.2156	 4.9070	 10.0949	 16.4914	    4.5928	 13.7070	 8.5113	 NaN	 308.4743	    1	 1.5400	 0	 3.109222e+03	 3.109939e+03	    3113.4478
2	 3	 1	 178	 1	    1	 10	 9	 3	 NaN	    3	 3	 0	 3	 -6.0269	    5.2563	 -2.9453	 3.0687	 NaN	 NaN	    NaN	 NaN	 NaN	 NaN	 10.2059	    14.1013	 15.5108	 6.4072	 NaN	 NaN	    NaN	 NaN	 NaN	 NaN	 309.3328	    1	 1.5600	 0	 3.120633e+03	 3.121566e+03	    3122.4245
2	 3	 1	 179	 1	    2	 10	 9	 1	 NaN	    1	 0	 5	 5	 2.7505	    -6.1150	 -6.9461	 -3.8772	 5.1297	 2.9285	    NaN	 NaN	 NaN	 NaN	 13.5730	    10.3856	 16.4302	 4.3541	 6.5968	 18.7299	    NaN	 NaN	 NaN	 NaN	 312.5334	    1	 1.5800	 0	 3.128126e+03	 3.129076e+03	    3132.2764
2	 3	 1	 180	 1	    1	 10	 9	 3	 NaN	    3	 5	 0	 5	 6.1683	    4.3146	 -3.2714	 0.3148	 -7.6024	 -2.7992	    NaN	 NaN	 NaN	 NaN	 13.9462	    10.0368	 17.2532	 14.2118	 10.9742	 5.5510	    NaN	 NaN	 NaN	 NaN	 313.2669	    1	 1.6000	 0	 3.139478e+03	 3.140186e+03	    3140.9198
2	 3	 1	 181	 1	    2	 10	 9	 4	 NaN	    3	 0	 0	 0	 -3.0042	    NaN	 NaN	 NaN	 NaN	 NaN	    NaN	 NaN	 NaN	 NaN	 6.3320	    NaN	 NaN	 NaN	 NaN	 NaN	    NaN	 NaN	 NaN	 NaN	 313.9253	    0	 1.5800	 0	 3.146288e+03	 3.147138e+03	    3147.7962
2	 3	 1	 182	 1	    2	 10	 9	 3	 NaN	    3	 0	 5	 5	 6.3001	    -5.8974	 -0.8608	 4.4973	 7.4489	 -5.1984	    NaN	 NaN	 NaN	 NaN	 15.9537	    14.2927	 16.2057	 4.2711	 10.5355	 8.3545	    NaN	 NaN	 NaN	 NaN	 315.0839	    1	 1.6000	 0	 3.153781e+03	 3.154639e+03	    3155.7977
2	 3	 1	 183	 1	    1	 10	 9	 2	 NaN	    2	 4	 0	 4	 4.0519	    -3.7827	 4.5988	 -3.0042	 -6.3213	 NaN	    NaN	 NaN	 NaN	 NaN	 15.3808	    13.6858	 5.8912	 4.1167	 18.9970	 NaN	    NaN	 NaN	 NaN	 NaN	 317.3177	    1	 1.6200	 0	 3.163299e+03	 3.163858e+03	    3166.0914
2	 3	 1	 184	 1	    1	 10	 9	 4	 NaN	    4	 5	 0	 5	 -6.1556	    -4.4406	 4.2788	 5.2142	 -7.5366	 3.9567	    NaN	 NaN	 NaN	 NaN	 8.5646	    16.1404	 17.1617	 8.8537	 18.9316	 4.1167	    NaN	 NaN	 NaN	 NaN	 318.2095	    1	 1.6400	 0	 3.171242e+03	 3.172051e+03	    3172.9428
2	 3	 1	 185	 1	    2	 10	 9	 4	 NaN	    4	 0	 4	 4	 5.7290	    -6.2353	 -6.4838	 2.6897	 -1.1255	 NaN	    NaN	 NaN	 NaN	 NaN	 5.7556	    18.5189	 10.0949	 13.0970	 19.2258	 NaN	    NaN	 NaN	 NaN	 NaN	 319.7348	    1	 1.6600	 0	 3.179702e+03	 3.180628e+03	    3182.1529
2	 3	 1	 186	 1	    2	 10	 9	 1	 NaN	    2	 0	 2	 2	 5.0035	    -7.7094	 5.1968	 NaN	 NaN	 NaN	    NaN	 NaN	 NaN	 NaN	 10.5285	    18.1948	 15.3876	 NaN	 NaN	 NaN	    NaN	 NaN	 NaN	 NaN	 320.9433	    0	 1.6400	 0	 3.187262e+03	 3.188246e+03	    3189.4543
2	 3	 1	 187	 1	    2	 10	 9	 1	 NaN	    1	 0	 7	 7	 4.4255	    5.9198	 -1.2312	 -6.0203	 -6.2355	 -7.0938	    7.2302	 3.3084	 NaN	 NaN	 17.0487	    11.3708	 15.2908	 18.5265	 6.4485	 13.2978	    4.2921	 5.8054	 NaN	 NaN	 321.7685	    1	 1.6600	 0	 3.195247e+03	 3.195789e+03	    3196.6141
2	 3	 1	 188	 1	    1	 10	 9	 1	 NaN	    1	 8	 0	 8	 3.7274	    6.3563	 -6.4838	 5.9877	 -4.4714	 4.1753	    -1.2323	 -6.2884	 -0.6861	 NaN	 11.1925	    6.7297	 8.1047	 15.2688	 18.9829	 19.2258	    4.8567	 12.3717	 17.2971	 NaN	 324.4523	    1	 1.6800	 0	 3.202790e+03	 3.203515e+03	    3206.1993
2	 3	 1	 189	 1	    2	 10	 9	 4	 NaN	    4	 0	 6	 6	 -1.1624	    4.4689	 1.0217	 7.7902	 -7.0795	 -7.7145	    3.9285	 NaN	 NaN	 NaN	 19.1485	    9.4882	 4.2927	 13.3337	 12.2832	 7.6490	    16.3695	 NaN	 NaN	 NaN	 326.5360	    1	 1.7000	 0	 3.211359e+03	 3.211942e+03	    3214.0258
2	 3	 1	 190	 1	    1	 10	 9	 4	 NaN	    4	 6	 0	 6	 7.5783	    -3.5260	 7.2994	 -5.5278	 -5.3699	 1.6876	    5.8737	 NaN	 NaN	 NaN	 15.9151	    17.9835	 9.4489	 11.9797	 6.3851	 15.2688	    4.9019	 NaN	 NaN	 NaN	 329.6783	    1	 1.7200	 0	 3.219294e+03	 3.220285e+03	    3223.4277
2	 3	 1	 191	 1	    2	 10	 9	 1	 NaN	    1	 0	 8	 8	 -7.2887	    4.5094	 4.0132	 -0.5959	 -4.8664	 6.4248	    5.2459	 -0.0165	 -4.6191	 NaN	 8.9516	    12.9497	 7.5406	 16.1030	 17.6863	 4.2921	    18.5626	 4.4263	 12.1607	 NaN	 332.0705	    1	 1.7400	 0	 3.229245e+03	 3.230104e+03	    3232.4961
2	 3	 1	 192	 1	    1	 10	 9	 4	 NaN	    3	 0	 0	 0	 -7.0795	    NaN	 NaN	 NaN	 NaN	 NaN	    NaN	 NaN	 NaN	 NaN	 17.5888	    NaN	 NaN	 NaN	 NaN	 NaN	    NaN	 NaN	 NaN	 NaN	 333.5041	    0	 1.7200	 0	 3.237530e+03	 3.238472e+03	    3239.9059
2	 3	 1	 193	 1	    1	 10	 9	 2	 NaN	    2	 2	 0	 2	 1.0918	    -7.0824	 5.2733	 NaN	 NaN	 NaN	    NaN	 NaN	 NaN	 NaN	 13.5058	    11.4766	 13.4773	 NaN	 NaN	 NaN	    NaN	 NaN	 NaN	 NaN	 335.2294	    1	 1.7400	 0	 3.245924e+03	 3.246441e+03	    3248.1659
2	 3	 1	 194	 1	    2	 10	 9	 2	 NaN	    2	 0	 1	 1	 6.6569	    -7.1238	 NaN	 NaN	 NaN	 NaN	    NaN	 NaN	 NaN	 NaN	 12.7507	    4.0624	 NaN	 NaN	 NaN	 NaN	    NaN	 NaN	 NaN	 NaN	 336.8964	    1	 1.7600	 0	 3.253292e+03	 3.253875e+03	    3255.5423
2	 3	 1	 195	 1	    1	 10	 9	 4	 NaN	    3	 3	 0	 3	 -5.5831	    -6.0998	 7.8878	 2.9872	 NaN	 NaN	    NaN	 NaN	 NaN	 NaN	 15.9577	    9.7830	 7.6256	 14.0212	 NaN	 NaN	    NaN	 NaN	 NaN	 NaN	 338.2050	    0	 1.7400	 0	 3.260652e+03	 3.261393e+03	    3262.7020
2	 3	 1	 196	 1	    2	 10	 9	 2	 NaN	    2	 0	 3	 3	 1.7412	    -6.6094	 7.1659	 -4.9677	 NaN	 NaN	    NaN	 NaN	 NaN	 NaN	 14.6812	    18.5713	 6.7057	 4.1820	 NaN	 NaN	    NaN	 NaN	 NaN	 NaN	 339.1635	    1	 1.7600	 0	 3.267611e+03	 3.268161e+03	    3269.1200
2	 3	 1	 197	 1	    1	 10	 9	 4	 NaN	    4	 1	 0	 1	 -5.6114	    5.6436	 NaN	 NaN	 NaN	 NaN	    NaN	 NaN	 NaN	 NaN	 11.8639	    15.1463	 NaN	 NaN	 NaN	 NaN	    NaN	 NaN	 NaN	 NaN	 340.3637	    1	 1.7800	 0	 3.274871e+03	 3.275480e+03	    3276.6798
2	 3	 1	 198	 1	    1	 10	 9	 1	 NaN	    2	 7	 0	 7	 -6.9770	    6.7021	 7.2994	 2.5660	 -7.7987	 -0.8922	    6.9680	 -6.3218	 NaN	 NaN	 14.8031	    18.5563	 10.2885	 16.3695	 6.1941	 19.9017	    4.9070	 10.2000	 NaN	 NaN	 342.2641	    0	 1.7600	 1	 3.281581e+03	 3.282489e+03	    3284.3896
2	 3	 1	 199	 1	    2	 10	 9	 1	 NaN	    2	 0	 5	 5	 -1.3884	    -3.2179	 -5.1140	 1.1898	 6.7279	 7.8430	    NaN	 NaN	 NaN	 NaN	 4.6436	    17.2583	 10.8006	 18.5541	 16.5082	 7.3143	    NaN	 NaN	 NaN	 NaN	 343.4143	    0	 1.7400	 0	 3.289974e+03	 3.290808e+03	    3291.9578
2	 3	 1	 200	 1	    2	 10	 9	 2	 NaN	    2	 0	 0	 0	 4.2788	    NaN	 NaN	 NaN	 NaN	 NaN	    NaN	 NaN	 NaN	 NaN	 8.5646	    NaN	 NaN	 NaN	 NaN	 NaN	    NaN	 NaN	 NaN	 NaN	 344.1561	    1	 1.7600	 0	 3.296750e+03	 3.297426e+03	    3298.1674
2	 3	 1	 201	 1	    1	 10	 9	 1	 NaN	    2	 2	 0	 2	 3.5048	    -5.5304	 2.9431	 NaN	 NaN	 NaN	    NaN	 NaN	 NaN	 NaN	 17.6652	    11.9549	 5.8568	 NaN	 NaN	 NaN	    NaN	 NaN	 NaN	 NaN	 344.9979	    0	 1.7400	 0	 3.302943e+03	 3.303635e+03	    3304.4769
2	 3	 1	 202	 1	    1	 10	 9	 2	 NaN	    2	 3	 0	 3	 -6.8004	    -1.4572	 6.2256	 6.0704	 NaN	 NaN	    NaN	 NaN	 NaN	 NaN	 11.8134	    13.6002	 12.4789	 8.3093	 NaN	 NaN	    NaN	 NaN	 NaN	 NaN	 347.3650	    1	 1.7600	 0	 3.309261e+03	 3.310103e+03	    3312.4702
2	 3	 1	 203	 1	    1	 10	 9	 4	 NaN	    4	 8	 0	 8	 7.3909	    -6.8898	 -5.5447	 1.2920	 5.2142	 -7.0795	    2.5048	 -2.1296	 0.1589	 NaN	 4.8283	    13.3337	 8.9977	 18.7013	 15.1397	 18.1757	    5.9665	 4.7131	 14.0212	 NaN	 349.7237	    1	 1.7800	 0	 3.317605e+03	 3.318246e+03	    3320.6051
2	 3	 1	 204	 1	    1	 10	 9	 3	 NaN	    3	 7	 0	 7	 -0.0476	    -7.2648	 1.7412	 4.8620	 -7.7329	 3.7423	    -1.3957	 7.8472	 NaN	 NaN	 19.8082	    12.8968	 15.5610	 12.2620	 6.2549	 4.3276	    4.0357	 6.0766	 NaN	 NaN	 351.2907	    1	 1.8000	 0	 3.326156e+03	 3.326815e+03	    3328.3816
2	 3	 1	 205	 1	    1	 10	 9	 4	 NaN	    4	 4	 0	 4	 3.7423	    -4.1751	 3.1774	 -3.2091	 6.7348	 NaN	    NaN	 NaN	 NaN	 NaN	 14.5721	    19.0663	 6.2048	 5.6376	 18.2769	 NaN	    NaN	 NaN	 NaN	 NaN	 353.2661	    1	 1.8200	 0	 3.333608e+03	 3.334149e+03	    3336.1248
2	 3	 1	 206	 1	    1	 10	 9	 2	 NaN	    2	 5	 0	 5	 3.1884	    -4.8496	 2.4191	 -4.1413	 7.1196	 -7.3931	    NaN	 NaN	 NaN	 NaN	 18.9557	    16.2677	 13.6858	 4.5928	 5.8788	 10.0903	    NaN	 NaN	 NaN	 NaN	 355.6165	    1	 1.8400	 0	 3.341059e+03	 3.341943e+03	    3344.2930
2	 3	 1	 207	 1	    2	 10	 9	 1	 NaN	    2	 0	 3	 3	 -2.7846	    0.7843	 -7.1363	 5.3003	 NaN	 NaN	    NaN	 NaN	 NaN	 NaN	 5.4172	    16.8467	 10.6945	 12.0149	 NaN	 NaN	    NaN	 NaN	 NaN	 NaN	 357.4751	    0	 1.8200	 0	 3.349136e+03	 3.349811e+03	    3351.6695
2	 3	 1	 208	 1	    2	 10	 9	 2	 NaN	    2	 0	 8	 8	 4.4282	    5.1021	 7.5239	 -3.8237	 -7.7145	 -3.9546	    -6.2380	 0.8638	 0.8317	 NaN	 4.3541	    9.5429	 17.1885	 5.9509	 14.3715	 11.4967	    18.9557	 18.2310	 13.8239	 NaN	 359.5505	    1	 1.8400	 0	 3.356387e+03	 3.357271e+03	    3359.3460
2	 3	 1	 209	 1	    1	 10	 9	 2	 NaN	    2	 6	 0	 6	 -7.0697	    2.4273	 7.8472	 -7.2483	 7.4489	 -7.7987	    -3.1518	 NaN	 NaN	 NaN	 16.3295	    19.0007	 18.9935	 4.3799	 6.2872	 11.0359	    12.9955	 NaN	 NaN	 NaN	 361.2341	    1	 1.8600	 0	 3.364397e+03	 3.365122e+03	    3366.8058
2	 3	 1	 210	 1	    2	 10	 9	 4	 NaN	    4	 0	 6	 6	 -4.3937	    -0.5584	 1.5701	 -6.4668	 6.3289	 6.3707	    -4.3937	 NaN	 NaN	 NaN	 14.0678	    15.5498	 4.6436	 5.4188	 7.8845	 17.4096	    9.2372	 NaN	 NaN	 NaN	 362.7844	    1	 1.8800	 0	 3.371923e+03	 3.372924e+03	    3374.4740
2	 3	 1	 211	 1	    1	 10	 9	 1	 NaN	    1	 1	 0	 1	 7.3596	    -3.7031	 NaN	 NaN	 NaN	 NaN	    NaN	 NaN	 NaN	 NaN	 10.6357	    16.7821	 NaN	 NaN	 NaN	 NaN	    NaN	 NaN	 NaN	 NaN	 364.0930	    1	 1.9000	 0	 3.381400e+03	 3.382075e+03	    3383.3841
2	 3	 1	 212	 1	    2	 10	 9	 3	 NaN	    3	 0	 4	 4	 5.3329	    -4.8623	 -6.0075	 6.0053	 4.5910	 NaN	    NaN	 NaN	 NaN	 NaN	 18.5664	    4.3153	 11.4771	 12.9258	 4.5265	 NaN	    NaN	 NaN	 NaN	 NaN	 365.2599	    1	 1.9200	 0	 3.388760e+03	 3.389652e+03	    3390.8188
2	 3	 1	 213	 1	    2	 10	 9	 1	 NaN	    2	 0	 2	 2	 0.9818	    -5.5447	 1.7135	 NaN	 NaN	 NaN	    NaN	 NaN	 NaN	 NaN	 5.2701	    15.9537	 18.7901	 NaN	 NaN	 NaN	    NaN	 NaN	 NaN	 NaN	 366.9685	    0	 1.9000	 0	 3.395711e+03	 3.396328e+03	    3398.0370
2	 3	 1	 214	 1	    2	 10	 9	 4	 NaN	    4	 0	 1	 1	 -7.0428	    7.4150	 NaN	 NaN	 NaN	 NaN	    NaN	 NaN	 NaN	 NaN	 5.8733	    13.7199	 NaN	 NaN	 NaN	 NaN	    NaN	 NaN	 NaN	 NaN	 368.4855	    1	 1.9200	 0	 3.402738e+03	 3.403313e+03	    3404.8299
2	 3	 1	 215	 1	    1	 10	 9	 4	 NaN	    4	 0	 0	 0	 4.7163	    NaN	 NaN	 NaN	 NaN	 NaN	    NaN	 NaN	 NaN	 NaN	 5.8342	    NaN	 NaN	 NaN	 NaN	 NaN	    NaN	 NaN	 NaN	 NaN	 369.2023	    1	 1.9400	 0	 3.409539e+03	 3.410114e+03	    3410.8311
2	 3	 1	 216	 1	    2	 10	 9	 4	 NaN	    3	 0	 7	 7	 6.2477	    4.2001	 3.4907	 -1.5837	 -1.0193	 7.3905	    -6.8004	 -7.5584	 NaN	 NaN	 12.0891	    6.2442	 17.1884	 14.8376	 4.6436	 19.9773	    9.6762	 5.4279	 NaN	 NaN	 371.0943	    0	 1.9200	 0	 3.415682e+03	 3.416366e+03	    3418.2576
2	 3	 1	 217	 1	    1	 10	 9	 2	 NaN	    2	 4	 0	 4	 6.7703	    -6.1739	 -7.7145	 6.8484	 3.1774	 NaN	    NaN	 NaN	 NaN	 NaN	 19.1933	    15.2801	 10.0903	 6.4051	 14.0109	 NaN	    NaN	 NaN	 NaN	 NaN	 372.2612	    1	 1.9400	 0	 3.422975e+03	 3.423675e+03	    3424.8422
2	 3	 1	 218	 1	    2	 10	 9	 1	 NaN	    1	 0	 3	 3	 4.0119	    -7.0888	 -7.1000	 6.1475	 NaN	 NaN	    NaN	 NaN	 NaN	 NaN	 15.3876	    4.7914	 15.5508	 9.4949	 NaN	 NaN	    NaN	 NaN	 NaN	 NaN	 373.8615	    1	 1.9600	 0	 3.429526e+03	 3.430135e+03	    3431.7352
2	 3	 1	 219	 1	    2	 10	 9	 2	 NaN	    2	 0	 7	 7	 3.3426	    -6.0998	 -6.6094	 -3.7451	 -1.9774	 6.5941	    7.5755	 4.9209	 NaN	 NaN	 18.7299	    13.2776	 5.3957	 18.1891	 4.9411	 13.9003	    5.0408	 9.2630	 NaN	 NaN	 376.0119	    1	 1.9800	 0	 3.436745e+03	 3.437428e+03	    3439.5784
2	 3	 1	 220	 1	    2	 10	 9	 3	 NaN	    3	 0	 4	 4	 -0.6125	    -7.1623	 4.0119	 3.5561	 6.7703	 NaN	    NaN	 NaN	 NaN	 NaN	 19.2761	    15.7427	 7.3071	 11.4368	 4.0254	 NaN	    NaN	 NaN	 NaN	 NaN	 377.6372	    1	 1.9600	 1	 3.445030e+03	 3.446030e+03	    3447.6550
2	 3	 1	 221	 1	    2	 10	 9	 4	 NaN	    4	 0	 2	 2	 -5.7977	    6.9129	 -2.8994	 NaN	 NaN	 NaN	    NaN	 NaN	 NaN	 NaN	 16.0137	    4.6436	 19.9878	 NaN	 NaN	 NaN	    NaN	 NaN	 NaN	 NaN	 379.2375	    1	 1.9800	 0	 3.453181e+03	 3.453715e+03	    3455.3148
2	 3	 1	 222	 1	    1	 10	 9	 2	 NaN	    2	 7	 0	 7	 -0.6861	    -6.5737	 -5.6035	 4.2200	 2.3998	 -1.6227	    6.9452	 6.8495	 NaN	 NaN	 13.5530	    10.8952	 4.6466	 9.2630	 18.9449	 18.5297	    17.3273	 4.9761	 NaN	 NaN	 380.5627	    1	 2.0000	 0	 3.460049e+03	 3.460999e+03	    3462.3246
2	 3	 1	 223	 1	    1	 10	 9	 1	 NaN	    2	 1	 0	 1	 -2.9453	    7.6594	 NaN	 NaN	 NaN	 NaN	    NaN	 NaN	 NaN	 NaN	 16.5242	    11.8134	 NaN	 NaN	 NaN	 NaN	    NaN	 NaN	 NaN	 NaN	 381.3878	    0	 1.9800	 0	 3.467034e+03	 3.467892e+03	    3468.7175
2	 3	 1	 224	 1	    1	 10	 9	 3	 NaN	    3	 2	 0	 2	 -4.8642	    5.4563	 -7.2193	 NaN	 NaN	 NaN	    NaN	 NaN	 NaN	 NaN	 4.4263	    15.3808	 11.2527	 NaN	 NaN	 NaN	    NaN	 NaN	 NaN	 NaN	 382.5630	    1	 2.0000	 0	 3.473218e+03	 3.474010e+03	    3475.1854
2	 3	 1	 225	 1	    2	 10	 9	 1	 NaN	    2	 0	 1	 1	 6.0531	    -7.5366	 NaN	 NaN	 NaN	 NaN	    NaN	 NaN	 NaN	 NaN	 11.0359	    12.5804	 NaN	 NaN	 NaN	 NaN	    NaN	 NaN	 NaN	 NaN	 383.8132	    0	 1.9800	 1	 3.480478e+03	 3.481337e+03	    3482.5869
2	 3	 1	 226	 1	    1	 10	 9	 3	 NaN	    4	 8	 0	 8	 5.4997	    5.6040	 -4.9088	 -6.4855	 -4.8741	 3.7278	    0.8638	 -1.5760	 0.7425	 NaN	 13.7434	    7.8845	 15.5610	 11.5740	 4.6423	 17.4951	    4.3153	 19.6474	 14.3988	 NaN	 386.3720	    0	 1.9600	 0	 3.488805e+03	 3.489363e+03	    3491.9220
2	 3	 1	 227	 1	    1	 10	 9	 2	 NaN	    2	 6	 0	 6	 4.9209	    -6.7372	 7.6821	 0.4022	 -3.0042	 -6.7336	    6.3563	 NaN	 NaN	 NaN	 18.5664	    15.0016	 9.3055	 18.4451	 6.3040	 9.7761	    5.4279	 NaN	 NaN	 NaN	 387.5222	    1	 1.9800	 0	 3.496690e+03	 3.497273e+03	    3498.4233
2	 3	 1	 228	 1	    2	 10	 9	 2	 NaN	    2	 0	 6	 6	 -5.3789	    6.9900	 5.5679	 -0.1118	 -5.3295	 3.9800	    -5.8230	 NaN	 NaN	 NaN	 15.4533	    4.0254	 10.9742	 17.0434	 5.5097	 18.0165	    9.6760	 NaN	 NaN	 NaN	 389.1892	    1	 1.9600	 1	 3.503224e+03	 3.504091e+03	    3505.7581
2	 3	 1	 229	 1	    2	 10	 9	 1	 NaN	    2	 0	 5	 5	 5.1100	    -6.0950	 -7.0900	 7.3025	 -1.9008	 1.8029	    NaN	 NaN	 NaN	 NaN	 13.9407	    5.8871	 16.0137	 5.0111	 14.7494	 5.8425	    NaN	 NaN	 NaN	 NaN	 389.9726	    0	 1.9400	 0	 3.512901e+03	 3.513476e+03	    3514.2597
2	 3	 1	 230	 1	    2	 10	 9	 3	 NaN	    3	 0	 8	 8	 -1.6971	    4.7163	 -7.5480	 4.4007	 -5.5304	 5.1219	    -7.0428	 5.1509	 -0.5959	 NaN	 15.5498	    9.5429	 11.2837	 16.0118	 18.9778	 19.9878	    5.0438	 5.0998	 4.5463	 NaN	 390.7894	    1	 1.9600	 0	 3.519544e+03	 3.520078e+03	    3520.8944
