2	 97	 1	 1	 1	    1	 10	 9	 3	 NaN	    4	 4	 0	 4	 -5.2101	    -2.1401	 6.2913	 3.6425	 -6.1615	 NaN	    NaN	 NaN	 NaN	 NaN	 11.6022	    16.1974	 8.6308	 12.9260	 16.6614	 NaN	    NaN	 NaN	 NaN	 NaN	 1.9837	    0	 -0.0200	 0	 1.199792e+03	 1.200792e+03	    1202.7755
2	 97	 1	 2	 1	    1	 10	 9	 4	 NaN	    4	 7	 0	 7	 -3.3039	    -4.0131	 6.8475	 -4.6066	 3.8870	 5.0761	    -7.8081	 2.3123	 NaN	 NaN	 16.5349	    10.2090	 7.6957	 4.1628	 12.7603	 16.9392	    17.8500	 5.9555	 NaN	 NaN	 2.9088	    1	 -0.0400	 1	 1.214536e+03	 1.215495e+03	    1216.4199
2	 97	 1	 3	 1	    2	 10	 9	 4	 NaN	    4	 0	 5	 5	 6.7205	    -5.1230	 2.0845	 -6.5979	 -4.0312	 6.4244	    NaN	 NaN	 NaN	 NaN	 9.8548	    13.3191	 18.1527	 18.6813	 8.9743	 4.6023	    NaN	 NaN	 NaN	 NaN	 4.1007	    1	 -0.0200	 0	 1.221771e+03	 1.222421e+03	    1223.6129
2	 97	 1	 4	 1	    1	 10	 9	 2	 NaN	    2	 8	 0	 8	 3.3443	    7.1970	 4.1417	 -5.6781	 4.9161	 -1.7194	    -7.4371	 -4.3449	 7.3694	 NaN	 18.6813	    13.1888	 9.9517	 19.4547	 4.1428	 16.7436	    6.1629	 10.2163	 17.5570	 NaN	 6.3845	    1	 0.0000	 0	 1.228539e+03	 1.229281e+03	    1231.5645
2	 97	 1	 5	 1	    2	 10	 9	 2	 NaN	    2	 0	 2	 2	 -7.4306	    6.2176	 -7.7385	 NaN	 NaN	 NaN	    NaN	 NaN	 NaN	 NaN	 18.5027	    8.2629	 10.0061	 NaN	 NaN	 NaN	    NaN	 NaN	 NaN	 NaN	 7.4930	    1	 0.0200	 0	 1.236615e+03	 1.237349e+03	    1238.4575
2	 97	 1	 6	 1	    1	 10	 9	 3	 NaN	    3	 5	 0	 5	 -5.0252	    2.5514	 -4.5516	 -7.3684	 4.8059	 1.0726	    NaN	 NaN	 NaN	 NaN	 11.0990	    18.2343	 4.3466	 17.5151	 5.8059	 14.3372	    NaN	 NaN	 NaN	 NaN	 12.0022	    1	 0.0400	 0	 1.243759e+03	 1.244709e+03	    1249.2179
2	 97	 1	 7	 1	    2	 10	 9	 3	 NaN	    4	 0	 6	 6	 -6.5475	    5.1447	 0.9274	 3.7237	 -5.1441	 -0.6160	    7.2036	 NaN	 NaN	 NaN	 6.0402	    16.3147	 16.9392	 11.0977	 13.0282	 5.3390	    6.5789	 NaN	 NaN	 NaN	 14.3027	    0	 0.0200	 0	 1.254069e+03	 1.254902e+03	    1257.2028
2	 97	 1	 8	 1	    1	 10	 9	 2	 NaN	    2	 1	 0	 1	 -1.3064	    4.4363	 NaN	 NaN	 NaN	 NaN	    NaN	 NaN	 NaN	 NaN	 19.6664	    5.5230	 NaN	 NaN	 NaN	 NaN	    NaN	 NaN	 NaN	 NaN	 15.1612	    1	 0.0400	 0	 1.261862e+03	 1.262587e+03	    1263.4457
2	 97	 1	 9	 1	    2	 10	 9	 2	 NaN	    2	 0	 8	 8	 -2.9245	    -7.5324	 7.2360	 -5.5097	 2.3505	 4.9015	    7.7546	 -3.1618	 -7.3169	 NaN	 4.4137	    15.4217	 11.9683	 9.1164	 12.8154	 4.4946	    18.6813	 16.5997	 4.1628	 NaN	 16.7698	    1	 0.0600	 0	 1.268063e+03	 1.268888e+03	    1270.4971
2	 97	 1	 10	 1	    2	 10	 9	 4	 NaN	    3	 0	 0	 0	 -4.9373	    NaN	 NaN	 NaN	 NaN	 NaN	    NaN	 NaN	 NaN	 NaN	 6.4125	    NaN	 NaN	 NaN	 NaN	 NaN	    NaN	 NaN	 NaN	 NaN	 17.9117	    0	 0.0400	 0	 1.275506e+03	 1.276240e+03	    1277.3818
2	 97	 1	 11	 1	    2	 10	 9	 4	 NaN	    4	 0	 3	 3	 7.7546	    -4.6590	 -3.9104	 1.1044	 NaN	 NaN	    NaN	 NaN	 NaN	 NaN	 8.6631	    7.5874	 16.9365	 19.9890	 NaN	 NaN	    NaN	 NaN	 NaN	 NaN	 20.0038	    1	 0.0600	 0	 1.282591e+03	 1.283475e+03	    1285.5667
2	 97	 1	 12	 1	    2	 10	 9	 3	 NaN	    3	 0	 7	 7	 -3.9302	    -2.6226	 -1.7995	 2.2401	 6.6203	 0.6499	    6.8636	 -6.1384	 NaN	 NaN	 18.2843	    4.4992	 14.3213	 4.0998	 9.2917	 18.0631	    18.8626	 8.9469	 NaN	 NaN	 21.4540	    1	 0.0800	 0	 1.290234e+03	 1.291176e+03	    1292.6264
2	 97	 1	 13	 1	    1	 10	 9	 1	 NaN	    1	 6	 0	 6	 -6.5681	    1.8848	 5.0987	 5.8694	 -3.0856	 -7.8802	    -7.4813	 NaN	 NaN	 NaN	 11.3075	    16.5997	 7.3585	 18.2943	 4.6385	 15.2167	    4.6855	 NaN	 NaN	 NaN	 22.6709	    1	 0.1000	 0	 1.297469e+03	 1.298077e+03	    1299.2944
2	 97	 1	 14	 1	    1	 10	 9	 2	 NaN	    2	 3	 0	 3	 -6.2049	    -5.3126	 1.3488	 6.1911	 NaN	 NaN	    NaN	 NaN	 NaN	 NaN	 4.4894	    14.8614	 18.7654	 4.3827	 NaN	 NaN	    NaN	 NaN	 NaN	 NaN	 23.4960	    1	 0.1200	 0	 1.304004e+03	 1.304979e+03	    1305.8040
2	 97	 1	 15	 1	    1	 10	 9	 1	 NaN	    2	 2	 0	 2	 -1.1840	    3.8457	 6.7344	 NaN	 NaN	 NaN	    NaN	 NaN	 NaN	 NaN	 17.8430	    7.5915	 15.3212	 NaN	 NaN	 NaN	    NaN	 NaN	 NaN	 NaN	 24.5712	    0	 0.1000	 0	 1.310713e+03	 1.311505e+03	    1312.5803
2	 97	 1	 16	 1	    2	 10	 9	 4	 NaN	    4	 0	 1	 1	 7.4814	    -1.8921	 NaN	 NaN	 NaN	 NaN	    NaN	 NaN	 NaN	 NaN	 13.0282	    5.1645	 NaN	 NaN	 NaN	 NaN	    NaN	 NaN	 NaN	 NaN	 25.4797	    1	 0.1200	 0	 1.317398e+03	 1.318306e+03	    1319.2149
2	 97	 1	 17	 1	    1	 10	 9	 1	 NaN	    1	 0	 0	 0	 -1.0473	    NaN	 NaN	 NaN	 NaN	 NaN	    NaN	 NaN	 NaN	 NaN	 4.8178	    NaN	 NaN	 NaN	 NaN	 NaN	    NaN	 NaN	 NaN	 NaN	 26.3798	    1	 0.1400	 0	 1.324024e+03	 1.324966e+03	    1325.8662
2	 97	 1	 18	 1	    2	 10	 9	 2	 NaN	    2	 0	 4	 4	 -4.6066	    2.8582	 -1.6666	 6.7999	 -7.7581	 NaN	    NaN	 NaN	 NaN	 NaN	 7.8261	    5.5078	 14.7520	 12.4883	 19.8864	 NaN	    NaN	 NaN	 NaN	 NaN	 29.0970	    1	 0.1600	 0	 1.330467e+03	 1.331276e+03	    1333.9928
2	 97	 1	 19	 1	    2	 10	 9	 1	 NaN	    1	 0	 0	 0	 6.6713	    NaN	 NaN	 NaN	 NaN	 NaN	    NaN	 NaN	 NaN	 NaN	 11.6753	    NaN	 NaN	 NaN	 NaN	 NaN	    NaN	 NaN	 NaN	 NaN	 29.8888	    1	 0.1800	 0	 1.338785e+03	 1.339452e+03	    1340.2440
2	 97	 1	 20	 1	    2	 10	 9	 2	 NaN	    2	 0	 5	 5	 -6.4363	    -3.4763	 5.5391	 1.6451	 -4.0470	 6.9118	    NaN	 NaN	 NaN	 NaN	 15.1645	    7.3586	 12.1408	 5.7664	 19.7999	 5.1569	    NaN	 NaN	 NaN	 NaN	 30.9806	    1	 0.2000	 0	 1.344845e+03	 1.345553e+03	    1346.6453
2	 97	 1	 21	 1	    2	 10	 9	 3	 NaN	    4	 0	 3	 3	 7.0768	    -5.4573	 -4.4448	 3.7896	 NaN	 NaN	    NaN	 NaN	 NaN	 NaN	 7.5715	    14.2515	 7.9347	 14.5502	 NaN	 NaN	    NaN	 NaN	 NaN	 NaN	 36.7817	    0	 0.1800	 0	 1.352021e+03	 1.352730e+03	    1358.5309
2	 97	 1	 22	 1	    2	 10	 9	 4	 NaN	    4	 0	 4	 4	 -6.6592	    -0.0113	 5.2074	 7.2628	 6.4744	 NaN	    NaN	 NaN	 NaN	 NaN	 4.2085	    15.3378	 15.1645	 7.0005	 19.3019	 NaN	    NaN	 NaN	 NaN	 NaN	 39.4155	    1	 0.2000	 0	 1.363257e+03	 1.364165e+03	    1366.7992
2	 97	 1	 23	 1	    1	 10	 9	 2	 NaN	    2	 3	 0	 3	 -2.8290	    5.4155	 -1.1191	 6.9703	 NaN	 NaN	    NaN	 NaN	 NaN	 NaN	 4.4456	    7.1377	 14.8955	 12.7478	 NaN	 NaN	    NaN	 NaN	 NaN	 NaN	 40.9575	    1	 0.2200	 0	 1.371683e+03	 1.372592e+03	    1374.1340
2	 97	 1	 24	 1	    1	 10	 9	 3	 NaN	    3	 6	 0	 6	 -4.0159	    5.9507	 5.1361	 -5.3659	 -7.3169	 1.7721	    -4.6436	 NaN	 NaN	 NaN	 19.9890	    12.2255	 6.3788	 6.3962	 15.5106	 4.0409	    11.6509	 NaN	 NaN	 NaN	 43.8997	    1	 0.2400	 0	 1.378968e+03	 1.379493e+03	    1382.4356
2	 97	 1	 25	 1	    2	 10	 9	 2	 NaN	    1	 0	 8	 8	 5.0865	    2.4914	 -3.8971	 -0.1951	 5.9904	 -5.9119	    -5.2101	 5.2376	 6.5957	 NaN	 10.2001	    16.9314	 13.7163	 4.3827	 5.4147	 17.9197	    6.3899	 19.9871	 14.4403	 NaN	 45.6417	    0	 0.2200	 0	 1.387111e+03	 1.387837e+03	    1389.5786
2	 97	 1	 26	 1	    1	 10	 9	 2	 NaN	    2	 7	 0	 7	 -6.6440	    6.8203	 -4.9080	 6.0053	 0.6318	 -1.2365	    -7.0241	 3.9834	 NaN	 NaN	 10.7625	    6.4651	 19.6860	 10.7625	 15.9868	 5.6603	    15.9262	 19.2262	 NaN	 NaN	 48.9673	    1	 0.2400	 0	 1.394213e+03	 1.395030e+03	    1398.3553
2	 97	 1	 27	 1	    1	 10	 9	 3	 NaN	    3	 4	 0	 4	 -3.6309	    -7.6091	 7.6254	 2.7660	 -2.4881	 NaN	    NaN	 NaN	 NaN	 NaN	 13.1888	    5.4543	 4.6709	 13.9556	 4.3482	 NaN	    NaN	 NaN	 NaN	 NaN	 50.3592	    1	 0.2600	 0	 1.403181e+03	 1.403931e+03	    1405.3234
2	 97	 1	 28	 1	    2	 10	 9	 4	 NaN	    4	 0	 7	 7	 3.6559	    5.9186	 -2.8651	 4.8713	 -5.2311	 -3.1399	    5.6203	 -7.0370	 NaN	 NaN	 4.0998	    19.7768	 16.1035	 15.1097	 8.6631	 4.8981	    10.0938	 18.7220	 NaN	 NaN	 60.9530	    1	 0.2800	 0	 1.409941e+03	 1.410758e+03	    1421.3515
2	 97	 1	 29	 1	    1	 10	 9	 2	 NaN	    2	 1	 0	 1	 0.2443	    -6.2741	 NaN	 NaN	 NaN	 NaN	    NaN	 NaN	 NaN	 NaN	 18.8365	    8.1457	 NaN	 NaN	 NaN	 NaN	    NaN	 NaN	 NaN	 NaN	 61.9531	    1	 0.3000	 0	 1.426494e+03	 1.427078e+03	    1428.0778
2	 97	 1	 30	 1	    1	 10	 9	 3	 NaN	    3	 5	 0	 5	 -3.1645	    5.9507	 -2.6764	 -0.0045	 1.3179	 2.4718	    NaN	 NaN	 NaN	 NaN	 4.6385	    10.9199	 19.8356	 15.2768	 4.2085	 19.1965	    NaN	 NaN	 NaN	 NaN	 63.8201	    1	 0.3200	 0	 1.432887e+03	 1.433654e+03	    1435.5209
2	 97	 1	 31	 1	    2	 10	 9	 4	 NaN	    3	 0	 6	 6	 2.8206	    4.5534	 -5.6591	 -5.9720	 -1.2759	 5.5336	    4.2344	 NaN	 NaN	 NaN	 19.5312	    9.5704	 7.0636	 15.8940	 19.7207	 5.6820	    14.8955	 NaN	 NaN	 NaN	 70.3964	    0	 0.3000	 0	 1.440364e+03	 1.440872e+03	    1447.4483
2	 97	 1	 32	 1	    1	 10	 9	 3	 NaN	    3	 8	 0	 8	 -4.2366	    5.9904	 -1.2346	 7.6415	 -7.4031	 -5.7019	    1.1828	 2.9632	 2.3711	 NaN	 15.6637	    15.9262	 4.8580	 8.2461	 4.9199	 19.9665	    18.7220	 6.3515	 13.2098	 NaN	 72.5718	    1	 0.3200	 0	 1.452383e+03	 1.452999e+03	    1455.1748
2	 97	 1	 33	 1	    2	 10	 9	 4	 NaN	    4	 0	 1	 1	 0.4447	    -6.2741	 NaN	 NaN	 NaN	 NaN	    NaN	 NaN	 NaN	 NaN	 16.1534	    4.3827	 NaN	 NaN	 NaN	 NaN	    NaN	 NaN	 NaN	 NaN	 73.3803	    1	 0.3000	 1	 1.460226e+03	 1.461034e+03	    1461.8427
2	 97	 1	 34	 1	    1	 10	 9	 2	 NaN	    2	 2	 0	 2	 -7.5185	    6.7334	 4.2656	 NaN	 NaN	 NaN	    NaN	 NaN	 NaN	 NaN	 9.6458	    17.5570	 11.1742	 NaN	 NaN	 NaN	    NaN	 NaN	 NaN	 NaN	 74.5389	    1	 0.3200	 0	 1.467252e+03	 1.467786e+03	    1468.9442
2	 97	 1	 35	 1	    1	 10	 9	 4	 NaN	    4	 0	 0	 0	 0.1787	    NaN	 NaN	 NaN	 NaN	 NaN	    NaN	 NaN	 NaN	 NaN	 14.8493	    NaN	 NaN	 NaN	 NaN	 NaN	    NaN	 NaN	 NaN	 NaN	 75.2390	    1	 0.3400	 0	 1.473653e+03	 1.474537e+03	    1475.2370
2	 97	 1	 36	 1	    2	 10	 9	 3	 NaN	    4	 0	 2	 2	 2.6478	    -6.0291	 7.0389	 NaN	 NaN	 NaN	    NaN	 NaN	 NaN	 NaN	 16.4892	    5.6120	 6.9973	 NaN	 NaN	 NaN	    NaN	 NaN	 NaN	 NaN	 76.4142	    0	 0.3200	 0	 1.480030e+03	 1.480663e+03	    1481.8383
2	 97	 1	 37	 1	    2	 10	 9	 3	 NaN	    3	 0	 7	 7	 -5.4922	    -6.3561	 -5.2311	 5.9710	 5.1447	 -3.5124	    1.5366	 2.0844	 NaN	 NaN	 11.1340	    19.7576	 4.1986	 15.2969	 8.6272	 15.4459	    18.7299	 5.7212	 NaN	 NaN	 81.0651	    1	 0.3400	 0	 1.487431e+03	 1.488206e+03	    1492.8571
2	 97	 1	 38	 1	    2	 10	 9	 3	 NaN	    3	 0	 0	 0	 3.8457	    NaN	 NaN	 NaN	 NaN	 NaN	    NaN	 NaN	 NaN	 NaN	 14.8549	    NaN	 NaN	 NaN	 NaN	 NaN	    NaN	 NaN	 NaN	 NaN	 82.2736	    1	 0.3200	 1	 1.498425e+03	 1.499208e+03	    1500.4169
2	 97	 1	 39	 1	    2	 10	 9	 3	 NaN	    3	 0	 6	 6	 3.6968	    5.6724	 -2.8537	 4.5518	 -5.2101	 -7.8802	    1.9724	 NaN	 NaN	 NaN	 13.9495	    19.8601	 18.4000	 9.3922	 4.0441	 8.2599	    5.8531	 NaN	 NaN	 NaN	 83.8573	    1	 0.3400	 0	 1.505868e+03	 1.506760e+03	    1508.3435
2	 97	 1	 40	 1	    1	 10	 9	 1	 NaN	    2	 6	 0	 6	 3.9976	    -7.3427	 7.1275	 -6.7608	 -3.7534	 4.8970	    -0.5247	 NaN	 NaN	 NaN	 19.2824	    13.3472	 16.6930	 4.6905	 11.4329	 5.6351	    17.6359	 NaN	 NaN	 NaN	 86.4244	    0	 0.3200	 0	 1.513169e+03	 1.513736e+03	    1516.3034
2	 97	 1	 41	 1	    2	 10	 9	 3	 NaN	    3	 0	 8	 8	 4.7666	    -7.3684	 3.2525	 -7.2595	 -1.6666	 7.8397	    5.6846	 -5.5097	 -1.6970	 NaN	 8.6799	    11.3640	 18.5094	 5.5223	 14.7026	 12.4883	    4.7527	 17.0627	 4.7842	 NaN	 87.2579	    1	 0.3000	 1	 1.520954e+03	 1.521763e+03	    1522.5962
2	 97	 1	 42	 1	    2	 10	 9	 3	 NaN	    3	 0	 2	 2	 7.7546	    -0.5164	 5.2968	 NaN	 NaN	 NaN	    NaN	 NaN	 NaN	 NaN	 4.1945	    18.0259	 8.0192	 NaN	 NaN	 NaN	    NaN	 NaN	 NaN	 NaN	 88.5498	    1	 0.3200	 0	 1.527906e+03	 1.528872e+03	    1530.1644
2	 97	 1	 43	 1	    1	 10	 9	 2	 NaN	    2	 0	 0	 0	 -5.7127	    NaN	 NaN	 NaN	 NaN	 NaN	    NaN	 NaN	 NaN	 NaN	 4.2255	    NaN	 NaN	 NaN	 NaN	 NaN	    NaN	 NaN	 NaN	 NaN	 89.2582	    1	 0.3400	 0	 1.534982e+03	 1.535824e+03	    1536.5323
2	 97	 1	 44	 1	    2	 10	 9	 2	 NaN	    2	 0	 1	 1	 2.1746	    -7.7385	 NaN	 NaN	 NaN	 NaN	    NaN	 NaN	 NaN	 NaN	 14.8296	    8.2461	 NaN	 NaN	 NaN	 NaN	    NaN	 NaN	 NaN	 NaN	 89.9583	    1	 0.3600	 0	 1.541233e+03	 1.542033e+03	    1542.7335
2	 97	 1	 45	 1	    2	 10	 9	 2	 NaN	    2	 0	 3	 3	 6.6197	    2.9479	 -6.6660	 -3.9186	 NaN	 NaN	    NaN	 NaN	 NaN	 NaN	 7.9246	    17.7367	 4.4119	 18.7654	 NaN	 NaN	    NaN	 NaN	 NaN	 NaN	 93.5590	    1	 0.3800	 0	 1.547326e+03	 1.548076e+03	    1551.6769
2	 97	 1	 46	 1	    1	 10	 9	 2	 NaN	    2	 2	 0	 2	 -7.7633	    5.9904	 7.3085	 NaN	 NaN	 NaN	    NaN	 NaN	 NaN	 NaN	 12.6526	    4.8065	 10.9381	 NaN	 NaN	 NaN	    NaN	 NaN	 NaN	 NaN	 94.6842	    1	 0.3600	 1	 1.556395e+03	 1.557353e+03	    1558.4782
2	 97	 1	 47	 1	    1	 10	 9	 3	 NaN	    3	 3	 0	 3	 -6.7323	    4.2656	 6.3829	 -4.2177	 NaN	 NaN	    NaN	 NaN	 NaN	 NaN	 19.7576	    8.6678	 16.1205	 9.7664	 NaN	 NaN	    NaN	 NaN	 NaN	 NaN	 95.8761	    1	 0.3800	 0	 1.563913e+03	 1.564713e+03	    1565.9047
2	 97	 1	 48	 1	    1	 10	 9	 3	 NaN	    3	 8	 0	 8	 0.4126	    -6.2637	 -3.0445	 4.9581	 4.1868	 -6.8418	    -6.3780	 4.9015	 -1.3209	 NaN	 15.3288	    4.1945	 12.9260	 14.9193	 4.5561	 10.3083	    16.9873	 9.9508	 19.9685	 NaN	 109.2371	    1	 0.4000	 0	 1.570631e+03	 1.571256e+03	    1584.6167
2	 97	 1	 49	 1	    1	 10	 9	 1	 NaN	    1	 1	 0	 1	 7.4906	    -6.2637	 NaN	 NaN	 NaN	 NaN	    NaN	 NaN	 NaN	 NaN	 10.0475	    18.5100	 NaN	 NaN	 NaN	 NaN	    NaN	 NaN	 NaN	 NaN	 110.4372	    1	 0.4200	 0	 1.589976e+03	 1.590543e+03	    1591.7431
2	 97	 1	 50	 1	    1	 10	 9	 3	 NaN	    3	 4	 0	 4	 -3.2751	    5.0865	 -1.9260	 5.6327	 4.9161	 NaN	    NaN	 NaN	 NaN	 NaN	 19.6401	    10.2079	 15.4459	 4.2255	 18.2343	 NaN	    NaN	 NaN	 NaN	 NaN	 112.0626	    1	 0.4400	 0	 1.596352e+03	 1.597036e+03	    1598.6611
2	 97	 1	 51	 1	    2	 10	 9	 3	 NaN	    3	 0	 5	 5	 -3.7178	    4.7078	 6.7428	 -7.4926	 1.7721	 -2.8290	    NaN	 NaN	 NaN	 NaN	 6.8632	    9.9751	 16.9392	 19.1295	 4.5230	 19.1115	    NaN	 NaN	 NaN	 NaN	 118.2721	    1	 0.4600	 0	 1.603787e+03	 1.604379e+03	    1610.5884
2	 97	 1	 52	 1	    1	 10	 9	 2	 NaN	    2	 5	 0	 5	 5.6202	    6.7344	 -3.7423	 -2.5034	 -6.8010	 6.2737	    NaN	 NaN	 NaN	 NaN	 6.8287	    18.2943	 5.3301	 12.9392	 17.5151	 10.9524	    NaN	 NaN	 NaN	 NaN	 121.5144	    1	 0.4800	 0	 1.615523e+03	 1.616106e+03	    1619.3484
2	 97	 1	 53	 1	    1	 10	 9	 2	 NaN	    2	 7	 0	 7	 3.2940	    2.9632	 -4.7892	 -1.4973	 7.2312	 -6.1897	    -5.8041	 6.6280	 NaN	 NaN	 13.8736	    5.5047	 7.8925	 18.1817	 17.5423	 11.8786	    17.0627	 7.2463	 NaN	 NaN	 122.4312	    1	 0.5000	 0	 1.624149e+03	 1.624916e+03	    1625.8331
2	 97	 1	 54	 1	    2	 10	 9	 4	 NaN	    4	 0	 4	 4	 -3.2027	    7.1275	 2.9145	 -3.8143	 -6.9293	 NaN	    NaN	 NaN	 NaN	 NaN	 13.0282	    7.1664	 18.1106	 7.8261	 14.8614	 NaN	    NaN	 NaN	 NaN	 NaN	 127.5822	    1	 0.4800	 1	 1.630617e+03	 1.631543e+03	    1636.6935
2	 97	 1	 55	 1	    1	 10	 9	 4	 NaN	    4	 8	 0	 8	 7.2762	    2.2781	 -5.5064	 -2.1946	 7.7926	 3.3149	    -5.7282	 -3.2231	 -6.2497	 NaN	 11.9489	    15.6637	 14.0291	 19.1115	 18.8314	 5.1645	    9.3991	 4.4265	 19.9783	 NaN	 130.9662	    1	 0.5000	 0	 1.642228e+03	 1.643103e+03	    1646.4871
2	 97	 1	 56	 1	    2	 10	 9	 4	 NaN	    4	 0	 6	 6	 -5.7672	    -5.1889	 7.5821	 3.4466	 -5.7302	 0.2264	    1.9189	 NaN	 NaN	 NaN	 8.6272	    14.3454	 6.8995	 14.3454	 19.6370	 4.1112	    18.3072	 NaN	 NaN	 NaN	 137.3507	    1	 0.5200	 0	 1.651805e+03	 1.652447e+03	    1658.8311
2	 97	 1	 57	 1	    2	 10	 9	 4	 NaN	    4	 0	 0	 0	 1.0984	    NaN	 NaN	 NaN	 NaN	 NaN	    NaN	 NaN	 NaN	 NaN	 5.0755	    NaN	 NaN	 NaN	 NaN	 NaN	    NaN	 NaN	 NaN	 NaN	 138.0759	    1	 0.5400	 0	 1.663857e+03	 1.664824e+03	    1665.5491
2	 97	 1	 58	 1	    2	 10	 9	 2	 NaN	    2	 0	 4	 4	 7.2752	    -0.5570	 -3.8699	 4.6661	 -7.3022	 NaN	    NaN	 NaN	 NaN	 NaN	 16.3147	    16.2128	 6.7453	 5.5223	 11.0315	 NaN	    NaN	 NaN	 NaN	 NaN	 139.5928	    1	 0.5600	 0	 1.670617e+03	 1.671409e+03	    1672.9256
2	 97	 1	 59	 1	    1	 10	 9	 4	 NaN	    4	 6	 0	 6	 -6.5984	    0.6318	 -5.1230	 -4.7427	 7.8827	 0.1201	    3.6771	 NaN	 NaN	 NaN	 17.8986	    17.5056	 7.1888	 12.4883	 8.2461	 5.1569	    14.2191	 NaN	 NaN	 NaN	 145.4522	    1	 0.5800	 0	 1.677651e+03	 1.678402e+03	    1684.2611
2	 97	 1	 60	 1	    2	 10	 9	 2	 NaN	    2	 0	 5	 5	 3.1953	    -0.8371	 -6.0291	 3.7457	 7.2595	 -3.2231	    NaN	 NaN	 NaN	 NaN	 16.1534	    15.2969	 9.3042	 6.9475	 18.9001	 4.4157	    NaN	 NaN	 NaN	 NaN	 146.2857	    1	 0.6000	 0	 1.689262e+03	 1.690087e+03	    1690.9207
2	 97	 1	 61	 1	    1	 10	 9	 4	 NaN	    4	 2	 0	 2	 -3.6911	    6.9108	 -6.4210	 NaN	 NaN	 NaN	    NaN	 NaN	 NaN	 NaN	 15.5921	    9.7644	 6.9808	 NaN	 NaN	 NaN	    NaN	 NaN	 NaN	 NaN	 147.0275	    1	 0.5800	 1	 1.695522e+03	 1.696514e+03	    1697.2553
2	 97	 1	 62	 1	    1	 10	 9	 3	 NaN	    4	 4	 0	 4	 3.8032	    -5.7127	 1.9536	 -5.8408	 6.8636	 NaN	    NaN	 NaN	 NaN	 NaN	 7.5157	    7.4747	 16.3147	 18.2309	 19.5315	 NaN	    NaN	 NaN	 NaN	 NaN	 150.9532	    0	 0.5600	 0	 1.702690e+03	 1.703365e+03	    1707.2906
2	 97	 1	 63	 1	    1	 10	 9	 1	 NaN	    1	 7	 0	 7	 3.4350	    -2.4881	 7.2432	 2.9007	 -7.8161	 -6.5336	    -3.4763	 5.9189	 NaN	 NaN	 14.7026	    15.8353	 9.4348	 4.1068	 5.1645	 14.5766	    6.2919	 19.6689	 NaN	 NaN	 155.5374	    1	 0.5800	 0	 1.712025e+03	 1.712858e+03	    1717.4426
2	 97	 1	 64	 1	    2	 10	 9	 3	 NaN	    4	 0	 1	 1	 0.8296	    -3.8143	 NaN	 NaN	 NaN	 NaN	    NaN	 NaN	 NaN	 NaN	 19.0839	    7.5894	 NaN	 NaN	 NaN	 NaN	    NaN	 NaN	 NaN	 NaN	 156.4209	    0	 0.5600	 0	 1.723177e+03	 1.724036e+03	    1724.9191
2	 97	 1	 65	 1	    2	 10	 9	 3	 NaN	    4	 0	 2	 2	 5.4155	    -6.1384	 -1.0876	 NaN	 NaN	 NaN	    NaN	 NaN	 NaN	 NaN	 6.1629	    12.3668	 5.1645	 NaN	 NaN	 NaN	    NaN	 NaN	 NaN	 NaN	 157.1877	    0	 0.5400	 0	 1.729520e+03	 1.730212e+03	    1730.9786
2	 97	 1	 66	 1	    1	 10	 9	 2	 NaN	    1	 0	 0	 0	 1.1307	    NaN	 NaN	 NaN	 NaN	 NaN	    NaN	 NaN	 NaN	 NaN	 17.2228	    NaN	 NaN	 NaN	 NaN	 NaN	    NaN	 NaN	 NaN	 NaN	 158.1462	    0	 0.5200	 0	 1.735663e+03	 1.736638e+03	    1737.5965
2	 97	 1	 67	 1	    1	 10	 9	 4	 NaN	    4	 3	 0	 3	 -2.4213	    -0.2588	 7.2762	 5.0987	 NaN	 NaN	    NaN	 NaN	 NaN	 NaN	 17.1315	    4.4157	 14.2877	 5.5202	 NaN	 NaN	    NaN	 NaN	 NaN	 NaN	 159.1964	    1	 0.5400	 0	 1.742364e+03	 1.742981e+03	    1744.0311
2	 97	 1	 68	 1	    1	 10	 9	 3	 NaN	    3	 1	 0	 1	 -2.4738	    3.9998	 NaN	 NaN	 NaN	 NaN	    NaN	 NaN	 NaN	 NaN	 18.6415	    6.2919	 NaN	 NaN	 NaN	 NaN	    NaN	 NaN	 NaN	 NaN	 160.1049	    1	 0.5600	 0	 1.749132e+03	 1.750124e+03	    1751.0325
2	 97	 1	 69	 1	    2	 10	 9	 3	 NaN	    3	 0	 3	 3	 7.1716	    3.1972	 -7.6418	 -3.8026	 NaN	 NaN	    NaN	 NaN	 NaN	 NaN	 10.0370	    16.5942	 6.2919	 14.0029	 NaN	 NaN	    NaN	 NaN	 NaN	 NaN	 161.7219	    1	 0.5400	 1	 1.757250e+03	 1.758242e+03	    1759.8592
2	 97	 1	 70	 1	    2	 10	 9	 3	 NaN	    3	 0	 7	 7	 -5.6781	    0.6175	 4.5396	 5.2533	 -1.0619	 -7.8203	    3.6771	 -1.2628	 NaN	 NaN	 5.5078	    19.5588	 9.9557	 16.5763	 13.3853	 13.9556	    5.3390	 5.2545	 NaN	 NaN	 162.6553	    1	 0.5600	 0	 1.765444e+03	 1.766077e+03	    1767.0106
2	 97	 1	 71	 1	    1	 10	 9	 2	 NaN	    2	 5	 0	 5	 7.2036	    3.2003	 -4.7796	 -1.0493	 -4.7427	 5.0865	    NaN	 NaN	 NaN	 NaN	 13.0989	    5.3390	 19.8555	 17.4133	 9.5269	 8.9927	    NaN	 NaN	 NaN	 NaN	 165.2392	    1	 0.5800	 0	 1.771712e+03	 1.772287e+03	    1774.8704
2	 97	 1	 72	 1	    2	 10	 9	 2	 NaN	    2	 0	 8	 8	 5.6483	    -3.9302	 -5.2311	 4.4305	 -6.9275	 -1.6038	    7.1275	 3.3329	 -7.6179	 NaN	 16.0443	    10.3616	 15.4052	 5.2254	 6.3296	 19.9383	    10.2137	 19.8555	 18.8568	 NaN	 188.5937	    1	 0.5600	 1	 1.779738e+03	 1.780730e+03	    1804.0845
2	 97	 1	 73	 1	    1	 10	 9	 3	 NaN	    4	 4	 0	 4	 -6.9369	    3.0432	 -5.8417	 4.7666	 2.3711	 NaN	    NaN	 NaN	 NaN	 NaN	 5.5202	    12.1025	 16.8242	 7.6930	 4.1160	 NaN	    NaN	 NaN	 NaN	 NaN	 190.3857	    0	 0.5400	 0	 1.810411e+03	 1.811178e+03	    1812.9695
2	 97	 1	 74	 1	    2	 10	 9	 1	 NaN	    1	 0	 6	 6	 -2.5551	    -4.1881	 1.8456	 -6.9689	 6.7334	 7.8918	    5.0019	 NaN	 NaN	 NaN	 6.3149	    13.0480	 18.5600	 16.0073	 6.2653	 11.6908	    15.4338	 NaN	 NaN	 NaN	 195.1866	    1	 0.5600	 0	 1.817612e+03	 1.818212e+03	    1823.0132
2	 97	 1	 75	 1	    1	 10	 9	 1	 NaN	    1	 5	 0	 5	 5.7764	    6.5835	 -1.2346	 -6.3561	 3.5128	 -3.8863	    NaN	 NaN	 NaN	 NaN	 6.0505	    13.4883	 16.3324	 4.0639	 17.7367	 11.1074	    NaN	 NaN	 NaN	 NaN	 196.9952	    1	 0.5800	 0	 1.827789e+03	 1.828406e+03	    1830.2146
2	 97	 1	 76	 1	    2	 10	 9	 2	 NaN	    2	 0	 4	 4	 0.2954	    5.8198	 -3.6408	 -6.5681	 -5.9962	 NaN	    NaN	 NaN	 NaN	 NaN	 19.5508	    4.3304	 14.0776	 10.3429	 18.3129	 NaN	    NaN	 NaN	 NaN	 NaN	 198.7872	    1	 0.5600	 1	 1.834874e+03	 1.835699e+03	    1837.4910
2	 97	 1	 77	 1	    2	 10	 9	 2	 NaN	    2	 0	 0	 0	 4.0010	    NaN	 NaN	 NaN	 NaN	 NaN	    NaN	 NaN	 NaN	 NaN	 4.8024	    NaN	 NaN	 NaN	 NaN	 NaN	    NaN	 NaN	 NaN	 NaN	 199.8708	    1	 0.5800	 0	 1.842859e+03	 1.843484e+03	    1844.5674
2	 97	 1	 78	 1	    1	 10	 9	 1	 NaN	    1	 3	 0	 3	 4.5518	    -6.7323	 -4.0192	 4.8059	 NaN	 NaN	    NaN	 NaN	 NaN	 NaN	 14.3705	    7.9246	 19.5948	 10.3495	 NaN	 NaN	    NaN	 NaN	 NaN	 NaN	 200.8376	    1	 0.6000	 0	 1.849160e+03	 1.849677e+03	    1850.6436
2	 97	 1	 79	 1	    2	 10	 9	 4	 NaN	    3	 0	 3	 3	 -4.0261	    2.3842	 -1.5431	 1.8480	 NaN	 NaN	    NaN	 NaN	 NaN	 NaN	 9.6458	    4.2085	 19.8601	 15.2426	 NaN	 NaN	    NaN	 NaN	 NaN	 NaN	 203.1631	    0	 0.5800	 0	 1.855436e+03	 1.856020e+03	    1858.3451
2	 97	 1	 80	 1	    2	 10	 9	 2	 NaN	    2	 0	 1	 1	 7.2924	    -5.6512	 NaN	 NaN	 NaN	 NaN	    NaN	 NaN	 NaN	 NaN	 19.9871	    5.9308	 NaN	 NaN	 NaN	 NaN	    NaN	 NaN	 NaN	 NaN	 203.8882	    1	 0.6000	 0	 1.863404e+03	 1.864030e+03	    1864.7546
2	 97	 1	 81	 1	    1	 10	 9	 1	 NaN	    1	 0	 0	 0	 -6.2021	    NaN	 NaN	 NaN	 NaN	 NaN	    NaN	 NaN	 NaN	 NaN	 8.2524	    NaN	 NaN	 NaN	 NaN	 NaN	    NaN	 NaN	 NaN	 NaN	 204.9217	    1	 0.5800	 1	 1.870339e+03	 1.871231e+03	    1872.2645
2	 97	 1	 82	 1	    2	 10	 9	 2	 NaN	    2	 0	 8	 8	 -1.2759	    -3.1645	 -5.2311	 -7.3427	 6.3829	 3.0131	    7.4292	 3.6968	 -7.8132	 NaN	 15.6183	    5.9257	 14.8614	 6.5938	 14.0776	 18.1106	    10.0359	 7.0567	 19.7950	 NaN	 207.9639	    1	 0.6000	 0	 1.877799e+03	 1.878416e+03	    1881.4579
2	 97	 1	 83	 1	    2	 10	 9	 4	 NaN	    4	 0	 7	 7	 -1.1191	    4.0798	 -7.2595	 2.9007	 7.4681	 -5.8076	    -2.9367	 7.5821	 NaN	 NaN	 18.7905	    6.7453	 7.2094	 17.2228	 19.8601	 12.1408	    6.5938	 9.2917	 NaN	 NaN	 210.0393	    1	 0.6200	 0	 1.886284e+03	 1.886884e+03	    1888.9594
2	 97	 1	 84	 1	    1	 10	 9	 3	 NaN	    3	 6	 0	 6	 -0.0113	    -3.1137	 7.7651	 6.7775	 -6.9293	 3.4461	    -4.4427	 NaN	 NaN	 NaN	 13.9556	    17.5183	 5.2071	 10.8457	 5.0821	 18.6813	    13.4883	 NaN	 NaN	 NaN	 211.7730	    1	 0.6400	 0	 1.893910e+03	 1.894844e+03	    1896.5775
2	 97	 1	 85	 1	    1	 10	 9	 3	 NaN	    4	 2	 0	 2	 5.0865	    -7.8407	 6.9186	 NaN	 NaN	 NaN	    NaN	 NaN	 NaN	 NaN	 17.4019	    8.4357	 6.8098	 NaN	 NaN	 NaN	    NaN	 NaN	 NaN	 NaN	 213.1565	    0	 0.6200	 1	 1.901520e+03	 1.902187e+03	    1903.5705
2	 97	 1	 86	 1	    1	 10	 9	 1	 NaN	    2	 1	 0	 1	 -1.1163	    5.7698	 NaN	 NaN	 NaN	 NaN	    NaN	 NaN	 NaN	 NaN	 19.7473	    8.8153	 NaN	 NaN	 NaN	 NaN	    NaN	 NaN	 NaN	 NaN	 213.9233	    0	 0.6000	 0	 1.909013e+03	 1.909638e+03	    1910.4052
2	 97	 1	 87	 1	    2	 10	 9	 4	 NaN	    3	 0	 2	 2	 -3.3498	    4.4305	 -5.5734	 NaN	 NaN	 NaN	    NaN	 NaN	 NaN	 NaN	 19.4342	    4.6855	 10.0967	 NaN	 NaN	 NaN	    NaN	 NaN	 NaN	 NaN	 215.3152	    0	 0.5800	 0	 1.915114e+03	 1.915673e+03	    1917.0648
2	 97	 1	 88	 1	    2	 10	 9	 4	 NaN	    4	 0	 5	 5	 4.5237	    6.7999	 2.0797	 -2.8651	 -7.3427	 -2.6788	    NaN	 NaN	 NaN	 NaN	 9.8950	    15.1072	 13.8407	 6.0206	 9.9045	 14.8549	    NaN	 NaN	 NaN	 NaN	 219.6327	    1	 0.6000	 0	 1.921774e+03	 1.922341e+03	    1926.6584
2	 97	 1	 89	 1	    1	 10	 9	 2	 NaN	    2	 7	 0	 7	 7.3085	    -7.8407	 -5.1526	 -3.2636	 2.9019	 -7.7871	    7.3694	 5.0019	 NaN	 NaN	 4.7672	    12.6857	 9.2981	 19.0839	 15.5333	 4.9381	    15.3901	 8.2629	 NaN	 NaN	 220.9746	    1	 0.6200	 0	 1.931509e+03	 1.932084e+03	    1933.4264
2	 97	 1	 90	 1	    1	 10	 9	 4	 NaN	    4	 8	 0	 8	 -7.1264	    -4.4156	 4.4998	 5.3738	 5.0181	 7.8918	    -2.7448	 -7.2908	 -1.8648	 NaN	 16.3733	    9.9045	 7.4560	 19.3019	 12.9773	 4.8429	    18.0259	 6.8169	 13.4905	 NaN	 222.2498	    1	 0.6000	 1	 1.938144e+03	 1.939136e+03	    1940.4111
2	 97	 1	 91	 1	    2	 10	 9	 2	 NaN	    2	 0	 4	 4	 -7.1743	    -0.0113	 4.9314	 6.4512	 -5.8041	 NaN	    NaN	 NaN	 NaN	 NaN	 5.0942	    17.9485	 14.8549	 8.0192	 10.7845	 NaN	    NaN	 NaN	 NaN	 NaN	 223.8251	    1	 0.5800	 1	 1.945720e+03	 1.946646e+03	    1948.2209
2	 97	 1	 92	 1	    1	 10	 9	 3	 NaN	    3	 7	 0	 7	 0.1960	    6.9097	 -6.5681	 -5.2947	 4.7107	 3.4461	    -6.6408	 -0.2335	 NaN	 NaN	 15.4621	    13.3532	 15.5921	 4.8024	 6.2337	 18.7299	    9.4241	 4.8580	 NaN	 NaN	 225.3171	    1	 0.6000	 0	 1.953697e+03	 1.954581e+03	    1956.0724
2	 97	 1	 93	 1	    2	 10	 9	 4	 NaN	    4	 0	 8	 8	 6.7043	    3.6968	 -3.4526	 -6.2497	 -5.5662	 5.1141	    6.7262	 -4.6918	 1.0878	 NaN	 13.5479	    5.6603	 13.5479	 10.4345	 18.0631	 9.4869	    19.8229	 5.0821	 15.1166	 NaN	 232.0850	    1	 0.5800	 1	 1.961007e+03	 1.961815e+03	    1968.5832
2	 97	 1	 94	 1	    2	 10	 9	 1	 NaN	    1	 0	 6	 6	 4.4363	    -7.0241	 3.9478	 0.6711	 -2.9245	 -5.4238	    7.9662	 NaN	 NaN	 NaN	 18.4636	    13.6889	 6.8852	 13.4706	 5.6095	 9.8630	    9.4241	 NaN	 NaN	 NaN	 233.9270	    1	 0.6000	 0	 1.974159e+03	 1.974809e+03	    1976.6514
2	 97	 1	 95	 1	    1	 10	 9	 1	 NaN	    1	 1	 0	 1	 5.2684	    -3.7740	 NaN	 NaN	 NaN	 NaN	    NaN	 NaN	 NaN	 NaN	 4.0409	    14.3705	 NaN	 NaN	 NaN	 NaN	    NaN	 NaN	 NaN	 NaN	 237.4110	    1	 0.6200	 0	 1.981261e+03	 1.981894e+03	    1985.3782
2	 97	 1	 96	 1	    1	 10	 9	 4	 NaN	    4	 3	 0	 3	 2.1746	    -4.4448	 6.9186	 -1.6801	 NaN	 NaN	    NaN	 NaN	 NaN	 NaN	 13.2459	    12.6857	 7.5118	 5.7212	 NaN	 NaN	    NaN	 NaN	 NaN	 NaN	 238.5612	    1	 0.6000	 1	 1.990287e+03	 1.991096e+03	    1992.2462
2	 97	 1	 97	 1	    2	 10	 9	 3	 NaN	    4	 0	 3	 3	 -4.1881	    7.2036	 -0.6985	 7.7542	 NaN	 NaN	    NaN	 NaN	 NaN	 NaN	 5.7664	    16.1859	 16.5763	 7.2204	 NaN	 NaN	    NaN	 NaN	 NaN	 NaN	 240.1615	    0	 0.5800	 0	 1.997689e+03	 1.998531e+03	    2000.1310
2	 97	 1	 98	 1	    2	 10	 9	 4	 NaN	    4	 0	 7	 7	 4.1417	    -5.7043	 7.6254	 -2.5551	 4.2656	 -2.8651	    -6.9518	 1.1085	 NaN	 NaN	 7.3948	    14.8614	 10.7855	 5.1642	 18.5600	 18.2943	    7.2094	 13.7163	 NaN	 NaN	 244.8874	    1	 0.6000	 0	 2.005365e+03	 2.006332e+03	    2011.0582
2	 97	 1	 99	 1	    2	 10	 9	 3	 NaN	    4	 0	 5	 5	 4.7666	    -3.5124	 -7.8470	 4.9314	 -0.4145	 7.8827	    NaN	 NaN	 NaN	 NaN	 5.3993	    19.8864	 6.0429	 16.3242	 4.5751	 13.2459	    NaN	 NaN	 NaN	 NaN	 246.7544	    0	 0.5800	 0	 2.015842e+03	 2.016776e+03	    2018.6430
2	 97	 1	 100	 1	    1	 10	 9	 4	 NaN	    4	 8	 0	 8	 -6.0852	    5.0181	 -5.7243	 7.3085	 0.2474	 7.0467	    -5.1230	 -1.1735	 3.6871	 NaN	 19.4547	    16.1107	 7.3586	 6.0874	 19.4547	 10.1806	    13.9495	 4.1089	 7.8852	 NaN	 248.1297	    1	 0.6000	 0	 2.024694e+03	 2.025261e+03	    2026.6362
2	 97	 1	 101	 1	    1	 10	 9	 1	 NaN	    1	 0	 0	 0	 1.8376	    NaN	 NaN	 NaN	 NaN	 NaN	    NaN	 NaN	 NaN	 NaN	 16.0073	    NaN	 NaN	 NaN	 NaN	 NaN	    NaN	 NaN	 NaN	 NaN	 251.3219	    1	 0.6200	 0	 2.031320e+03	 2.032279e+03	    2035.4713
2	 97	 1	 102	 1	    1	 10	 9	 2	 NaN	    1	 6	 0	 6	 2.9197	    -4.1355	 -3.8143	 2.9859	 7.2360	 -6.3574	    2.1937	 NaN	 NaN	 NaN	 18.4669	    19.0032	 14.4403	 6.0783	 7.9469	 7.2432	    14.0232	 NaN	 NaN	 NaN	 253.1640	    0	 0.6000	 0	 2.040664e+03	 2.041606e+03	    2043.4479
2	 97	 1	 103	 1	    2	 10	 9	 2	 NaN	    1	 0	 2	 2	 -4.3339	    5.9714	 -1.9260	 NaN	 NaN	 NaN	    NaN	 NaN	 NaN	 NaN	 17.4885	    6.9156	 4.8840	 NaN	 NaN	 NaN	    NaN	 NaN	 NaN	 NaN	 254.1642	    0	 0.5800	 0	 2.048099e+03	 2.048649e+03	    2049.6491
2	 97	 1	 104	 1	    2	 10	 9	 3	 NaN	    4	 0	 1	 1	 -7.3684	    0.4354	 NaN	 NaN	 NaN	 NaN	    NaN	 NaN	 NaN	 NaN	 11.9059	    19.9383	 NaN	 NaN	 NaN	 NaN	    NaN	 NaN	 NaN	 NaN	 255.3227	    0	 0.5600	 0	 2.054350e+03	 2.055133e+03	    2056.2920
2	 97	 1	 105	 1	    1	 10	 9	 4	 NaN	    4	 2	 0	 2	 -4.6953	    6.4209	 4.8970	 NaN	 NaN	 NaN	    NaN	 NaN	 NaN	 NaN	 17.6270	    4.1986	 18.1106	 NaN	 NaN	 NaN	    NaN	 NaN	 NaN	 NaN	 259.9903	    1	 0.5800	 0	 2.060985e+03	 2.061743e+03	    2066.4107
2	 97	 1	 106	 1	    2	 10	 9	 3	 NaN	    3	 0	 0	 0	 5.4623	    NaN	 NaN	 NaN	 NaN	 NaN	    NaN	 NaN	 NaN	 NaN	 4.5561	    NaN	 NaN	 NaN	 NaN	 NaN	    NaN	 NaN	 NaN	 NaN	 260.8488	    1	 0.6000	 0	 2.071253e+03	 2.071970e+03	    2072.8285
2	 97	 1	 107	 1	    1	 10	 9	 4	 NaN	    4	 4	 0	 4	 4.9161	    7.1287	 -3.4526	 -6.4744	 3.0032	 NaN	    NaN	 NaN	 NaN	 NaN	 16.3654	    10.7625	 16.0443	 7.2135	 4.2085	 NaN	    NaN	 NaN	 NaN	 NaN	 261.6573	    1	 0.6200	 0	 2.077529e+03	 2.078113e+03	    2078.9214
2	 97	 1	 108	 1	    1	 10	 9	 1	 NaN	    1	 5	 0	 5	 0.2944	    6.7497	 -3.8587	 5.8694	 -1.7184	 -4.8816	    NaN	 NaN	 NaN	 NaN	 16.3324	    13.8125	 8.2560	 7.1482	 4.2395	 17.5289	    NaN	 NaN	 NaN	 NaN	 271.9426	    1	 0.6400	 0	 2.084214e+03	 2.084873e+03	    2095.1579
2	 97	 1	 109	 1	    1	 10	 9	 4	 NaN	    4	 1	 0	 1	 -3.1371	    6.7205	 NaN	 NaN	 NaN	 NaN	    NaN	 NaN	 NaN	 NaN	 5.7444	    12.6912	 NaN	 NaN	 NaN	 NaN	    NaN	 NaN	 NaN	 NaN	 272.9761	    1	 0.6200	 1	 2.100267e+03	 2.101184e+03	    2102.2176
2	 97	 1	 110	 1	    1	 10	 9	 4	 NaN	    4	 4	 0	 4	 -0.6160	    5.6327	 -1.2628	 3.3149	 -7.3022	 NaN	    NaN	 NaN	 NaN	 NaN	 17.1315	    19.9383	 4.9596	 5.0317	 8.6272	 NaN	    NaN	 NaN	 NaN	 NaN	 274.3180	    1	 0.6400	 0	 2.107652e+03	 2.108461e+03	    2109.8024
2	 97	 1	 111	 1	    1	 10	 9	 3	 NaN	    3	 0	 0	 0	 6.6203	    NaN	 NaN	 NaN	 NaN	 NaN	    NaN	 NaN	 NaN	 NaN	 10.6746	    NaN	 NaN	 NaN	 NaN	 NaN	    NaN	 NaN	 NaN	 NaN	 275.1515	    1	 0.6600	 0	 2.115137e+03	 2.115812e+03	    2116.6454
2	 97	 1	 112	 1	    2	 10	 9	 3	 NaN	    3	 0	 7	 7	 -5.6512	    -4.0847	 2.9939	 6.5103	 0.0409	 -0.1316	    -5.5662	 6.9703	 NaN	 NaN	 4.1628	    11.3446	 18.4003	 9.4869	 14.5766	 4.6709	    15.5665	 16.3042	 NaN	 NaN	 278.3354	    1	 0.6800	 0	 2.121613e+03	 2.122513e+03	    2125.6972
2	 97	 1	 113	 1	    1	 10	 9	 3	 NaN	    4	 5	 0	 5	 4.8970	    3.5691	 -5.7282	 -3.7740	 -5.3532	 0.8152	    NaN	 NaN	 NaN	 NaN	 6.9438	    17.8430	 7.0140	 17.9018	 14.0892	 5.0380	    NaN	 NaN	 NaN	 NaN	 279.7023	    0	 0.6600	 1	 2.130490e+03	 2.131298e+03	    2132.6652
2	 97	 1	 114	 1	    2	 10	 9	 4	 NaN	    4	 0	 5	 5	 -3.9186	    3.4350	 -6.7977	 -4.2726	 7.6254	 3.3399	    NaN	 NaN	 NaN	 NaN	 19.9899	    4.5500	 12.6241	 6.0783	 8.6308	 12.3172	    NaN	 NaN	 NaN	 NaN	 281.1693	    1	 0.6400	 1	 2.138125e+03	 2.138858e+03	    2140.3250
2	 97	 1	 115	 1	    1	 10	 9	 2	 NaN	    2	 3	 0	 3	 -3.6911	    6.0221	 1.9707	 -5.7043	 NaN	 NaN	    NaN	 NaN	 NaN	 NaN	 12.1250	    9.1692	 4.1160	 19.7768	 NaN	 NaN	    NaN	 NaN	 NaN	 NaN	 282.9362	    1	 0.6600	 0	 2.145584e+03	 2.146535e+03	    2148.3016
2	 97	 1	 116	 1	    1	 10	 9	 4	 NaN	    4	 2	 0	 2	 3.2740	    -3.4964	 -6.7096	 NaN	 NaN	 NaN	    NaN	 NaN	 NaN	 NaN	 4.3466	    19.8469	 8.8153	 NaN	 NaN	 NaN	    NaN	 NaN	 NaN	 NaN	 284.1448	    1	 0.6800	 0	 2.153128e+03	 2.153753e+03	    2154.9612
2	 97	 1	 117	 1	    2	 10	 9	 1	 NaN	    2	 0	 2	 2	 -7.9830	    3.4402	 -5.1873	 NaN	 NaN	 NaN	    NaN	 NaN	 NaN	 NaN	 6.1302	    12.6471	 9.9779	 NaN	 NaN	 NaN	    NaN	 NaN	 NaN	 NaN	 285.7534	    0	 0.6600	 0	 2.159862e+03	 2.160421e+03	    2162.0293
2	 97	 1	 118	 1	    2	 10	 9	 2	 NaN	    2	 0	 6	 6	 -5.2234	    -6.2637	 -5.9554	 5.0611	 5.0019	 6.9097	    -0.9193	 NaN	 NaN	 NaN	 6.5093	    19.6517	 11.4329	 15.0725	 6.4125	 19.4547	    18.0205	 NaN	 NaN	 NaN	 290.2710	    1	 0.6800	 0	 2.166655e+03	 2.167239e+03	    2171.7562
2	 97	 1	 119	 1	    1	 10	 9	 2	 NaN	    2	 7	 0	 7	 5.2968	    -7.7871	 -6.3574	 0.1947	 -2.2638	 1.6421	    -3.4650	 4.9281	 NaN	 NaN	 11.6908	    7.3370	 18.6260	 18.1106	 4.3827	 5.6282	    12.7478	 17.8430	 NaN	 NaN	 291.9046	    1	 0.7000	 0	 2.176615e+03	 2.177216e+03	    2178.8492
2	 97	 1	 120	 1	    1	 10	 9	 4	 NaN	    3	 8	 0	 8	 -6.7824	    4.9281	 -3.1704	 1.6807	 -6.4385	 5.4312	    3.0131	 -2.6739	 -6.5034	 NaN	 15.8696	    14.1240	 17.9228	 17.1469	 9.2709	 8.9122	    5.4543	 6.2919	 4.8429	 NaN	 293.5800	    0	 0.6800	 1	 2.183642e+03	 2.184559e+03	    2186.2340
2	 97	 1	 121	 1	    1	 10	 9	 4	 NaN	    4	 6	 0	 6	 -1.4306	    6.5201	 2.1923	 4.2825	 -1.4753	 -5.5097	    -6.5984	 NaN	 NaN	 NaN	 18.2343	    17.5289	 14.2089	 7.1736	 4.2255	 9.3042	    19.1295	 NaN	 NaN	 NaN	 296.1554	    1	 0.6600	 1	 2.191485e+03	 2.192469e+03	    2195.0440
2	 97	 1	 122	 1	    2	 10	 9	 2	 NaN	    2	 0	 0	 0	 2.2401	    NaN	 NaN	 NaN	 NaN	 NaN	    NaN	 NaN	 NaN	 NaN	 4.0998	    NaN	 NaN	 NaN	 NaN	 NaN	    NaN	 NaN	 NaN	 NaN	 297.3307	    1	 0.6800	 0	 2.200553e+03	 2.201437e+03	    2202.6122
2	 97	 1	 123	 1	    2	 10	 9	 1	 NaN	    1	 0	 3	 3	 7.2432	    -6.4919	 -4.2888	 7.6518	 NaN	 NaN	    NaN	 NaN	 NaN	 NaN	 6.8098	    8.1457	 18.8568	 19.8864	 NaN	 NaN	    NaN	 NaN	 NaN	 NaN	 299.0059	    1	 0.6600	 1	 2.207221e+03	 2.208172e+03	    2209.8469
2	 97	 1	 124	 1	    2	 10	 9	 2	 NaN	    2	 0	 4	 4	 4.3424	    -4.2888	 -4.0135	 6.8892	 7.7926	 NaN	    NaN	 NaN	 NaN	 NaN	 10.0760	    10.3429	 16.0110	 16.9392	 4.4992	 NaN	    NaN	 NaN	 NaN	 NaN	 300.0644	    1	 0.6400	 1	 2.215090e+03	 2.216007e+03	    2217.0650
2	 97	 1	 125	 1	    2	 10	 9	 1	 NaN	    1	 0	 1	 1	 7.0481	    -6.0433	 NaN	 NaN	 NaN	 NaN	    NaN	 NaN	 NaN	 NaN	 9.9045	    14.5866	 NaN	 NaN	 NaN	 NaN	    NaN	 NaN	 NaN	 NaN	 301.2480	    1	 0.6600	 0	 2.222391e+03	 2.223383e+03	    2224.5665
2	 97	 1	 126	 1	    2	 10	 9	 2	 NaN	    2	 0	 8	 8	 -7.2908	    -4.9878	 3.3679	 7.6415	 7.2595	 -4.0312	    -4.0135	 3.0261	 7.4681	 NaN	 12.4648	    5.1073	 6.3269	 12.9773	 4.8251	 16.1035	    9.1164	 16.7436	 17.7833	 NaN	 304.2986	    1	 0.6800	 0	 2.229501e+03	 2.230051e+03	    2233.1015
2	 97	 1	 127	 1	    2	 10	 9	 2	 NaN	    2	 0	 7	 7	 -5.7889	    -1.5910	 -5.3374	 5.5246	 -3.7178	 7.1716	    3.4402	 2.8268	 NaN	 NaN	 16.1205	    16.4559	 9.2917	 9.9045	 4.0409	 13.9556	    5.9812	 15.1166	 NaN	 NaN	 308.7577	    1	 0.7000	 0	 2.238303e+03	 2.238986e+03	    2243.4452
2	 97	 1	 128	 1	    1	 10	 9	 1	 NaN	    1	 7	 0	 7	 1.5940	    -7.4823	 -7.8132	 -5.9520	 2.4759	 3.5091	    7.9662	 -7.3684	 NaN	 NaN	 19.8663	    9.7664	 19.7473	 4.6023	 5.4237	 12.1125	    11.0358	 15.1166	 NaN	 NaN	 319.1514	    1	 0.7200	 0	 2.248304e+03	 2.248896e+03	    2259.2899
2	 97	 1	 129	 1	    2	 10	 9	 4	 NaN	    4	 0	 1	 1	 5.3738	    -2.8290	 NaN	 NaN	 NaN	 NaN	    NaN	 NaN	 NaN	 NaN	 14.7026	    5.0352	 NaN	 NaN	 NaN	 NaN	    NaN	 NaN	 NaN	 NaN	 320.0432	    1	 0.7400	 0	 2.264316e+03	 2.264933e+03	    2265.8245
2	 97	 1	 130	 1	    1	 10	 9	 2	 NaN	    2	 5	 0	 5	 -2.3865	    6.3829	 -4.2177	 3.2868	 -5.3374	 2.0196	    NaN	 NaN	 NaN	 NaN	 18.3659	    8.1457	 7.0636	 18.5600	 12.5327	 5.3301	    NaN	 NaN	 NaN	 NaN	 321.1684	    1	 0.7600	 0	 2.270317e+03	 2.271176e+03	    2272.3008
2	 97	 1	 131	 1	    1	 10	 9	 2	 NaN	    2	 3	 0	 3	 -6.3092	    3.6771	 3.4402	 -0.1986	 NaN	 NaN	    NaN	 NaN	 NaN	 NaN	 10.2090	    12.1125	 4.2037	 18.3072	 NaN	 NaN	    NaN	 NaN	 NaN	 NaN	 323.2271	    1	 0.7400	 1	 2.277018e+03	 2.277910e+03	    2279.9689
2	 97	 1	 132	 1	    1	 10	 9	 3	 NaN	    3	 0	 0	 0	 1.6451	    NaN	 NaN	 NaN	 NaN	 NaN	    NaN	 NaN	 NaN	 NaN	 4.0998	    NaN	 NaN	 NaN	 NaN	 NaN	    NaN	 NaN	 NaN	 NaN	 324.1023	    1	 0.7600	 0	 2.285337e+03	 2.285953e+03	    2286.8286
2	 97	 1	 133	 1	    1	 10	 9	 3	 NaN	    3	 4	 0	 4	 -7.4823	    2.0844	 5.1532	 -6.6408	 -4.0470	 NaN	    NaN	 NaN	 NaN	 NaN	 19.7950	    4.4389	 11.9785	 13.0481	 8.6844	 NaN	    NaN	 NaN	 NaN	 NaN	 325.2275	    1	 0.7800	 0	 2.291438e+03	 2.291946e+03	    2293.0715
2	 97	 1	 134	 1	    1	 10	 9	 1	 NaN	    1	 1	 0	 1	 6.6666	    -4.8096	 NaN	 NaN	 NaN	 NaN	    NaN	 NaN	 NaN	 NaN	 17.8230	    4.6262	 NaN	 NaN	 NaN	 NaN	    NaN	 NaN	 NaN	 NaN	 326.2527	    1	 0.8000	 0	 2.298873e+03	 2.299514e+03	    2300.5396
2	 97	 1	 135	 1	    2	 10	 9	 4	 NaN	    4	 0	 8	 8	 -5.5734	    6.1379	 5.4067	 -4.2726	 -2.6093	 5.9327	    0.9161	 -0.8258	 -6.6440	 NaN	 19.1965	    5.0317	 9.3290	 5.1645	 13.2822	 16.9128	    5.0380	 18.4562	 9.6686	 NaN	 327.0695	    1	 0.7800	 1	 2.305357e+03	 2.306349e+03	    2307.1659
2	 97	 1	 136	 1	    2	 10	 9	 4	 NaN	    4	 0	 3	 3	 4.1467	    -3.8045	 3.1506	 -5.9554	 NaN	 NaN	    NaN	 NaN	 NaN	 NaN	 9.1692	    4.2211	 19.2667	 19.8529	 NaN	 NaN	    NaN	 NaN	 NaN	 NaN	 329.4283	    1	 0.8000	 0	 2.312384e+03	 2.313350e+03	    2315.7093
2	 97	 1	 137	 1	    2	 10	 9	 2	 NaN	    1	 0	 5	 5	 -3.4963	    -3.2636	 6.8394	 5.1447	 -3.6309	 2.1746	    NaN	 NaN	 NaN	 NaN	 11.9489	    16.1979	 6.7540	 13.9495	 4.1945	 16.9499	    NaN	 NaN	 NaN	 NaN	 334.5126	    0	 0.7800	 0	 2.320777e+03	 2.321702e+03	    2326.7864
2	 97	 1	 138	 1	    1	 10	 9	 2	 NaN	    2	 6	 0	 6	 4.5029	    -1.0619	 -5.9520	 -5.6945	 4.7666	 4.6661	    0.1047	 NaN	 NaN	 NaN	 16.5528	    13.9556	 5.8974	 16.1432	 4.3384	 10.6907	    18.3072	 NaN	 NaN	 NaN	 337.2381	    1	 0.7600	 1	 2.331587e+03	 2.332496e+03	    2335.2214
2	 97	 1	 139	 1	    2	 10	 9	 1	 NaN	    2	 0	 2	 2	 -7.3169	    6.8709	 -3.0128	 NaN	 NaN	 NaN	    NaN	 NaN	 NaN	 NaN	 11.6753	    13.5479	 5.1645	 NaN	 NaN	 NaN	    NaN	 NaN	 NaN	 NaN	 338.2966	    0	 0.7400	 0	 2.340689e+03	 2.341298e+03	    2342.3561
2	 97	 1	 140	 1	    1	 10	 9	 3	 NaN	    3	 8	 0	 8	 -1.5699	    -5.0555	 -0.8047	 5.1532	 -4.8272	 5.0761	    2.8914	 6.9755	 0.3103	 NaN	 4.9381	    14.1232	 14.6413	 10.6585	 19.8229	 17.9485	    6.2919	 4.8406	 19.8529	 NaN	 341.6473	    1	 0.7600	 0	 2.346965e+03	 2.347674e+03	    2351.0245
2	 97	 1	 141	 1	    1	 10	 9	 4	 NaN	    4	 2	 0	 2	 -2.1715	    4.4363	 -4.4448	 NaN	 NaN	 NaN	    NaN	 NaN	 NaN	 NaN	 5.5202	    13.8515	 18.5094	 NaN	 NaN	 NaN	    NaN	 NaN	 NaN	 NaN	 343.2142	    1	 0.7800	 0	 2.356034e+03	 2.356701e+03	    2358.2676
2	 97	 1	 142	 1	    2	 10	 9	 2	 NaN	    2	 0	 4	 4	 -3.4526	    5.6648	 -0.6160	 3.8884	 2.3123	 NaN	    NaN	 NaN	 NaN	 NaN	 6.1302	    7.9246	 15.2969	 12.4883	 19.7165	 NaN	    NaN	 NaN	 NaN	 NaN	 345.5230	    1	 0.8000	 0	 2.363369e+03	 2.364127e+03	    2366.4358
2	 97	 1	 143	 1	    2	 10	 9	 3	 NaN	    4	 0	 0	 0	 -4.8816	    NaN	 NaN	 NaN	 NaN	 NaN	    NaN	 NaN	 NaN	 NaN	 8.1206	    NaN	 NaN	 NaN	 NaN	 NaN	    NaN	 NaN	 NaN	 NaN	 346.3398	    0	 0.7800	 0	 2.372387e+03	 2.373062e+03	    2373.8789
2	 97	 1	 144	 1	    2	 10	 9	 2	 NaN	    2	 0	 6	 6	 5.1542	    7.4814	 -2.4738	 4.8970	 -7.5324	 -3.3569	    -6.6408	 NaN	 NaN	 NaN	 18.4636	    4.3384	 17.4484	 10.8511	 6.5877	 12.2255	    14.5203	 NaN	 NaN	 NaN	 348.6486	    1	 0.8000	 0	 2.379380e+03	 2.379972e+03	    2382.2806
2	 97	 1	 145	 1	    2	 10	 9	 4	 NaN	    4	 0	 1	 1	 -4.0128	    3.7371	 NaN	 NaN	 NaN	 NaN	    NaN	 NaN	 NaN	 NaN	 5.9212	    16.8056	 NaN	 NaN	 NaN	 NaN	    NaN	 NaN	 NaN	 NaN	 350.1738	    1	 0.7800	 1	 2.387223e+03	 2.387915e+03	    2389.4403
2	 97	 1	 146	 1	    2	 10	 9	 3	 NaN	    4	 0	 7	 7	 -2.8537	    3.9702	 -2.8585	 3.2979	 -5.3126	 -4.8096	    7.1723	 3.3509	 NaN	 NaN	 4.3304	    7.0567	 14.7404	 17.9485	 9.2980	 19.6062	    11.1340	 13.7476	 NaN	 NaN	 360.5009	    0	 0.7600	 0	 2.395050e+03	 2.395817e+03	    2406.1436
2	 97	 1	 147	 1	    1	 10	 9	 1	 NaN	    1	 1	 0	 1	 3.9506	    -2.5034	 NaN	 NaN	 NaN	 NaN	    NaN	 NaN	 NaN	 NaN	 15.5921	    5.1625	 NaN	 NaN	 NaN	 NaN	    NaN	 NaN	 NaN	 NaN	 361.2593	    1	 0.7400	 1	 2.411445e+03	 2.412111e+03	    2412.8699
2	 97	 1	 148	 1	    1	 10	 9	 1	 NaN	    1	 8	 0	 8	 7.8827	    -5.2234	 4.1868	 -1.2365	 7.2312	 0.1901	    -7.6091	 -5.6945	 4.8242	 NaN	 13.1888	    16.0073	 16.2128	 5.5078	 5.3993	 14.1218	    5.7628	 11.6022	 9.8331	 NaN	 362.6763	    1	 0.7600	 0	 2.418204e+03	 2.419004e+03	    2420.4214
2	 97	 1	 149	 1	    1	 10	 9	 4	 NaN	    4	 2	 0	 2	 0.2954	    -1.1478	 -7.6391	 NaN	 NaN	 NaN	    NaN	 NaN	 NaN	 NaN	 4.0441	    14.0443	 15.6755	 NaN	 NaN	 NaN	    NaN	 NaN	 NaN	 NaN	 365.5268	    1	 0.7800	 0	 2.425039e+03	 2.425664e+03	    2428.5146
2	 97	 1	 150	 1	    1	 10	 9	 1	 NaN	    1	 4	 0	 4	 -1.5417	    7.1716	 7.0436	 -7.0241	 -2.2801	 NaN	    NaN	 NaN	 NaN	 NaN	 14.7433	    12.4883	 6.5341	 9.4912	 18.9823	 NaN	    NaN	 NaN	 NaN	 NaN	 367.6855	    1	 0.8000	 0	 2.434266e+03	 2.435224e+03	    2437.3830
2	 97	 1	 151	 1	    1	 10	 9	 1	 NaN	    1	 5	 0	 5	 -4.6066	    4.7921	 -0.7866	 6.8475	 3.9754	 -5.7282	    NaN	 NaN	 NaN	 NaN	 5.6351	    4.2575	 17.7833	 12.3337	 17.3939	 9.9649	    NaN	 NaN	 NaN	 NaN	 369.1191	    1	 0.8200	 0	 2.442017e+03	 2.442892e+03	    2444.3260
2	 97	 1	 152	 1	    1	 10	 9	 1	 NaN	    1	 7	 0	 7	 5.0761	    2.0845	 -2.5758	 -5.9740	 -7.8407	 7.3085	    -4.3339	 4.6456	 NaN	 NaN	 8.1457	    14.0937	 13.1888	 17.1583	 10.4345	 16.3315	    5.7212	 4.1628	 NaN	 NaN	 369.9359	    1	 0.8400	 0	 2.449060e+03	 2.449719e+03	    2450.5356
2	 97	 1	 153	 1	    2	 10	 9	 2	 NaN	    2	 0	 6	 6	 3.5091	    -4.9869	 -4.4427	 1.4245	 -4.1891	 7.1723	    4.7381	 NaN	 NaN	 NaN	 5.6351	    5.8174	 18.9724	 13.2822	 10.9282	 13.6889	    9.8732	 NaN	 NaN	 NaN	 371.5446	    1	 0.8600	 0	 2.455228e+03	 2.455937e+03	    2457.5453
2	 97	 1	 154	 1	    2	 10	 9	 4	 NaN	    3	 0	 5	 5	 2.3711	    -3.4526	 5.8694	 7.8827	 -1.0493	 -5.7302	    NaN	 NaN	 NaN	 NaN	 15.1450	    6.5938	 5.3729	 15.0791	 19.7473	 10.9559	    NaN	 NaN	 NaN	 NaN	 373.0282	    0	 0.8400	 0	 2.462188e+03	 2.463105e+03	    2464.5883
2	 97	 1	 155	 1	    2	 10	 9	 3	 NaN	    3	 0	 0	 0	 -2.6246	    NaN	 NaN	 NaN	 NaN	 NaN	    NaN	 NaN	 NaN	 NaN	 6.3149	    NaN	 NaN	 NaN	 NaN	 NaN	    NaN	 NaN	 NaN	 NaN	 373.7033	    1	 0.8600	 0	 2.469323e+03	 2.469923e+03	    2470.5978
2	 97	 1	 156	 1	    1	 10	 9	 4	 NaN	    4	 0	 0	 0	 6.4512	    NaN	 NaN	 NaN	 NaN	 NaN	    NaN	 NaN	 NaN	 NaN	 13.2642	    NaN	 NaN	 NaN	 NaN	 NaN	    NaN	 NaN	 NaN	 NaN	 374.7035	    1	 0.8800	 0	 2.475090e+03	 2.475765e+03	    2476.7657
2	 97	 1	 157	 1	    2	 10	 9	 1	 NaN	    2	 0	 8	 8	 7.2628	    1.5911	 -5.6687	 -1.8142	 -5.1756	 6.2171	    6.8636	 -0.5736	 -6.7323	 NaN	 11.3016	    13.2098	 8.0942	 18.9977	 16.4559	 18.2943	    5.0821	 4.3384	 12.2529	 NaN	 377.8291	    0	 0.8600	 0	 2.481250e+03	 2.481925e+03	    2485.0506
2	 97	 1	 158	 1	    1	 10	 9	 3	 NaN	    3	 3	 0	 3	 3.0131	    5.9767	 -7.3427	 -0.2588	 NaN	 NaN	    NaN	 NaN	 NaN	 NaN	 6.5151	    13.5411	 5.7212	 15.4217	 NaN	 NaN	    NaN	 NaN	 NaN	 NaN	 379.8878	    1	 0.8800	 0	 2.489935e+03	 2.490510e+03	    2492.5688
2	 97	 1	 159	 1	    2	 10	 9	 1	 NaN	    1	 0	 3	 3	 -4.2714	    -5.7019	 2.4718	 3.2003	 NaN	 NaN	    NaN	 NaN	 NaN	 NaN	 16.3042	    9.2255	 15.9868	 5.7382	 NaN	 NaN	    NaN	 NaN	 NaN	 NaN	 380.9464	    1	 0.9000	 0	 2.497103e+03	 2.497770e+03	    2498.8283
2	 97	 1	 160	 1	    2	 10	 9	 4	 NaN	    4	 0	 2	 2	 -0.4160	    3.6771	 -4.2995	 NaN	 NaN	 NaN	    NaN	 NaN	 NaN	 NaN	 15.4130	    11.9121	 6.8632	 NaN	 NaN	 NaN	    NaN	 NaN	 NaN	 NaN	 382.0633	    1	 0.8800	 1	 2.503538e+03	 2.504504e+03	    2505.6214
2	 97	 1	 161	 1	    2	 10	 9	 3	 NaN	    3	 0	 4	 4	 4.9314	    5.0611	 -3.4241	 -6.4093	 7.0436	 NaN	    NaN	 NaN	 NaN	 NaN	 16.1708	    4.3304	 7.3585	 12.5743	 8.0094	 NaN	    NaN	 NaN	 NaN	 NaN	 383.5886	    1	 0.9000	 0	 2.510872e+03	 2.511647e+03	    2513.1728
2	 97	 1	 162	 1	    1	 10	 9	 3	 NaN	    3	 6	 0	 6	 -3.4964	    -7.0984	 3.5091	 5.8604	 0.9593	 -1.5950	    -5.1526	 NaN	 NaN	 NaN	 15.4338	    11.7250	 4.4119	 16.4892	 16.3324	 5.5243	    19.8555	 NaN	 NaN	 NaN	 388.2144	    1	 0.8800	 1	 2.517699e+03	 2.518691e+03	    2523.3164
2	 97	 1	 163	 1	    1	 10	 9	 4	 NaN	    3	 0	 0	 0	 4.2739	    NaN	 NaN	 NaN	 NaN	 NaN	    NaN	 NaN	 NaN	 NaN	 9.2709	    NaN	 NaN	 NaN	 NaN	 NaN	    NaN	 NaN	 NaN	 NaN	 389.1397	    0	 0.8600	 0	 2.528701e+03	 2.529334e+03	    2530.2595
2	 97	 1	 164	 1	    2	 10	 9	 2	 NaN	    2	 0	 7	 7	 -5.1526	    -3.1123	 -6.3574	 4.1868	 -2.1946	 5.8198	    6.9755	 7.6254	 NaN	 NaN	 6.0505	    12.1025	 18.8093	 8.0094	 19.5948	 16.3733	    4.4119	 11.7706	 NaN	 NaN	 397.6329	    1	 0.8400	 1	 2.535235e+03	 2.536236e+03	    2544.7289
