2	 98	 1	 1	 1	    1	 10	 9	 4	 NaN	    3	 4	 0	 4	 7.9707	    5.4883	 -0.6234	 -4.5745	 -1.2213	 NaN	    NaN	 NaN	 NaN	 NaN	 5.6939	    16.2152	 18.9100	 5.4802	 14.4418	 NaN	    NaN	 NaN	 NaN	 NaN	 2.2671	    0	 -0.0200	 0	 1.283760e+03	 1.284652e+03	    1286.9192
2	 98	 1	 2	 1	    1	 10	 9	 3	 NaN	    3	 2	 0	 2	 -4.5638	    6.1299	 -7.1874	 NaN	 NaN	 NaN	    NaN	 NaN	 NaN	 NaN	 11.3863	    12.1963	 4.4618	 NaN	 NaN	 NaN	    NaN	 NaN	 NaN	 NaN	 3.5090	    1	 0.0000	 0	 1.304164e+03	 1.304748e+03	    1305.9894
2	 98	 1	 3	 1	    2	 10	 9	 2	 NaN	    1	 0	 1	 1	 2.6336	    -7.7582	 NaN	 NaN	 NaN	 NaN	    NaN	 NaN	 NaN	 NaN	 13.4058	    11.9247	 NaN	 NaN	 NaN	 NaN	    NaN	 NaN	 NaN	 NaN	 5.5676	    0	 -0.0200	 0	 1.310790e+03	 1.311382e+03	    1313.4409
2	 98	 1	 4	 1	    1	 10	 9	 2	 NaN	    2	 1	 0	 1	 -7.4091	    2.6233	 NaN	 NaN	 NaN	 NaN	    NaN	 NaN	 NaN	 NaN	 10.0217	    14.7326	 NaN	 NaN	 NaN	 NaN	    NaN	 NaN	 NaN	 NaN	 7.1179	    1	 0.0000	 0	 1.318192e+03	 1.319159e+03	    1320.7090
2	 98	 1	 5	 1	    2	 10	 9	 4	 NaN	    4	 0	 4	 4	 -5.5389	    -6.2740	 5.5801	 7.6121	 4.5980	 NaN	    NaN	 NaN	 NaN	 NaN	 4.8797	    17.1974	 17.5354	 11.1447	 4.6240	 NaN	    NaN	 NaN	 NaN	 NaN	 8.4598	    1	 0.0200	 0	 1.325360e+03	 1.326093e+03	    1327.4352
2	 98	 1	 6	 1	    1	 10	 9	 1	 NaN	    1	 7	 0	 7	 -3.9487	    6.5213	 7.8450	 0.4663	 -5.9216	 5.6304	    -5.0532	 -6.8497	 NaN	 NaN	 17.7201	    6.2032	 10.3618	 15.7930	 4.0313	 14.4107	    8.6851	 12.4027	 NaN	 NaN	 11.9438	    1	 0.0400	 0	 1.331944e+03	 1.332711e+03	    1336.1953
2	 98	 1	 7	 1	    2	 10	 9	 2	 NaN	    2	 0	 0	 0	 -7.8594	    NaN	 NaN	 NaN	 NaN	 NaN	    NaN	 NaN	 NaN	 NaN	 6.8072	    NaN	 NaN	 NaN	 NaN	 NaN	    NaN	 NaN	 NaN	 NaN	 12.9189	    1	 0.0600	 0	 1.341121e+03	 1.342088e+03	    1343.0633
2	 98	 1	 8	 1	    1	 10	 9	 1	 NaN	    1	 3	 0	 3	 -7.8720	    -4.4027	 7.9391	 1.1688	 NaN	 NaN	    NaN	 NaN	 NaN	 NaN	 9.4233	    17.7485	 18.2903	 5.5580	 NaN	 NaN	    NaN	 NaN	 NaN	 NaN	 13.9858	    1	 0.0800	 0	 1.348248e+03	 1.348998e+03	    1350.0646
2	 98	 1	 9	 1	    2	 10	 9	 1	 NaN	    1	 0	 7	 7	 -5.2406	    4.3129	 -0.6473	 0.1146	 -6.7479	 -2.5088	    5.7688	 7.8527	 NaN	 NaN	 7.7288	    11.0379	 4.5257	 18.4385	 13.6344	 12.6701	    14.9319	 5.2891	 NaN	 NaN	 15.3777	    1	 0.1000	 0	 1.354782e+03	 1.355407e+03	    1356.7992
2	 98	 1	 10	 1	    2	 10	 9	 3	 NaN	    3	 0	 8	 8	 0.9543	    -5.2652	 -4.2363	 5.0810	 -3.6303	 -6.9005	    6.1329	 6.7856	 4.9997	 NaN	 16.4924	    13.0174	 8.9921	 9.0227	 17.0420	 4.7630	    13.5786	 4.7685	 18.8331	 NaN	 19.1534	    1	 0.1200	 0	 1.361492e+03	 1.362059e+03	    1365.8343
2	 98	 1	 11	 1	    2	 10	 9	 4	 NaN	    4	 0	 2	 2	 5.1605	    -5.8247	 1.6884	 NaN	 NaN	 NaN	    NaN	 NaN	 NaN	 NaN	 12.8732	    11.0781	 4.5509	 NaN	 NaN	 NaN	    NaN	 NaN	 NaN	 NaN	 20.0702	    1	 0.1400	 0	 1.370577e+03	 1.371152e+03	    1372.0689
2	 98	 1	 12	 1	    1	 10	 9	 4	 NaN	    4	 0	 0	 0	 0.8890	    NaN	 NaN	 NaN	 NaN	 NaN	    NaN	 NaN	 NaN	 NaN	 13.9907	    NaN	 NaN	 NaN	 NaN	 NaN	    NaN	 NaN	 NaN	 NaN	 21.1621	    1	 0.1600	 0	 1.376945e+03	 1.377770e+03	    1378.8618
2	 98	 1	 13	 1	    2	 10	 9	 4	 NaN	    3	 0	 5	 5	 -6.1340	    6.5968	 -5.2947	 2.1285	 -6.8497	 5.7073	    NaN	 NaN	 NaN	 NaN	 15.7623	    4.9812	 5.5580	 16.9118	 10.9465	 19.0252	    NaN	 NaN	 NaN	 NaN	 23.7959	    0	 0.1400	 0	 1.383871e+03	 1.384813e+03	    1387.4468
2	 98	 1	 14	 1	    1	 10	 9	 2	 NaN	    2	 5	 0	 5	 -6.3801	    -5.2406	 4.1751	 1.0726	 4.9887	 -0.0385	    NaN	 NaN	 NaN	 NaN	 6.8522	    13.2998	 10.3516	 14.7571	 5.5804	 19.1554	    NaN	 NaN	 NaN	 NaN	 26.5881	    1	 0.1600	 0	 1.392414e+03	 1.393148e+03	    1395.9401
2	 98	 1	 15	 1	    1	 10	 9	 3	 NaN	    4	 6	 0	 6	 6.5704	    2.5524	 -6.8280	 7.5185	 -4.6081	 -7.4063	    -1.3297	 NaN	 NaN	 NaN	 9.4233	    15.3117	 13.4659	 14.9530	 4.0964	 8.7032	    17.5354	 NaN	 NaN	 NaN	 29.1302	    0	 0.1400	 0	 1.400733e+03	 1.401391e+03	    1403.9333
2	 98	 1	 16	 1	    2	 10	 9	 1	 NaN	    1	 0	 3	 3	 -6.1057	    5.1007	 4.3129	 -2.9280	 NaN	 NaN	    NaN	 NaN	 NaN	 NaN	 11.0848	    18.4904	 7.6485	 17.1265	 NaN	 NaN	    NaN	 NaN	 NaN	 NaN	 31.8641	    1	 0.1600	 0	 1.411176e+03	 1.412027e+03	    1414.7604
2	 98	 1	 17	 1	    1	 10	 9	 4	 NaN	    4	 8	 0	 8	 -4.0869	    4.5998	 6.8939	 -5.8346	 4.1583	 2.0304	    -6.7660	 -5.2947	 -0.0238	 NaN	 16.1937	    8.5924	 12.3319	 10.2293	 17.0306	 4.7761	    19.2513	 4.2754	 17.7870	 NaN	 34.8063	    1	 0.1800	 0	 1.419828e+03	 1.420578e+03	    1423.5204
2	 98	 1	 18	 1	    2	 10	 9	 3	 NaN	    3	 0	 6	 6	 -7.5210	    2.1062	 -5.6877	 7.3708	 -4.7107	 0.5853	    4.1150	 NaN	 NaN	 NaN	 14.0710	    6.0487	 18.5371	 5.0910	 8.5034	 14.5948	    16.4924	 NaN	 NaN	 NaN	 37.3568	    1	 0.2000	 0	 1.428488e+03	 1.429021e+03	    1431.5719
2	 98	 1	 19	 1	    2	 10	 9	 4	 NaN	    3	 0	 8	 8	 -1.5279	    -7.1657	 -3.2612	 -7.5335	 4.6390	 1.1588	    1.6410	 4.9997	 6.8595	 NaN	 15.4343	    16.5452	 4.7761	 8.3483	 15.5715	 4.2184	    19.8541	 7.5201	 12.1654	 NaN	 39.6738	    0	 0.1800	 0	 1.436440e+03	 1.437040e+03	    1439.3568
2	 98	 1	 20	 1	    1	 10	 9	 1	 NaN	    1	 5	 0	 5	 -4.1674	    4.1132	 7.4081	 -6.1340	 -7.5210	 4.7239	    NaN	 NaN	 NaN	 NaN	 17.1245	    16.9290	 8.8316	 13.2214	 4.4618	 4.1827	    NaN	 NaN	 NaN	 NaN	 40.8324	    1	 0.2000	 0	 1.445016e+03	 1.445683e+03	    1446.8415
2	 98	 1	 21	 1	    1	 10	 9	 3	 NaN	    3	 3	 0	 3	 4.8467	    -4.1482	 -7.5105	 6.0978	 NaN	 NaN	    NaN	 NaN	 NaN	 NaN	 14.9894	    17.9323	 9.3656	 10.3833	 NaN	 NaN	    NaN	 NaN	 NaN	 NaN	 41.8076	    1	 0.2200	 0	 1.451943e+03	 1.452818e+03	    1453.7929
2	 98	 1	 22	 1	    2	 10	 9	 1	 NaN	    1	 0	 2	 2	 0.1383	    -2.3506	 3.4591	 NaN	 NaN	 NaN	    NaN	 NaN	 NaN	 NaN	 4.9807	    13.5136	 19.2591	 NaN	 NaN	 NaN	    NaN	 NaN	 NaN	 NaN	 43.7079	    1	 0.2400	 0	 1.458594e+03	 1.459552e+03	    1461.4527
2	 98	 1	 23	 1	    1	 10	 9	 2	 NaN	    2	 7	 0	 7	 2.4626	    0.6242	 -7.0433	 4.6120	 -7.4463	 -2.3007	    -5.9256	 7.3138	 NaN	 NaN	 6.0254	    14.9112	 16.1387	 12.6701	 7.6043	 4.7023	    11.3982	 18.9100	 NaN	 NaN	 47.9837	    1	 0.2600	 0	 1.466287e+03	 1.467229e+03	    1471.5046
2	 98	 1	 24	 1	    2	 10	 9	 4	 NaN	    3	 0	 0	 0	 -7.0131	    NaN	 NaN	 NaN	 NaN	 NaN	    NaN	 NaN	 NaN	 NaN	 17.1949	    NaN	 NaN	 NaN	 NaN	 NaN	    NaN	 NaN	 NaN	 NaN	 49.1089	    0	 0.2400	 0	 1.476856e+03	 1.477389e+03	    1478.5143
2	 98	 1	 25	 1	    2	 10	 9	 1	 NaN	    1	 0	 3	 3	 -5.5263	    -6.4949	 2.2936	 6.1901	 NaN	 NaN	    NaN	 NaN	 NaN	 NaN	 9.1198	    4.3113	 13.9221	 19.4175	 NaN	 NaN	    NaN	 NaN	 NaN	 NaN	 51.8011	    1	 0.2600	 0	 1.483490e+03	 1.484324e+03	    1487.0160
2	 98	 1	 26	 1	    1	 10	 9	 1	 NaN	    1	 2	 0	 2	 3.1542	    -7.4816	 5.5061	 NaN	 NaN	 NaN	    NaN	 NaN	 NaN	 NaN	 6.5101	    14.2969	 15.8736	 NaN	 NaN	 NaN	    NaN	 NaN	 NaN	 NaN	 53.7848	    1	 0.2800	 0	 1.492292e+03	 1.493225e+03	    1495.2092
2	 98	 1	 27	 1	    2	 10	 9	 1	 NaN	    2	 0	 1	 1	 7.7722	    -2.2792	 NaN	 NaN	 NaN	 NaN	    NaN	 NaN	 NaN	 NaN	 7.6043	    18.8665	 NaN	 NaN	 NaN	 NaN	    NaN	 NaN	 NaN	 NaN	 55.8101	    0	 0.2600	 0	 1.499993e+03	 1.500652e+03	    1502.6773
2	 98	 1	 28	 1	    2	 10	 9	 2	 NaN	    2	 0	 4	 4	 -5.3503	    6.2367	 2.3003	 -3.6120	 -7.5210	 NaN	    NaN	 NaN	 NaN	 NaN	 7.6043	    7.7893	 14.8183	 19.5151	 18.2903	 NaN	    NaN	 NaN	 NaN	 NaN	 59.0691	    1	 0.2800	 0	 1.507628e+03	 1.508487e+03	    1511.7457
2	 98	 1	 29	 1	    1	 10	 9	 1	 NaN	    2	 6	 0	 6	 -5.8527	    5.7781	 -5.1178	 1.3637	 -7.7450	 3.3655	    -6.2158	 NaN	 NaN	 NaN	 14.8329	    13.7358	 10.4255	 17.1435	 6.1435	 4.1226	    19.6030	 NaN	 NaN	 NaN	 63.6033	    0	 0.2600	 0	 1.517555e+03	 1.518222e+03	    1522.7561
2	 98	 1	 30	 1	    1	 10	 9	 2	 NaN	    2	 4	 0	 4	 -6.0022	    -4.1322	 1.9163	 4.7862	 7.9707	 NaN	    NaN	 NaN	 NaN	 NaN	 14.5640	    7.0882	 19.0252	 4.1501	 10.3840	 NaN	    NaN	 NaN	 NaN	 NaN	 65.6787	    1	 0.2800	 0	 1.527682e+03	 1.528591e+03	    1530.6660
2	 98	 1	 31	 1	    1	 10	 9	 1	 NaN	    1	 8	 0	 8	 2.5041	    -6.2364	 6.2536	 -5.0991	 -2.4964	 -6.4866	    2.6241	 6.6392	 4.7239	 NaN	 16.7477	    18.6398	 8.0241	 6.8082	 13.4490	 10.5961	    4.6240	 17.8979	 12.2309	 NaN	 67.4206	    1	 0.3000	 0	 1.535417e+03	 1.535967e+03	    1537.7090
2	 98	 1	 32	 1	    2	 10	 9	 2	 NaN	    1	 0	 5	 5	 -4.5638	    -4.6144	 7.1737	 4.7239	 -7.4534	 7.1737	    NaN	 NaN	 NaN	 NaN	 9.3841	    4.6676	 12.9745	 9.4119	 18.6398	 17.1949	    NaN	 NaN	 NaN	 NaN	 69.9878	    0	 0.2800	 0	 1.542443e+03	 1.543418e+03	    1545.9856
2	 98	 1	 33	 1	    2	 10	 9	 1	 NaN	    1	 0	 7	 7	 -4.9066	    0.6188	 -7.6272	 7.4332	 -0.9428	 4.6390	    -6.2217	 0.0318	 NaN	 NaN	 14.2237	    5.2891	 18.4904	 4.7861	 19.4594	 11.8318	    6.8072	 14.7557	 NaN	 NaN	 72.6716	    1	 0.3000	 0	 1.550962e+03	 1.551628e+03	    1554.3122
2	 98	 1	 34	 1	    1	 10	 9	 4	 NaN	    3	 0	 0	 0	 6.8283	    NaN	 NaN	 NaN	 NaN	 NaN	    NaN	 NaN	 NaN	 NaN	 14.9945	    NaN	 NaN	 NaN	 NaN	 NaN	    NaN	 NaN	 NaN	 NaN	 74.6053	    0	 0.2800	 0	 1.559180e+03	 1.559805e+03	    1561.7386
2	 98	 1	 35	 1	    1	 10	 9	 1	 NaN	    1	 1	 0	 1	 -7.8724	    4.1132	 NaN	 NaN	 NaN	 NaN	    NaN	 NaN	 NaN	 NaN	 15.1743	    8.4245	 NaN	 NaN	 NaN	 NaN	    NaN	 NaN	 NaN	 NaN	 75.6471	    1	 0.3000	 0	 1.566581e+03	 1.567515e+03	    1568.5566
2	 98	 1	 36	 1	    2	 10	 9	 2	 NaN	    1	 0	 6	 6	 2.6848	    6.9897	 -4.6505	 1.4707	 -6.5260	 -1.4650	    -4.6144	 NaN	 NaN	 NaN	 5.3585	    9.2661	 7.3365	 16.1739	 19.0664	 19.0130	    14.2146	 NaN	 NaN	 NaN	 78.2143	    0	 0.2800	 0	 1.573474e+03	 1.574383e+03	    1576.9499
2	 98	 1	 37	 1	    1	 10	 9	 4	 NaN	    4	 6	 0	 6	 7.6429	    -1.2475	 6.9747	 6.4935	 -2.5088	 -7.4534	    -6.9618	 NaN	 NaN	 NaN	 13.3593	    18.2114	 19.7518	 4.2408	 4.2693	 11.8202	    18.5371	 NaN	 NaN	 NaN	 81.0481	    1	 0.3000	 0	 1.582034e+03	 1.582818e+03	    1585.6516
2	 98	 1	 38	 1	    2	 10	 9	 1	 NaN	    1	 0	 8	 8	 2.4423	    -1.1423	 -6.9127	 6.3929	 7.4332	 -5.4178	    3.4725	 -5.3622	 7.6937	 NaN	 19.1554	    16.6377	 5.6436	 6.0311	 11.8379	 19.0252	    14.7609	 11.4694	 17.6620	 NaN	 86.0990	    1	 0.3200	 0	 1.590744e+03	 1.591536e+03	    1596.5870
2	 98	 1	 39	 1	    2	 10	 9	 4	 NaN	    3	 0	 0	 0	 -5.2263	    NaN	 NaN	 NaN	 NaN	 NaN	    NaN	 NaN	 NaN	 NaN	 18.8755	    NaN	 NaN	 NaN	 NaN	 NaN	    NaN	 NaN	 NaN	 NaN	 87.1576	    0	 0.3000	 0	 1.601671e+03	 1.602622e+03	    1603.6800
2	 98	 1	 40	 1	    1	 10	 9	 3	 NaN	    3	 4	 0	 4	 4.1132	    -2.2664	 6.4809	 -6.7101	 6.5968	 NaN	    NaN	 NaN	 NaN	 NaN	 17.7660	    5.5126	 5.5254	 14.2237	 14.3116	 NaN	    NaN	 NaN	 NaN	 NaN	 88.7579	    1	 0.3200	 0	 1.608606e+03	 1.609306e+03	    1610.9064
2	 98	 1	 41	 1	    2	 10	 9	 4	 NaN	    4	 0	 4	 4	 6.6156	    -7.4091	 4.5998	 -4.1769	 1.3875	 NaN	    NaN	 NaN	 NaN	 NaN	 8.9943	    14.9312	 15.1250	 9.0400	 17.8854	 NaN	    NaN	 NaN	 NaN	 NaN	 91.0083	    1	 0.3400	 0	 1.615749e+03	 1.616332e+03	    1618.5829
2	 98	 1	 42	 1	    1	 10	 9	 4	 NaN	    4	 1	 0	 1	 -6.3801	    6.3818	 NaN	 NaN	 NaN	 NaN	    NaN	 NaN	 NaN	 NaN	 17.1574	    4.4976	 NaN	 NaN	 NaN	 NaN	    NaN	 NaN	 NaN	 NaN	 92.3419	    1	 0.3600	 0	 1.624234e+03	 1.625051e+03	    1626.3844
2	 98	 1	 43	 1	    2	 10	 9	 3	 NaN	    3	 0	 6	 6	 -3.6120	    -1.3297	 -4.8479	 3.9965	 6.6156	 7.4935	    2.6508	 NaN	 NaN	 NaN	 18.5135	    13.4377	 7.2459	 10.9611	 6.8082	 17.2972	    16.7478	 NaN	 NaN	 NaN	 95.2591	    1	 0.3800	 0	 1.631202e+03	 1.632202e+03	    1635.1194
2	 98	 1	 44	 1	    2	 10	 9	 4	 NaN	    4	 0	 1	 1	 7.3240	    -6.3801	 NaN	 NaN	 NaN	 NaN	    NaN	 NaN	 NaN	 NaN	 19.8541	    11.2002	 NaN	 NaN	 NaN	 NaN	    NaN	 NaN	 NaN	 NaN	 96.2843	    1	 0.4000	 0	 1.642121e+03	 1.643063e+03	    1644.0878
2	 98	 1	 45	 1	    2	 10	 9	 3	 NaN	    3	 0	 2	 2	 0.7404	    -7.7397	 2.1804	 NaN	 NaN	 NaN	    NaN	 NaN	 NaN	 NaN	 18.4175	    11.2928	 5.0194	 NaN	 NaN	 NaN	    NaN	 NaN	 NaN	 NaN	 97.1428	    1	 0.4200	 0	 1.648905e+03	 1.649414e+03	    1650.2723
2	 98	 1	 46	 1	    1	 10	 9	 2	 NaN	    2	 8	 0	 8	 4.6674	    2.1836	 -3.2251	 -6.2217	 -4.3743	 0.6604	    -7.4091	 6.4935	 -6.9383	 NaN	 10.2758	    19.5521	 15.5296	 4.5004	 11.3728	 4.1226	    14.1339	 18.9090	 19.8619	 NaN	 101.3603	    1	 0.4400	 0	 1.655032e+03	 1.655890e+03	    1660.1076
2	 98	 1	 47	 1	    2	 10	 9	 2	 NaN	    1	 0	 5	 5	 3.7974	    1.9244	 -4.4189	 -5.6877	 5.8982	 -2.5088	    NaN	 NaN	 NaN	 NaN	 11.5318	    4.1194	 7.5710	 18.5136	 16.8625	 13.9197	    NaN	 NaN	 NaN	 NaN	 103.4690	    0	 0.4200	 0	 1.665234e+03	 1.665967e+03	    1668.0758
2	 98	 1	 48	 1	    1	 10	 9	 4	 NaN	    4	 2	 0	 2	 0.7627	    -5.8004	 -3.1044	 NaN	 NaN	 NaN	    NaN	 NaN	 NaN	 NaN	 14.5363	    7.1905	 16.9545	 NaN	 NaN	 NaN	    NaN	 NaN	 NaN	 NaN	 105.6861	    1	 0.4400	 0	 1.672927e+03	 1.673593e+03	    1675.8106
2	 98	 1	 49	 1	    1	 10	 9	 3	 NaN	    3	 0	 0	 0	 -3.9182	    NaN	 NaN	 NaN	 NaN	 NaN	    NaN	 NaN	 NaN	 NaN	 10.7370	    NaN	 NaN	 NaN	 NaN	 NaN	    NaN	 NaN	 NaN	 NaN	 106.6279	    1	 0.4600	 0	 1.680553e+03	 1.681378e+03	    1682.3201
2	 98	 1	 50	 1	    1	 10	 9	 1	 NaN	    2	 3	 0	 3	 5.9579	    -3.5765	 3.4727	 -3.8473	 NaN	 NaN	    NaN	 NaN	 NaN	 NaN	 17.9974	    6.0706	 7.2012	 15.7485	 NaN	 NaN	    NaN	 NaN	 NaN	 NaN	 108.3699	    0	 0.4400	 0	 1.687029e+03	 1.687805e+03	    1689.5466
2	 98	 1	 51	 1	    1	 10	 9	 3	 NaN	    3	 7	 0	 7	 -4.4027	    -6.9741	 1.1588	 5.3305	 -3.3067	 4.7239	    7.3729	 -2.7633	 NaN	 NaN	 16.8127	    9.9266	 19.4594	 6.2316	 7.2012	 15.9193	    11.5318	 13.0174	 NaN	 NaN	 110.3952	    1	 0.4600	 0	 1.694389e+03	 1.695214e+03	    1697.2397
2	 98	 1	 52	 1	    1	 10	 9	 2	 NaN	    2	 5	 0	 5	 -4.3417	    -4.6239	 6.8975	 -1.2511	 0.2217	 4.2328	    NaN	 NaN	 NaN	 NaN	 6.1744	    19.3442	 8.2895	 13.8818	 5.2891	 15.9745	    NaN	 NaN	 NaN	 NaN	 113.3208	    1	 0.4800	 0	 1.702157e+03	 1.702749e+03	    1705.6746
2	 98	 1	 53	 1	    2	 10	 9	 4	 NaN	    3	 0	 3	 3	 -2.5534	    -7.8724	 7.8107	 2.3585	 NaN	 NaN	    NaN	 NaN	 NaN	 NaN	 14.8329	    10.3273	 4.1439	 17.1434	 NaN	 NaN	    NaN	 NaN	 NaN	 NaN	 115.5545	    0	 0.4600	 0	 1.710459e+03	 1.711376e+03	    1713.6095
2	 98	 1	 54	 1	    2	 10	 9	 3	 NaN	    3	 0	 7	 7	 5.1398	    -7.8218	 1.1688	 -7.7343	 -3.7681	 4.8623	    -3.5013	 1.5963	 NaN	 NaN	 9.3841	    13.3725	 16.8714	 6.7664	 19.7706	 19.5405	    4.7685	 5.4966	 NaN	 NaN	 119.9970	    1	 0.4800	 0	 1.718477e+03	 1.719444e+03	    1723.8865
2	 98	 1	 55	 1	    1	 10	 9	 2	 NaN	    2	 2	 0	 2	 6.7124	    -5.4198	 1.3869	 NaN	 NaN	 NaN	    NaN	 NaN	 NaN	 NaN	 9.4119	    17.7660	 5.3248	 NaN	 NaN	 NaN	    NaN	 NaN	 NaN	 NaN	 122.1057	    1	 0.5000	 0	 1.729421e+03	 1.730304e+03	    1732.4131
2	 98	 1	 56	 1	    2	 10	 9	 4	 NaN	    3	 0	 1	 1	 -7.2510	    3.3655	 NaN	 NaN	 NaN	 NaN	    NaN	 NaN	 NaN	 NaN	 19.6590	    6.5459	 NaN	 NaN	 NaN	 NaN	    NaN	 NaN	 NaN	 NaN	 122.9726	    0	 0.4800	 0	 1.737164e+03	 1.737822e+03	    1738.6893
2	 98	 1	 57	 1	    1	 10	 9	 2	 NaN	    2	 6	 0	 6	 6.0540	    -7.1887	 -6.9826	 6.4160	 2.3225	 -5.5263	    0.0960	 NaN	 NaN	 NaN	 16.9118	    6.5459	 11.6087	 5.5838	 14.9894	 17.7660	    4.7447	 NaN	 NaN	 NaN	 124.1811	    1	 0.5000	 0	 1.743782e+03	 1.744691e+03	    1745.8990
2	 98	 1	 58	 1	    2	 10	 9	 2	 NaN	    2	 0	 6	 6	 6.4797	    2.1285	 -0.9120	 7.1535	 -4.9194	 -4.9029	    2.1285	 NaN	 NaN	 NaN	 10.1905	    13.7673	 19.5205	 5.5657	 14.2002	 8.9595	    4.6240	 NaN	 NaN	 NaN	 126.1731	    1	 0.5200	 0	 1.750700e+03	 1.751592e+03	    1753.5839
2	 98	 1	 59	 1	    2	 10	 9	 4	 NaN	    3	 0	 0	 0	 3.3956	    NaN	 NaN	 NaN	 NaN	 NaN	    NaN	 NaN	 NaN	 NaN	 17.2685	    NaN	 NaN	 NaN	 NaN	 NaN	    NaN	 NaN	 NaN	 NaN	 127.2983	    0	 0.5000	 0	 1.758626e+03	 1.759343e+03	    1760.4685
2	 98	 1	 60	 1	    2	 10	 9	 1	 NaN	    1	 0	 4	 4	 2.1384	    -7.5210	 7.7449	 -2.1389	 -4.5745	 NaN	    NaN	 NaN	 NaN	 NaN	 4.7023	    11.1612	 13.3586	 17.1574	 4.2967	 NaN	    NaN	 NaN	 NaN	 NaN	 129.5738	    1	 0.5200	 0	 1.765278e+03	 1.766270e+03	    1768.5451
2	 98	 1	 61	 1	    1	 10	 9	 4	 NaN	    3	 4	 0	 4	 -2.1587	    4.1509	 -5.9613	 6.1816	 -6.8280	 NaN	    NaN	 NaN	 NaN	 NaN	 14.9223	    10.3840	 4.1525	 14.8329	 18.3263	 NaN	    NaN	 NaN	 NaN	 NaN	 132.2493	    0	 0.5000	 0	 1.773304e+03	 1.774104e+03	    1776.7800
2	 98	 1	 62	 1	    2	 10	 9	 4	 NaN	    3	 0	 3	 3	 6.7808	    3.7288	 -1.6467	 -7.3102	 NaN	 NaN	    NaN	 NaN	 NaN	 NaN	 17.3401	    7.0899	 15.7485	 6.0487	 NaN	 NaN	    NaN	 NaN	 NaN	 NaN	 133.6996	    0	 0.4800	 0	 1.781673e+03	 1.782323e+03	    1783.7730
2	 98	 1	 63	 1	    2	 10	 9	 1	 NaN	    1	 0	 2	 2	 -6.0211	    4.8618	 6.4215	 NaN	 NaN	 NaN	    NaN	 NaN	 NaN	 NaN	 16.6350	    4.2236	 13.0517	 NaN	 NaN	 NaN	    NaN	 NaN	 NaN	 NaN	 135.9500	    1	 0.5000	 0	 1.788599e+03	 1.789532e+03	    1791.7829
2	 98	 1	 64	 1	    1	 10	 9	 3	 NaN	    4	 0	 0	 0	 -6.6609	    NaN	 NaN	 NaN	 NaN	 NaN	    NaN	 NaN	 NaN	 NaN	 15.3250	    NaN	 NaN	 NaN	 NaN	 NaN	    NaN	 NaN	 NaN	 NaN	 136.9585	    0	 0.4800	 0	 1.797334e+03	 1.798251e+03	    1799.2593
2	 98	 1	 65	 1	    1	 10	 9	 1	 NaN	    1	 5	 0	 5	 -4.3417	    -6.0267	 -1.2669	 7.5185	 0.7556	 6.2376	    NaN	 NaN	 NaN	 NaN	 15.0439	    5.4283	 17.9096	 10.1905	 4.6240	 17.3309	    NaN	 NaN	 NaN	 NaN	 139.6256	    1	 0.5000	 0	 1.804077e+03	 1.804610e+03	    1807.2775
2	 98	 1	 66	 1	    1	 10	 9	 4	 NaN	    4	 1	 0	 1	 6.9312	    -6.7907	 NaN	 NaN	 NaN	 NaN	    NaN	 NaN	 NaN	 NaN	 17.8286	    7.0899	 NaN	 NaN	 NaN	 NaN	    NaN	 NaN	 NaN	 NaN	 140.6591	    1	 0.5200	 0	 1.812645e+03	 1.813420e+03	    1814.4539
2	 98	 1	 67	 1	    2	 10	 9	 2	 NaN	    1	 0	 5	 5	 -3.7601	    5.9667	 1.6410	 -7.1874	 6.5704	 -4.5745	    NaN	 NaN	 NaN	 NaN	 16.1739	    8.3111	 17.1974	 5.3816	 13.4659	 11.7710	    NaN	 NaN	 NaN	 NaN	 143.1679	    0	 0.5000	 0	 1.819455e+03	 1.820205e+03	    1822.7138
2	 98	 1	 68	 1	    1	 10	 9	 1	 NaN	    1	 8	 0	 8	 -6.5213	    -5.8372	 6.8191	 -7.5633	 1.2086	 -0.4351	    5.2118	 3.2628	 -4.1482	 NaN	 6.5014	    14.9530	 11.8175	 11.3357	 5.3248	 16.7478	    16.3634	 19.9759	 19.9244	 NaN	 149.1024	    1	 0.5200	 0	 1.827681e+03	 1.828590e+03	    1834.5244
2	 98	 1	 69	 1	    1	 10	 9	 3	 NaN	    4	 7	 0	 7	 2.3225	    -4.0869	 5.7428	 4.4189	 -6.3361	 -0.4548	    -4.4027	 7.8039	 NaN	 NaN	 19.5521	    19.2904	 8.5222	 15.1407	 7.3330	 4.6874	    14.9319	 4.1056	 NaN	 NaN	 150.5193	    0	 0.5000	 0	 1.840351e+03	 1.841334e+03	    1842.7510
2	 98	 1	 70	 1	    1	 10	 9	 4	 NaN	    3	 3	 0	 3	 7.0553	    -3.9607	 -3.9457	 4.1132	 NaN	 NaN	    NaN	 NaN	 NaN	 NaN	 11.3818	    16.3610	 8.6802	 15.4966	 NaN	 NaN	    NaN	 NaN	 NaN	 NaN	 152.2279	    0	 0.4800	 0	 1.847877e+03	 1.848619e+03	    1850.3275
2	 98	 1	 71	 1	    2	 10	 9	 4	 NaN	    4	 0	 7	 7	 -3.5109	    -6.4808	 4.6865	 -5.0738	 -6.6706	 7.8687	    5.4531	 7.9707	 NaN	 NaN	 14.4984	    4.1194	 16.1937	 19.8507	 10.4786	 10.9465	    7.3089	 18.8755	 NaN	 NaN	 155.7452	    1	 0.5000	 0	 1.855737e+03	 1.856512e+03	    1860.0293
2	 98	 1	 72	 1	    2	 10	 9	 1	 NaN	    1	 0	 8	 8	 0.1452	    -5.2652	 -3.1297	 -7.7582	 7.5949	 2.4626	    -7.6806	 5.4583	 1.9392	 NaN	 14.0391	    11.1911	 19.8541	 4.6357	 15.8855	 4.6240	    19.8712	 11.3497	 18.2597	 NaN	 159.0959	    1	 0.5200	 0	 1.864755e+03	 1.865430e+03	    1868.7810
2	 98	 1	 73	 1	    1	 10	 9	 4	 NaN	    4	 3	 0	 3	 -3.1297	    3.7677	 -4.2909	 5.0540	 NaN	 NaN	    NaN	 NaN	 NaN	 NaN	 6.7459	    15.0973	 19.2458	 7.2346	 NaN	 NaN	    NaN	 NaN	 NaN	 NaN	 160.6628	    1	 0.5400	 0	 1.873674e+03	 1.874399e+03	    1875.9657
2	 98	 1	 74	 1	    2	 10	 9	 2	 NaN	    1	 0	 8	 8	 -4.5638	    5.1398	 3.6580	 -1.4778	 -5.8527	 5.0698	    7.5949	 -6.7203	 0.0318	 NaN	 7.3636	    5.9651	 17.8286	 4.5509	 15.9184	 12.3247	    19.7706	 11.0552	 15.2806	 NaN	 163.7217	    0	 0.5200	 0	 1.881000e+03	 1.881892e+03	    1884.9508
2	 98	 1	 75	 1	    2	 10	 9	 1	 NaN	    1	 0	 6	 6	 -1.2761	    1.7129	 4.5236	 7.4654	 -4.6588	 -6.0685	    -6.4062	 NaN	 NaN	 NaN	 14.2002	    4.8930	 17.6454	 11.1066	 10.4357	 14.3100	    4.7630	 NaN	 NaN	 NaN	 165.9471	    1	 0.5400	 0	 1.890644e+03	 1.891377e+03	    1893.6024
2	 98	 1	 76	 1	    2	 10	 9	 3	 NaN	    3	 0	 5	 5	 -1.6124	    6.9010	 2.1836	 -7.3102	 -1.7498	 6.9010	    NaN	 NaN	 NaN	 NaN	 16.4551	    10.1733	 18.8755	 12.6590	 5.0910	 4.2754	    NaN	 NaN	 NaN	 NaN	 167.7807	    1	 0.5600	 0	 1.898437e+03	 1.898970e+03	    1900.8038
2	 98	 1	 77	 1	    2	 10	 9	 2	 NaN	    1	 0	 2	 2	 -5.0738	    2.2936	 7.8527	 NaN	 NaN	 NaN	    NaN	 NaN	 NaN	 NaN	 9.0227	    13.5499	 7.5353	 NaN	 NaN	 NaN	    NaN	 NaN	 NaN	 NaN	 169.6811	    0	 0.5400	 0	 1.905738e+03	 1.906505e+03	    1908.4053
2	 98	 1	 78	 1	    1	 10	 9	 2	 NaN	    2	 6	 0	 6	 0.7934	    -7.9095	 7.2263	 -7.1657	 -3.2856	 4.4252	    -2.8828	 NaN	 NaN	 NaN	 17.1974	    9.5719	 13.6240	 14.9319	 4.5839	 10.4032	    19.7780	 NaN	 NaN	 NaN	 173.0900	    1	 0.5600	 0	 1.913640e+03	 1.914190e+03	    1917.5987
2	 98	 1	 79	 1	    2	 10	 9	 2	 NaN	    2	 0	 1	 1	 -6.5162	    7.0718	 NaN	 NaN	 NaN	 NaN	    NaN	 NaN	 NaN	 NaN	 11.0040	    19.8216	 NaN	 NaN	 NaN	 NaN	    NaN	 NaN	 NaN	 NaN	 174.5403	    1	 0.5800	 0	 1.922983e+03	 1.923925e+03	    1925.3752
2	 98	 1	 80	 1	    1	 10	 9	 2	 NaN	    2	 0	 0	 0	 -7.1657	    NaN	 NaN	 NaN	 NaN	 NaN	    NaN	 NaN	 NaN	 NaN	 15.1250	    NaN	 NaN	 NaN	 NaN	 NaN	    NaN	 NaN	 NaN	 NaN	 175.8239	    1	 0.6000	 0	 1.930285e+03	 1.931010e+03	    1932.2932
2	 98	 1	 81	 1	    2	 10	 9	 1	 NaN	    1	 0	 0	 0	 3.1662	    NaN	 NaN	 NaN	 NaN	 NaN	    NaN	 NaN	 NaN	 NaN	 19.7339	    NaN	 NaN	 NaN	 NaN	 NaN	    NaN	 NaN	 NaN	 NaN	 177.6242	    1	 0.6200	 0	 1.936886e+03	 1.937828e+03	    1939.6279
2	 98	 1	 82	 1	    2	 10	 9	 2	 NaN	    1	 0	 4	 4	 5.4239	    -6.8676	 -6.3085	 4.0677	 -4.6580	 NaN	    NaN	 NaN	 NaN	 NaN	 18.6458	    9.4119	 14.5529	 5.0126	 4.2967	 NaN	    NaN	 NaN	 NaN	 NaN	 178.7161	    0	 0.6000	 0	 1.944354e+03	 1.944904e+03	    1945.9958
2	 98	 1	 83	 1	    2	 10	 9	 2	 NaN	    2	 0	 3	 3	 5.0472	    6.8955	 -7.9412	 -4.1768	 NaN	 NaN	    NaN	 NaN	 NaN	 NaN	 18.6398	    11.0035	 5.0194	 17.9185	 NaN	 NaN	    NaN	 NaN	 NaN	 NaN	 181.3832	    1	 0.6200	 0	 1.951389e+03	 1.952389e+03	    1955.0559
2	 98	 1	 84	 1	    2	 10	 9	 4	 NaN	    4	 0	 7	 7	 4.9322	    -7.2428	 0.1383	 6.6815	 -4.1886	 -3.2588	    -7.9095	 7.9842	 NaN	 NaN	 6.2186	    18.7894	 16.5475	 10.3618	 12.8732	 6.3113	    5.0910	 17.3351	 NaN	 NaN	 185.5340	    1	 0.6400	 0	 1.960024e+03	 1.961015e+03	    1965.1662
2	 98	 1	 85	 1	    1	 10	 9	 1	 NaN	    1	 2	 0	 2	 -6.2828	    2.6637	 7.3026	 NaN	 NaN	 NaN	    NaN	 NaN	 NaN	 NaN	 10.4726	    13.0978	 12.5600	 NaN	 NaN	 NaN	    NaN	 NaN	 NaN	 NaN	 187.4176	    1	 0.6600	 0	 1.970226e+03	 1.971092e+03	    1972.9760
2	 98	 1	 86	 1	    1	 10	 9	 4	 NaN	    4	 1	 0	 1	 6.8955	    -1.6448	 NaN	 NaN	 NaN	 NaN	    NaN	 NaN	 NaN	 NaN	 16.7400	    4.2184	 NaN	 NaN	 NaN	 NaN	    NaN	 NaN	 NaN	 NaN	 188.2761	    1	 0.6800	 0	 1.977610e+03	 1.978494e+03	    1979.3523
2	 98	 1	 87	 1	    1	 10	 9	 2	 NaN	    2	 5	 0	 5	 -1.5816	    2.6024	 -4.8953	 4.4189	 -6.0685	 6.0506	    NaN	 NaN	 NaN	 NaN	 17.1245	    15.0838	 10.5328	 9.0573	 4.5839	 17.4566	    NaN	 NaN	 NaN	 NaN	 190.6432	    1	 0.7000	 0	 1.983936e+03	 1.984903e+03	    1987.2705
2	 98	 1	 88	 1	    1	 10	 9	 2	 NaN	    2	 7	 0	 7	 3.9007	    3.3956	 -4.7486	 -6.8676	 5.5373	 7.3240	    -1.0335	 -5.3790	 NaN	 NaN	 15.1172	    19.1631	 6.9839	 10.9711	 4.3100	 10.3840	    16.8462	 17.6303	 NaN	 NaN	 194.1022	    1	 0.7200	 0	 1.992030e+03	 1.992672e+03	    1996.1305
2	 98	 1	 89	 1	    1	 10	 9	 4	 NaN	    4	 4	 0	 4	 3.0241	    -7.2140	 2.2936	 -7.9530	 -1.4021	 NaN	    NaN	 NaN	 NaN	 NaN	 4.8930	    7.1905	 19.9244	 17.8551	 17.5599	 NaN	    NaN	 NaN	 NaN	 NaN	 195.7191	    1	 0.7400	 0	 2.000923e+03	 2.001882e+03	    2003.4986
2	 98	 1	 90	 1	    1	 10	 9	 4	 NaN	    4	 8	 0	 8	 -7.0093	    -7.0575	 6.8283	 -2.6055	 5.9667	 2.6364	    -6.4866	 0.9226	 0.9572	 NaN	 16.4551	    11.4266	 16.8462	 15.5558	 10.4726	 14.7571	    4.7133	 4.3113	 18.8755	 NaN	 199.3448	    1	 0.7600	 0	 2.008750e+03	 2.009600e+03	    2013.2254
2	 98	 1	 91	 1	    1	 10	 9	 2	 NaN	    1	 0	 0	 0	 -4.1885	    NaN	 NaN	 NaN	 NaN	 NaN	    NaN	 NaN	 NaN	 NaN	 17.7485	    NaN	 NaN	 NaN	 NaN	 NaN	    NaN	 NaN	 NaN	 NaN	 200.4700	    0	 0.7400	 0	 2.018043e+03	 2.019043e+03	    2020.1685
2	 98	 1	 92	 1	    1	 10	 9	 3	 NaN	    3	 6	 0	 6	 -1.7968	    2.5602	 -7.4336	 6.4809	 -4.2150	 5.7688	    -6.2828	 NaN	 NaN	 NaN	 19.4730	    16.1921	 10.9611	 18.4385	 5.5254	 8.0051	    19.1865	 NaN	 NaN	 NaN	 203.3122	    1	 0.7600	 0	 2.024986e+03	 2.025636e+03	    2028.4784
2	 98	 1	 93	 1	    2	 10	 9	 3	 NaN	    3	 0	 1	 1	 -3.9259	    4.1190	 NaN	 NaN	 NaN	 NaN	    NaN	 NaN	 NaN	 NaN	 10.9852	    13.0446	 NaN	 NaN	 NaN	 NaN	    NaN	 NaN	 NaN	 NaN	 204.6791	    1	 0.7800	 0	 2.033463e+03	 2.033996e+03	    2035.3630
2	 98	 1	 94	 1	    2	 10	 9	 1	 NaN	    1	 0	 2	 2	 1.3313	    -4.5745	 -3.1704	 NaN	 NaN	 NaN	    NaN	 NaN	 NaN	 NaN	 14.4435	    9.0828	 5.0773	 NaN	 NaN	 NaN	    NaN	 NaN	 NaN	 NaN	 205.8710	    1	 0.8000	 0	 2.040056e+03	 2.040597e+03	    2041.7893
2	 98	 1	 95	 1	    1	 10	 9	 3	 NaN	    3	 8	 0	 8	 7.6937	    -7.9412	 2.6048	 4.5980	 -5.2406	 -1.7561	    1.7778	 -5.2135	 -6.2217	 NaN	 9.7067	    4.2754	 4.6357	 14.6516	 12.6607	 15.5696	    17.7268	 7.2346	 17.8044	 NaN	 209.2465	    1	 0.8200	 0	 2.046490e+03	 2.047224e+03	    2050.5993
2	 98	 1	 96	 1	    1	 10	 9	 4	 NaN	    3	 4	 0	 4	 1.7798	    -7.5547	 6.8281	 -2.5534	 -5.1447	 NaN	    NaN	 NaN	 NaN	 NaN	 13.6496	    10.4786	 4.2236	 14.9945	 6.5014	 NaN	    NaN	 NaN	 NaN	 NaN	 210.4884	    0	 0.8000	 0	 2.055392e+03	 2.056209e+03	    2057.4506
2	 98	 1	 97	 1	    2	 10	 9	 1	 NaN	    1	 0	 4	 4	 -7.6806	    -6.9868	 4.1150	 2.3477	 -4.4325	 NaN	    NaN	 NaN	 NaN	 NaN	 19.2904	    5.6982	 11.9701	 18.7082	 15.0838	 NaN	    NaN	 NaN	 NaN	 NaN	 212.7221	    1	 0.8200	 0	 2.062360e+03	 2.063260e+03	    2065.4938
2	 98	 1	 98	 1	    1	 10	 9	 3	 NaN	    3	 1	 0	 1	 -1.4864	    0.2567	 NaN	 NaN	 NaN	 NaN	    NaN	 NaN	 NaN	 NaN	 4.2754	    13.8818	 NaN	 NaN	 NaN	 NaN	    NaN	 NaN	 NaN	 NaN	 214.4391	    1	 0.8400	 0	 2.070261e+03	 2.071195e+03	    2072.9120
2	 98	 1	 99	 1	    1	 10	 9	 4	 NaN	    3	 5	 0	 5	 6.3929	    -6.0685	 2.1836	 -2.1389	 -1.1774	 2.5041	    NaN	 NaN	 NaN	 NaN	 5.5657	    7.2012	 14.4984	 17.8758	 4.6707	 18.6398	    NaN	 NaN	 NaN	 NaN	 216.9896	    0	 0.8200	 0	 2.077763e+03	 2.078488e+03	    2081.0385
2	 98	 1	 100	 1	    2	 10	 9	 4	 NaN	    4	 0	 7	 7	 6.8281	    2.8632	 6.6815	 -4.7107	 -3.1342	 -6.9868	    -0.9119	 2.8632	 NaN	 NaN	 9.6584	    6.5101	 14.2377	 16.0743	 6.3283	 4.2967	    19.9244	 16.4180	 NaN	 NaN	 219.9068	    1	 0.8400	 0	 2.085814e+03	 2.086598e+03	    2089.5151
2	 98	 1	 101	 1	    2	 10	 9	 2	 NaN	    1	 0	 5	 5	 4.5236	    -6.0777	 -2.5030	 0.9321	 5.4531	 -4.8479	    NaN	 NaN	 NaN	 NaN	 9.8215	    11.7938	 5.4342	 19.2591	 14.0391	 18.6369	    NaN	 NaN	 NaN	 NaN	 222.3739	    0	 0.8200	 0	 2.099092e+03	 2.100075e+03	    2102.5426
2	 98	 1	 102	 1	    2	 10	 9	 4	 NaN	    3	 0	 6	 6	 -6.7907	    1.7778	 6.4809	 -2.3565	 -3.7164	 5.4239	    6.3929	 NaN	 NaN	 NaN	 11.8379	    18.5136	 13.6969	 14.2347	 7.2226	 6.8072	    18.1333	 NaN	 NaN	 NaN	 225.8246	    0	 0.8000	 0	 2.108019e+03	 2.108919e+03	    2112.3695
2	 98	 1	 103	 1	    1	 10	 9	 3	 NaN	    3	 3	 0	 3	 -5.1495	    -2.8188	 5.3276	 4.9823	 NaN	 NaN	    NaN	 NaN	 NaN	 NaN	 12.9707	    6.2316	 13.6344	 8.4208	 NaN	 NaN	    NaN	 NaN	 NaN	 NaN	 227.0498	    1	 0.8200	 0	 2.117662e+03	 2.118579e+03	    2119.8043
2	 98	 1	 104	 1	    1	 10	 9	 3	 NaN	    3	 7	 0	 7	 2.6921	    -4.1267	 -4.3434	 -2.1389	 7.9707	 7.6911	    -5.7951	 3.2093	 NaN	 NaN	 17.8854	    6.2768	 19.0023	 13.2214	 16.4632	 6.7992	    9.9768	 7.0478	 NaN	 NaN	 228.0582	    1	 0.8400	 0	 2.124614e+03	 2.125472e+03	    2126.4806
2	 98	 1	 105	 1	    2	 10	 9	 2	 NaN	    1	 0	 8	 8	 4.1053	    4.1509	 -6.0377	 -1.9041	 -7.2073	 -2.1587	    4.7838	 5.6577	 -0.7379	 NaN	 13.2214	    5.3248	 18.3820	 14.8183	 10.3618	 5.3248	    17.6132	 9.4600	 19.3571	 NaN	 231.9506	    0	 0.8200	 0	 2.131173e+03	 2.132123e+03	    2136.0157
2	 98	 1	 106	 1	    2	 10	 9	 4	 NaN	    4	 0	 0	 0	 -7.7225	    NaN	 NaN	 NaN	 NaN	 NaN	    NaN	 NaN	 NaN	 NaN	 11.2910	    NaN	 NaN	 NaN	 NaN	 NaN	    NaN	 NaN	 NaN	 NaN	 232.9841	    1	 0.8400	 0	 2.141433e+03	 2.142184e+03	    2143.2171
2	 98	 1	 107	 1	    2	 10	 9	 4	 NaN	    3	 0	 3	 3	 2.5041	    4.7239	 -3.4699	 -6.5162	 NaN	 NaN	    NaN	 NaN	 NaN	 NaN	 13.3586	    4.6240	 14.9023	 7.3187	 NaN	 NaN	    NaN	 NaN	 NaN	 NaN	 234.3177	    0	 0.8200	 0	 2.148693e+03	 2.149218e+03	    2150.5518
2	 98	 1	 108	 1	    1	 10	 9	 1	 NaN	    1	 2	 0	 2	 5.4583	    -5.5581	 -3.6378	 NaN	 NaN	 NaN	    NaN	 NaN	 NaN	 NaN	 15.9727	    4.6357	 19.4594	 NaN	 NaN	 NaN	    NaN	 NaN	 NaN	 NaN	 236.4431	    1	 0.8400	 0	 2.155228e+03	 2.155778e+03	    2157.9033
2	 98	 1	 109	 1	    1	 10	 9	 1	 NaN	    1	 2	 0	 2	 4.9997	    -5.8553	 7.3729	 NaN	 NaN	 NaN	    NaN	 NaN	 NaN	 NaN	 6.9968	    14.0034	 17.3278	 NaN	 NaN	 NaN	    NaN	 NaN	 NaN	 NaN	 238.9268	    1	 0.8600	 0	 2.162679e+03	 2.163413e+03	    2165.8965
2	 98	 1	 110	 1	    1	 10	 9	 2	 NaN	    1	 7	 0	 7	 0.3173	    -4.5383	 6.4445	 -3.2588	 -7.1874	 -6.3361	    6.2536	 2.7398	 NaN	 NaN	 4.0964	    8.8211	 10.4032	 13.9221	 12.5193	 19.2904	    6.1793	 15.4098	 NaN	 NaN	 241.8024	    0	 0.8400	 0	 2.170764e+03	 2.171606e+03	    2174.4814
2	 98	 1	 111	 1	    1	 10	 9	 3	 NaN	    3	 8	 0	 8	 7.3507	    -4.4189	 6.1990	 -6.9383	 0.3173	 4.2838	    -5.0395	 -7.8720	 3.1781	 NaN	 5.6974	    12.7355	 10.2293	 17.7249	 18.2235	 15.8736	    4.6674	 10.1733	 6.0706	 NaN	 243.0942	    1	 0.8600	 0	 2.179374e+03	 2.180233e+03	    2181.5245
2	 98	 1	 112	 1	    2	 10	 9	 4	 NaN	    4	 0	 5	 5	 -2.3715	    5.4323	 2.2059	 7.0718	 -3.9259	 -4.7778	    NaN	 NaN	 NaN	 NaN	 13.5188	    5.4354	 19.4175	 13.3630	 8.3468	 4.2967	    NaN	 NaN	 NaN	 NaN	 244.0027	    1	 0.8800	 0	 2.186334e+03	 2.187276e+03	    2188.1841
2	 98	 1	 113	 1	    2	 10	 9	 2	 NaN	    2	 0	 6	 6	 6.8645	    0.4663	 -6.6198	 4.1190	 -7.7141	 -3.9487	    -0.6473	 NaN	 NaN	 NaN	 12.0245	    19.2904	 4.9807	 5.4354	 19.5855	 8.8211	    13.9003	 NaN	 NaN	 NaN	 246.5865	    1	 0.9000	 0	 2.192977e+03	 2.193502e+03	    2196.0856
2	 98	 1	 114	 1	    2	 10	 9	 2	 NaN	    2	 0	 1	 1	 -0.7446	    5.0472	 NaN	 NaN	 NaN	 NaN	    NaN	 NaN	 NaN	 NaN	 5.0773	    14.8329	 NaN	 NaN	 NaN	 NaN	    NaN	 NaN	 NaN	 NaN	 248.5618	    1	 0.9200	 0	 2.200853e+03	 2.201453e+03	    2203.4287
2	 98	 1	 115	 1	    1	 10	 9	 2	 NaN	    2	 5	 0	 5	 -4.8778	    1.6884	 -4.5383	 -4.2451	 5.6577	 2.9393	    NaN	 NaN	 NaN	 NaN	 16.5475	    19.7706	 10.4786	 5.5988	 7.2291	 15.5558	    NaN	 NaN	 NaN	 NaN	 251.2540	    1	 0.9400	 0	 2.208771e+03	 2.209722e+03	    2212.4137
2	 98	 1	 116	 1	    2	 10	 9	 3	 NaN	    3	 0	 2	 2	 3.3543	    -4.8627	 -7.7450	 NaN	 NaN	 NaN	    NaN	 NaN	 NaN	 NaN	 5.8252	    17.0306	 5.5254	 NaN	 NaN	 NaN	    NaN	 NaN	 NaN	 NaN	 252.9460	    1	 0.9600	 0	 2.217590e+03	 2.218490e+03	    2220.1819
2	 98	 1	 117	 1	    2	 10	 9	 3	 NaN	    3	 0	 7	 7	 6.2367	    7.0718	 -6.6098	 -0.4799	 3.4003	 -6.6225	    -6.1218	 3.4339	 NaN	 NaN	 10.2293	    19.2513	 10.4221	 14.9894	 16.4089	 17.7660	    4.9905	 5.8926	 NaN	 NaN	 254.3962	    1	 0.9800	 0	 2.225308e+03	 2.226100e+03	    2227.5500
2	 98	 1	 118	 1	    1	 10	 9	 1	 NaN	    1	 6	 0	 6	 0.7404	    -6.6205	 -1.7968	 7.3138	 4.5998	 -7.3433	    6.0506	 NaN	 NaN	 NaN	 17.7485	    15.0973	 5.5254	 18.6239	 11.0040	 6.3874	    6.8721	 NaN	 NaN	 NaN	 255.9132	    1	 1.0000	 0	 2.232676e+03	 2.233635e+03	    2235.1514
2	 98	 1	 119	 1	    1	 10	 9	 2	 NaN	    2	 4	 0	 4	 7.0553	    4.9322	 -7.0093	 -7.4534	 4.1509	 NaN	    NaN	 NaN	 NaN	 NaN	 8.9871	    14.5363	 5.5755	 12.4066	 4.3893	 NaN	    NaN	 NaN	 NaN	 NaN	 256.8716	    1	 1.0200	 0	 2.240678e+03	 2.241311e+03	    2242.2695
2	 98	 1	 120	 1	    1	 10	 9	 1	 NaN	    1	 3	 0	 3	 -5.3790	    -2.7430	 5.7428	 3.0241	 NaN	 NaN	    NaN	 NaN	 NaN	 NaN	 9.9433	    15.7906	 10.3833	 17.8653	 NaN	 NaN	    NaN	 NaN	 NaN	 NaN	 259.2804	    1	 1.0400	 0	 2.247971e+03	 2.248696e+03	    2251.1045
2	 98	 1	 121	 1	    2	 10	 9	 3	 NaN	    3	 0	 3	 3	 2.9393	    2.6752	 -6.2740	 -6.5260	 NaN	 NaN	    NaN	 NaN	 NaN	 NaN	 5.8252	    17.0420	 6.9078	 12.7470	 NaN	 NaN	    NaN	 NaN	 NaN	 NaN	 260.9474	    1	 1.0600	 0	 2.256147e+03	 2.256806e+03	    2258.4726
2	 98	 1	 122	 1	    2	 10	 9	 1	 NaN	    1	 0	 0	 0	 4.8623	    NaN	 NaN	 NaN	 NaN	 NaN	    NaN	 NaN	 NaN	 NaN	 19.2904	    NaN	 NaN	 NaN	 NaN	 NaN	    NaN	 NaN	 NaN	 NaN	 264.4064	    1	 1.0800	 0	 2.263199e+03	 2.263807e+03	    2267.2660
2	 98	 1	 123	 1	    2	 10	 9	 2	 NaN	    1	 0	 8	 8	 3.6826	    -4.6870	 5.5801	 -6.6706	 -5.7951	 5.9520	    7.7722	 -0.5453	 2.2078	 NaN	 12.0208	    14.6516	 6.9333	 18.9090	 6.3066	 16.8127	    10.3383	 5.4070	 19.7706	 NaN	 267.7153	    0	 1.0600	 0	 2.272584e+03	 2.273225e+03	    2276.5344
2	 98	 1	 124	 1	    2	 10	 9	 3	 NaN	    3	 0	 4	 4	 -7.4091	    5.4883	 3.4973	 -3.2612	 -2.5088	 NaN	    NaN	 NaN	 NaN	 NaN	 13.2461	    13.1787	 4.7841	 4.7761	 16.1739	 NaN	    NaN	 NaN	 NaN	 NaN	 269.5906	    1	 1.0800	 0	 2.282010e+03	 2.282694e+03	    2284.5693
2	 98	 1	 125	 1	    1	 10	 9	 1	 NaN	    2	 1	 0	 1	 -5.0532	    1.3245	 NaN	 NaN	 NaN	 NaN	    NaN	 NaN	 NaN	 NaN	 7.3223	    18.4439	 NaN	 NaN	 NaN	 NaN	    NaN	 NaN	 NaN	 NaN	 271.3659	    0	 1.0600	 0	 2.291287e+03	 2.291879e+03	    2293.6544
2	 98	 1	 126	 1	    1	 10	 9	 4	 NaN	    4	 0	 0	 0	 7.4654	    NaN	 NaN	 NaN	 NaN	 NaN	    NaN	 NaN	 NaN	 NaN	 9.9248	    NaN	 NaN	 NaN	 NaN	 NaN	    NaN	 NaN	 NaN	 NaN	 272.2494	    1	 1.0800	 0	 2.298589e+03	 2.299506e+03	    2300.3890
2	 98	 1	 127	 1	    1	 10	 9	 1	 NaN	    1	 8	 0	 8	 6.8955	    6.7856	 -0.0446	 5.0810	 -3.9607	 7.3026	    -5.6701	 -3.9487	 1.3313	 NaN	 15.3117	    10.2396	 15.6430	 19.5405	 19.6387	 6.1793	    10.2396	 4.0964	 4.9771	 NaN	 273.7663	    1	 1.1000	 0	 2.305215e+03	 2.305790e+03	    2307.3070
2	 98	 1	 128	 1	    1	 10	 9	 3	 NaN	    3	 6	 0	 6	 4.6865	    -7.7910	 -0.9808	 5.7428	 0.1741	 -5.8887	    -4.6081	 NaN	 NaN	 NaN	 14.3100	    6.2186	 19.6387	 10.2396	 4.6707	 17.6089	    10.8896	 NaN	 NaN	 NaN	 275.2832	    1	 1.1200	 0	 2.312308e+03	 2.313275e+03	    2314.7918
2	 98	 1	 129	 1	    2	 10	 9	 3	 NaN	    3	 0	 1	 1	 1.3319	    -3.9236	 NaN	 NaN	 NaN	 NaN	    NaN	 NaN	 NaN	 NaN	 18.5135	    6.0311	 NaN	 NaN	 NaN	 NaN	    NaN	 NaN	 NaN	 NaN	 276.2417	    1	 1.1400	 0	 2.319751e+03	 2.320651e+03	    2321.6098
2	 98	 1	 130	 1	    2	 10	 9	 4	 NaN	    4	 0	 8	 8	 -7.4534	    -4.3417	 -6.7907	 5.7428	 0.9321	 3.7288	    -1.2669	 5.5528	 7.6911	 NaN	 4.5509	    10.3516	 17.9185	 18.6239	 18.6398	 14.6516	    4.9807	 5.6974	 13.4377	 NaN	 278.7672	    1	 1.1600	 0	 2.326411e+03	 2.327378e+03	    2329.9030
2	 98	 1	 131	 1	    1	 10	 9	 1	 NaN	    1	 1	 0	 1	 2.7557	    -3.7164	 NaN	 NaN	 NaN	 NaN	    NaN	 NaN	 NaN	 NaN	 18.1333	    6.7217	 NaN	 NaN	 NaN	 NaN	    NaN	 NaN	 NaN	 NaN	 279.8257	    1	 1.1800	 0	 2.334679e+03	 2.335487e+03	    2336.5460
2	 98	 1	 132	 1	    1	 10	 9	 4	 NaN	    4	 2	 0	 2	 2.2936	    -4.1886	 7.6937	 NaN	 NaN	 NaN	    NaN	 NaN	 NaN	 NaN	 5.1433	    16.6908	 11.7938	 NaN	 NaN	 NaN	    NaN	 NaN	 NaN	 NaN	 281.1342	    1	 1.2000	 0	 2.341322e+03	 2.341880e+03	    2343.1889
2	 98	 1	 133	 1	    2	 10	 9	 3	 NaN	    3	 0	 2	 2	 -3.1814	    3.5505	 -1.6725	 NaN	 NaN	 NaN	    NaN	 NaN	 NaN	 NaN	 17.9516	    6.5014	 5.2891	 NaN	 NaN	 NaN	    NaN	 NaN	 NaN	 NaN	 281.8760	    1	 1.2200	 0	 2.348390e+03	 2.349298e+03	    2350.0402
2	 98	 1	 134	 1	    1	 10	 9	 4	 NaN	    4	 4	 0	 4	 -5.9810	    6.3291	 -3.3104	 0.3797	 5.9372	 NaN	    NaN	 NaN	 NaN	 NaN	 15.7325	    7.8106	 5.6541	 13.5499	 14.8329	 NaN	    NaN	 NaN	 NaN	 NaN	 283.8681	    1	 1.2400	 0	 2.354799e+03	 2.355775e+03	    2357.7667
2	 98	 1	 135	 1	    2	 10	 9	 4	 NaN	    4	 0	 6	 6	 -7.7582	    -2.9576	 5.1244	 -0.2536	 0.1383	 7.8280	    -7.5088	 NaN	 NaN	 NaN	 7.2466	    12.8732	 15.7050	 18.8104	 5.4717	 5.4342	    19.8541	 NaN	 NaN	 NaN	 287.6104	    1	 1.2600	 0	 2.363043e+03	 2.363751e+03	    2367.4936
2	 98	 1	 136	 1	    2	 10	 9	 3	 NaN	    3	 0	 5	 5	 -5.2406	    5.7177	 4.9322	 -5.5263	 0.4318	 -7.8724	    NaN	 NaN	 NaN	 NaN	 8.8679	    8.1197	 13.3975	 14.9530	 19.7518	 4.4677	    NaN	 NaN	 NaN	 NaN	 288.7690	    1	 1.2800	 0	 2.372903e+03	 2.373620e+03	    2374.7783
2	 98	 1	 137	 1	    2	 10	 9	 2	 NaN	    2	 0	 3	 3	 -3.4448	    6.2536	 -6.3801	 3.9547	 NaN	 NaN	    NaN	 NaN	 NaN	 NaN	 11.8630	    12.7364	 16.7478	 4.9807	 NaN	 NaN	    NaN	 NaN	 NaN	 NaN	 289.7441	    1	 1.3000	 0	 2.379579e+03	 2.380171e+03	    2381.1462
2	 98	 1	 138	 1	    1	 10	 9	 4	 NaN	    3	 0	 0	 0	 4.3129	    NaN	 NaN	 NaN	 NaN	 NaN	    NaN	 NaN	 NaN	 NaN	 4.6188	    NaN	 NaN	 NaN	 NaN	 NaN	    NaN	 NaN	 NaN	 NaN	 290.6026	    0	 1.2800	 0	 2.386022e+03	 2.386889e+03	    2387.7475
2	 98	 1	 139	 1	    2	 10	 9	 3	 NaN	    3	 0	 0	 0	 -5.9613	    NaN	 NaN	 NaN	 NaN	 NaN	    NaN	 NaN	 NaN	 NaN	 4.6874	    NaN	 NaN	 NaN	 NaN	 NaN	    NaN	 NaN	 NaN	 NaN	 291.5944	    1	 1.3000	 0	 2.392648e+03	 2.393157e+03	    2394.1487
2	 98	 1	 140	 1	    1	 10	 9	 1	 NaN	    2	 7	 0	 7	 -7.4026	    -5.0991	 -0.4548	 4.1751	 -7.9095	 1.4329	    7.6911	 7.7722	 NaN	 NaN	 7.2466	    19.3675	 16.1387	 15.9193	 13.7776	 4.9771	    11.5084	 5.7855	 NaN	 NaN	 293.0030	    0	 1.2800	 0	 2.399033e+03	 2.399766e+03	    2401.1750
2	 98	 1	 141	 1	    2	 10	 9	 4	 NaN	    4	 0	 7	 7	 -5.2135	    4.4370	 1.0620	 4.1583	 -2.5030	 -1.9416	    -6.1319	 7.8280	 NaN	 NaN	 9.7297	    17.2685	 13.4377	 9.0682	 5.4283	 16.7400	    13.7673	 5.3248	 NaN	 NaN	 294.3532	    1	 1.3000	 0	 2.406126e+03	 2.407035e+03	    2408.3848
2	 98	 1	 142	 1	    2	 10	 9	 2	 NaN	    2	 0	 4	 4	 -6.4676	    -4.3162	 2.4149	 4.9573	 -7.4463	 NaN	    NaN	 NaN	 NaN	 NaN	 8.3778	    19.3675	 17.3105	 10.1058	 4.1425	 NaN	    NaN	 NaN	 NaN	 NaN	 295.2783	    1	 1.3200	 0	 2.413411e+03	 2.414386e+03	    2415.3111
2	 98	 1	 143	 1	    1	 10	 9	 4	 NaN	    4	 3	 0	 3	 7.7058	    -7.2140	 6.8283	 -5.0532	 NaN	 NaN	    NaN	 NaN	 NaN	 NaN	 8.0917	    10.9212	 19.6590	 17.6303	 NaN	 NaN	    NaN	 NaN	 NaN	 NaN	 297.0286	    1	 1.3400	 0	 2.420429e+03	 2.421112e+03	    2422.8625
2	 98	 1	 144	 1	    1	 10	 9	 2	 NaN	    2	 5	 0	 5	 1.4329	    7.5949	 7.4654	 -1.7478	 -3.9457	 -6.7101	    NaN	 NaN	 NaN	 NaN	 15.1172	    17.1435	 10.2542	 18.5135	 8.2523	 11.2930	    NaN	 NaN	 NaN	 NaN	 298.8456	    1	 1.3600	 0	 2.427989e+03	 2.428730e+03	    2430.5474
2	 98	 1	 145	 1	    1	 10	 9	 1	 NaN	    1	 3	 0	 3	 -7.9412	    7.3602	 1.7026	 -3.2161	 NaN	 NaN	    NaN	 NaN	 NaN	 NaN	 14.7939	    6.9078	 17.9261	 6.5109	 NaN	 NaN	    NaN	 NaN	 NaN	 NaN	 299.8958	    1	 1.3800	 0	 2.435190e+03	 2.436140e+03	    2437.1903
2	 98	 1	 146	 1	    1	 10	 9	 3	 NaN	    3	 5	 0	 5	 -4.1886	    7.0736	 0.7829	 -7.4816	 6.1002	 -2.4075	    NaN	 NaN	 NaN	 NaN	 15.7906	    6.8721	 17.8979	 4.7685	 14.9530	 4.7447	    NaN	 NaN	 NaN	 NaN	 300.7543	    1	 1.4000	 0	 2.442000e+03	 2.442891e+03	    2443.7499
2	 98	 1	 147	 1	    2	 10	 9	 1	 NaN	    1	 0	 8	 8	 3.8760	    -5.6877	 4.1190	 -2.2653	 1.4746	 7.9393	    -5.7951	 -3.4932	 6.0641	 NaN	 19.3769	    17.7201	 10.9611	 12.9458	 4.7023	 16.4632	    8.7115	 4.9807	 4.1439	 NaN	 302.4296	    1	 1.4200	 0	 2.448668e+03	 2.449459e+03	    2451.1347
2	 98	 1	 148	 1	    1	 10	 9	 2	 NaN	    1	 7	 0	 7	 -2.8105	    1.9163	 -7.8866	 -7.9412	 2.7439	 4.6074	    -3.7164	 4.1132	 NaN	 NaN	 17.6089	    19.2524	 12.1654	 6.5101	 14.6793	 5.0194	    7.0319	 9.7979	 NaN	 NaN	 304.5883	    0	 1.4000	 0	 2.456152e+03	 2.456986e+03	    2459.1445
2	 98	 1	 149	 1	    2	 10	 9	 3	 NaN	    3	 0	 0	 0	 -3.4385	    NaN	 NaN	 NaN	 NaN	 NaN	    NaN	 NaN	 NaN	 NaN	 17.7268	    NaN	 NaN	 NaN	 NaN	 NaN	    NaN	 NaN	 NaN	 NaN	 305.5468	    1	 1.4200	 0	 2.463895e+03	 2.464846e+03	    2465.8041
2	 98	 1	 150	 1	    2	 10	 9	 4	 NaN	    3	 0	 2	 2	 6.0506	    -7.1874	 -0.9298	 NaN	 NaN	 NaN	    NaN	 NaN	 NaN	 NaN	 12.5487	    5.8837	 4.1209	 NaN	 NaN	 NaN	    NaN	 NaN	 NaN	 NaN	 306.3553	    0	 1.4000	 0	 2.470488e+03	 2.471063e+03	    2471.8720
2	 98	 1	 151	 1	    1	 10	 9	 2	 NaN	    2	 2	 0	 2	 4.6120	    -5.1495	 4.9997	 NaN	 NaN	 NaN	    NaN	 NaN	 NaN	 NaN	 8.9569	    13.6936	 15.7807	 NaN	 NaN	 NaN	    NaN	 NaN	 NaN	 NaN	 307.8639	    1	 1.4200	 0	 2.476765e+03	 2.477573e+03	    2479.0817
2	 98	 1	 152	 1	    1	 10	 9	 1	 NaN	    1	 8	 0	 8	 -7.6272	    -4.1322	 7.2086	 2.3585	 -6.6225	 7.8107	    -0.8992	 4.2772	 2.2936	 NaN	 17.2491	    10.9212	 17.3162	 5.8837	 5.5255	 11.0035	    14.8183	 12.9707	 18.1815	 NaN	 312.0731	    1	 1.4400	 0	 2.483899e+03	 2.484649e+03	    2488.8586
2	 98	 1	 153	 1	    2	 10	 9	 1	 NaN	    1	 0	 6	 6	 -1.1423	    1.3637	 -4.5689	 0.9630	 6.0641	 -6.4676	    7.6121	 NaN	 NaN	 NaN	 4.4618	    18.1617	 15.7803	 13.4058	 7.2162	 9.0400	    13.2391	 NaN	 NaN	 NaN	 314.9402	    1	 1.4600	 0	 2.493818e+03	 2.494660e+03	    2497.5269
2	 98	 1	 154	 1	    1	 10	 9	 3	 NaN	    3	 0	 0	 0	 4.6674	    NaN	 NaN	 NaN	 NaN	 NaN	    NaN	 NaN	 NaN	 NaN	 15.7807	    NaN	 NaN	 NaN	 NaN	 NaN	    NaN	 NaN	 NaN	 NaN	 315.8904	    1	 1.4800	 0	 2.502319e+03	 2.503270e+03	    2504.2199
2	 98	 1	 155	 1	    2	 10	 9	 2	 NaN	    1	 0	 4	 4	 6.4445	    -2.9093	 1.1299	 -5.2263	 -4.7635	 NaN	    NaN	 NaN	 NaN	 NaN	 7.6144	    19.6107	 16.8966	 9.3887	 4.6240	 NaN	    NaN	 NaN	 NaN	 NaN	 317.4656	    0	 1.4600	 0	 2.508904e+03	 2.509813e+03	    2511.3879
2	 98	 1	 156	 1	    2	 10	 9	 2	 NaN	    2	 0	 3	 3	 7.4935	    4.6120	 -7.0168	 -1.5980	 NaN	 NaN	    NaN	 NaN	 NaN	 NaN	 10.6280	    13.4215	 10.9711	 13.3725	 NaN	 NaN	    NaN	 NaN	 NaN	 NaN	 318.6742	    1	 1.4800	 0	 2.516289e+03	 2.517114e+03	    2518.3226
2	 98	 1	 157	 1	    2	 10	 9	 2	 NaN	    2	 0	 5	 5	 1.7862	    7.0553	 -5.1899	 6.9010	 -6.3085	 -6.8676	    NaN	 NaN	 NaN	 NaN	 18.8665	    18.8755	 4.3893	 10.5997	 8.3111	 15.7325	    NaN	 NaN	 NaN	 NaN	 321.9998	    1	 1.5000	 0	 2.523832e+03	 2.524615e+03	    2527.9411
2	 98	 1	 158	 1	    2	 10	 9	 3	 NaN	    3	 0	 1	 1	 -2.1389	    7.1535	 NaN	 NaN	 NaN	 NaN	    NaN	 NaN	 NaN	 NaN	 17.1974	    11.0848	 NaN	 NaN	 NaN	 NaN	    NaN	 NaN	 NaN	 NaN	 322.9249	    1	 1.5200	 0	 2.533142e+03	 2.534026e+03	    2534.9508
2	 98	 1	 159	 1	    1	 10	 9	 2	 NaN	    2	 4	 0	 4	 0.3179	    -2.4830	 1.5963	 -6.1816	 4.4841	 NaN	    NaN	 NaN	 NaN	 NaN	 15.7212	    5.4283	 5.6974	 12.3247	 14.6712	 NaN	    NaN	 NaN	 NaN	 NaN	 325.7088	    1	 1.5400	 0	 2.539668e+03	 2.540635e+03	    2543.4191
2	 98	 1	 160	 1	    2	 10	 9	 4	 NaN	    4	 0	 7	 7	 7.7860	    -3.5254	 -3.1704	 5.9372	 -5.8346	 6.5704	    3.7190	 -0.4351	 NaN	 NaN	 6.2475	    16.4600	 6.8400	 19.5515	 11.0096	 11.3497	    14.8329	 19.5205	 NaN	 NaN	 328.6843	    1	 1.5600	 0	 2.548503e+03	 2.549304e+03	    2552.2791
2	 98	 1	 161	 1	    1	 10	 9	 2	 NaN	    1	 6	 0	 6	 -5.5389	    6.8975	 0.7829	 6.1299	 -6.9868	 -4.7778	    -0.4004	 NaN	 NaN	 NaN	 10.0728	    14.1286	 18.2630	 7.3223	 4.0964	 15.3457	    14.0710	 NaN	 NaN	 NaN	 330.7513	    0	 1.5400	 0	 2.557247e+03	 2.557814e+03	    2559.8806
2	 98	 1	 162	 1	    1	 10	 9	 3	 NaN	    3	 1	 0	 1	 6.5213	    -1.3182	 NaN	 NaN	 NaN	 NaN	    NaN	 NaN	 NaN	 NaN	 4.2236	    16.3824	 NaN	 NaN	 NaN	 NaN	    NaN	 NaN	 NaN	 NaN	 332.1433	    1	 1.5600	 0	 2.564898e+03	 2.565673e+03	    2567.0653
2	 98	 1	 163	 1	    2	 10	 9	 2	 NaN	    1	 0	 2	 2	 -0.3496	    2.8791	 -2.5337	 NaN	 NaN	 NaN	    NaN	 NaN	 NaN	 NaN	 14.5948	    6.0419	 5.5657	 NaN	 NaN	 NaN	    NaN	 NaN	 NaN	 NaN	 333.1351	    0	 1.5400	 0	 2.573000e+03	 2.573867e+03	    2574.8585
2	 98	 1	 164	 1	    1	 10	 9	 2	 NaN	    1	 2	 0	 2	 -5.0532	    5.1398	 6.3928	 NaN	 NaN	 NaN	    NaN	 NaN	 NaN	 NaN	 16.5276	    5.5255	 15.4298	 NaN	 NaN	 NaN	    NaN	 NaN	 NaN	 NaN	 334.7521	    0	 1.5200	 0	 2.580268e+03	 2.580860e+03	    2582.4766
2	 98	 1	 165	 1	    1	 10	 9	 2	 NaN	    2	 7	 0	 7	 -1.9870	    -3.5254	 5.1398	 4.6865	 -5.8346	 -6.1057	    3.0241	 2.5130	 NaN	 NaN	 17.2685	    6.0035	 16.0168	 11.3982	 9.7074	 17.3401	    4.2408	 19.2904	 NaN	 NaN	 337.6526	    1	 1.5400	 0	 2.587286e+03	 2.587869e+03	    2590.7698
2	 98	 1	 166	 1	    2	 10	 9	 1	 NaN	    2	 0	 3	 3	 3.5535	    7.6990	 -5.1899	 -5.0532	 NaN	 NaN	    NaN	 NaN	 NaN	 NaN	 16.1236	    15.1988	 8.9503	 4.7761	 NaN	 NaN	    NaN	 NaN	 NaN	 NaN	 339.2195	    0	 1.5200	 0	 2.595737e+03	 2.596679e+03	    2598.2463
2	 98	 1	 167	 1	    2	 10	 9	 1	 NaN	    1	 0	 6	 6	 6.7539	    2.4381	 0.3219	 -7.8218	 -6.7907	 -4.8953	    6.2376	 NaN	 NaN	 NaN	 7.0778	    19.5855	 4.3100	 18.1187	 9.0573	 14.6308	    16.4924	 NaN	 NaN	 NaN	 342.5701	    1	 1.5400	 0	 2.603181e+03	 2.604022e+03	    2607.3730
2	 98	 1	 168	 1	    2	 10	 9	 4	 NaN	    4	 0	 5	 5	 1.0661	    -4.8627	 -6.1319	 -7.1255	 3.4973	 5.1710	    NaN	 NaN	 NaN	 NaN	 18.8331	    15.4298	 4.0964	 8.8316	 4.9713	 14.5948	    NaN	 NaN	 NaN	 NaN	 345.0539	    1	 1.5600	 0	 2.612382e+03	 2.613208e+03	    2615.6913
2	 98	 1	 169	 1	    2	 10	 9	 3	 NaN	    3	 0	 7	 7	 -4.4027	    -1.6735	 -7.3102	 6.2742	 4.9823	 5.7177	    -4.1674	 1.6944	 NaN	 NaN	 6.7459	    19.0887	 15.7212	 19.8170	 6.7459	 11.8189	    11.3982	 13.2998	 NaN	 NaN	 346.8042	    1	 1.5800	 0	 2.621259e+03	 2.622209e+03	    2623.9595
2	 98	 1	 170	 1	    2	 10	 9	 3	 NaN	    3	 0	 4	 4	 -5.9663	    -0.5056	 7.8039	 2.2547	 -6.2482	 NaN	    NaN	 NaN	 NaN	 NaN	 4.3113	    18.8206	 13.8199	 5.8837	 9.9970	 NaN	    NaN	 NaN	 NaN	 NaN	 348.5629	    1	 1.6000	 0	 2.628994e+03	 2.629744e+03	    2631.5027
2	 98	 1	 171	 1	    1	 10	 9	 3	 NaN	    3	 0	 0	 0	 -6.9005	    NaN	 NaN	 NaN	 NaN	 NaN	    NaN	 NaN	 NaN	 NaN	 9.0400	    NaN	 NaN	 NaN	 NaN	 NaN	    NaN	 NaN	 NaN	 NaN	 349.4130	    1	 1.6200	 0	 2.637137e+03	 2.637829e+03	    2638.6790
2	 98	 1	 172	 1	    1	 10	 9	 2	 NaN	    1	 4	 0	 4	 4.9997	    -3.7526	 -2.0509	 6.9343	 7.3530	 NaN	    NaN	 NaN	 NaN	 NaN	 10.4786	    15.5715	 5.2191	 14.4418	 6.7459	 NaN	    NaN	 NaN	 NaN	 NaN	 351.4967	    0	 1.6000	 0	 2.643755e+03	 2.644647e+03	    2646.7306
2	 98	 1	 173	 1	    1	 10	 9	 1	 NaN	    1	 1	 0	 1	 6.4809	    -6.5088	 NaN	 NaN	 NaN	 NaN	    NaN	 NaN	 NaN	 NaN	 17.3309	    10.9212	 NaN	 NaN	 NaN	 NaN	    NaN	 NaN	 NaN	 NaN	 352.5302	    1	 1.6200	 0	 2.651565e+03	 2.652173e+03	    2653.2068
2	 98	 1	 174	 1	    1	 10	 9	 4	 NaN	    4	 5	 0	 5	 3.1542	    -7.2561	 -1.4118	 -6.9453	 3.9547	 6.9274	    NaN	 NaN	 NaN	 NaN	 16.1236	    6.1435	 14.4382	 13.5499	 6.8721	 11.8273	    NaN	 NaN	 NaN	 NaN	 354.2388	    1	 1.6400	 0	 2.657899e+03	 2.658575e+03	    2660.2832
2	 98	 1	 175	 1	    1	 10	 9	 1	 NaN	    1	 6	 0	 6	 -0.4616	    -5.7382	 4.2104	 1.9163	 7.5949	 -6.3361	    -0.9794	 NaN	 NaN	 NaN	 5.4283	    11.0848	 14.1143	 18.6458	 5.8817	 16.3404	    14.3116	 NaN	 NaN	 NaN	 356.3309	    1	 1.6600	 0	 2.665126e+03	 2.666068e+03	    2668.1597
2	 98	 1	 176	 1	    1	 10	 9	 4	 NaN	    3	 3	 0	 3	 -6.3169	    5.0627	 -2.2792	 6.4797	 NaN	 NaN	    NaN	 NaN	 NaN	 NaN	 13.3586	    17.9185	 4.6357	 8.1644	 NaN	 NaN	    NaN	 NaN	 NaN	 NaN	 357.4977	    0	 1.6400	 0	 2.673119e+03	 2.673769e+03	    2674.9360
2	 98	 1	 177	 1	    1	 10	 9	 1	 NaN	    1	 8	 0	 8	 -0.0556	    5.6304	 -7.4336	 -0.9186	 5.0878	 7.5185	    4.2328	 -0.7179	 -6.6569	 NaN	 15.0439	    17.6089	 7.2012	 19.8059	 4.0313	 7.2226	    13.2063	 4.5839	 17.3278	 NaN	 361.2985	    1	 1.6600	 0	 2.679770e+03	 2.680279e+03	    2684.0795
2	 98	 1	 178	 1	    2	 10	 9	 2	 NaN	    1	 0	 8	 8	 5.7428	    2.6233	 -7.9412	 -4.6870	 -5.2608	 -7.2510	    3.9468	 4.1509	 -7.7141	 NaN	 14.5640	    17.3351	 14.6034	 16.9395	 11.2928	 7.0319	    5.8595	 10.3273	 19.5711	 NaN	 365.0242	    0	 1.6400	 0	 2.688805e+03	 2.689497e+03	    2693.2229
2	 98	 1	 179	 1	    2	 10	 9	 3	 NaN	    3	 0	 0	 0	 -2.0001	    NaN	 NaN	 NaN	 NaN	 NaN	    NaN	 NaN	 NaN	 NaN	 13.9221	    NaN	 NaN	 NaN	 NaN	 NaN	    NaN	 NaN	 NaN	 NaN	 366.0910	    1	 1.6600	 0	 2.698449e+03	 2.699357e+03	    2700.4243
2	 98	 1	 180	 1	    2	 10	 9	 1	 NaN	    1	 0	 1	 1	 -1.9870	    7.0553	 NaN	 NaN	 NaN	 NaN	    NaN	 NaN	 NaN	 NaN	 5.5804	    19.8796	 NaN	 NaN	 NaN	 NaN	    NaN	 NaN	 NaN	 NaN	 367.6746	    1	 1.6800	 0	 2.705142e+03	 2.705867e+03	    2707.4506
2	 98	 1	 181	 1	    2	 10	 9	 3	 NaN	    3	 0	 7	 7	 7.7722	    5.8114	 -4.8627	 0.4021	 -3.8531	 -6.2528	    -5.2947	 7.4276	 NaN	 NaN	 4.2967	    9.0682	 16.3936	 15.9712	 12.5193	 8.4245	    4.3100	 14.9319	 NaN	 NaN	 370.4001	    1	 1.7000	 0	 2.712085e+03	 2.712752e+03	    2715.4771
2	 98	 1	 182	 1	    2	 10	 9	 1	 NaN	    2	 0	 6	 6	 5.9579	    5.4883	 -1.2761	 -6.9453	 1.5963	 -6.6609	    2.3019	 NaN	 NaN	 NaN	 6.3557	    17.8286	 19.2591	 6.7992	 5.3585	 16.8625	    13.9197	 NaN	 NaN	 NaN	 372.6588	    0	 1.6800	 0	 2.720545e+03	 2.721528e+03	    2723.7871
2	 98	 1	 183	 1	    2	 10	 9	 3	 NaN	    4	 0	 0	 0	 3.4727	    NaN	 NaN	 NaN	 NaN	 NaN	    NaN	 NaN	 NaN	 NaN	 14.1578	    NaN	 NaN	 NaN	 NaN	 NaN	    NaN	 NaN	 NaN	 NaN	 373.9758	    0	 1.6600	 0	 2.728746e+03	 2.729280e+03	    2730.5968
2	 98	 1	 184	 1	    1	 10	 9	 3	 NaN	    3	 5	 0	 5	 3.9468	    3.9721	 7.9069	 -7.8594	 -4.2053	 -6.9618	    NaN	 NaN	 NaN	 NaN	 16.5452	    7.7354	 5.0773	 9.3174	 17.1974	 13.7358	    NaN	 NaN	 NaN	 NaN	 375.9678	    1	 1.6800	 0	 2.735381e+03	 2.736323e+03	    2738.3149
2	 98	 1	 185	 1	    1	 10	 9	 4	 NaN	    4	 0	 0	 0	 -4.8778	    NaN	 NaN	 NaN	 NaN	 NaN	    NaN	 NaN	 NaN	 NaN	 10.9128	    NaN	 NaN	 NaN	 NaN	 NaN	    NaN	 NaN	 NaN	 NaN	 376.8929	    1	 1.7000	 0	 2.743266e+03	 2.744158e+03	    2745.0828
2	 98	 1	 186	 1	    1	 10	 9	 1	 NaN	    1	 3	 0	 3	 7.3530	    6.1803	 -3.2552	 -6.6208	 NaN	 NaN	    NaN	 NaN	 NaN	 NaN	 14.9530	    6.1559	 16.7478	 8.6802	 NaN	 NaN	    NaN	 NaN	 NaN	 NaN	 378.4849	    1	 1.7200	 0	 2.749800e+03	 2.750484e+03	    2752.0759
2	 98	 1	 187	 1	    2	 10	 9	 4	 NaN	    4	 0	 5	 5	 0.3129	    7.1867	 -6.3832	 -2.7430	 -1.2511	 2.5165	    NaN	 NaN	 NaN	 NaN	 5.4771	    5.5126	 11.0040	 13.7673	 19.6030	 17.0306	    NaN	 NaN	 NaN	 NaN	 381.0604	    1	 1.7400	 0	 2.756993e+03	 2.757769e+03	    2760.3441
2	 98	 1	 188	 1	    1	 10	 9	 3	 NaN	    4	 7	 0	 7	 0.1146	    -1.7561	 -4.2150	 6.1901	 6.9343	 -6.2158	    2.7439	 -6.7101	 NaN	 NaN	 18.8190	    14.4435	 6.1263	 16.8127	 11.0379	 11.3742	    6.2316	 17.2670	 NaN	 NaN	 384.5693	    0	 1.7200	 0	 2.765053e+03	 2.765987e+03	    2769.4959
2	 98	 1	 189	 1	    2	 10	 9	 4	 NaN	    4	 0	 8	 8	 -0.7446	    7.8280	 -1.2669	 3.5995	 -6.6510	 6.4935	    -7.4336	 7.8107	 -2.0509	 NaN	 4.5509	    10.4032	 14.6308	 18.6458	 6.1744	 5.4342	    15.7906	 17.8738	 19.0130	 NaN	 387.2615	    1	 1.7400	 0	 2.774739e+03	 2.775655e+03	    2778.3476
2	 98	 1	 190	 1	    2	 10	 9	 2	 NaN	    1	 0	 4	 4	 6.3928	    4.4189	 -6.4808	 -3.7305	 5.9967	 NaN	    NaN	 NaN	 NaN	 NaN	 6.1435	    12.6590	 15.6430	 7.2671	 19.3675	 NaN	    NaN	 NaN	 NaN	 NaN	 389.8370	    0	 1.7200	 0	 2.783449e+03	 2.784265e+03	    2786.8409
2	 98	 1	 191	 1	    2	 10	 9	 1	 NaN	    2	 0	 3	 3	 -1.4650	    6.1901	 -3.6378	 7.3138	 NaN	 NaN	    NaN	 NaN	 NaN	 NaN	 17.2890	    10.3273	 11.2369	 14.2804	 NaN	 NaN	    NaN	 NaN	 NaN	 NaN	 392.5875	    0	 1.7000	 0	 2.792809e+03	 2.793609e+03	    2796.3594
