2	 6	 1	 1	 1	    1	 10	 9	 2	 NaN	    2	 5	 0	 5	 -5.5529	    4.0560	 3.0811	 1.4508	 -2.8898	 -5.7458	    NaN	 NaN	 NaN	 NaN	 16.5731	    5.9612	 12.5798	 19.3619	 5.2940	 10.4132	    NaN	 NaN	 NaN	 NaN	 2.4588	    1	 0.0200	 0	 1.282582e+03	 1.283316e+03	    1285.7746
2	 6	 1	 2	 1	    2	 10	 9	 2	 NaN	    2	 0	 5	 5	 -1.9221	    6.5050	 -6.8488	 4.8991	 -2.9514	 0.9249	    NaN	 NaN	 NaN	 NaN	 19.5023	    11.1709	 18.8346	 7.3213	 4.3108	 14.1212	    NaN	 NaN	 NaN	 NaN	 4.8759	    1	 0.0400	 0	 1.299844e+03	 1.300469e+03	    1302.8864
2	 6	 1	 3	 1	    1	 10	 9	 1	 NaN	    1	 3	 0	 3	 2.1856	    -2.6338	 -4.7346	 3.8100	 NaN	 NaN	    NaN	 NaN	 NaN	 NaN	 18.9255	    4.9727	 15.0689	 4.3246	 NaN	 NaN	    NaN	 NaN	 NaN	 NaN	 7.1180	    1	 0.0600	 0	 1.308946e+03	 1.309454e+03	    1311.6965
2	 6	 1	 4	 1	    1	 10	 9	 1	 NaN	    1	 0	 0	 0	 1.9949	    NaN	 NaN	 NaN	 NaN	 NaN	    NaN	 NaN	 NaN	 NaN	 4.8180	    NaN	 NaN	 NaN	 NaN	 NaN	    NaN	 NaN	 NaN	 NaN	 8.5683	    1	 0.0800	 0	 1.320148e+03	 1.321023e+03	    1322.4736
2	 6	 1	 5	 1	    2	 10	 9	 2	 NaN	    2	 0	 7	 7	 6.2233	    -5.1580	 3.9725	 -5.7186	 3.5690	 -2.3656	    -0.4262	 7.9295	 NaN	 NaN	 7.5484	    11.3244	 18.0638	 5.4245	 4.1874	 19.8308	    15.6142	 14.3805	 NaN	 NaN	 12.1107	    1	 0.1000	 0	 1.328191e+03	 1.328942e+03	    1332.4840
2	 6	 1	 6	 1	    2	 10	 9	 3	 NaN	    3	 0	 4	 4	 -7.5525	    2.0270	 -4.2938	 5.8430	 6.7163	 NaN	    NaN	 NaN	 NaN	 NaN	 13.0123	    15.7049	 8.8008	 5.8927	 18.4504	 NaN	    NaN	 NaN	 NaN	 NaN	 15.3113	    1	 0.1200	 0	 1.337410e+03	 1.338402e+03	    1341.6025
2	 6	 1	 7	 1	    2	 10	 9	 2	 NaN	    2	 0	 8	 8	 -2.7322	    -7.5319	 -3.2272	 4.0560	 7.9573	 -7.7763	    1.9511	 5.2971	 2.1200	 NaN	 4.5786	    4.3631	 14.3326	 4.3970	 14.7037	 16.1919	    18.4947	 8.9927	 14.3881	 NaN	 18.3618	    1	 0.1400	 0	 1.347612e+03	 1.348287e+03	    1351.3378
2	 6	 1	 8	 1	    1	 10	 9	 3	 NaN	    3	 6	 0	 6	 0.7252	    -5.9972	 7.6761	 -4.7643	 2.7655	 -1.4023	    7.7037	 NaN	 NaN	 NaN	 4.9820	    14.2078	 9.5173	 9.4116	 13.2197	 16.2205	    19.1582	 NaN	 NaN	 NaN	 21.9626	    1	 0.1600	 0	 1.356530e+03	 1.357189e+03	    1360.7897
2	 6	 1	 9	 1	    1	 10	 9	 2	 NaN	    2	 7	 0	 7	 4.3516	    -2.2592	 6.6653	 -3.5432	 -7.5319	 7.6952	    0.6842	 -5.1517	 NaN	 NaN	 19.1582	    19.6404	 5.7832	 7.4701	 11.8365	 10.9417	    16.1134	 15.5772	 NaN	 NaN	 24.7214	    1	 0.1800	 0	 1.365699e+03	 1.366391e+03	    1369.1497
2	 6	 1	 10	 1	    1	 10	 9	 2	 NaN	    2	 4	 0	 4	 -3.6069	    6.8433	 5.0841	 -6.3765	 3.6053	 NaN	    NaN	 NaN	 NaN	 NaN	 13.6780	    9.9557	 17.7518	 9.7361	 5.2041	 NaN	    NaN	 NaN	 NaN	 NaN	 25.8550	    1	 0.2000	 0	 1.375926e+03	 1.376810e+03	    1377.9431
2	 6	 1	 11	 1	    2	 10	 9	 4	 NaN	    4	 0	 6	 6	 -4.0337	    2.0328	 6.2537	 -2.6338	 5.9441	 -7.7222	    7.5644	 NaN	 NaN	 NaN	 13.1299	    4.4982	 4.6848	 6.2247	 17.3225	 16.8934	    11.9181	 NaN	 NaN	 NaN	 28.0387	    1	 0.2200	 0	 1.384236e+03	 1.385178e+03	    1387.3617
2	 6	 1	 12	 1	    2	 10	 9	 3	 NaN	    3	 0	 0	 0	 4.0133	    NaN	 NaN	 NaN	 NaN	 NaN	    NaN	 NaN	 NaN	 NaN	 15.3026	    NaN	 NaN	 NaN	 NaN	 NaN	    NaN	 NaN	 NaN	 NaN	 29.0056	    1	 0.2400	 0	 1.393630e+03	 1.394613e+03	    1395.5800
2	 6	 1	 13	 1	    2	 10	 9	 4	 NaN	    4	 0	 2	 2	 4.8991	    -5.7186	 5.8796	 NaN	 NaN	 NaN	    NaN	 NaN	 NaN	 NaN	 16.8231	    10.8007	 10.7395	 NaN	 NaN	 NaN	    NaN	 NaN	 NaN	 NaN	 30.1975	    1	 0.2600	 0	 1.400756e+03	 1.401665e+03	    1402.8565
2	 6	 1	 14	 1	    2	 10	 9	 2	 NaN	    2	 0	 3	 3	 5.7460	    -4.0642	 -7.3070	 6.3945	 NaN	 NaN	    NaN	 NaN	 NaN	 NaN	 11.0937	    15.8931	 4.9727	 18.4774	 NaN	 NaN	    NaN	 NaN	 NaN	 NaN	 32.1228	    1	 0.2800	 0	 1.407516e+03	 1.408141e+03	    1410.0663
2	 6	 1	 15	 1	    1	 10	 9	 3	 NaN	    3	 1	 0	 1	 3.4232	    -7.3947	 NaN	 NaN	 NaN	 NaN	    NaN	 NaN	 NaN	 NaN	 12.2410	    11.5634	 NaN	 NaN	 NaN	 NaN	    NaN	 NaN	 NaN	 NaN	 33.5314	    1	 0.3000	 0	 1.414776e+03	 1.415301e+03	    1416.7093
2	 6	 1	 16	 1	    1	 10	 9	 4	 NaN	    4	 2	 0	 2	 -2.6005	    5.7003	 -3.2179	 NaN	 NaN	 NaN	    NaN	 NaN	 NaN	 NaN	 16.5731	    8.6167	 6.7312	 NaN	 NaN	 NaN	    NaN	 NaN	 NaN	 NaN	 34.6066	    1	 0.3200	 0	 1.421719e+03	 1.422619e+03	    1423.6940
2	 6	 1	 17	 1	    1	 10	 9	 1	 NaN	    1	 8	 0	 8	 -5.4848	    6.0849	 -0.4571	 -5.4539	 6.8569	 3.3105	    7.5052	 -5.5802	 -6.9088	 NaN	 14.8234	    18.1610	 18.6267	 19.2942	 7.3113	 4.3631	    11.6727	 5.8137	 10.6249	 NaN	 39.4575	    1	 0.3400	 0	 1.430204e+03	 1.430895e+03	    1435.7464
2	 6	 1	 18	 1	    2	 10	 9	 2	 NaN	    2	 0	 1	 1	 6.9728	    -5.6999	 NaN	 NaN	 NaN	 NaN	    NaN	 NaN	 NaN	 NaN	 13.2245	    7.4170	 NaN	 NaN	 NaN	 NaN	    NaN	 NaN	 NaN	 NaN	 40.8494	    1	 0.3600	 0	 1.441606e+03	 1.442381e+03	    1443.7730
2	 6	 1	 19	 1	    1	 10	 9	 2	 NaN	    2	 1	 0	 1	 0.2939	    -1.7757	 NaN	 NaN	 NaN	 NaN	    NaN	 NaN	 NaN	 NaN	 16.0468	    5.0349	 NaN	 NaN	 NaN	 NaN	    NaN	 NaN	 NaN	 NaN	 41.7663	    1	 0.3800	 0	 1.449066e+03	 1.449574e+03	    1450.4911
2	 6	 1	 20	 1	    1	 10	 9	 4	 NaN	    4	 7	 0	 7	 4.8112	    -6.1996	 3.0366	 -7.0070	 5.0841	 -3.0600	    2.3637	 -6.8244	 NaN	 NaN	 9.3924	    5.6352	 18.1610	 9.8451	 4.9556	 16.6229	    13.0324	 14.6987	 NaN	 NaN	 45.3586	    1	 0.4000	 0	 1.455142e+03	 1.456084e+03	    1459.6762
2	 6	 1	 21	 1	    1	 10	 9	 4	 NaN	    4	 6	 0	 6	 3.3214	    -0.2476	 7.6952	 4.0378	 -4.3387	 -3.5132	    6.4045	 NaN	 NaN	 NaN	 18.4713	    4.3349	 7.9183	 5.5510	 19.4197	 13.9909	    14.0228	 NaN	 NaN	 NaN	 48.0508	    1	 0.4200	 0	 1.466894e+03	 1.467403e+03	    1470.0950
2	 6	 1	 22	 1	    2	 10	 9	 4	 NaN	    4	 0	 2	 2	 7.8305	    -4.0331	 1.7547	 NaN	 NaN	 NaN	    NaN	 NaN	 NaN	 NaN	 19.5639	    10.1598	 18.8346	 NaN	 NaN	 NaN	    NaN	 NaN	 NaN	 NaN	 49.6928	    1	 0.4400	 0	 1.474863e+03	 1.475738e+03	    1477.3798
2	 6	 1	 23	 1	    1	 10	 9	 2	 NaN	    2	 3	 0	 3	 -2.9919	    6.3443	 5.3255	 -7.7517	 NaN	 NaN	    NaN	 NaN	 NaN	 NaN	 17.8044	    4.6797	 12.8058	 4.2539	 NaN	 NaN	    NaN	 NaN	 NaN	 NaN	 50.7013	    1	 0.4600	 0	 1.482506e+03	 1.483031e+03	    1484.0395
2	 6	 1	 24	 1	    2	 10	 9	 3	 NaN	    3	 0	 1	 1	 6.8569	    -5.4848	 NaN	 NaN	 NaN	 NaN	    NaN	 NaN	 NaN	 NaN	 7.9245	    13.2125	 NaN	 NaN	 NaN	 NaN	    NaN	 NaN	 NaN	 NaN	 52.3100	    1	 0.4800	 0	 1.489907e+03	 1.490624e+03	    1492.2328
2	 6	 1	 25	 1	    2	 10	 9	 4	 NaN	    4	 0	 4	 4	 3.3153	    -5.3086	 -5.6999	 2.3048	 2.4158	 NaN	    NaN	 NaN	 NaN	 NaN	 7.1010	    6.8220	 14.3919	 18.7221	 13.4540	 NaN	    NaN	 NaN	 NaN	 NaN	 54.8438	    1	 0.4600	 1	 1.497659e+03	 1.498301e+03	    1500.8345
2	 6	 1	 26	 1	    2	 10	 9	 2	 NaN	    2	 0	 5	 5	 5.9332	    -7.4656	 0.3537	 7.2167	 -3.6886	 -6.7877	    NaN	 NaN	 NaN	 NaN	 11.3972	    11.3660	 15.2573	 15.5880	 17.1467	 4.6797	    NaN	 NaN	 NaN	 NaN	 55.9440	    1	 0.4800	 0	 1.507761e+03	 1.508453e+03	    1509.5529
2	 6	 1	 27	 1	    1	 10	 9	 4	 NaN	    4	 8	 0	 8	 -6.5084	    -6.3065	 4.3277	 -1.5027	 7.3808	 3.4379	    5.2971	 -0.5010	 6.9193	 NaN	 5.9612	    15.8560	 12.2867	 17.2911	 8.2213	 7.4170	    19.1504	 5.0731	 4.1478	 NaN	 58.3611	    1	 0.4600	 1	 1.514554e+03	 1.515171e+03	    1517.5879
2	 6	 1	 28	 1	    2	 10	 9	 1	 NaN	    2	 0	 8	 8	 -2.7963	    -2.7322	 4.5575	 2.2611	 6.7665	 -7.7835	    3.8140	 -0.9466	 -5.0598	 NaN	 4.1327	    15.7414	 18.0515	 4.1864	 6.7001	 17.0132	    10.8970	 19.3619	 12.4481	 NaN	 61.2117	    0	 0.4400	 1	 1.523439e+03	 1.524073e+03	    1526.9231
2	 6	 1	 29	 1	    2	 10	 9	 3	 NaN	    3	 0	 7	 7	 -7.1544	    -1.0475	 7.9295	 -5.3646	 3.8632	 7.3594	    4.5634	 -7.4656	 NaN	 NaN	 18.7574	    15.2874	 14.9454	 6.7001	 19.5529	 7.9161	    4.5950	 11.5876	 NaN	 NaN	 63.6122	    1	 0.4600	 0	 1.532174e+03	 1.532899e+03	    1535.2998
2	 6	 1	 30	 1	    1	 10	 9	 4	 NaN	    4	 0	 0	 0	 2.1688	    NaN	 NaN	 NaN	 NaN	 NaN	    NaN	 NaN	 NaN	 NaN	 13.6369	    NaN	 NaN	 NaN	 NaN	 NaN	    NaN	 NaN	 NaN	 NaN	 64.6457	    1	 0.4800	 0	 1.540067e+03	 1.540893e+03	    1541.9261
2	 6	 1	 31	 1	    2	 10	 9	 1	 NaN	    1	 0	 3	 3	 1.9329	    7.9968	 -6.8501	 -4.6353	 NaN	 NaN	    NaN	 NaN	 NaN	 NaN	 13.2799	    5.1201	 16.0764	 8.7697	 NaN	 NaN	    NaN	 NaN	 NaN	 NaN	 67.4129	    1	 0.5000	 0	 1.546635e+03	 1.547344e+03	    1550.1111
2	 6	 1	 32	 1	    1	 10	 9	 2	 NaN	    2	 4	 0	 4	 5.2971	    -6.5665	 3.0153	 -0.3606	 -6.5084	 NaN	    NaN	 NaN	 NaN	 NaN	 6.1573	    8.6167	 16.0228	 19.9043	 14.8234	 NaN	    NaN	 NaN	 NaN	 NaN	 69.2633	    1	 0.5200	 0	 1.554979e+03	 1.555954e+03	    1557.8043
2	 6	 1	 33	 1	    2	 10	 9	 4	 NaN	    4	 0	 6	 6	 -4.8590	    -7.0841	 5.0247	 -0.8859	 4.4617	 7.3808	    -6.3220	 NaN	 NaN	 NaN	 4.2772	    19.4432	 10.3146	 14.6987	 18.4504	 6.4119	    9.5297	 NaN	 NaN	 NaN	 71.7471	    1	 0.5400	 0	 1.562555e+03	 1.563180e+03	    1565.6642
2	 6	 1	 34	 1	    2	 10	 9	 4	 NaN	    4	 0	 0	 0	 -3.4840	    NaN	 NaN	 NaN	 NaN	 NaN	    NaN	 NaN	 NaN	 NaN	 12.1296	    NaN	 NaN	 NaN	 NaN	 NaN	    NaN	 NaN	 NaN	 NaN	 72.6557	    1	 0.5600	 0	 1.570240e+03	 1.570790e+03	    1571.6988
2	 6	 1	 35	 1	    1	 10	 9	 3	 NaN	    3	 2	 0	 2	 2.8199	    -3.2179	 -1.4371	 NaN	 NaN	 NaN	    NaN	 NaN	 NaN	 NaN	 16.9985	    4.3198	 13.3538	 NaN	 NaN	 NaN	    NaN	 NaN	 NaN	 NaN	 73.8809	    1	 0.5800	 0	 1.576766e+03	 1.577367e+03	    1578.5918
2	 6	 1	 36	 1	    1	 10	 9	 2	 NaN	    2	 5	 0	 5	 -5.0598	    5.0701	 4.6108	 5.9332	 -5.5356	 -0.4086	    NaN	 NaN	 NaN	 NaN	 4.9781	    7.4855	 16.0207	 11.5824	 16.3325	 13.8235	    NaN	 NaN	 NaN	 NaN	 76.1397	    1	 0.6000	 0	 1.583193e+03	 1.584110e+03	    1586.3684
2	 6	 1	 37	 1	    2	 10	 9	 2	 NaN	    2	 0	 8	 8	 7.0989	    -0.7453	 -3.2984	 7.2490	 -4.6225	 4.5344	    4.0451	 -7.5040	 -2.6005	 NaN	 5.1199	    4.1864	 15.6274	 15.2653	 7.5125	 10.2381	    19.5185	 16.2205	 19.8010	 NaN	 79.0569	    1	 0.6200	 0	 1.590928e+03	 1.591628e+03	    1594.5450
2	 6	 1	 38	 1	    2	 10	 9	 4	 NaN	    3	 0	 6	 6	 -6.5665	    4.4567	 -5.4907	 2.2226	 -5.1761	 7.2490	    -5.3948	 NaN	 NaN	 NaN	 10.3755	    18.4504	 14.3596	 13.5745	 4.1864	 5.6624	    19.8308	 NaN	 NaN	 NaN	 81.7657	    0	 0.6000	 0	 1.599229e+03	 1.599896e+03	    1602.6050
2	 6	 1	 39	 1	    2	 10	 9	 2	 NaN	    2	 0	 0	 0	 -6.5050	    NaN	 NaN	 NaN	 NaN	 NaN	    NaN	 NaN	 NaN	 NaN	 18.6684	    NaN	 NaN	 NaN	 NaN	 NaN	    NaN	 NaN	 NaN	 NaN	 82.8492	    1	 0.6200	 0	 1.607864e+03	 1.608648e+03	    1609.7314
2	 6	 1	 40	 1	    2	 10	 9	 4	 NaN	    4	 0	 3	 3	 -4.7689	    -0.2898	 4.1659	 5.2370	 NaN	 NaN	    NaN	 NaN	 NaN	 NaN	 4.9244	    15.5650	 17.8006	 9.7012	 NaN	 NaN	    NaN	 NaN	 NaN	 NaN	 84.2495	    1	 0.6400	 0	 1.614724e+03	 1.615299e+03	    1616.6995
2	 6	 1	 41	 1	    1	 10	 9	 4	 NaN	    4	 6	 0	 6	 5.4348	    -7.0841	 3.3105	 -0.7394	 4.8991	 -5.4907	    -5.3948	 NaN	 NaN	 NaN	 14.5780	    11.5693	 4.3246	 18.0804	 9.7012	 15.2916	    7.3761	 NaN	 NaN	 NaN	 87.2501	    1	 0.6600	 0	 1.621209e+03	 1.622151e+03	    1625.1512
2	 6	 1	 42	 1	    1	 10	 9	 4	 NaN	    4	 4	 0	 4	 -7.9523	    -6.7512	 5.1408	 1.5708	 3.4691	 NaN	    NaN	 NaN	 NaN	 NaN	 8.6551	    14.4109	 7.6753	 17.8006	 14.0880	 NaN	    NaN	 NaN	 NaN	 NaN	 89.1171	    1	 0.6800	 0	 1.630152e+03	 1.630869e+03	    1632.7361
2	 6	 1	 43	 1	    2	 10	 9	 3	 NaN	    4	 0	 1	 1	 4.1944	    -3.4840	 NaN	 NaN	 NaN	 NaN	    NaN	 NaN	 NaN	 NaN	 10.5342	    13.2197	 NaN	 NaN	 NaN	 NaN	    NaN	 NaN	 NaN	 NaN	 90.7758	    0	 0.6600	 0	 1.637770e+03	 1.638537e+03	    1640.1959
2	 6	 1	 44	 1	    2	 10	 9	 1	 NaN	    1	 0	 4	 4	 -1.5027	    -6.2080	 2.4407	 4.0378	 7.1323	 NaN	    NaN	 NaN	 NaN	 NaN	 19.5124	    8.5820	 13.7538	 5.2535	 16.2098	 NaN	    NaN	 NaN	 NaN	 NaN	 94.3598	    1	 0.6800	 0	 1.645239e+03	 1.645972e+03	    1649.5561
2	 6	 1	 45	 1	    2	 10	 9	 3	 NaN	    3	 0	 2	 2	 7.1323	    -5.9972	 3.5073	 NaN	 NaN	 NaN	    NaN	 NaN	 NaN	 NaN	 10.7564	    14.4595	 15.5089	 NaN	 NaN	 NaN	    NaN	 NaN	 NaN	 NaN	 95.6184	    1	 0.7000	 0	 1.654765e+03	 1.655316e+03	    1656.5742
2	 6	 1	 46	 1	    1	 10	 9	 3	 NaN	    3	 2	 0	 2	 3.6828	    -3.6830	 -1.1011	 NaN	 NaN	 NaN	    NaN	 NaN	 NaN	 NaN	 5.6624	    17.3558	 13.7122	 NaN	 NaN	 NaN	    NaN	 NaN	 NaN	 NaN	 96.7519	    1	 0.7200	 0	 1.661183e+03	 1.661784e+03	    1662.9171
2	 6	 1	 47	 1	    2	 10	 9	 2	 NaN	    2	 0	 7	 7	 -7.7712	    3.4124	 5.1395	 -1.6334	 7.9745	 -4.8590	    -3.0409	 7.9573	 NaN	 NaN	 15.4507	    19.4197	 10.1503	 15.5880	 17.8920	 9.8451	    5.7120	 6.0758	 NaN	 NaN	 100.2776	    1	 0.7000	 1	 1.667818e+03	 1.668685e+03	    1672.2106
2	 6	 1	 48	 1	    1	 10	 9	 2	 NaN	    2	 3	 0	 3	 -5.0841	    -1.4593	 7.9450	 1.6629	 NaN	 NaN	    NaN	 NaN	 NaN	 NaN	 6.3539	    19.7215	 9.3343	 16.3325	 NaN	 NaN	    NaN	 NaN	 NaN	 NaN	 102.0113	    1	 0.7200	 0	 1.678320e+03	 1.679012e+03	    1680.7457
2	 6	 1	 49	 1	    1	 10	 9	 1	 NaN	    1	 8	 0	 8	 4.0863	    -0.7394	 -4.5056	 7.3694	 -4.7346	 0.8094	    -6.3581	 6.0281	 -7.6381	 NaN	 17.1076	    14.7476	 19.8088	 9.7361	 6.3280	 19.9043	    10.7289	 4.8004	 15.2573	 NaN	 105.3703	    1	 0.7400	 0	 1.685980e+03	 1.686730e+03	    1690.0892
2	 6	 1	 50	 1	    2	 10	 9	 2	 NaN	    2	 0	 5	 5	 6.8044	    -5.1761	 2.9314	 3.8707	 -4.6880	 -4.0698	    NaN	 NaN	 NaN	 NaN	 16.1876	    11.3283	 17.8920	 5.3743	 5.8307	 17.4090	    NaN	 NaN	 NaN	 NaN	 107.3623	    1	 0.7600	 0	 1.694799e+03	 1.695424e+03	    1697.4157
2	 6	 1	 51	 1	    1	 10	 9	 4	 NaN	    4	 5	 0	 5	 -0.6750	    4.6124	 -5.3442	 -3.1322	 4.5023	 7.2188	    NaN	 NaN	 NaN	 NaN	 13.5745	    10.3812	 10.7706	 17.4822	 4.3631	 14.9601	    NaN	 NaN	 NaN	 NaN	 109.3794	    1	 0.7400	 1	 1.702750e+03	 1.703559e+03	    1705.5757
2	 6	 1	 52	 1	    1	 10	 9	 2	 NaN	    2	 7	 0	 7	 0.7572	    -4.0328	 2.1688	 -4.0331	 6.8569	 6.6362	    -1.1945	 -4.1876	 NaN	 NaN	 4.1874	    18.8346	 16.1919	 9.8718	 6.3799	 19.4432	    13.5743	 5.8307	 NaN	 NaN	 111.0964	    1	 0.7600	 0	 1.710868e+03	 1.711635e+03	    1713.3522
2	 6	 1	 53	 1	    1	 10	 9	 2	 NaN	    2	 1	 0	 1	 4.0247	    -2.5122	 NaN	 NaN	 NaN	 NaN	    NaN	 NaN	 NaN	 NaN	 14.5520	    4.9244	 NaN	 NaN	 NaN	 NaN	    NaN	 NaN	 NaN	 NaN	 111.8382	    1	 0.7400	 1	 1.718387e+03	 1.719137e+03	    1719.8786
2	 6	 1	 54	 1	    1	 10	 9	 1	 NaN	    1	 0	 0	 0	 -6.2846	    NaN	 NaN	 NaN	 NaN	 NaN	    NaN	 NaN	 NaN	 NaN	 19.5060	    NaN	 NaN	 NaN	 NaN	 NaN	    NaN	 NaN	 NaN	 NaN	 113.7136	    1	 0.7600	 0	 1.725280e+03	 1.725930e+03	    1727.8052
2	 6	 1	 55	 1	    2	 10	 9	 1	 NaN	    1	 0	 2	 2	 -4.0328	    4.3693	 2.7385	 NaN	 NaN	 NaN	    NaN	 NaN	 NaN	 NaN	 9.9382	    15.4507	 4.2772	 NaN	 NaN	 NaN	    NaN	 NaN	 NaN	 NaN	 115.5306	    1	 0.7800	 0	 1.733340e+03	 1.734290e+03	    1736.1068
2	 6	 1	 56	 1	    1	 10	 9	 3	 NaN	    3	 0	 0	 0	 -4.8636	    NaN	 NaN	 NaN	 NaN	 NaN	    NaN	 NaN	 NaN	 NaN	 9.1906	    NaN	 NaN	 NaN	 NaN	 NaN	    NaN	 NaN	 NaN	 NaN	 116.6808	    1	 0.8000	 0	 1.740541e+03	 1.741191e+03	    1742.3414
2	 6	 1	 57	 1	    1	 10	 9	 2	 NaN	    2	 8	 0	 8	 4.2810	    -3.1921	 -1.7159	 2.7021	 2.7945	 7.2795	    -1.4023	 -6.6628	 -7.4572	 NaN	 5.2836	    11.9658	 18.2667	 17.7497	 13.7356	 13.0324	    4.2539	 5.9761	 18.6267	 NaN	 121.8068	    1	 0.8200	 0	 1.747334e+03	 1.748168e+03	    1753.2936
2	 6	 1	 58	 1	    2	 10	 9	 1	 NaN	    1	 0	 8	 8	 -5.6999	    -4.4062	 3.1174	 -7.7517	 4.5235	 7.8305	    2.9632	 -1.5900	 7.3594	 NaN	 11.3244	    15.4610	 12.5997	 7.6067	 16.8438	 9.3992	    4.6794	 19.8713	 19.8713	 NaN	 126.3243	    1	 0.8400	 0	 1.758578e+03	 1.759170e+03	    1763.6874
2	 6	 1	 59	 1	    2	 10	 9	 3	 NaN	    3	 0	 6	 6	 -7.6049	    -7.7579	 5.7646	 1.2897	 -2.5065	 4.7668	    -3.3129	 NaN	 NaN	 NaN	 14.4702	    7.5728	 18.0709	 4.6848	 15.9758	 7.4827	    5.7800	 NaN	 NaN	 NaN	 128.8498	    1	 0.8200	 1	 1.768555e+03	 1.769072e+03	    1771.5973
2	 6	 1	 60	 1	    2	 10	 9	 4	 NaN	    4	 0	 4	 4	 -4.7203	    3.3153	 6.1086	 -4.6864	 0.1394	 NaN	    NaN	 NaN	 NaN	 NaN	 12.8754	    5.7800	 12.2410	 5.8137	 19.9566	 NaN	    NaN	 NaN	 NaN	 NaN	 131.7921	    1	 0.8400	 0	 1.776798e+03	 1.777499e+03	    1780.4408
2	 6	 1	 61	 1	    1	 10	 9	 1	 NaN	    2	 4	 0	 4	 0.7947	    -4.7388	 6.9399	 -5.3361	 6.0849	 NaN	    NaN	 NaN	 NaN	 NaN	 15.4507	    15.5555	 9.8451	 10.2887	 17.8920	 NaN	    NaN	 NaN	 NaN	 NaN	 134.0592	    0	 0.8200	 0	 1.785225e+03	 1.785758e+03	    1788.0256
2	 6	 1	 62	 1	    1	 10	 9	 4	 NaN	    4	 7	 0	 7	 -5.3161	    6.7622	 -0.4839	 5.4479	 3.5441	 -5.2845	    -3.5132	 4.8202	 NaN	 NaN	 6.3725	    13.2245	 19.5932	 4.1478	 18.8296	 11.6227	    15.7900	 8.3413	 NaN	 NaN	 136.0513	    1	 0.8000	 1	 1.793093e+03	 1.793643e+03	    1795.6355
2	 6	 1	 63	 1	    1	 10	 9	 1	 NaN	    1	 1	 0	 1	 2.4768	    -6.5050	 NaN	 NaN	 NaN	 NaN	    NaN	 NaN	 NaN	 NaN	 5.1545	    17.4979	 NaN	 NaN	 NaN	 NaN	    NaN	 NaN	 NaN	 NaN	 137.9350	    1	 0.8200	 0	 1.802562e+03	 1.803487e+03	    1805.3708
2	 6	 1	 64	 1	    1	 10	 9	 3	 NaN	    3	 2	 0	 2	 -2.5065	    4.1982	 3.4730	 NaN	 NaN	 NaN	    NaN	 NaN	 NaN	 NaN	 16.3115	    4.9718	 13.2197	 NaN	 NaN	 NaN	    NaN	 NaN	 NaN	 NaN	 139.2853	    1	 0.8400	 0	 1.810097e+03	 1.810839e+03	    1812.1888
2	 6	 1	 65	 1	    2	 10	 9	 2	 NaN	    2	 0	 1	 1	 6.5936	    -2.3656	 NaN	 NaN	 NaN	 NaN	    NaN	 NaN	 NaN	 NaN	 5.2177	    15.3026	 NaN	 NaN	 NaN	 NaN	    NaN	 NaN	 NaN	 NaN	 141.0773	    1	 0.8600	 0	 1.816981e+03	 1.817840e+03	    1819.6320
2	 6	 1	 66	 1	    1	 10	 9	 1	 NaN	    1	 3	 0	 3	 3.0514	    -5.7568	 5.3752	 -5.4348	 NaN	 NaN	    NaN	 NaN	 NaN	 NaN	 5.2041	    17.0991	 15.1605	 9.2218	 NaN	 NaN	    NaN	 NaN	 NaN	 NaN	 142.9527	    1	 0.8800	 0	 1.824466e+03	 1.825441e+03	    1827.3169
2	 6	 1	 67	 1	    2	 10	 9	 4	 NaN	    4	 0	 7	 7	 7.9450	    -0.7606	 -5.1761	 0.1784	 -5.5529	 4.8202	    -7.6604	 5.0303	 NaN	 NaN	 10.5905	    15.1200	 14.4266	 19.7154	 5.2836	 5.6837	    10.7886	 17.7518	 NaN	 NaN	 145.1365	    1	 0.9000	 0	 1.832059e+03	 1.832651e+03	    1834.8351
2	 6	 1	 68	 1	    1	 10	 9	 4	 NaN	    4	 6	 0	 6	 -5.0598	    -3.6069	 2.0043	 -4.7547	 6.2378	 6.8569	    6.4433	 NaN	 NaN	 NaN	 4.0613	    14.0085	 19.3410	 9.8569	 13.8881	 4.7943	    9.6323	 NaN	 NaN	 NaN	 148.2371	    1	 0.9200	 0	 1.839394e+03	 1.840269e+03	    1843.3701
2	 6	 1	 69	 1	    2	 10	 9	 4	 NaN	    3	 0	 5	 5	 2.7021	    -5.6901	 7.8191	 -6.0821	 0.7500	 -7.5608	    NaN	 NaN	 NaN	 NaN	 15.6274	    6.0119	 15.1200	 11.3660	 4.2737	 17.8506	    NaN	 NaN	 NaN	 NaN	 150.2625	    0	 0.9000	 0	 1.848271e+03	 1.849163e+03	    1851.1883
2	 6	 1	 70	 1	    2	 10	 9	 3	 NaN	    3	 0	 3	 3	 4.6108	    -5.3086	 6.7665	 -5.6866	 NaN	 NaN	    NaN	 NaN	 NaN	 NaN	 5.1201	    12.1020	 17.8546	 7.5919	 NaN	 NaN	    NaN	 NaN	 NaN	 NaN	 151.4544	    1	 0.9200	 0	 1.856148e+03	 1.856748e+03	    1857.9397
2	 6	 1	 71	 1	    1	 10	 9	 4	 NaN	    4	 5	 0	 5	 7.9450	    -6.6947	 3.3214	 4.3984	 -0.7372	 -2.6338	    NaN	 NaN	 NaN	 NaN	 15.3781	    8.6977	 17.5070	 9.2500	 5.2041	 17.0879	    NaN	 NaN	 NaN	 NaN	 153.5048	    1	 0.9400	 0	 1.864349e+03	 1.865208e+03	    1867.2582
2	 6	 1	 72	 1	    2	 10	 9	 4	 NaN	    3	 0	 0	 0	 -5.4348	    NaN	 NaN	 NaN	 NaN	 NaN	    NaN	 NaN	 NaN	 NaN	 13.3442	    NaN	 NaN	 NaN	 NaN	 NaN	    NaN	 NaN	 NaN	 NaN	 154.9718	    0	 0.9200	 0	 1.871809e+03	 1.872318e+03	    1873.7846
2	 6	 1	 73	 1	    2	 10	 9	 4	 NaN	    4	 0	 8	 8	 -0.7709	    7.1325	 3.4691	 -4.6492	 -5.9972	 7.7748	    -6.3472	 0.0153	 4.3984	 NaN	 19.7802	    10.8007	 13.3268	 12.7415	 7.4208	 5.2535	    18.1919	 4.4982	 18.1787	 NaN	 157.2305	    1	 0.9400	 0	 1.878694e+03	 1.879544e+03	    1881.8028
2	 6	 1	 74	 1	    2	 10	 9	 1	 NaN	    1	 0	 3	 3	 -4.2299	    7.8305	 5.4962	 -2.1599	 NaN	 NaN	    NaN	 NaN	 NaN	 NaN	 9.2694	    15.2595	 19.1630	 4.2827	 NaN	 NaN	    NaN	 NaN	 NaN	 NaN	 158.8725	    1	 0.9600	 0	 1.886562e+03	 1.887079e+03	    1888.7209
2	 6	 1	 75	 1	    1	 10	 9	 4	 NaN	    4	 0	 0	 0	 0.7068	    NaN	 NaN	 NaN	 NaN	 NaN	    NaN	 NaN	 NaN	 NaN	 15.1200	    NaN	 NaN	 NaN	 NaN	 NaN	    NaN	 NaN	 NaN	 NaN	 159.8977	    1	 0.9400	 1	 1.893530e+03	 1.894272e+03	    1895.2972
2	 6	 1	 76	 1	    2	 10	 9	 3	 NaN	    4	 0	 1	 1	 -5.6999	    4.1982	 NaN	 NaN	 NaN	 NaN	    NaN	 NaN	 NaN	 NaN	 15.7049	    5.8410	 NaN	 NaN	 NaN	 NaN	    NaN	 NaN	 NaN	 NaN	 162.1148	    0	 0.9200	 0	 1.900615e+03	 1.901173e+03	    1903.3905
2	 6	 1	 77	 1	    2	 10	 9	 2	 NaN	    1	 0	 2	 2	 4.8991	    -5.1761	 7.2500	 NaN	 NaN	 NaN	    NaN	 NaN	 NaN	 NaN	 19.5518	    6.7361	 4.2539	 NaN	 NaN	 NaN	    NaN	 NaN	 NaN	 NaN	 164.1652	    0	 0.9000	 0	 1.908225e+03	 1.909100e+03	    1911.1504
2	 6	 1	 78	 1	    2	 10	 9	 2	 NaN	    2	 0	 4	 4	 -4.5056	    0.7271	 -7.0659	 4.5634	 5.6068	 NaN	    NaN	 NaN	 NaN	 NaN	 4.4113	    14.5785	 7.9183	 18.5200	 8.0127	 NaN	    NaN	 NaN	 NaN	 NaN	 166.3906	    1	 0.9200	 0	 1.915801e+03	 1.916727e+03	    1918.9519
2	 6	 1	 79	 1	    2	 10	 9	 2	 NaN	    2	 0	 7	 7	 -6.5854	    6.5169	 -1.1544	 3.4691	 -4.8647	 -2.4867	    6.8094	 2.7655	 NaN	 NaN	 15.1634	    4.7121	 19.2942	 18.2103	 11.1945	 4.8428	    10.3741	 13.9946	 NaN	 NaN	 168.3661	    1	 0.9000	 1	 1.924928e+03	 1.925787e+03	    1927.7621
2	 6	 1	 80	 1	    1	 10	 9	 4	 NaN	    4	 4	 0	 4	 -0.9461	    -5.7181	 5.2450	 6.9458	 1.8877	 NaN	    NaN	 NaN	 NaN	 NaN	 19.0650	    15.1634	 10.3741	 6.5560	 15.7900	 NaN	    NaN	 NaN	 NaN	 NaN	 170.2665	    1	 0.9200	 0	 1.933230e+03	 1.933963e+03	    1935.8637
2	 6	 1	 81	 1	    1	 10	 9	 1	 NaN	    1	 7	 0	 7	 6.8392	    -4.2299	 -5.6866	 3.3000	 3.4379	 -2.4867	    1.6385	 -7.8478	 NaN	 NaN	 17.9213	    14.0350	 7.3213	 4.3460	 12.9892	 4.8428	    18.4774	 10.8209	 NaN	 NaN	 172.8920	    1	 0.9000	 1	 1.940698e+03	 1.941473e+03	    1944.0987
2	 6	 1	 82	 1	    1	 10	 9	 4	 NaN	    4	 6	 0	 6	 -4.8636	    3.4232	 -5.7181	 6.1693	 5.1553	 -1.9971	    2.5247	 NaN	 NaN	 NaN	 12.2243	    19.0946	 6.5447	 4.2405	 11.5252	 19.8355	    14.5520	 NaN	 NaN	 NaN	 174.8673	    1	 0.9200	 0	 1.950075e+03	 1.950883e+03	    1952.8588
2	 6	 1	 83	 1	    1	 10	 9	 3	 NaN	    3	 3	 0	 3	 4.4480	    -5.8486	 7.9745	 -3.1322	 NaN	 NaN	    NaN	 NaN	 NaN	 NaN	 16.6595	    4.2827	 10.0164	 15.8623	 NaN	 NaN	    NaN	 NaN	 NaN	 NaN	 176.9844	    1	 0.9000	 1	 1.957393e+03	 1.958302e+03	    1960.4186
2	 6	 1	 84	 1	    1	 10	 9	 3	 NaN	    3	 1	 0	 1	 5.8430	    -0.7614	 NaN	 NaN	 NaN	 NaN	    NaN	 NaN	 NaN	 NaN	 19.7802	    5.3255	 NaN	 NaN	 NaN	 NaN	    NaN	 NaN	 NaN	 NaN	 177.9679	    1	 0.9200	 0	 1.969320e+03	 1.970104e+03	    1971.0874
2	 6	 1	 85	 1	    2	 10	 9	 4	 NaN	    4	 0	 6	 6	 7.5033	    6.8044	 -7.1695	 -2.7400	 -1.4371	 2.3170	    4.6108	 NaN	 NaN	 NaN	 7.7724	    17.4009	 5.5410	 12.6984	 5.2041	 17.4252	    4.3970	 NaN	 NaN	 NaN	 179.7183	    1	 0.9000	 1	 1.976088e+03	 1.977072e+03	    1978.8223
2	 6	 1	 86	 1	    1	 10	 9	 1	 NaN	    1	 2	 0	 2	 7.4581	    -2.5122	 6.2723	 NaN	 NaN	 NaN	    NaN	 NaN	 NaN	 NaN	 7.4701	    16.3264	 17.4090	 NaN	 NaN	 NaN	    NaN	 NaN	 NaN	 NaN	 181.7687	    1	 0.9200	 0	 2.019472e+03	 2.020431e+03	    2022.4811
2	 6	 1	 87	 1	    1	 10	 9	 2	 NaN	    2	 8	 0	 8	 -7.1695	    7.0542	 -7.4656	 0.3353	 -1.2524	 -3.6613	    5.4628	 3.0002	 6.7327	 NaN	 5.2041	    5.6837	 12.7797	 16.9096	 5.2288	 15.9758	    14.1348	 5.2836	 18.1129	 NaN	 184.4693	    1	 0.9400	 0	 2.027015e+03	 2.027574e+03	    2030.2744
2	 6	 1	 88	 1	    1	 10	 9	 3	 NaN	    3	 5	 0	 5	 0.0086	    -3.1810	 -7.8078	 -4.0698	 1.5382	 5.2450	    NaN	 NaN	 NaN	 NaN	 4.2772	    12.5295	 19.5529	 4.8581	 16.5511	 5.6316	    NaN	 NaN	 NaN	 NaN	 186.5030	    1	 0.9600	 0	 2.035134e+03	 2.035942e+03	    2037.9759
2	 6	 1	 89	 1	    2	 10	 9	 1	 NaN	    2	 0	 5	 5	 -4.0564	    6.9497	 0.0441	 4.0451	 -3.2254	 -4.0328	    NaN	 NaN	 NaN	 NaN	 16.9816	    11.3283	 15.5233	 16.6321	 6.5651	 11.8214	    NaN	 NaN	 NaN	 NaN	 188.1950	    0	 0.9400	 0	 2.043127e+03	 2.043685e+03	    2045.3774
2	 6	 1	 90	 1	    2	 10	 9	 3	 NaN	    3	 0	 0	 0	 -6.0828	    NaN	 NaN	 NaN	 NaN	 NaN	    NaN	 NaN	 NaN	 NaN	 15.5772	    NaN	 NaN	 NaN	 NaN	 NaN	    NaN	 NaN	 NaN	 NaN	 189.3869	    1	 0.9600	 0	 2.049920e+03	 2.050662e+03	    2051.8537
2	 6	 1	 91	 1	    2	 10	 9	 1	 NaN	    1	 0	 3	 3	 3.5034	    -3.7118	 -7.9528	 7.1323	 NaN	 NaN	    NaN	 NaN	 NaN	 NaN	 17.9411	    11.2827	 11.3283	 12.0978	 NaN	 NaN	    NaN	 NaN	 NaN	 NaN	 191.6040	    1	 0.9800	 0	 2.056746e+03	 2.057655e+03	    2059.8720
2	 6	 1	 92	 1	    2	 10	 9	 2	 NaN	    2	 0	 1	 1	 -5.4713	    3.2182	 NaN	 NaN	 NaN	 NaN	    NaN	 NaN	 NaN	 NaN	 4.6587	    18.0475	 NaN	 NaN	 NaN	 NaN	    NaN	 NaN	 NaN	 NaN	 193.0876	    1	 1.0000	 0	 2.065123e+03	 2.065773e+03	    2067.2568
2	 6	 1	 93	 1	    1	 10	 9	 4	 NaN	    4	 7	 0	 7	 -4.7643	    5.0303	 -7.3291	 -6.8501	 -2.2592	 7.6952	    6.2378	 6.0849	 NaN	 NaN	 11.7807	    15.8623	 19.0650	 4.9781	 16.8231	 19.1446	    6.7560	 10.7870	 NaN	 NaN	 196.5716	    1	 1.0200	 0	 2.071891e+03	 2.072758e+03	    2076.2419
2	 6	 1	 94	 1	    1	 10	 9	 4	 NaN	    4	 3	 0	 3	 -3.7535	    4.5575	 6.6366	 -0.0483	 NaN	 NaN	    NaN	 NaN	 NaN	 NaN	 6.8768	    11.9181	 18.5109	 17.4680	 NaN	 NaN	    NaN	 NaN	 NaN	 NaN	 198.7721	    1	 1.0400	 0	 2.081468e+03	 2.082360e+03	    2084.5603
2	 6	 1	 95	 1	    2	 10	 9	 2	 NaN	    2	 0	 8	 8	 -5.9218	    5.7003	 3.9825	 1.9547	 -4.6560	 6.5050	    -0.2281	 -3.2990	 1.1070	 NaN	 9.7140	    11.5118	 5.2836	 14.9215	 15.4610	 19.0650	    4.0648	 19.7525	 18.9001	 NaN	 201.9893	    1	 1.0600	 0	 2.089128e+03	 2.090011e+03	    2093.2287
2	 6	 1	 96	 1	    1	 10	 9	 4	 NaN	    4	 1	 0	 1	 0.8237	    -0.2949	 NaN	 NaN	 NaN	 NaN	    NaN	 NaN	 NaN	 NaN	 19.1448	    5.2177	 NaN	 NaN	 NaN	 NaN	    NaN	 NaN	 NaN	 NaN	 202.9979	    1	 1.0800	 0	 2.097846e+03	 2.098496e+03	    2099.5050
2	 6	 1	 97	 1	    2	 10	 9	 3	 NaN	    3	 0	 2	 2	 7.4476	    -3.6613	 -7.3011	 NaN	 NaN	 NaN	    NaN	 NaN	 NaN	 NaN	 4.6135	    14.2078	 6.9145	 NaN	 NaN	 NaN	    NaN	 NaN	 NaN	 NaN	 204.2815	    1	 1.1000	 0	 2.104281e+03	 2.104873e+03	    2106.1563
2	 6	 1	 98	 1	    2	 10	 9	 3	 NaN	    4	 0	 7	 7	 4.8112	    1.0702	 4.8112	 -5.5529	 -7.2321	 -4.4898	    2.7329	 -1.6334	 NaN	 NaN	 9.3343	    13.4891	 15.6613	 5.1199	 14.5361	 11.3972	    5.0937	 18.2667	 NaN	 NaN	 206.7820	    0	 1.0800	 1	 2.110666e+03	 2.111249e+03	    2113.7495
2	 6	 1	 99	 1	    1	 10	 9	 4	 NaN	    4	 8	 0	 8	 -3.6613	    -1.1945	 1.9652	 5.3819	 -2.5122	 -5.6857	    4.7799	 5.8796	 0.7947	 NaN	 19.7802	    5.6352	 14.2605	 5.4245	 13.6780	 7.6397	    10.9149	 16.5511	 18.2103	 NaN	 209.1991	    1	 1.1000	 0	 2.120042e+03	 2.121043e+03	    2123.4597
2	 6	 1	 100	 1	    2	 10	 9	 3	 NaN	    4	 0	 4	 4	 5.0531	    -6.5573	 -7.5040	 5.2188	 1.4508	 NaN	    NaN	 NaN	 NaN	 NaN	 12.0106	    12.1961	 4.2827	 17.0991	 5.0349	 NaN	    NaN	 NaN	 NaN	 NaN	 211.8913	    0	 1.0800	 0	 2.128144e+03	 2.129069e+03	    2131.7614
2	 6	 1	 101	 1	    2	 10	 9	 3	 NaN	    3	 0	 6	 6	 6.4920	    -5.4713	 -3.0409	 0.9328	 -3.0600	 2.8199	    2.4407	 NaN	 NaN	 NaN	 9.0296	    17.5651	 13.7122	 15.1229	 5.9948	 4.2737	    19.6570	 NaN	 NaN	 NaN	 214.7918	    1	 1.0600	 1	 2.136671e+03	 2.137488e+03	    2140.3882
2	 6	 1	 102	 1	    2	 10	 9	 3	 NaN	    3	 0	 5	 5	 6.6653	    7.1391	 -4.6225	 1.8418	 -7.8103	 -3.2888	    NaN	 NaN	 NaN	 NaN	 16.2205	    11.3519	 4.2002	 17.0236	 11.2827	 18.8296	    NaN	 NaN	 NaN	 NaN	 216.4005	    1	 1.0800	 0	 2.145906e+03	 2.146748e+03	    2148.3565
2	 6	 1	 103	 1	    1	 10	 9	 2	 NaN	    2	 2	 0	 2	 -3.4203	    6.6362	 1.6385	 NaN	 NaN	 NaN	    NaN	 NaN	 NaN	 NaN	 17.8296	    10.6477	 16.4178	 NaN	 NaN	 NaN	    NaN	 NaN	 NaN	 NaN	 217.7008	    1	 1.1000	 0	 2.153074e+03	 2.154066e+03	    2155.3662
2	 6	 1	 104	 1	    1	 10	 9	 2	 NaN	    2	 6	 0	 6	 6.8433	    7.3726	 -0.7537	 -4.9359	 -7.7157	 6.8055	    1.6840	 NaN	 NaN	 NaN	 15.2429	    11.1709	 15.1229	 11.5876	 17.4586	 5.0763	    4.3108	 NaN	 NaN	 NaN	 218.6343	    1	 1.1200	 0	 2.160301e+03	 2.161301e+03	    2162.2342
2	 6	 1	 105	 1	    1	 10	 9	 1	 NaN	    1	 5	 0	 5	 -4.1460	    6.5158	 -0.2949	 2.0710	 6.4920	 -7.4572	    NaN	 NaN	 NaN	 NaN	 15.2485	    19.5185	 4.2002	 18.1062	 9.7012	 6.3539	    NaN	 NaN	 NaN	 NaN	 220.3263	    1	 1.1400	 0	 2.167260e+03	 2.168027e+03	    2169.7191
2	 6	 1	 106	 1	    2	 10	 9	 2	 NaN	    1	 0	 0	 0	 -1.4185	    NaN	 NaN	 NaN	 NaN	 NaN	    NaN	 NaN	 NaN	 NaN	 13.4891	    NaN	 NaN	 NaN	 NaN	 NaN	    NaN	 NaN	 NaN	 NaN	 221.9183	    0	 1.1200	 0	 2.176745e+03	 2.177529e+03	    2179.1210
2	 6	 1	 107	 1	    1	 10	 9	 3	 NaN	    3	 4	 0	 4	 6.3756	    -5.0598	 0.2022	 -7.3070	 3.4730	 NaN	    NaN	 NaN	 NaN	 NaN	 11.1261	    11.5747	 17.4252	 19.5124	 7.0127	 NaN	    NaN	 NaN	 NaN	 NaN	 223.1352	    1	 1.1400	 0	 2.186856e+03	 2.187564e+03	    2188.7812
2	 6	 1	 108	 1	    1	 10	 9	 1	 NaN	    1	 0	 0	 0	 5.9332	    NaN	 NaN	 NaN	 NaN	 NaN	    NaN	 NaN	 NaN	 NaN	 13.8149	    NaN	 NaN	 NaN	 NaN	 NaN	    NaN	 NaN	 NaN	 NaN	 224.9355	    1	 1.1600	 0	 2.193882e+03	 2.194716e+03	    2196.5161
2	 6	 1	 109	 1	    1	 10	 9	 2	 NaN	    2	 8	 0	 8	 6.8433	    -1.5623	 -7.9523	 -4.6780	 2.7007	 -5.5972	    3.8140	 6.8044	 6.3230	 NaN	 14.7275	    4.9556	 4.5950	 13.5743	 16.4561	 7.9183	    5.5410	 19.7803	 10.3401	 NaN	 228.3695	    1	 1.1800	 0	 2.201042e+03	 2.201609e+03	    2205.0428
2	 6	 1	 110	 1	    2	 10	 9	 4	 NaN	    4	 0	 6	 6	 7.7573	    -2.2296	 -3.2354	 3.9825	 1.0370	 -5.3161	    5.8796	 NaN	 NaN	 NaN	 11.0655	    17.4009	 7.1465	 14.2157	 5.0731	 13.2811	    5.9055	 NaN	 NaN	 NaN	 229.9948	    1	 1.2000	 0	 2.209835e+03	 2.210511e+03	    2212.1359
2	 6	 1	 111	 1	    1	 10	 9	 4	 NaN	    4	 4	 0	 4	 -3.1101	    5.9302	 1.7774	 -6.8488	 -3.7048	 NaN	    NaN	 NaN	 NaN	 NaN	 12.3085	    4.9781	 16.1823	 6.7987	 18.9255	 NaN	    NaN	 NaN	 NaN	 NaN	 232.2702	    1	 1.1800	 1	 2.216804e+03	 2.217720e+03	    2219.9958
2	 6	 1	 112	 1	    1	 10	 9	 2	 NaN	    2	 0	 0	 0	 3.3153	    NaN	 NaN	 NaN	 NaN	 NaN	    NaN	 NaN	 NaN	 NaN	 18.4203	    NaN	 NaN	 NaN	 NaN	 NaN	    NaN	 NaN	 NaN	 NaN	 233.4204	    1	 1.2000	 0	 2.225430e+03	 2.226097e+03	    2227.2473
2	 6	 1	 113	 1	    2	 10	 9	 4	 NaN	    4	 0	 8	 8	 -7.5319	    -7.2321	 -6.9090	 -1.6627	 5.7713	 0.2784	    1.9693	 4.0823	 7.8399	 NaN	 11.8889	    4.1925	 17.2911	 15.5233	 18.8813	 19.8947	    4.6968	 9.9653	 4.1874	 NaN	 234.8374	    1	 1.1800	 1	 2.232432e+03	 2.233032e+03	    2234.4487
2	 6	 1	 114	 1	    1	 10	 9	 3	 NaN	    3	 6	 0	 6	 7.0989	    -7.4572	 6.6653	 7.7037	 -0.5010	 -5.9218	    3.0265	 NaN	 NaN	 NaN	 15.4432	    18.2667	 4.4113	 9.3992	 15.5555	 5.5884	    18.9255	 NaN	 NaN	 NaN	 238.0213	    1	 1.2000	 0	 2.242400e+03	 2.243267e+03	    2246.4512
2	 6	 1	 115	 1	    2	 10	 9	 3	 NaN	    3	 0	 2	 2	 -4.0764	    4.6260	 1.3224	 NaN	 NaN	 NaN	    NaN	 NaN	 NaN	 NaN	 4.0613	    12.5399	 15.9401	 NaN	 NaN	 NaN	    NaN	 NaN	 NaN	 NaN	 239.6467	    1	 1.2200	 0	 2.251652e+03	 2.252327e+03	    2253.9527
2	 6	 1	 116	 1	    2	 10	 9	 1	 NaN	    1	 0	 7	 7	 -6.2930	    5.0856	 1.1046	 7.3587	 -2.0665	 -5.3311	    -0.2476	 7.3726	 NaN	 NaN	 15.5650	    11.2868	 17.4979	 7.8370	 13.7122	 10.7564	    5.0763	 14.7275	 NaN	 NaN	 242.8557	    1	 1.2400	 0	 2.258579e+03	 2.259220e+03	    2262.4294
2	 6	 1	 117	 1	    1	 10	 9	 4	 NaN	    3	 3	 0	 3	 0.7252	    7.7037	 -7.0820	 -3.7535	 NaN	 NaN	    NaN	 NaN	 NaN	 NaN	 16.2205	    5.5884	 11.3824	 15.3781	 NaN	 NaN	    NaN	 NaN	 NaN	 NaN	 245.0645	    0	 1.2200	 1	 2.268631e+03	 2.269264e+03	    2271.4729
2	 6	 1	 118	 1	    1	 10	 9	 1	 NaN	    1	 5	 0	 5	 -7.7763	    -5.6866	 -3.0194	 1.6917	 6.9458	 0.7271	    NaN	 NaN	 NaN	 NaN	 14.5705	    9.3633	 5.6837	 13.3822	 6.3974	 19.5932	    NaN	 NaN	 NaN	 NaN	 247.8984	    1	 1.2400	 0	 2.278091e+03	 2.278966e+03	    2281.7999
2	 6	 1	 119	 1	    1	 10	 9	 2	 NaN	    2	 7	 0	 7	 -5.4713	    -0.4994	 6.1272	 1.3294	 6.5158	 4.6359	    -4.8636	 -7.8946	 NaN	 NaN	 14.8234	    16.8746	 9.3343	 4.7705	 19.1448	 15.5880	    9.5827	 4.0613	 NaN	 NaN	 249.0986	    1	 1.2200	 1	 2.286693e+03	 2.287509e+03	    2288.7097
2	 6	 1	 120	 1	    2	 10	 9	 1	 NaN	    2	 0	 0	 0	 -0.6872	    NaN	 NaN	 NaN	 NaN	 NaN	    NaN	 NaN	 NaN	 NaN	 15.4610	    NaN	 NaN	 NaN	 NaN	 NaN	    NaN	 NaN	 NaN	 NaN	 250.4655	    0	 1.2000	 0	 2.295003e+03	 2.295553e+03	    2296.9196
2	 6	 1	 121	 1	    1	 10	 9	 2	 NaN	    2	 1	 0	 1	 -4.6864	    6.5158	 NaN	 NaN	 NaN	 NaN	    NaN	 NaN	 NaN	 NaN	 17.4400	    11.5172	 NaN	 NaN	 NaN	 NaN	    NaN	 NaN	 NaN	 NaN	 251.4574	    1	 1.2200	 0	 2.302921e+03	 2.303571e+03	    2304.5628
2	 6	 1	 122	 1	    2	 10	 9	 1	 NaN	    1	 0	 5	 5	 -5.3311	    5.4962	 0.4800	 -1.4371	 7.3594	 -7.8946	    NaN	 NaN	 NaN	 NaN	 14.9215	    9.2751	 18.0940	 4.4982	 12.9618	 9.3456	    NaN	 NaN	 NaN	 NaN	 253.2577	    1	 1.2400	 0	 2.309064e+03	 2.309664e+03	    2311.4642
2	 6	 1	 123	 1	    2	 10	 9	 4	 NaN	    3	 0	 4	 4	 -3.7048	    3.4232	 5.7876	 -0.5185	 3.5690	 NaN	    NaN	 NaN	 NaN	 NaN	 5.9891	    5.9891	 15.6013	 15.5499	 18.9454	 NaN	    NaN	 NaN	 NaN	 NaN	 256.0416	    0	 1.2200	 1	 2.315990e+03	 2.316774e+03	    2319.5575
2	 6	 1	 124	 1	    2	 10	 9	 4	 NaN	    4	 0	 1	 1	 6.6366	    -3.2354	 NaN	 NaN	 NaN	 NaN	    NaN	 NaN	 NaN	 NaN	 10.1598	    16.9488	 NaN	 NaN	 NaN	 NaN	    NaN	 NaN	 NaN	 NaN	 257.3585	    1	 1.2400	 0	 2.327259e+03	 2.328193e+03	    2329.5095
2	 6	 1	 125	 1	    1	 10	 9	 1	 NaN	    1	 2	 0	 2	 -7.2595	    2.5247	 -3.0194	 NaN	 NaN	 NaN	    NaN	 NaN	 NaN	 NaN	 5.5510	    13.5745	 14.2078	 NaN	 NaN	 NaN	    NaN	 NaN	 NaN	 NaN	 259.4756	    1	 1.2200	 1	 2.334419e+03	 2.335302e+03	    2337.4194
2	 6	 1	 126	 1	    2	 10	 9	 4	 NaN	    4	 0	 3	 3	 -1.4090	    5.2207	 -6.2846	 7.0200	 NaN	 NaN	    NaN	 NaN	 NaN	 NaN	 16.5875	    8.9207	 8.8279	 14.0228	 NaN	 NaN	    NaN	 NaN	 NaN	 NaN	 261.4009	    1	 1.2400	 0	 2.344721e+03	 2.345271e+03	    2347.1964
2	 6	 1	 127	 1	    2	 10	 9	 3	 NaN	    3	 0	 1	 1	 5.4479	    -6.2058	 NaN	 NaN	 NaN	 NaN	    NaN	 NaN	 NaN	 NaN	 15.2916	    11.1227	 NaN	 NaN	 NaN	 NaN	    NaN	 NaN	 NaN	 NaN	 262.3428	    1	 1.2200	 1	 2.352331e+03	 2.353164e+03	    2354.1062
2	 6	 1	 128	 1	    1	 10	 9	 2	 NaN	    1	 2	 0	 2	 -4.5463	    7.4553	 6.2537	 NaN	 NaN	 NaN	    NaN	 NaN	 NaN	 NaN	 13.2671	    8.7798	 17.3558	 NaN	 NaN	 NaN	    NaN	 NaN	 NaN	 NaN	 264.4682	    0	 1.2000	 1	 2.359616e+03	 2.360549e+03	    2362.6745
2	 6	 1	 129	 1	    2	 10	 9	 3	 NaN	    3	 0	 7	 7	 -5.0598	    4.5824	 5.3752	 -2.2296	 0.2063	 7.7037	    -6.9090	 -5.3442	 NaN	 NaN	 16.9096	    10.1092	 5.6624	 5.4772	 15.6424	 12.6988	    6.7081	 12.5295	 NaN	 NaN	 266.4519	    1	 1.2200	 0	 2.368167e+03	 2.368959e+03	    2370.9429
2	 6	 1	 130	 1	    2	 10	 9	 2	 NaN	    2	 0	 4	 4	 7.4476	    -7.6202	 -0.2949	 3.6053	 -2.8148	 NaN	    NaN	 NaN	 NaN	 NaN	 10.6457	    8.4575	 19.2874	 13.2397	 14.3326	 NaN	    NaN	 NaN	 NaN	 NaN	 268.3189	    1	 1.2400	 0	 2.376086e+03	 2.376719e+03	    2378.5861
2	 6	 1	 131	 1	    1	 10	 9	 4	 NaN	    4	 3	 0	 3	 -3.2888	    -1.9207	 3.9725	 7.4551	 NaN	 NaN	    NaN	 NaN	 NaN	 NaN	 14.5361	    5.1199	 5.8698	 17.1467	 NaN	 NaN	    NaN	 NaN	 NaN	 NaN	 270.0359	    1	 1.2600	 0	 2.383170e+03	 2.383745e+03	    2385.4625
2	 6	 1	 132	 1	    1	 10	 9	 4	 NaN	    4	 0	 0	 0	 -4.7210	    NaN	 NaN	 NaN	 NaN	 NaN	    NaN	 NaN	 NaN	 NaN	 12.7129	    NaN	 NaN	 NaN	 NaN	 NaN	    NaN	 NaN	 NaN	 NaN	 270.9110	    1	 1.2800	 0	 2.390080e+03	 2.390922e+03	    2391.7970
2	 6	 1	 133	 1	    2	 10	 9	 2	 NaN	    2	 0	 0	 0	 -7.3947	    NaN	 NaN	 NaN	 NaN	 NaN	    NaN	 NaN	 NaN	 NaN	 10.8007	    NaN	 NaN	 NaN	 NaN	 NaN	    NaN	 NaN	 NaN	 NaN	 271.7279	    1	 1.3000	 0	 2.396406e+03	 2.397023e+03	    2397.8399
2	 6	 1	 134	 1	    2	 10	 9	 4	 NaN	    3	 0	 5	 5	 3.7381	    7.4553	 -3.0940	 -4.9230	 4.0560	 -7.7579	    NaN	 NaN	 NaN	 NaN	 13.5792	    18.2667	 16.4029	 11.9181	 8.2232	 5.0234	    NaN	 NaN	 NaN	 NaN	 272.7781	    0	 1.2800	 1	 2.402508e+03	 2.403466e+03	    2404.5163
2	 6	 1	 135	 1	    2	 10	 9	 1	 NaN	    1	 0	 3	 3	 6.4969	    -0.0458	 -7.6049	 0.4696	 NaN	 NaN	    NaN	 NaN	 NaN	 NaN	 8.2043	    4.8004	 13.5592	 19.3771	 NaN	 NaN	    NaN	 NaN	 NaN	 NaN	 275.3453	    1	 1.3000	 0	 2.410267e+03	 2.411151e+03	    2413.7182
2	 6	 1	 136	 1	    2	 10	 9	 2	 NaN	    2	 0	 6	 6	 7.8305	    0.2939	 6.0392	 -7.5525	 -3.2990	 -0.8103	    2.8804	 NaN	 NaN	 NaN	 5.6097	    19.5653	 19.5639	 11.7541	 16.8188	 4.4113	    6.5651	 NaN	 NaN	 NaN	 276.7122	    1	 1.3200	 0	 2.418477e+03	 2.419453e+03	    2420.8196
2	 6	 1	 137	 1	    2	 10	 9	 2	 NaN	    1	 0	 2	 2	 6.7163	    -2.8291	 -0.0768	 NaN	 NaN	 NaN	    NaN	 NaN	 NaN	 NaN	 12.0187	    17.3979	 4.4156	 NaN	 NaN	 NaN	    NaN	 NaN	 NaN	 NaN	 278.2792	    0	 1.3000	 0	 2.426054e+03	 2.426846e+03	    2428.4128
2	 6	 1	 138	 1	    1	 10	 9	 1	 NaN	    1	 7	 0	 7	 7.4401	    -2.1510	 4.1944	 2.8064	 -5.9972	 0.3537	    -5.2199	 -0.2787	 NaN	 NaN	 8.3048	    15.1229	 5.9612	 13.0280	 6.0776	 4.6797	    19.1504	 18.8813	 NaN	 NaN	 282.2050	    1	 1.3200	 0	 2.433147e+03	 2.434139e+03	    2438.0647
2	 6	 1	 139	 1	    1	 10	 9	 2	 NaN	    2	 5	 0	 5	 -1.5546	    4.9647	 2.9314	 -5.2945	 7.1725	 -6.5573	    NaN	 NaN	 NaN	 NaN	 4.8659	    17.8044	 4.3631	 8.5534	 14.3596	 13.6563	    NaN	 NaN	 NaN	 NaN	 284.2470	    1	 1.3400	 0	 2.445191e+03	 2.445958e+03	    2448.0000
2	 6	 1	 140	 1	    1	 10	 9	 3	 NaN	    3	 6	 0	 6	 0.3353	    -3.8021	 6.4121	 5.9332	 -5.4907	 -5.9972	    1.1601	 NaN	 NaN	 NaN	 15.9223	    11.7297	 12.9892	 6.3539	 5.8137	 19.4921	    5.3255	 NaN	 NaN	 NaN	 285.6139	    1	 1.3600	 0	 2.452851e+03	 2.453509e+03	    2454.8764
2	 6	 1	 141	 1	    1	 10	 9	 1	 NaN	    1	 8	 0	 8	 -2.6509	    3.0265	 -6.8501	 -3.6069	 1.7797	 -3.4938	    2.4709	 6.5047	 7.7748	 NaN	 4.8113	    13.8149	 5.0763	 19.6607	 18.7574	 12.3281	    4.6848	 4.7121	 12.7129	 NaN	 289.7814	    1	 1.3800	 0	 2.459411e+03	 2.460353e+03	    2464.5200
2	 6	 1	 142	 1	    1	 10	 9	 3	 NaN	    3	 1	 0	 1	 3.8632	    -7.6202	 NaN	 NaN	 NaN	 NaN	    NaN	 NaN	 NaN	 NaN	 7.6397	    18.5984	 NaN	 NaN	 NaN	 NaN	    NaN	 NaN	 NaN	 NaN	 291.4150	    1	 1.4000	 0	 2.469346e+03	 2.470196e+03	    2471.8298
2	 6	 1	 143	 1	    2	 10	 9	 3	 NaN	    3	 0	 8	 8	 -0.0879	    -6.8709	 5.0446	 -5.0598	 5.7460	 -2.2630	    2.0332	 1.1942	 -7.0820	 NaN	 13.7356	    5.6624	 16.5511	 16.1287	 11.3972	 4.4113	    4.8428	 18.0709	 10.8658	 NaN	 295.0324	    1	 1.4200	 0	 2.476464e+03	 2.477456e+03	    2481.0734
2	 6	 1	 144	 1	    1	 10	 9	 2	 NaN	    2	 4	 0	 4	 -6.0821	    5.8770	 -0.6924	 4.5824	 -4.2954	 NaN	    NaN	 NaN	 NaN	 NaN	 13.5792	    10.8620	 17.1620	 6.8837	 9.8765	 NaN	    NaN	 NaN	 NaN	 NaN	 297.4579	    1	 1.4400	 0	 2.486599e+03	 2.487125e+03	    2489.5501
2	 6	 1	 145	 1	    1	 10	 9	 4	 NaN	    4	 4	 0	 4	 7.8413	    -0.1250	 4.7573	 -2.6411	 -6.9331	 NaN	    NaN	 NaN	 NaN	 NaN	 15.6013	    17.4680	 9.9382	 4.3460	 16.1876	 NaN	    NaN	 NaN	 NaN	 NaN	 300.0417	    1	 1.4600	 0	 2.496285e+03	 2.496960e+03	    2499.5437
2	 6	 1	 146	 1	    1	 10	 9	 2	 NaN	    2	 0	 0	 0	 -1.5364	    NaN	 NaN	 NaN	 NaN	 NaN	    NaN	 NaN	 NaN	 NaN	 15.6052	    NaN	 NaN	 NaN	 NaN	 NaN	    NaN	 NaN	 NaN	 NaN	 300.9919	    1	 1.4800	 0	 2.504886e+03	 2.505470e+03	    2506.4201
2	 6	 1	 147	 1	    1	 10	 9	 1	 NaN	    2	 7	 0	 7	 2.2849	    -1.7159	 7.3587	 -6.0053	 5.9548	 2.9314	    -2.2296	 -7.4352	 NaN	 NaN	 17.1076	    4.0613	 12.6047	 5.6316	 19.2466	 5.3954	    16.4217	 11.8214	 NaN	 NaN	 304.2175	    0	 1.4600	 0	 2.511004e+03	 2.511680e+03	    2514.9051
2	 6	 1	 148	 1	    2	 10	 9	 3	 NaN	    3	 0	 7	 7	 -4.4430	    -3.9996	 4.0989	 4.2054	 -4.7433	 -0.8103	    3.1693	 7.3694	 NaN	 NaN	 8.6647	    19.3060	 11.7765	 4.1327	 15.2612	 4.9244	    17.0879	 18.9889	 NaN	 NaN	 307.2348	    1	 1.4800	 0	 2.519898e+03	 2.520523e+03	    2523.5402
2	 6	 1	 149	 1	    2	 10	 9	 3	 NaN	    4	 0	 5	 5	 -0.7743	    6.3934	 -5.8448	 2.6039	 -2.7000	 7.7748	    NaN	 NaN	 NaN	 NaN	 15.6836	    16.9488	 8.6138	 19.2400	 5.0744	 5.4840	    NaN	 NaN	 NaN	 NaN	 309.9353	    0	 1.4600	 0	 2.529808e+03	 2.530758e+03	    2533.4589
2	 6	 1	 150	 1	    2	 10	 9	 1	 NaN	    2	 0	 0	 0	 4.8620	    NaN	 NaN	 NaN	 NaN	 NaN	    NaN	 NaN	 NaN	 NaN	 10.7870	    NaN	 NaN	 NaN	 NaN	 NaN	    NaN	 NaN	 NaN	 NaN	 310.9689	    0	 1.4400	 0	 2.538952e+03	 2.539660e+03	    2540.6937
2	 6	 1	 151	 1	    1	 10	 9	 1	 NaN	    1	 5	 0	 5	 4.0247	    -5.4713	 -1.1684	 4.7668	 -0.4994	 6.3756	    NaN	 NaN	 NaN	 NaN	 17.8296	    9.2840	 17.4090	 12.9618	 4.4156	 8.0127	    NaN	 NaN	 NaN	 NaN	 314.7946	    1	 1.4600	 0	 2.545570e+03	 2.546253e+03	    2550.0789
2	 6	 1	 152	 1	    1	 10	 9	 1	 NaN	    1	 6	 0	 6	 -5.4539	    -5.4713	 -4.6353	 6.9191	 6.5862	 0.8662	    4.3286	 NaN	 NaN	 NaN	 11.7541	    17.3455	 7.7313	 17.9411	 9.3992	 19.2400	    13.0483	 NaN	 NaN	 NaN	 318.4703	    1	 1.4400	 1	 2.554797e+03	 2.555772e+03	    2559.4474
2	 6	 1	 153	 1	    2	 10	 9	 2	 NaN	    2	 0	 1	 1	 -6.6628	    6.8569	 NaN	 NaN	 NaN	 NaN	    NaN	 NaN	 NaN	 NaN	 7.4729	    18.5200	 NaN	 NaN	 NaN	 NaN	    NaN	 NaN	 NaN	 NaN	 319.9790	    1	 1.4600	 0	 2.564690e+03	 2.565515e+03	    2567.0240
2	 6	 1	 154	 1	    2	 10	 9	 4	 NaN	    4	 0	 8	 8	 -1.9920	    -2.9469	 2.4720	 6.3230	 7.1323	 2.9632	    -1.7707	 -4.4952	 -6.2930	 NaN	 5.7832	    14.4506	 14.3719	 17.3940	 9.2000	 5.0944	    19.7453	 9.1828	 19.7803	 NaN	 323.7130	    1	 1.4800	 0	 2.572033e+03	 2.572800e+03	    2576.5342
2	 6	 1	 155	 1	    2	 10	 9	 1	 NaN	    1	 0	 4	 4	 -4.7210	    -1.6334	 2.2630	 5.1295	 -4.7643	 NaN	    NaN	 NaN	 NaN	 NaN	 17.0640	    5.0744	 17.0991	 4.6968	 11.5853	 NaN	    NaN	 NaN	 NaN	 NaN	 326.1135	    1	 1.5000	 0	 2.581469e+03	 2.582002e+03	    2584.4025
2	 6	 1	 156	 1	    1	 10	 9	 1	 NaN	    1	 2	 0	 2	 -4.7203	    1.2769	 1.8287	 NaN	 NaN	 NaN	    NaN	 NaN	 NaN	 NaN	 12.1961	    5.5410	 17.3455	 NaN	 NaN	 NaN	    NaN	 NaN	 NaN	 NaN	 328.3972	    1	 1.5200	 0	 2.588945e+03	 2.589737e+03	    2592.0206
2	 6	 1	 157	 1	    2	 10	 9	 3	 NaN	    3	 0	 3	 3	 -5.9938	    -5.4928	 7.4553	 7.4196	 NaN	 NaN	    NaN	 NaN	 NaN	 NaN	 10.2311	    17.8296	 17.9213	 8.8789	 NaN	 NaN	    NaN	 NaN	 NaN	 NaN	 329.8809	    1	 1.5000	 1	 2.596780e+03	 2.597772e+03	    2599.2555
2	 6	 1	 158	 1	    2	 10	 9	 4	 NaN	    3	 0	 6	 6	 4.8620	    3.8630	 -7.2366	 0.4696	 -0.5859	 -4.9230	    6.4920	 NaN	 NaN	 NaN	 15.2463	    10.7289	 17.3225	 4.1874	 17.0261	 10.2311	    5.7366	 NaN	 NaN	 NaN	 331.2478	    0	 1.4800	 0	 2.604348e+03	 2.604882e+03	    2606.2485
2	 6	 1	 159	 1	    1	 10	 9	 1	 NaN	    1	 8	 0	 8	 -6.7789	    7.3827	 3.8630	 3.8140	 -3.6069	 -4.1876	    7.8305	 -6.3065	 0.0441	 NaN	 18.1609	    13.5792	 17.8920	 6.0089	 5.2177	 13.2811	    5.2288	 8.9085	 15.9223	 NaN	 333.7983	    1	 1.5000	 0	 2.619143e+03	 2.619701e+03	    2622.2517
2	 6	 1	 160	 1	    1	 10	 9	 3	 NaN	    3	 3	 0	 3	 2.9314	    -2.7112	 3.8140	 -7.2155	 NaN	 NaN	    NaN	 NaN	 NaN	 NaN	 16.2607	    17.8524	 4.6226	 5.2940	 NaN	 NaN	    NaN	 NaN	 NaN	 NaN	 335.0485	    1	 1.5200	 0	 2.626811e+03	 2.627653e+03	    2628.9031
2	 6	 1	 161	 1	    2	 10	 9	 2	 NaN	    2	 0	 2	 2	 7.2500	    -2.1092	 -3.4203	 NaN	 NaN	 NaN	    NaN	 NaN	 NaN	 NaN	 7.1246	    14.9737	 5.4912	 NaN	 NaN	 NaN	    NaN	 NaN	 NaN	 NaN	 336.0737	    1	 1.5000	 1	 2.633537e+03	 2.634388e+03	    2635.4127
2	 6	 1	 162	 1	    1	 10	 9	 2	 NaN	    2	 1	 0	 1	 5.0247	    -4.4062	 NaN	 NaN	 NaN	 NaN	    NaN	 NaN	 NaN	 NaN	 6.7312	    15.4432	 NaN	 NaN	 NaN	 NaN	    NaN	 NaN	 NaN	 NaN	 337.2989	    1	 1.5200	 0	 2.640480e+03	 2.641039e+03	    2642.2641
2	 6	 1	 163	 1	    1	 10	 9	 1	 NaN	    1	 5	 0	 5	 -4.9230	    5.4348	 2.8864	 7.1323	 -6.7174	 -2.8005	    NaN	 NaN	 NaN	 NaN	 7.2509	    6.0638	 16.0488	 10.0008	 13.5792	 17.7497	    NaN	 NaN	 NaN	 NaN	 341.1580	    1	 1.5400	 0	 2.646957e+03	 2.647699e+03	    2651.5576
2	 6	 1	 164	 1	    2	 10	 9	 1	 NaN	    1	 0	 5	 5	 4.5344	    -1.9207	 6.5190	 -7.7835	 -6.8501	 6.8421	    NaN	 NaN	 NaN	 NaN	 16.5731	    14.3326	 6.7987	 9.4147	 4.2405	 13.2125	    NaN	 NaN	 NaN	 NaN	 342.9250	    1	 1.5600	 0	 2.656175e+03	 2.656692e+03	    2658.4590
2	 6	 1	 165	 1	    2	 10	 9	 2	 NaN	    2	 0	 0	 0	 -5.4728	    NaN	 NaN	 NaN	 NaN	 NaN	    NaN	 NaN	 NaN	 NaN	 17.1620	    NaN	 NaN	 NaN	 NaN	 NaN	    NaN	 NaN	 NaN	 NaN	 344.0419	    1	 1.5800	 0	 2.663085e+03	 2.663718e+03	    2664.8353
2	 6	 1	 166	 1	    2	 10	 9	 1	 NaN	    1	 0	 1	 1	 2.2611	    -3.7118	 NaN	 NaN	 NaN	 NaN	    NaN	 NaN	 NaN	 NaN	 16.1919	    4.0613	 NaN	 NaN	 NaN	 NaN	    NaN	 NaN	 NaN	 NaN	 345.1921	    1	 1.5600	 1	 2.669428e+03	 2.670411e+03	    2671.5617
2	 6	 1	 167	 1	    1	 10	 9	 2	 NaN	    2	 2	 0	 2	 -6.0691	    0.3537	 5.0446	 NaN	 NaN	 NaN	    NaN	 NaN	 NaN	 NaN	 4.9727	    16.5731	 11.0848	 NaN	 NaN	 NaN	    NaN	 NaN	 NaN	 NaN	 346.5590	    1	 1.5800	 0	 2.677004e+03	 2.677746e+03	    2679.1132
2	 6	 1	 168	 1	    2	 10	 9	 1	 NaN	    1	 0	 4	 4	 4.5634	    7.4581	 -7.2321	 -4.0127	 2.9632	 NaN	    NaN	 NaN	 NaN	 NaN	 10.1010	    14.0228	 4.5507	 15.4610	 15.2595	 NaN	    NaN	 NaN	 NaN	 NaN	 351.7267	    1	 1.5600	 1	 2.683647e+03	 2.684506e+03	    2689.6736
2	 6	 1	 169	 1	    1	 10	 9	 2	 NaN	    2	 1	 0	 1	 6.5407	    -3.3765	 NaN	 NaN	 NaN	 NaN	    NaN	 NaN	 NaN	 NaN	 5.9678	    15.6613	 NaN	 NaN	 NaN	 NaN	    NaN	 NaN	 NaN	 NaN	 353.1269	    1	 1.5800	 0	 2.694908e+03	 2.695575e+03	    2696.9751
2	 6	 1	 170	 1	    1	 10	 9	 1	 NaN	    1	 3	 0	 3	 5.1047	    4.5634	 -7.2155	 -2.7000	 NaN	 NaN	    NaN	 NaN	 NaN	 NaN	 17.0879	    9.9653	 12.6285	 6.1574	 NaN	 NaN	    NaN	 NaN	 NaN	 NaN	 354.1771	    1	 1.5600	 1	 2.701693e+03	 2.702401e+03	    2703.4514
2	 6	 1	 171	 1	    2	 10	 9	 2	 NaN	    2	 0	 6	 6	 -5.2945	    -3.5464	 3.4379	 5.1972	 -4.3637	 2.6449	    -7.8284	 NaN	 NaN	 NaN	 4.2827	    19.8923	 5.0354	 12.8754	 11.3660	 17.3455	    17.8296	 NaN	 NaN	 NaN	 357.3277	    1	 1.5800	 0	 2.708352e+03	 2.709336e+03	    2712.4866
2	 6	 1	 172	 1	    1	 10	 9	 1	 NaN	    1	 7	 0	 7	 -0.6924	    -3.5172	 2.6668	 -7.2321	 5.1553	 -4.6880	    7.3827	 1.4515	 NaN	 NaN	 18.8346	    14.8512	 15.2653	 7.5919	 10.4132	 4.4113	    14.3719	 5.5410	 NaN	 NaN	 364.9876	    1	 1.6000	 0	 2.717296e+03	 2.718204e+03	    2725.8643
2	 6	 1	 173	 1	    2	 10	 9	 4	 NaN	    3	 0	 2	 2	 -3.1176	    5.8315	 0.2643	 NaN	 NaN	 NaN	    NaN	 NaN	 NaN	 NaN	 16.0392	    11.5824	 19.4859	 NaN	 NaN	 NaN	    NaN	 NaN	 NaN	 NaN	 367.1963	    0	 1.5800	 0	 2.731074e+03	 2.731640e+03	    2733.8492
2	 6	 1	 174	 1	    1	 10	 9	 4	 NaN	    3	 8	 0	 8	 -6.8488	    -3.3765	 5.3255	 2.2611	 -5.4713	 -1.8741	    1.8065	 0.8237	 7.9554	 NaN	 18.2023	    6.5749	 10.9446	 13.8973	 11.6185	 15.2463	    4.9820	 18.4778	 18.2898	 NaN	 372.6141	    0	 1.5600	 0	 2.738467e+03	 2.739059e+03	    2744.4763
2	 6	 1	 175	 1	    2	 10	 9	 3	 NaN	    3	 0	 3	 3	 -4.0328	    4.5344	 4.5824	 -5.1612	 NaN	 NaN	    NaN	 NaN	 NaN	 NaN	 11.2431	    8.2397	 15.6274	 17.8044	 NaN	 NaN	    NaN	 NaN	 NaN	 NaN	 374.3727	    1	 1.5800	 0	 2.750069e+03	 2.750669e+03	    2752.4279
2	 6	 1	 176	 1	    2	 10	 9	 4	 NaN	    3	 0	 7	 7	 3.5690	    1.3498	 -5.2079	 -6.2058	 3.5073	 -5.6901	    -6.9331	 4.7133	 NaN	 NaN	 19.8283	    14.1348	 14.3596	 8.8279	 6.2247	 4.5671	    19.2942	 10.5394	 NaN	 NaN	 377.9068	    0	 1.5600	 0	 2.757837e+03	 2.758579e+03	    2762.1132
2	 6	 1	 177	 1	    2	 10	 9	 3	 NaN	    3	 0	 8	 8	 4.9772	    -5.4195	 1.0702	 -7.9528	 4.8543	 -1.2417	    6.2537	 -7.7222	 7.3808	 NaN	 8.1020	    15.6052	 5.0899	 4.4156	 12.5997	 16.8438	    17.3558	 8.5534	 4.3631	 NaN	 379.9655	    1	 1.5800	 0	 2.767231e+03	 2.767839e+03	    2769.8981
2	 6	 1	 178	 1	    1	 10	 9	 1	 NaN	    1	 0	 0	 0	 0.7572	    NaN	 NaN	 NaN	 NaN	 NaN	    NaN	 NaN	 NaN	 NaN	 16.0457	    NaN	 NaN	 NaN	 NaN	 NaN	    NaN	 NaN	 NaN	 NaN	 381.2657	    1	 1.5600	 1	 2.774932e+03	 2.775516e+03	    2776.8162
2	 6	 1	 179	 1	    1	 10	 9	 1	 NaN	    1	 4	 0	 4	 4.0989	    -7.1663	 -6.3220	 6.9382	 6.8055	 NaN	    NaN	 NaN	 NaN	 NaN	 12.2410	    4.4844	 13.0763	 9.1036	 15.4963	 NaN	    NaN	 NaN	 NaN	 NaN	 383.2578	    1	 1.5800	 0	 2.782426e+03	 2.783017e+03	    2785.0095
2	 6	 1	 180	 1	    1	 10	 9	 3	 NaN	    3	 6	 0	 6	 -7.5608	    3.6828	 -3.3129	 7.8413	 2.1856	 -6.2846	    5.4628	 NaN	 NaN	 NaN	 10.7870	    18.4778	 15.2653	 10.5512	 13.2391	 4.2772	    6.6615	 NaN	 NaN	 NaN	 386.3167	    1	 1.5600	 1	 2.790052e+03	 2.790819e+03	    2793.8779
2	 6	 1	 181	 1	    1	 10	 9	 2	 NaN	    2	 2	 0	 2	 1.4508	    -1.1202	 -2.2152	 NaN	 NaN	 NaN	    NaN	 NaN	 NaN	 NaN	 16.6229	    4.4844	 13.8881	 NaN	 NaN	 NaN	    NaN	 NaN	 NaN	 NaN	 387.4919	    1	 1.5400	 1	 2.800304e+03	 2.800946e+03	    2802.1213
2	 6	 1	 182	 1	    2	 10	 9	 4	 NaN	    3	 0	 2	 2	 -7.3070	    4.4567	 -1.4371	 NaN	 NaN	 NaN	    NaN	 NaN	 NaN	 NaN	 4.9781	    16.9753	 4.9244	 NaN	 NaN	 NaN	    NaN	 NaN	 NaN	 NaN	 388.6421	    0	 1.5200	 0	 2.807472e+03	 2.808306e+03	    2809.4561
2	 6	 1	 183	 1	    2	 10	 9	 4	 NaN	    3	 0	 3	 3	 -3.8469	    -0.4839	 7.2795	 4.0133	 NaN	 NaN	    NaN	 NaN	 NaN	 NaN	 16.6229	    19.3582	 11.1709	 5.9891	 NaN	 NaN	    NaN	 NaN	 NaN	 NaN	 389.7673	    0	 1.5000	 0	 2.814049e+03	 2.814574e+03	    2815.6990
2	 6	 1	 184	 1	    1	 10	 9	 2	 NaN	    2	 4	 0	 4	 -6.4527	    0.6773	 -6.7174	 4.6359	 -6.0821	 NaN	    NaN	 NaN	 NaN	 NaN	 15.7454	    14.4702	 5.2041	 8.6977	 10.8003	 NaN	    NaN	 NaN	 NaN	 NaN	 391.1092	    1	 1.4800	 1	 2.820583e+03	 2.821509e+03	    2822.8504
