2	 5	 1	 1	 1	    2	 10	 9	 2	 NaN	    2	 0	 5	 5	 1.0188	    7.1301	 -0.2895	 4.6920	 -6.9472	 -2.9622	    NaN	 NaN	 NaN	 NaN	 17.1093	    14.4055	 4.2903	 10.8892	 8.0696	 15.1502	    NaN	 NaN	 NaN	 NaN	 1.6836	    1	 0.0200	 0	 5.159857e+03	 5.160741e+03	    5162.4243
2	 5	 1	 2	 1	    1	 10	 9	 3	 NaN	    3	 0	 0	 0	 -7.5475	    NaN	 NaN	 NaN	 NaN	 NaN	    NaN	 NaN	 NaN	 NaN	 19.3164	    NaN	 NaN	 NaN	 NaN	 NaN	    NaN	 NaN	 NaN	 NaN	 2.8005	    1	 0.0400	 0	 5.198265e+03	 5.199057e+03	    5200.1737
2	 5	 1	 3	 1	    1	 10	 9	 3	 NaN	    3	 6	 0	 6	 7.8610	    -4.5015	 -6.7071	 0.4007	 2.6457	 -4.7825	    7.8311	 NaN	 NaN	 NaN	 6.7230	    4.2903	 14.6119	 16.0818	 6.2510	 18.3575	    12.2145	 NaN	 NaN	 NaN	 4.8759	    1	 0.0600	 0	 5.205491e+03	 5.206150e+03	    5208.2253
2	 5	 1	 4	 1	    1	 10	 9	 2	 NaN	    2	 5	 0	 5	 6.1720	    6.3147	 -3.9890	 -1.9517	 7.4875	 -0.0810	    NaN	 NaN	 NaN	 NaN	 16.0818	    10.6305	 18.6225	 14.3687	 6.1707	 5.4024	    NaN	 NaN	 NaN	 NaN	 5.9095	    1	 0.0800	 0	 5.212935e+03	 5.213810e+03	    5214.8433
2	 5	 1	 5	 1	    1	 10	 9	 3	 NaN	    3	 1	 0	 1	 -4.1225	    2.1544	 NaN	 NaN	 NaN	 NaN	    NaN	 NaN	 NaN	 NaN	 8.9804	    14.4137	 NaN	 NaN	 NaN	 NaN	    NaN	 NaN	 NaN	 NaN	 7.0180	    1	 0.1000	 0	 5.219744e+03	 5.220311e+03	    5221.4197
2	 5	 1	 6	 1	    1	 10	 9	 3	 NaN	    3	 2	 0	 2	 -0.5080	    1.6357	 7.2145	 NaN	 NaN	 NaN	    NaN	 NaN	 NaN	 NaN	 15.3161	    5.4024	 10.2400	 NaN	 NaN	 NaN	    NaN	 NaN	 NaN	 NaN	 8.2932	    1	 0.1200	 0	 5.226437e+03	 5.227438e+03	    5228.7128
2	 5	 1	 7	 1	    2	 10	 9	 1	 NaN	    1	 0	 2	 2	 4.8464	    -2.9957	 -7.2837	 NaN	 NaN	 NaN	    NaN	 NaN	 NaN	 NaN	 6.4809	    19.7584	 13.5402	 NaN	 NaN	 NaN	    NaN	 NaN	 NaN	 NaN	 9.9519	    1	 0.1400	 0	 5.233639e+03	 5.234256e+03	    5235.9143
2	 5	 1	 8	 1	    2	 10	 9	 2	 NaN	    2	 0	 7	 7	 -6.7336	    -6.6057	 6.3656	 0.4553	 -0.5207	 4.8901	    -7.0814	 3.2426	 NaN	 NaN	 10.2010	    17.5037	 18.7235	 4.1446	 18.8247	 9.6918	    5.6844	 15.4799	 NaN	 NaN	 12.5107	    1	 0.1600	 0	 5.241449e+03	 5.242066e+03	    5244.6244
2	 5	 1	 9	 1	    1	 10	 9	 2	 NaN	    2	 7	 0	 7	 -3.0144	    -5.7063	 1.1653	 5.5017	 -3.9790	 4.4968	    -7.0388	 7.8122	 NaN	 NaN	 16.6140	    4.4403	 17.8368	 6.6455	 11.1590	 11.9352	    17.8368	 14.2941	 NaN	 NaN	 15.6363	    1	 0.1800	 0	 5.249784e+03	 5.250767e+03	    5253.8929
2	 5	 1	 10	 1	    2	 10	 9	 3	 NaN	    3	 0	 4	 4	 -4.2497	    -3.9028	 4.5614	 2.1544	 5.6477	 NaN	    NaN	 NaN	 NaN	 NaN	 19.2336	    11.7018	 5.1639	 17.7921	 10.2332	 NaN	    NaN	 NaN	 NaN	 NaN	 16.8199	    1	 0.2000	 0	 5.259611e+03	 5.260544e+03	    5261.7279
2	 5	 1	 11	 1	    2	 10	 9	 3	 NaN	    3	 0	 6	 6	 -3.8342	    6.7609	 4.6920	 -3.5511	 -7.7977	 2.3929	    2.0894	 NaN	 NaN	 NaN	 16.9358	    15.6165	 7.9574	 4.9924	 5.4170	 14.2806	    19.4480	 NaN	 NaN	 NaN	 19.3704	    1	 0.2200	 0	 5.266846e+03	 5.267571e+03	    5270.1213
2	 5	 1	 12	 1	    2	 10	 9	 1	 NaN	    1	 0	 3	 3	 4.6920	    3.1351	 -3.8975	 -7.5436	 NaN	 NaN	    NaN	 NaN	 NaN	 NaN	 13.8831	    17.9393	 11.3299	 4.4748	 NaN	 NaN	    NaN	 NaN	 NaN	 NaN	 20.3123	    1	 0.2400	 0	 5.275089e+03	 5.275781e+03	    5276.7226
2	 5	 1	 13	 1	    1	 10	 9	 4	 NaN	    4	 8	 0	 8	 -2.9641	    2.6315	 5.8864	 -7.0737	 -5.2879	 4.6481	    6.3131	 -1.8833	 -4.3700	 NaN	 4.4879	    17.1993	 14.1509	 5.2525	 14.0015	 4.3748	    9.8667	 19.4353	 9.3469	 NaN	 21.4542	    1	 0.2200	 1	 5.281824e+03	 5.282699e+03	    5283.8407
2	 5	 1	 14	 1	    2	 10	 9	 4	 NaN	    4	 0	 8	 8	 3.3969	    5.1330	 -1.0537	 -6.8721	 5.2631	 -6.4031	    -3.5511	 7.4875	 -0.9165	 NaN	 6.5381	    13.0477	 4.0268	 7.2917	 17.2215	 17.3930	    14.1940	 7.8750	 18.9048	 NaN	 24.0630	    1	 0.2400	 0	 5.289317e+03	 5.290025e+03	    5292.6341
2	 5	 1	 15	 1	    1	 10	 9	 3	 NaN	    3	 4	 0	 4	 7.9574	    -7.8559	 3.4260	 -3.1150	 6.1720	 NaN	    NaN	 NaN	 NaN	 NaN	 8.8625	    4.9624	 16.6753	 12.2982	 4.9203	 NaN	    NaN	 NaN	 NaN	 NaN	 26.1718	    1	 0.2600	 0	 5.298310e+03	 5.299252e+03	    5301.3609
2	 5	 1	 16	 1	    1	 10	 9	 3	 NaN	    3	 3	 0	 3	 -7.3053	    -6.9153	 1.6251	 0.4350	 NaN	 NaN	    NaN	 NaN	 NaN	 NaN	 5.4024	    19.3437	 4.9920	 19.0431	 NaN	 NaN	    NaN	 NaN	 NaN	 NaN	 27.4803	    1	 0.2800	 0	 5.306720e+03	 5.307254e+03	    5308.5624
2	 5	 1	 17	 1	    2	 10	 9	 3	 NaN	    3	 0	 1	 1	 -5.0929	    6.5904	 NaN	 NaN	 NaN	 NaN	    NaN	 NaN	 NaN	 NaN	 8.0696	    13.1546	 NaN	 NaN	 NaN	 NaN	    NaN	 NaN	 NaN	 NaN	 28.5889	    1	 0.3000	 0	 5.314064e+03	 5.314897e+03	    5316.0056
2	 5	 1	 18	 1	    2	 10	 9	 2	 NaN	    2	 0	 0	 0	 3.6988	    NaN	 NaN	 NaN	 NaN	 NaN	    NaN	 NaN	 NaN	 NaN	 6.5417	    NaN	 NaN	 NaN	 NaN	 NaN	    NaN	 NaN	 NaN	 NaN	 29.5224	    1	 0.3200	 0	 5.321782e+03	 5.322507e+03	    5323.4404
2	 5	 1	 19	 1	    1	 10	 9	 3	 NaN	    3	 5	 0	 5	 -1.5316	    -4.6532	 0.0905	 6.3656	 4.6898	 -1.5963	    NaN	 NaN	 NaN	 NaN	 4.8778	    10.8556	 13.5489	 9.2819	 13.4102	 18.2686	    NaN	 NaN	 NaN	 NaN	 31.3978	    1	 0.3400	 0	 5.328350e+03	 5.329283e+03	    5331.1587
2	 5	 1	 20	 1	    2	 10	 9	 3	 NaN	    3	 0	 3	 3	 4.8901	    0.8170	 -0.2576	 -6.5449	 NaN	 NaN	    NaN	 NaN	 NaN	 NaN	 17.2536	    4.1010	 15.7028	 8.0735	 NaN	 NaN	    NaN	 NaN	 NaN	 NaN	 32.4980	    1	 0.3600	 0	 5.336485e+03	 5.337085e+03	    5338.1851
2	 5	 1	 21	 1	    2	 10	 9	 1	 NaN	    1	 0	 4	 4	 -3.9790	    0.5714	 -2.7719	 1.1653	 -5.7065	 NaN	    NaN	 NaN	 NaN	 NaN	 7.8488	    4.7475	 12.7062	 18.7350	 17.9976	 NaN	    NaN	 NaN	 NaN	 NaN	 34.5150	    1	 0.3800	 0	 5.343269e+03	 5.344053e+03	    5346.0700
2	 5	 1	 22	 1	    2	 10	 9	 3	 NaN	    3	 0	 5	 5	 1.5663	    2.4238	 -7.6947	 -4.3365	 -1.1179	 6.9662	    NaN	 NaN	 NaN	 NaN	 4.0102	    14.1665	 8.8282	 14.9789	 17.3924	 8.3743	    NaN	 NaN	 NaN	 NaN	 35.8403	    1	 0.4000	 0	 5.351113e+03	 5.351846e+03	    5353.1715
2	 5	 1	 23	 1	    1	 10	 9	 2	 NaN	    2	 3	 0	 3	 7.5255	    -5.0667	 -7.1912	 7.0960	 NaN	 NaN	    NaN	 NaN	 NaN	 NaN	 15.2701	    19.1772	 8.8625	 9.5169	 NaN	 NaN	    NaN	 NaN	 NaN	 NaN	 36.7988	    1	 0.4200	 0	 5.358164e+03	 5.359106e+03	    5360.0646
2	 5	 1	 24	 1	    2	 10	 9	 4	 NaN	    4	 0	 7	 7	 -5.8888	    -5.6450	 5.6464	 -6.1383	 -0.3180	 4.3064	    3.2443	 7.9767	 NaN	 NaN	 10.7769	    6.0264	 15.5096	 16.9171	 17.0113	 5.9983	    19.0463	 7.7632	 NaN	 NaN	 37.9657	    1	 0.4400	 0	 5.364766e+03	 5.365616e+03	    5366.7826
2	 5	 1	 25	 1	    1	 10	 9	 4	 NaN	    4	 7	 0	 7	 -5.1398	    5.4878	 -7.2837	 2.7745	 5.2971	 -4.9671	    -0.5080	 6.7251	 NaN	 NaN	 17.9504	    5.4167	 12.7062	 18.7520	 10.8137	 7.7632	    4.4078	 16.3630	 NaN	 NaN	 39.7743	    1	 0.4600	 0	 5.371492e+03	 5.372317e+03	    5374.1257
2	 5	 1	 26	 1	    1	 10	 9	 3	 NaN	    3	 2	 0	 2	 7.2133	    -4.5015	 3.9499	 NaN	 NaN	 NaN	    NaN	 NaN	 NaN	 NaN	 5.8665	    17.7743	 10.4634	 NaN	 NaN	 NaN	    NaN	 NaN	 NaN	 NaN	 40.6912	    1	 0.4800	 0	 5.378977e+03	 5.379685e+03	    5380.6021
2	 5	 1	 27	 1	    2	 10	 9	 2	 NaN	    2	 0	 8	 8	 -6.0278	    -6.5870	 3.2883	 3.8944	 7.5916	 6.4274	    -1.9551	 -6.8173	 0.9285	 NaN	 6.3434	    16.8100	 6.1339	 19.6937	 16.8426	 9.6919	    19.8121	 11.7960	 13.8535	 NaN	 43.0499	    1	 0.5000	 0	 5.385295e+03	 5.385912e+03	    5388.2703
2	 5	 1	 28	 1	    1	 10	 9	 4	 NaN	    4	 1	 0	 1	 -5.3023	    4.9323	 NaN	 NaN	 NaN	 NaN	    NaN	 NaN	 NaN	 NaN	 10.0317	    16.6753	 NaN	 NaN	 NaN	 NaN	    NaN	 NaN	 NaN	 NaN	 44.3418	    1	 0.4800	 1	 5.393330e+03	 5.394163e+03	    5395.4551
2	 5	 1	 29	 1	    2	 10	 9	 1	 NaN	    1	 0	 2	 2	 7.0829	    -7.9615	 3.8135	 NaN	 NaN	 NaN	    NaN	 NaN	 NaN	 NaN	 5.4644	    16.3306	 16.6140	 NaN	 NaN	 NaN	    NaN	 NaN	 NaN	 NaN	 46.0672	    1	 0.5000	 0	 5.402473e+03	 5.403448e+03	    5405.1737
2	 5	 1	 30	 1	    1	 10	 9	 2	 NaN	    2	 0	 0	 0	 7.4251	    NaN	 NaN	 NaN	 NaN	 NaN	    NaN	 NaN	 NaN	 NaN	 10.5118	    NaN	 NaN	 NaN	 NaN	 NaN	    NaN	 NaN	 NaN	 NaN	 47.1674	    1	 0.5200	 0	 5.410508e+03	 5.411308e+03	    5412.4086
2	 5	 1	 31	 1	    2	 10	 9	 1	 NaN	    1	 0	 1	 1	 4.6201	    -2.1201	 NaN	 NaN	 NaN	 NaN	    NaN	 NaN	 NaN	 NaN	 9.8664	    17.9393	 NaN	 NaN	 NaN	 NaN	    NaN	 NaN	 NaN	 NaN	 48.8261	    1	 0.5400	 0	 5.417618e+03	 5.418393e+03	    5420.0518
2	 5	 1	 32	 1	    2	 10	 9	 1	 NaN	    1	 0	 6	 6	 -0.1958	    7.1645	 0.0244	 5.3393	 -5.3262	 -6.5538	    7.9204	 NaN	 NaN	 NaN	 4.1010	    17.7942	 13.6257	 8.9067	 11.3524	 16.1264	    13.5096	 NaN	 NaN	 NaN	 51.8267	    1	 0.5600	 0	 5.425878e+03	 5.426511e+03	    5429.5120
2	 5	 1	 33	 1	    1	 10	 9	 2	 NaN	    2	 4	 0	 4	 6.3329	    -3.1691	 -5.1634	 2.5031	 4.7624	 NaN	    NaN	 NaN	 NaN	 NaN	 6.1966	    6.6247	 12.3196	 16.1741	 12.3574	 NaN	    NaN	 NaN	 NaN	 NaN	 53.6770	    1	 0.5800	 0	 5.434921e+03	 5.435872e+03	    5437.7220
2	 5	 1	 34	 1	    1	 10	 9	 4	 NaN	    3	 8	 0	 8	 7.9508	    -2.5854	 2.7971	 1.6185	 -6.8534	 -3.5184	    -4.6108	 4.3064	 -0.6786	 NaN	 14.6994	    5.2036	 13.4358	 4.7987	 19.4945	 14.9234	    10.5221	 8.7201	 19.4854	 NaN	 56.4442	    0	 0.5600	 0	 5.442573e+03	 5.443123e+03	    5445.8904
2	 5	 1	 35	 1	    1	 10	 9	 1	 NaN	    1	 6	 0	 6	 -3.0853	    0.6103	 -5.0036	 -5.5024	 6.3575	 6.2096	    5.6464	 NaN	 NaN	 NaN	 4.0268	    18.8351	 8.2331	 17.8637	 6.0600	 12.2982	    18.8092	 NaN	 NaN	 NaN	 58.7113	    1	 0.5800	 0	 5.452367e+03	 5.452892e+03	    5455.1589
2	 5	 1	 36	 1	    2	 10	 9	 4	 NaN	    4	 0	 0	 0	 6.3657	    NaN	 NaN	 NaN	 NaN	 NaN	    NaN	 NaN	 NaN	 NaN	 13.5096	    NaN	 NaN	 NaN	 NaN	 NaN	    NaN	 NaN	 NaN	 NaN	 59.5615	    1	 0.6000	 0	 5.461110e+03	 5.462069e+03	    5462.9188
2	 5	 1	 37	 1	    1	 10	 9	 4	 NaN	    4	 6	 0	 6	 5.7342	    -2.0494	 3.8970	 -6.9231	 6.1014	 -2.6633	    -5.1325	 NaN	 NaN	 NaN	 17.3786	    18.0415	 13.4847	 7.9793	 7.1541	 4.5479	    14.9415	 NaN	 NaN	 NaN	 61.1201	    1	 0.6200	 0	 5.468128e+03	 5.468687e+03	    5470.2453
2	 5	 1	 38	 1	    2	 10	 9	 3	 NaN	    3	 0	 4	 4	 5.4878	    -0.7227	 -6.5872	 0.6103	 5.3393	 NaN	    NaN	 NaN	 NaN	 NaN	 16.9358	    4.0102	 4.9924	 16.4260	 7.6146	 NaN	    NaN	 NaN	 NaN	 NaN	 62.3954	    1	 0.6400	 0	 5.475321e+03	 5.475863e+03	    5477.1384
2	 5	 1	 39	 1	    2	 10	 9	 2	 NaN	    2	 0	 6	 6	 -3.1311	    1.3662	 6.7586	 4.8132	 -4.5805	 -7.8559	    -3.4430	 NaN	 NaN	 NaN	 4.4764	    16.4358	 16.8100	 8.9691	 10.1418	 19.5925	    15.1962	 NaN	 NaN	 NaN	 64.8792	    1	 0.6600	 0	 5.482348e+03	 5.482898e+03	    5485.3817
2	 5	 1	 40	 1	    2	 10	 9	 2	 NaN	    2	 0	 3	 3	 -6.6638	    -4.0933	 7.8258	 7.9767	 NaN	 NaN	    NaN	 NaN	 NaN	 NaN	 6.5643	    18.4733	 8.8623	 19.5925	 NaN	 NaN	    NaN	 NaN	 NaN	 NaN	 66.4628	    1	 0.6800	 0	 5.490816e+03	 5.491408e+03	    5492.9916
2	 5	 1	 41	 1	    1	 10	 9	 3	 NaN	    3	 7	 0	 7	 -6.5317	    1.3262	 0.6967	 6.8059	 -7.2540	 -5.6587	    5.8070	 -3.0648	 NaN	 NaN	 11.0241	    16.9225	 4.1010	 14.8160	 18.6225	 6.4553	    6.1339	 16.3880	 NaN	 NaN	 68.5133	    1	 0.7000	 0	 5.497518e+03	 5.498501e+03	    5500.5515
2	 5	 1	 42	 1	    2	 10	 9	 3	 NaN	    4	 0	 2	 2	 -3.6279	    7.6720	 1.6357	 NaN	 NaN	 NaN	    NaN	 NaN	 NaN	 NaN	 6.7312	    13.5489	 4.1697	 NaN	 NaN	 NaN	    NaN	 NaN	 NaN	 NaN	 69.6135	    0	 0.6800	 0	 5.506219e+03	 5.506978e+03	    5508.0781
2	 5	 1	 43	 1	    2	 10	 9	 4	 NaN	    4	 0	 1	 1	 5.3428	    -5.2158	 NaN	 NaN	 NaN	 NaN	    NaN	 NaN	 NaN	 NaN	 19.3164	    8.7566	 NaN	 NaN	 NaN	 NaN	    NaN	 NaN	 NaN	 NaN	 70.5553	    1	 0.7000	 0	 5.512879e+03	 5.513588e+03	    5514.5293
2	 5	 1	 44	 1	    1	 10	 9	 4	 NaN	    4	 8	 0	 8	 -6.0278	    4.8196	 -7.2540	 -0.7826	 -7.8205	 3.3412	    0.9404	 5.3587	 -5.1963	 NaN	 9.6919	    10.5625	 15.1962	 14.3251	 5.8563	 16.2918	    19.6547	 5.4648	 19.1772	 NaN	 72.4474	    1	 0.7200	 0	 5.519147e+03	 5.519739e+03	    5521.6309
2	 5	 1	 45	 1	    1	 10	 9	 3	 NaN	    3	 5	 0	 5	 2.6474	    -7.5205	 5.7332	 -5.0036	 -4.6617	 0.6428	    NaN	 NaN	 NaN	 NaN	 17.6705	    16.6140	 11.4920	 6.6434	 19.4696	 4.0020	    NaN	 NaN	 NaN	 NaN	 75.4563	    1	 0.7000	 1	 5.526365e+03	 5.527332e+03	    5530.3409
2	 5	 1	 46	 1	    2	 10	 9	 1	 NaN	    1	 0	 5	 5	 4.6386	    -5.8799	 -1.9517	 2.4238	 6.5712	 -0.9165	    NaN	 NaN	 NaN	 NaN	 5.5955	    9.2586	 5.0376	 19.5426	 18.5969	 14.9928	    NaN	 NaN	 NaN	 NaN	 77.7318	    1	 0.7200	 0	 5.537292e+03	 5.537917e+03	    5540.1929
2	 5	 1	 47	 1	    1	 10	 9	 3	 NaN	    3	 2	 0	 2	 4.1324	    -6.6859	 2.5563	 NaN	 NaN	 NaN	    NaN	 NaN	 NaN	 NaN	 11.3181	    19.7305	 18.3766	 NaN	 NaN	 NaN	    NaN	 NaN	 NaN	 NaN	 79.2404	    1	 0.7400	 0	 5.545427e+03	 5.546428e+03	    5547.9362
2	 5	 1	 48	 1	    2	 10	 9	 4	 NaN	    4	 0	 0	 0	 -7.0814	    NaN	 NaN	 NaN	 NaN	 NaN	    NaN	 NaN	 NaN	 NaN	 4.8680	    NaN	 NaN	 NaN	 NaN	 NaN	    NaN	 NaN	 NaN	 NaN	 80.1406	    1	 0.7600	 0	 5.552871e+03	 5.553729e+03	    5554.6292
2	 5	 1	 49	 1	    2	 10	 9	 1	 NaN	    1	 0	 7	 7	 1.2432	    -7.0052	 7.9685	 7.7165	 -5.1325	 -7.3741	    5.9770	 -6.6096	 NaN	 NaN	 16.1741	    19.5426	 10.3635	 4.0020	 6.2954	 10.0850	    19.9312	 14.1665	 NaN	 NaN	 81.8992	    1	 0.7800	 0	 5.559530e+03	 5.560497e+03	    5562.2557
2	 5	 1	 50	 1	    1	 10	 9	 4	 NaN	    4	 4	 0	 4	 5.9276	    -7.8611	 -6.3440	 0.9528	 -5.5345	 NaN	    NaN	 NaN	 NaN	 NaN	 5.4167	    12.8495	 5.8308	 16.0058	 17.8368	 NaN	    NaN	 NaN	 NaN	 NaN	 83.5745	    1	 0.8000	 0	 5.567407e+03	 5.568074e+03	    5569.7489
2	 5	 1	 51	 1	    1	 10	 9	 1	 NaN	    1	 1	 0	 1	 -1.9560	    5.9276	 NaN	 NaN	 NaN	 NaN	    NaN	 NaN	 NaN	 NaN	 5.5170	    19.4480	 NaN	 NaN	 NaN	 NaN	    NaN	 NaN	 NaN	 NaN	 85.0997	    1	 0.8200	 0	 5.574783e+03	 5.575517e+03	    5577.0421
2	 5	 1	 52	 1	    2	 10	 9	 1	 NaN	    1	 0	 8	 8	 -4.0153	    -4.0817	 1.8871	 -3.3709	 7.2133	 4.8295	    -7.5156	 6.6655	 -7.8672	 NaN	 13.4852	    18.7528	 16.8447	 5.8030	 6.1163	 9.6135	    6.3572	 15.6165	 15.7768	 NaN	 87.3418	    1	 0.8400	 0	 5.581751e+03	 5.582276e+03	    5584.5186
2	 5	 1	 53	 1	    1	 10	 9	 1	 NaN	    1	 3	 0	 3	 2.7831	    -4.6532	 5.3474	 -6.6057	 NaN	 NaN	    NaN	 NaN	 NaN	 NaN	 15.1367	    16.7357	 9.6155	 6.0491	 NaN	 NaN	    NaN	 NaN	 NaN	 NaN	 88.3920	    1	 0.8600	 0	 5.589653e+03	 5.590245e+03	    5591.2950
2	 5	 1	 54	 1	    1	 10	 9	 2	 NaN	    2	 0	 0	 0	 7.9846	    NaN	 NaN	 NaN	 NaN	 NaN	    NaN	 NaN	 NaN	 NaN	 7.0576	    NaN	 NaN	 NaN	 NaN	 NaN	    NaN	 NaN	 NaN	 NaN	 89.3339	    1	 0.8800	 0	 5.596404e+03	 5.597238e+03	    5598.1797
2	 5	 1	 55	 1	    2	 10	 9	 1	 NaN	    1	 0	 0	 0	 6.3716	    NaN	 NaN	 NaN	 NaN	 NaN	    NaN	 NaN	 NaN	 NaN	 18.4187	    NaN	 NaN	 NaN	 NaN	 NaN	    NaN	 NaN	 NaN	 NaN	 90.6508	    1	 0.9000	 0	 5.603589e+03	 5.604331e+03	    5605.6479
2	 5	 1	 56	 1	    1	 10	 9	 1	 NaN	    1	 3	 0	 3	 -3.5184	    7.0306	 -6.4324	 7.6103	 NaN	 NaN	    NaN	 NaN	 NaN	 NaN	 18.5803	    10.4508	 4.7466	 15.7132	 NaN	 NaN	    NaN	 NaN	 NaN	 NaN	 93.2597	    1	 0.9200	 0	 5.612166e+03	 5.612733e+03	    5615.3416
2	 5	 1	 57	 1	    2	 10	 9	 1	 NaN	    1	 0	 7	 7	 -4.0263	    4.9323	 -3.8614	 7.5255	 2.2220	 -7.7288	    3.8280	 -6.4324	 NaN	 NaN	 6.6434	    19.1238	 17.5491	 14.3146	 4.5272	 10.1418	    8.3291	 14.0165	 NaN	 NaN	 97.8189	    1	 0.9400	 0	 5.621301e+03	 5.622168e+03	    5626.7272
2	 5	 1	 58	 1	    2	 10	 9	 4	 NaN	    4	 0	 2	 2	 -6.8173	    3.4748	 0.8170	 NaN	 NaN	 NaN	    NaN	 NaN	 NaN	 NaN	 9.1851	    17.7596	 4.4879	 NaN	 NaN	 NaN	    NaN	 NaN	 NaN	 NaN	 98.7858	    1	 0.9600	 0	 5.631595e+03	 5.632353e+03	    5633.3202
2	 5	 1	 59	 1	    1	 10	 9	 4	 NaN	    4	 2	 0	 2	 -3.5493	    4.0478	 5.3576	 NaN	 NaN	 NaN	    NaN	 NaN	 NaN	 NaN	 14.9659	    11.0435	 18.0536	 NaN	 NaN	 NaN	    NaN	 NaN	 NaN	 NaN	 100.2277	    1	 0.9800	 0	 5.638105e+03	 5.638830e+03	    5640.2716
2	 5	 1	 60	 1	    1	 10	 9	 1	 NaN	    1	 5	 0	 5	 -5.2476	    -0.6220	 7.5229	 3.9499	 4.6345	 -4.3506	    NaN	 NaN	 NaN	 NaN	 14.8620	    19.9321	 7.8537	 4.0102	 12.4385	 4.9203	    NaN	 NaN	 NaN	 NaN	 101.3362	    1	 1.0000	 0	 5.648590e+03	 5.649157e+03	    5650.2653
2	 5	 1	 61	 1	    1	 10	 9	 1	 NaN	    1	 4	 0	 4	 -6.4058	    -3.1596	 7.8131	 3.5887	 3.2562	 NaN	    NaN	 NaN	 NaN	 NaN	 10.5775	    18.7506	 10.3267	 18.8247	 5.5776	 NaN	    NaN	 NaN	 NaN	 NaN	 102.2447	    1	 1.0200	 0	 5.656658e+03	 5.657367e+03	    5658.2753
2	 5	 1	 62	 1	    2	 10	 9	 1	 NaN	    1	 0	 8	 8	 7.7165	    5.5066	 2.1897	 7.5229	 -6.6471	 -1.8833	    -7.9507	 -5.3023	 -2.3401	 NaN	 19.8491	    10.9931	 14.8160	 4.5479	 5.2880	 5.2525	    12.6860	 17.0113	 13.0730	 NaN	 104.5952	    1	 1.0000	 1	 5.663376e+03	 5.663960e+03	    5666.3103
2	 5	 1	 63	 1	    1	 10	 9	 2	 NaN	    1	 7	 0	 7	 6.0043	    3.6064	 -1.2925	 -1.8842	 7.8558	 -7.9507	    3.2126	 -3.2969	 NaN	 NaN	 11.8598	    7.0686	 4.6491	 18.7528	 4.5937	 19.1772	    18.4726	 14.4055	 NaN	 NaN	 108.2293	    0	 0.9800	 0	 5.674295e+03	 5.674995e+03	    5678.6294
2	 5	 1	 64	 1	    2	 10	 9	 1	 NaN	    2	 0	 6	 6	 3.8135	    -7.7977	 -0.6975	 -7.8062	 7.2224	 3.2852	    4.4378	 NaN	 NaN	 NaN	 12.0748	    16.0618	 19.3175	 5.0420	 7.0576	 6.1333	    18.1325	 NaN	 NaN	 NaN	 112.8552	    0	 0.9600	 0	 5.685314e+03	 5.686014e+03	    5690.6402
2	 5	 1	 65	 1	    1	 10	 9	 4	 NaN	    4	 8	 0	 8	 -6.6096	    6.2269	 5.1539	 -4.9033	 5.8864	 -0.6877	    -2.0312	 2.2061	 -5.7764	 NaN	 9.6734	    4.2158	 17.6448	 13.8483	 12.9358	 16.7257	    5.8665	 5.9434	 18.3575	 NaN	 116.9977	    1	 0.9800	 0	 5.697783e+03	 5.698367e+03	    5702.5093
2	 5	 1	 66	 1	    2	 10	 9	 2	 NaN	    2	 0	 1	 1	 0.4447	    -3.3399	 NaN	 NaN	 NaN	 NaN	    NaN	 NaN	 NaN	 NaN	 5.2880	    17.8498	 NaN	 NaN	 NaN	 NaN	    NaN	 NaN	 NaN	 NaN	 118.5146	    1	 1.0000	 0	 5.707744e+03	 5.708611e+03	    5710.1275
2	 5	 1	 67	 1	    1	 10	 9	 1	 NaN	    1	 0	 0	 0	 -3.2820	    NaN	 NaN	 NaN	 NaN	 NaN	    NaN	 NaN	 NaN	 NaN	 17.7401	    NaN	 NaN	 NaN	 NaN	 NaN	    NaN	 NaN	 NaN	 NaN	 119.7399	    1	 0.9800	 1	 5.715254e+03	 5.716112e+03	    5717.3373
2	 5	 1	 68	 1	    1	 10	 9	 2	 NaN	    2	 6	 0	 6	 2.5650	    -5.3262	 -4.4427	 -3.6177	 7.8258	 4.5776	    7.5492	 NaN	 NaN	 NaN	 5.4411	    8.7201	 14.3251	 18.6996	 6.6824	 19.9944	    17.1875	 NaN	 NaN	 NaN	 121.5902	    1	 1.0000	 0	 5.724480e+03	 5.725122e+03	    5726.9726
2	 5	 1	 69	 1	    1	 10	 9	 1	 NaN	    1	 1	 0	 1	 -6.6358	    5.6477	 NaN	 NaN	 NaN	 NaN	    NaN	 NaN	 NaN	 NaN	 8.3549	    14.6311	 NaN	 NaN	 NaN	 NaN	    NaN	 NaN	 NaN	 NaN	 123.2489	    1	 1.0200	 0	 5.731999e+03	 5.732599e+03	    5734.2574
2	 5	 1	 70	 1	    2	 10	 9	 3	 NaN	    4	 0	 5	 5	 2.5031	    0.2890	 7.0720	 -6.8173	 -6.8721	 -1.6925	    NaN	 NaN	 NaN	 NaN	 17.2949	    5.4170	 9.8079	 11.5311	 17.4294	 17.8899	    NaN	 NaN	 NaN	 NaN	 125.3243	    0	 1.0000	 0	 5.738892e+03	 5.739467e+03	    5741.5422
2	 5	 1	 71	 1	    2	 10	 9	 3	 NaN	    4	 0	 3	 3	 3.4402	    5.9275	 -7.9086	 -5.9757	 NaN	 NaN	    NaN	 NaN	 NaN	 NaN	 11.5921	    18.7426	 4.9427	 13.2852	 NaN	 NaN	    NaN	 NaN	 NaN	 NaN	 126.7412	    0	 0.9800	 0	 5.747568e+03	 5.748202e+03	    5749.6189
2	 5	 1	 72	 1	    2	 10	 9	 1	 NaN	    1	 0	 4	 4	 -2.1201	    3.2562	 -5.7895	 2.6457	 -4.0184	 NaN	    NaN	 NaN	 NaN	 NaN	 14.3842	    4.4748	 8.3743	 12.6876	 18.0508	 NaN	    NaN	 NaN	 NaN	 NaN	 129.0666	    1	 1.0000	 0	 5.754337e+03	 5.755203e+03	    5757.5288
2	 5	 1	 73	 1	    1	 10	 9	 3	 NaN	    3	 2	 0	 2	 4.0649	    -2.5854	 7.2145	 NaN	 NaN	 NaN	    NaN	 NaN	 NaN	 NaN	 5.4337	    12.8819	 12.3143	 NaN	 NaN	 NaN	    NaN	 NaN	 NaN	 NaN	 130.3835	    1	 1.0200	 0	 5.763380e+03	 5.764314e+03	    5765.6305
2	 5	 1	 74	 1	    2	 10	 9	 2	 NaN	    2	 0	 2	 2	 4.0013	    -6.1935	 1.8871	 NaN	 NaN	 NaN	    NaN	 NaN	 NaN	 NaN	 15.2166	    11.0435	 19.4854	 NaN	 NaN	 NaN	    NaN	 NaN	 NaN	 NaN	 133.0174	    1	 1.0400	 0	 5.770857e+03	 5.771507e+03	    5774.1406
2	 5	 1	 75	 1	    2	 10	 9	 3	 NaN	    3	 0	 6	 6	 3.2091	    -4.1498	 1.2655	 -4.5805	 5.6819	 -5.8799	    7.8659	 NaN	 NaN	 NaN	 12.4593	    16.0312	 18.0415	 10.3267	 5.8789	 6.0264	    15.4091	 NaN	 NaN	 NaN	 137.2433	    1	 1.0200	 1	 5.779033e+03	 5.779833e+03	    5784.0592
2	 5	 1	 76	 1	    2	 10	 9	 3	 NaN	    4	 0	 0	 0	 -5.2879	    NaN	 NaN	 NaN	 NaN	 NaN	    NaN	 NaN	 NaN	 NaN	 10.4843	    NaN	 NaN	 NaN	 NaN	 NaN	    NaN	 NaN	 NaN	 NaN	 138.5435	    0	 1.0000	 0	 5.792061e+03	 5.792819e+03	    5794.1196
2	 5	 1	 77	 1	    1	 10	 9	 4	 NaN	    4	 6	 0	 6	 3.2233	    6.3656	 -6.6703	 -6.6744	 6.7609	 -4.9137	    7.9993	 NaN	 NaN	 NaN	 16.8426	    10.0255	 10.2756	 6.1682	 14.4662	 17.1770	    4.1215	 NaN	 NaN	 NaN	 145.2449	    1	 1.0200	 0	 5.799321e+03	 5.800038e+03	    5806.7389
2	 5	 1	 78	 1	    1	 10	 9	 2	 NaN	    2	 8	 0	 8	 -3.2420	    -6.8534	 1.8673	 -7.7757	 -6.6263	 5.9770	    7.8144	 1.9654	 -2.0485	 NaN	 16.4898	    4.5844	 16.9171	 15.1421	 9.3898	 7.5620	    17.8673	 4.1192	 5.4096	 NaN	 146.3534	    1	 1.0400	 0	 5.811998e+03	 5.812523e+03	    5813.6319
2	 5	 1	 79	 1	    1	 10	 9	 1	 NaN	    2	 3	 0	 3	 -0.8645	    -5.8058	 5.5391	 4.3008	 NaN	 NaN	    NaN	 NaN	 NaN	 NaN	 18.9287	    4.4879	 9.0291	 18.5139	 NaN	 NaN	    NaN	 NaN	 NaN	 NaN	 148.2204	    0	 1.0200	 0	 5.819533e+03	 5.820350e+03	    5822.2170
2	 5	 1	 80	 1	    2	 10	 9	 3	 NaN	    4	 0	 1	 1	 3.2905	    -7.5268	 NaN	 NaN	 NaN	 NaN	    NaN	 NaN	 NaN	 NaN	 5.2575	    17.7942	 NaN	 NaN	 NaN	 NaN	    NaN	 NaN	 NaN	 NaN	 149.7041	    0	 1.0000	 0	 5.828735e+03	 5.829385e+03	    5830.8688
2	 5	 1	 81	 1	    2	 10	 9	 3	 NaN	    3	 0	 7	 7	 2.3099	    6.8256	 6.3177	 -6.3328	 -6.6809	 0.4447	    -2.6595	 -3.5511	 NaN	 NaN	 17.2361	    11.5451	 7.4504	 8.9430	 16.9171	 13.5430	    5.4303	 19.4696	 NaN	 NaN	 152.7797	    1	 1.0200	 0	 5.836337e+03	 5.837270e+03	    5840.3457
2	 5	 1	 82	 1	    1	 10	 9	 2	 NaN	    2	 5	 0	 5	 6.7251	    -2.7506	 -7.2012	 4.6386	 -5.6450	 6.9030	    NaN	 NaN	 NaN	 NaN	 5.4644	    15.7768	 14.5823	 18.1325	 7.4295	 10.6338	    NaN	 NaN	 NaN	 NaN	 155.5469	    1	 1.0400	 0	 5.845155e+03	 5.845755e+03	    5848.5224
2	 5	 1	 83	 1	    1	 10	 9	 2	 NaN	    2	 0	 0	 0	 4.4378	    NaN	 NaN	 NaN	 NaN	 NaN	    NaN	 NaN	 NaN	 NaN	 12.0461	    NaN	 NaN	 NaN	 NaN	 NaN	    NaN	 NaN	 NaN	 NaN	 157.1306	    1	 1.0200	 1	 5.853473e+03	 5.854374e+03	    5855.9572
2	 5	 1	 84	 1	    2	 10	 9	 4	 NaN	    4	 0	 5	 5	 6.2096	    -7.7189	 3.1517	 1.5324	 -3.2326	 -4.6617	    NaN	 NaN	 NaN	 NaN	 10.4223	    5.5921	 5.4096	 14.1509	 12.2551	 19.5925	    NaN	 NaN	 NaN	 NaN	 160.0312	    1	 1.0400	 0	 5.862834e+03	 5.863550e+03	    5866.4510
2	 5	 1	 85	 1	    2	 10	 9	 1	 NaN	    1	 0	 3	 3	 3.4748	    -6.5872	 4.2043	 -5.2118	 NaN	 NaN	    NaN	 NaN	 NaN	 NaN	 19.0121	    7.5458	 7.5710	 17.3111	 NaN	 NaN	    NaN	 NaN	 NaN	 NaN	 162.7150	    1	 1.0200	 1	 5.871327e+03	 5.872269e+03	    5874.9528
2	 5	 1	 86	 1	    2	 10	 9	 1	 NaN	    2	 0	 4	 4	 1.1628	    2.9575	 -4.2537	 -3.0892	 5.1323	 NaN	    NaN	 NaN	 NaN	 NaN	 16.3306	    4.9924	 16.7690	 5.4170	 11.8598	 NaN	    NaN	 NaN	 NaN	 NaN	 164.5653	    0	 1.0000	 0	 5.881896e+03	 5.882779e+03	    5884.6297
2	 5	 1	 87	 1	    1	 10	 9	 3	 NaN	    4	 7	 0	 7	 4.8132	    -1.3160	 -5.4125	 -5.0285	 6.9662	 1.5324	    6.1943	 -2.9957	 NaN	 NaN	 10.7769	    17.5037	 17.3974	 6.1333	 7.2655	 4.5272	    15.1343	 13.3510	 NaN	 NaN	 168.7828	    0	 0.9800	 0	 5.889481e+03	 5.890206e+03	    5894.4234
2	 5	 1	 88	 1	    2	 10	 9	 3	 NaN	    3	 0	 8	 8	 -2.5537	    -6.3552	 3.2562	 4.1324	 -7.4456	 -7.8205	    3.6488	 4.6386	 -1.4819	 NaN	 18.2199	    8.3743	 15.7768	 9.1652	 14.6670	 4.5937	    4.6765	 19.8151	 5.2624	 NaN	 169.6330	    1	 1.0000	 0	 5.899883e+03	 5.900508e+03	    5901.3581
2	 5	 1	 89	 1	    1	 10	 9	 1	 NaN	    1	 4	 0	 4	 -0.5727	    5.4878	 7.8558	 -0.0845	 -5.2354	 NaN	    NaN	 NaN	 NaN	 NaN	 4.0439	    8.5124	 12.7301	 14.3007	 16.6992	 NaN	    NaN	 NaN	 NaN	 NaN	 171.9668	    1	 0.9800	 1	 5.905926e+03	 5.906901e+03	    5909.2347
2	 5	 1	 90	 1	    1	 10	 9	 4	 NaN	    4	 1	 0	 1	 -7.6370	    1.5235	 NaN	 NaN	 NaN	 NaN	    NaN	 NaN	 NaN	 NaN	 5.4337	    16.0818	 NaN	 NaN	 NaN	 NaN	    NaN	 NaN	 NaN	 NaN	 174.7840	    1	 1.0000	 0	 5.914544e+03	 5.915311e+03	    5918.1282
2	 5	 1	 91	 1	    2	 10	 9	 1	 NaN	    1	 0	 0	 0	 5.7342	    NaN	 NaN	 NaN	 NaN	 NaN	    NaN	 NaN	 NaN	 NaN	 5.9098	    NaN	 NaN	 NaN	 NaN	 NaN	    NaN	 NaN	 NaN	 NaN	 175.8009	    1	 1.0200	 0	 5.924380e+03	 5.925171e+03	    5926.1882
2	 5	 1	 92	 1	    1	 10	 9	 4	 NaN	    4	 3	 0	 3	 -6.4437	    4.7238	 0.0959	 -5.2354	 NaN	 NaN	    NaN	 NaN	 NaN	 NaN	 17.4237	    11.8679	 13.8535	 11.0627	 NaN	 NaN	    NaN	 NaN	 NaN	 NaN	 177.1595	    1	 1.0400	 0	 5.931489e+03	 5.932189e+03	    5933.5480
2	 5	 1	 93	 1	    1	 10	 9	 4	 NaN	    4	 5	 0	 5	 -3.2326	    -3.1089	 5.8070	 6.3677	 4.1893	 -4.5547	    NaN	 NaN	 NaN	 NaN	 18.4187	    6.6824	 17.7401	 11.6003	 6.5381	 13.1791	    NaN	 NaN	 NaN	 NaN	 178.5347	    1	 1.0600	 0	 5.939249e+03	 5.939908e+03	    5941.2829
2	 5	 1	 94	 1	    2	 10	 9	 3	 NaN	    3	 0	 7	 7	 4.6919	    3.1717	 2.2423	 -7.3440	 6.3575	 -0.2172	    -5.6450	 -4.2588	 NaN	 NaN	 9.6918	    19.1352	 5.8116	 10.4508	 14.6649	 16.3181	    5.2525	 14.0378	 NaN	 NaN	 180.7685	    1	 1.0800	 0	 5.946376e+03	 5.947134e+03	    5949.3679
2	 5	 1	 95	 1	    1	 10	 9	 2	 NaN	    2	 8	 0	 8	 6.5904	    1.8303	 -7.5925	 0.4689	 -4.9913	 6.6587	    -2.1240	 -3.5493	 5.8430	 NaN	 4.3260	    16.9171	 18.5969	 4.7508	 13.8524	 10.4634	    19.9014	 4.7203	 16.7104	 NaN	 183.1273	    1	 1.1000	 0	 5.954319e+03	 5.955169e+03	    5957.5279
2	 5	 1	 96	 1	    1	 10	 9	 3	 NaN	    3	 0	 0	 0	 4.0831	    NaN	 NaN	 NaN	 NaN	 NaN	    NaN	 NaN	 NaN	 NaN	 9.8664	    NaN	 NaN	 NaN	 NaN	 NaN	    NaN	 NaN	 NaN	 NaN	 184.0608	    1	 1.1200	 0	 5.962596e+03	 5.963112e+03	    5964.0459
2	 5	 1	 97	 1	    2	 10	 9	 2	 NaN	    2	 0	 5	 5	 0.9174	    3.7040	 -6.2349	 1.6256	 -4.4863	 -6.6096	    NaN	 NaN	 NaN	 NaN	 5.2036	    15.6777	 19.8491	 19.7851	 4.9427	 9.7176	    NaN	 NaN	 NaN	 NaN	 185.3277	    1	 1.1400	 0	 5.969130e+03	 5.970131e+03	    5971.3974
2	 5	 1	 98	 1	    2	 10	 9	 3	 NaN	    4	 0	 1	 1	 7.8258	    -7.5475	 NaN	 NaN	 NaN	 NaN	    NaN	 NaN	 NaN	 NaN	 5.5955	    16.0594	 NaN	 NaN	 NaN	 NaN	    NaN	 NaN	 NaN	 NaN	 188.3617	    0	 1.1200	 1	 5.976298e+03	 5.977190e+03	    5980.2242
2	 5	 1	 99	 1	    1	 10	 9	 3	 NaN	    3	 2	 0	 2	 -6.5538	    7.8311	 -5.2751	 NaN	 NaN	 NaN	    NaN	 NaN	 NaN	 NaN	 7.4180	    13.4249	 15.0099	 NaN	 NaN	 NaN	    NaN	 NaN	 NaN	 NaN	 189.6452	    1	 1.1400	 0	 5.986417e+03	 5.987284e+03	    5988.5676
2	 5	 1	 100	 1	    1	 10	 9	 4	 NaN	    4	 6	 0	 6	 6.6474	    4.3165	 -4.7825	 -1.9517	 -5.8888	 6.6474	    -7.4298	 NaN	 NaN	 NaN	 18.7235	    11.2481	 4.0102	 13.1791	 19.8151	 5.5440	    10.0850	 NaN	 NaN	 NaN	 190.5621	    1	 1.1200	 1	 5.994185e+03	 5.994744e+03	    5995.6607
2	 5	 1	 101	 1	    1	 10	 9	 2	 NaN	    2	 7	 0	 7	 -5.9797	    4.4378	 -7.5481	 -0.7015	 2.0657	 2.6474	    5.3576	 -2.9010	 NaN	 NaN	 18.7528	    11.8598	 7.1156	 14.3854	 4.1288	 19.0686	    16.0618	 5.3028	 NaN	 NaN	 191.7206	    1	 1.1400	 0	 6.001128e+03	 6.001779e+03	    6002.9372
2	 5	 1	 102	 1	    2	 10	 9	 1	 NaN	    1	 0	 3	 3	 6.6474	    3.4402	 -3.5314	 -4.7825	 NaN	 NaN	    NaN	 NaN	 NaN	 NaN	 9.2664	    14.2367	 6.2954	 17.7743	 NaN	 NaN	    NaN	 NaN	 NaN	 NaN	 194.4961	    1	 1.1600	 0	 6.009839e+03	 6.010714e+03	    6013.4893
2	 5	 1	 103	 1	    1	 10	 9	 1	 NaN	    1	 1	 0	 1	 4.6201	    -4.5547	 NaN	 NaN	 NaN	 NaN	    NaN	 NaN	 NaN	 NaN	 16.8100	    4.2670	 NaN	 NaN	 NaN	 NaN	    NaN	 NaN	 NaN	 NaN	 195.5880	    1	 1.1800	 0	 6.018224e+03	 6.018890e+03	    6019.9823
2	 5	 1	 104	 1	    2	 10	 9	 2	 NaN	    2	 0	 6	 6	 2.4414	    -6.4058	 -1.5963	 7.7231	 -1.5316	 4.4793	    3.2233	 NaN	 NaN	 NaN	 17.7437	    9.4473	 19.1287	 15.4799	 4.4748	 7.0443	    12.4796	 NaN	 NaN	 NaN	 197.3466	    1	 1.2000	 0	 6.025167e+03	 6.025725e+03	    6027.4838
2	 5	 1	 105	 1	    1	 10	 9	 3	 NaN	    4	 4	 0	 4	 6.5895	    -3.0945	 4.6345	 -7.9794	 -6.4058	 NaN	    NaN	 NaN	 NaN	 NaN	 13.2995	    4.7203	 17.7743	 6.7236	 18.1048	 NaN	    NaN	 NaN	 NaN	 NaN	 200.6139	    0	 1.1800	 0	 6.032318e+03	 6.033102e+03	    6036.3689
2	 5	 1	 106	 1	    2	 10	 9	 2	 NaN	    2	 0	 2	 2	 -7.3637	    0.4962	 -3.8342	 NaN	 NaN	 NaN	    NaN	 NaN	 NaN	 NaN	 4.1697	    18.6354	 14.4662	 NaN	 NaN	 NaN	    NaN	 NaN	 NaN	 NaN	 201.8726	    1	 1.2000	 0	 6.041178e+03	 6.042103e+03	    6043.3621
2	 5	 1	 107	 1	    2	 10	 9	 1	 NaN	    1	 0	 8	 8	 -7.9339	    -6.2942	 7.2938	 -0.4527	 -3.6356	 6.8004	    7.2145	 6.5904	 -5.7895	 NaN	 8.8197	    18.0955	 13.1998	 15.2701	 5.4411	 17.3111	    8.7575	 4.0102	 12.3697	 NaN	 203.8730	    1	 1.2200	 0	 6.048171e+03	 6.049147e+03	    6051.1470
2	 5	 1	 108	 1	    2	 10	 9	 4	 NaN	    4	 0	 4	 4	 -2.0043	    -5.2118	 6.4274	 7.1001	 -7.2012	 NaN	    NaN	 NaN	 NaN	 NaN	 18.6225	    5.1697	 7.0831	 19.0267	 9.8671	 NaN	    NaN	 NaN	 NaN	 NaN	 205.0732	    1	 1.2400	 0	 6.056065e+03	 6.056806e+03	    6058.0067
2	 5	 1	 109	 1	    1	 10	 9	 4	 NaN	    4	 3	 0	 3	 -5.1398	    -5.8678	 3.1824	 6.9030	 NaN	 NaN	    NaN	 NaN	 NaN	 NaN	 18.5969	    4.7466	 16.2082	 7.4404	 NaN	 NaN	    NaN	 NaN	 NaN	 NaN	 206.2984	    1	 1.2200	 1	 6.062716e+03	 6.063716e+03	    6064.9415
2	 5	 1	 110	 1	    2	 10	 9	 3	 NaN	    3	 0	 6	 6	 -6.5538	    4.1280	 -3.6279	 -5.6495	 4.6898	 4.2566	    -0.2895	 NaN	 NaN	 NaN	 17.2542	    12.1954	 5.6844	 9.8667	 7.7952	 17.4678	    18.7350	 NaN	 NaN	 NaN	 208.4321	    1	 1.2400	 0	 6.070209e+03	 6.070951e+03	    6073.0848
2	 5	 1	 111	 1	    2	 10	 9	 3	 NaN	    3	 0	 1	 1	 2.6457	    -7.7189	 NaN	 NaN	 NaN	 NaN	    NaN	 NaN	 NaN	 NaN	 4.4879	    16.9148	 NaN	 NaN	 NaN	 NaN	    NaN	 NaN	 NaN	 NaN	 209.8491	    1	 1.2600	 0	 6.077702e+03	 6.078269e+03	    6079.6861
2	 5	 1	 112	 1	    2	 10	 9	 1	 NaN	    1	 0	 5	 5	 -7.5475	    2.7831	 6.8059	 1.5235	 -4.5867	 -5.7895	    NaN	 NaN	 NaN	 NaN	 17.1093	    15.7630	 9.8667	 4.0002	 4.0268	 13.4847	    NaN	 NaN	 NaN	 NaN	 212.4413	    1	 1.2800	 0	 6.084612e+03	 6.085204e+03	    6087.7961
2	 5	 1	 113	 1	    1	 10	 9	 3	 NaN	    4	 7	 0	 7	 3.2562	    -2.9010	 -7.9651	 -6.0196	 2.1135	 4.9500	    -1.0758	 6.1943	 NaN	 NaN	 15.1555	    5.6844	 16.5332	 8.4957	 4.3260	 19.0048	    17.5943	 5.6844	 NaN	 NaN	 219.7011	    0	 1.2600	 0	 6.092630e+03	 6.093139e+03	    6100.3987
2	 5	 1	 114	 1	    1	 10	 9	 1	 NaN	    1	 0	 0	 0	 6.9030	    NaN	 NaN	 NaN	 NaN	 NaN	    NaN	 NaN	 NaN	 NaN	 11.9728	    NaN	 NaN	 NaN	 NaN	 NaN	    NaN	 NaN	 NaN	 NaN	 220.7680	    1	 1.2400	 1	 6.106558e+03	 6.107450e+03	    6108.5170
2	 5	 1	 115	 1	    1	 10	 9	 4	 NaN	    4	 4	 0	 4	 -5.5878	    7.2224	 6.6634	 -2.6595	 4.7545	 NaN	    NaN	 NaN	 NaN	 NaN	 9.7124	    18.7754	 10.0317	 13.1684	 14.6649	 NaN	    NaN	 NaN	 NaN	 NaN	 222.8517	    1	 1.2600	 0	 6.114485e+03	 6.115435e+03	    6117.5188
2	 5	 1	 116	 1	    1	 10	 9	 2	 NaN	    2	 8	 0	 8	 -5.7881	    2.6438	 -6.0278	 2.7745	 -1.0776	 3.7029	    6.1530	 -6.7336	 7.7980	 NaN	 16.6902	    4.6765	 4.0102	 18.7754	 14.2806	 14.6311	    8.3291	 8.5153	 18.8122	 NaN	 227.4275	    1	 1.2800	 0	 6.122778e+03	 6.123328e+03	    6127.9043
2	 5	 1	 117	 1	    2	 10	 9	 4	 NaN	    4	 0	 3	 3	 0.0959	    -7.7977	 -4.5164	 7.7660	 NaN	 NaN	    NaN	 NaN	 NaN	 NaN	 17.0113	    7.4248	 14.9003	 10.7934	 NaN	 NaN	    NaN	 NaN	 NaN	 NaN	 229.5029	    1	 1.3000	 0	 6.134039e+03	 6.134847e+03	    6136.9228
2	 5	 1	 118	 1	    2	 10	 9	 1	 NaN	    1	 0	 2	 2	 -5.6495	    3.8990	 1.2880	 NaN	 NaN	 NaN	    NaN	 NaN	 NaN	 NaN	 8.8296	    19.5755	 14.8647	 NaN	 NaN	 NaN	    NaN	 NaN	 NaN	 NaN	 231.1949	    1	 1.3200	 0	 6.142266e+03	 6.142874e+03	    6144.5660
2	 5	 1	 119	 1	    1	 10	 9	 4	 NaN	    4	 2	 0	 2	 -7.0737	    4.1893	 6.0043	 NaN	 NaN	 NaN	    NaN	 NaN	 NaN	 NaN	 7.3592	    18.9848	 5.7879	 NaN	 NaN	 NaN	    NaN	 NaN	 NaN	 NaN	 236.0626	    1	 1.3400	 0	 6.149700e+03	 6.150225e+03	    6155.0932
2	 5	 1	 120	 1	    1	 10	 9	 2	 NaN	    2	 5	 0	 5	 -7.5257	    2.3099	 -7.5715	 -3.8614	 5.5066	 6.1530	    NaN	 NaN	 NaN	 NaN	 11.0241	    17.8978	 6.6951	 18.1415	 6.6268	 19.3437	    NaN	 NaN	 NaN	 NaN	 244.4893	    1	 1.3600	 0	 6.159869e+03	 6.160594e+03	    6169.0210
2	 5	 1	 121	 1	    1	 10	 9	 4	 NaN	    4	 6	 0	 6	 4.4378	    5.7342	 -4.1416	 -1.5768	 -7.0814	 3.5887	    -5.1325	 NaN	 NaN	 NaN	 15.7630	    9.9555	 10.9661	 19.5755	 16.0312	 4.3325	    6.6236	 NaN	 NaN	 NaN	 248.8652	    1	 1.3800	 0	 6.173947e+03	 6.174739e+03	    6179.1147
2	 5	 1	 122	 1	    2	 10	 9	 2	 NaN	    2	 0	 0	 0	 3.8970	    NaN	 NaN	 NaN	 NaN	 NaN	    NaN	 NaN	 NaN	 NaN	 4.9624	    NaN	 NaN	 NaN	 NaN	 NaN	    NaN	 NaN	 NaN	 NaN	 250.8739	    1	 1.3600	 1	 6.184674e+03	 6.185591e+03	    6187.5998
2	 5	 1	 123	 1	    2	 10	 9	 4	 NaN	    4	 0	 4	 4	 -2.5980	    -3.8700	 7.0306	 7.0752	 5.1539	 NaN	    NaN	 NaN	 NaN	 NaN	 16.2692	    6.5643	 17.9504	 5.4466	 13.2028	 NaN	    NaN	 NaN	 NaN	 NaN	 252.5742	    1	 1.3800	 0	 6.194343e+03	 6.195226e+03	    6196.9267
2	 5	 1	 124	 1	    2	 10	 9	 3	 NaN	    3	 0	 8	 8	 -4.8061	    3.3491	 -2.0378	 3.0585	 -7.7977	 6.8783	    -0.2574	 7.9974	 -6.5538	 NaN	 14.0282	    19.0589	 18.0415	 14.0378	 10.2520	 5.2575	    4.3353	 11.8704	 17.9393	 NaN	 254.4413	    1	 1.4000	 0	 6.208262e+03	 6.208846e+03	    6210.7128
2	 5	 1	 125	 1	    2	 10	 9	 1	 NaN	    2	 0	 7	 7	 -1.1025	    -5.7881	 2.2061	 -7.1809	 5.6693	 -5.4125	    7.8122	 6.5904	 NaN	 NaN	 5.1697	    10.3635	 14.6504	 5.5776	 16.9318	 19.3164	    5.7503	 12.3168	 NaN	 NaN	 257.8003	    0	 1.3800	 0	 6.215647e+03	 6.216314e+03	    6219.6730
2	 5	 1	 126	 1	    1	 10	 9	 2	 NaN	    2	 1	 0	 1	 7.8311	    -5.7793	 NaN	 NaN	 NaN	 NaN	    NaN	 NaN	 NaN	 NaN	 4.4879	    17.0113	 NaN	 NaN	 NaN	 NaN	    NaN	 NaN	 NaN	 NaN	 259.3006	    1	 1.4000	 0	 6.224891e+03	 6.225549e+03	    6227.0495
2	 5	 1	 127	 1	    2	 10	 9	 1	 NaN	    2	 0	 8	 8	 1.5351	    -6.2726	 -2.8788	 4.4801	 5.8960	 -2.1240	    2.5768	 -7.7181	 6.6474	 NaN	 4.5479	    14.3842	 6.3776	 7.9574	 12.1813	 14.9928	    19.4353	 9.8671	 19.7761	 NaN	 263.8265	    0	 1.3800	 0	 6.231784e+03	 6.232617e+03	    6237.1432
2	 5	 1	 128	 1	    1	 10	 9	 1	 NaN	    1	 7	 0	 7	 -5.5589	    -3.9028	 -6.7336	 4.3600	 5.5039	 -2.1201	    5.0580	 7.1686	 NaN	 NaN	 5.2633	    18.5969	 10.7822	 12.0956	 4.8754	 14.0321	    16.1264	 8.8623	 NaN	 NaN	 267.5189	    1	 1.4000	 0	 6.242203e+03	 6.242828e+03	    6246.5201
2	 5	 1	 129	 1	    1	 10	 9	 3	 NaN	    3	 3	 0	 3	 -4.8943	    5.3587	 -3.7237	 7.9508	 NaN	 NaN	    NaN	 NaN	 NaN	 NaN	 11.9900	    19.4892	 17.5491	 6.7549	 NaN	 NaN	    NaN	 NaN	 NaN	 NaN	 269.7193	    1	 1.4200	 0	 6.251730e+03	 6.252413e+03	    6254.6134
2	 5	 1	 130	 1	    1	 10	 9	 2	 NaN	    2	 8	 0	 8	 -5.6824	    0.6428	 -6.8811	 -7.2012	 3.6086	 -3.7669	    7.1944	 3.7029	 6.5895	 NaN	 18.2831	    18.1325	 13.8831	 9.5673	 4.4213	 5.6110	    7.0443	 13.2607	 18.3766	 NaN	 272.8033	    1	 1.4000	 1	 6.259656e+03	 6.260540e+03	    6263.6236
2	 5	 1	 131	 1	    1	 10	 9	 2	 NaN	    2	 5	 0	 5	 7.3488	    -4.0817	 -5.9797	 2.1544	 -4.4230	 6.0043	    NaN	 NaN	 NaN	 NaN	 4.9920	    13.8647	 9.7684	 5.8030	 19.3164	 18.7528	    NaN	 NaN	 NaN	 NaN	 274.7120	    1	 1.3800	 1	 6.271100e+03	 6.271942e+03	    6273.8507
2	 5	 1	 132	 1	    2	 10	 9	 2	 NaN	    2	 0	 2	 2	 1.7991	    -4.0176	 1.2432	 NaN	 NaN	 NaN	    NaN	 NaN	 NaN	 NaN	 5.7844	    14.7395	 15.1555	 NaN	 NaN	 NaN	    NaN	 NaN	 NaN	 NaN	 275.8788	    1	 1.4000	 0	 6.281444e+03	 6.281986e+03	    6283.1526
2	 5	 1	 133	 1	    2	 10	 9	 4	 NaN	    4	 0	 3	 3	 5.3740	    -6.6744	 -7.3637	 0.0969	 NaN	 NaN	    NaN	 NaN	 NaN	 NaN	 7.1901	    10.8261	 19.0897	 19.7761	 NaN	 NaN	    NaN	 NaN	 NaN	 NaN	 278.3292	    1	 1.4200	 0	 6.287662e+03	 6.288470e+03	    6290.9208
2	 5	 1	 134	 1	    1	 10	 9	 3	 NaN	    3	 4	 0	 4	 3.2562	    7.5492	 -4.5164	 -5.0556	 -3.1150	 NaN	    NaN	 NaN	 NaN	 NaN	 14.3007	    16.9318	 10.9893	 7.0154	 18.5057	 NaN	    NaN	 NaN	 NaN	 NaN	 281.1798	    1	 1.4000	 1	 6.295855e+03	 6.296430e+03	    6299.2808
2	 5	 1	 135	 1	    2	 10	 9	 4	 NaN	    4	 0	 5	 5	 -4.5547	    4.8901	 2.4365	 -7.3257	 7.0752	 -4.2497	    NaN	 NaN	 NaN	 NaN	 17.7489	    17.0113	 13.2028	 10.9720	 11.0316	 4.9936	    NaN	 NaN	 NaN	 NaN	 283.3552	    1	 1.3800	 1	 6.304565e+03	 6.305482e+03	    6307.6576
2	 5	 1	 136	 1	    2	 10	 9	 4	 NaN	    4	 0	 0	 0	 6.7436	    NaN	 NaN	 NaN	 NaN	 NaN	    NaN	 NaN	 NaN	 NaN	 12.6860	    NaN	 NaN	 NaN	 NaN	 NaN	    NaN	 NaN	 NaN	 NaN	 285.0972	    1	 1.4000	 0	 6.317126e+03	 6.317868e+03	    6319.6100
2	 5	 1	 137	 1	    1	 10	 9	 1	 NaN	    1	 2	 0	 2	 -2.0043	    7.7710	 -4.5867	 NaN	 NaN	 NaN	    NaN	 NaN	 NaN	 NaN	 14.1892	    11.5451	 9.7968	 NaN	 NaN	 NaN	    NaN	 NaN	 NaN	 NaN	 286.1891	    1	 1.4200	 0	 6.325645e+03	 6.326578e+03	    6327.6700
2	 5	 1	 138	 1	    2	 10	 9	 1	 NaN	    1	 0	 1	 1	 -5.7881	    5.3587	 NaN	 NaN	 NaN	 NaN	    NaN	 NaN	 NaN	 NaN	 5.8885	    12.7301	 NaN	 NaN	 NaN	 NaN	    NaN	 NaN	 NaN	 NaN	 288.8896	    1	 1.4400	 0	 6.332379e+03	 6.332996e+03	    6335.6966
2	 5	 1	 139	 1	    1	 10	 9	 3	 NaN	    3	 6	 0	 6	 -6.9638	    1.6185	 -0.2703	 6.3716	 -2.6654	 4.8016	    -3.8975	 NaN	 NaN	 NaN	 10.5167	    4.1446	 15.7028	 17.7401	 5.2922	 12.0956	    17.9711	 NaN	 NaN	 NaN	 291.2818	    1	 1.4600	 0	 6.341364e+03	 6.342240e+03	    6344.6318
2	 5	 1	 140	 1	    2	 10	 9	 4	 NaN	    4	 0	 7	 7	 -7.7934	    -0.9043	 5.3740	 2.4365	 5.3740	 7.9993	    -7.2523	 -0.3618	 NaN	 NaN	 10.3635	    15.9425	 5.4095	 19.1287	 10.5273	 18.7235	    17.9711	 4.4403	 NaN	 NaN	 292.6154	    1	 1.4800	 0	 6.349499e+03	 6.350300e+03	    6351.6332
2	 5	 1	 141	 1	    1	 10	 9	 4	 NaN	    4	 1	 0	 1	 6.1530	    -0.6975	 NaN	 NaN	 NaN	 NaN	    NaN	 NaN	 NaN	 NaN	 6.6279	    19.1352	 NaN	 NaN	 NaN	 NaN	    NaN	 NaN	 NaN	 NaN	 294.0323	    1	 1.5000	 0	 6.356968e+03	 6.357934e+03	    6359.3514
2	 5	 1	 142	 1	    1	 10	 9	 2	 NaN	    2	 0	 0	 0	 4.1324	    NaN	 NaN	 NaN	 NaN	 NaN	    NaN	 NaN	 NaN	 NaN	 4.7508	    NaN	 NaN	 NaN	 NaN	 NaN	    NaN	 NaN	 NaN	 NaN	 294.9408	    1	 1.5200	 0	 6.364177e+03	 6.364928e+03	    6365.8361
2	 5	 1	 143	 1	    2	 10	 9	 4	 NaN	    4	 0	 6	 6	 4.8295	    -6.5449	 -3.2969	 2.5650	 6.5712	 -2.1787	    -3.2420	 NaN	 NaN	 NaN	 15.5484	    7.7255	 18.9048	 5.5921	 6.1682	 14.3842	    4.1192	 NaN	 NaN	 NaN	 295.8244	    1	 1.5400	 0	 6.370512e+03	 6.371496e+03	    6372.3791
2	 5	 1	 144	 1	    2	 10	 9	 3	 NaN	    3	 0	 4	 4	 -2.6839	    3.2091	 5.8070	 -3.9296	 1.9361	 NaN	    NaN	 NaN	 NaN	 NaN	 18.0968	    6.1163	 19.7305	 7.5620	 16.3988	 NaN	    NaN	 NaN	 NaN	 NaN	 297.5747	    1	 1.5600	 0	 6.377063e+03	 6.377805e+03	    6379.5555
2	 5	 1	 145	 1	    1	 10	 9	 2	 NaN	    2	 7	 0	 7	 4.3747	    -5.0036	 -4.1498	 3.2443	 -0.2989	 -6.9231	    7.7925	 3.8944	 NaN	 NaN	 5.5440	    14.0291	 18.5057	 15.5967	 4.7912	 8.3281	    13.5096	 10.4843	 NaN	 NaN	 300.2336	    1	 1.5800	 0	 6.384682e+03	 6.385573e+03	    6388.2323
2	 5	 1	 146	 1	    2	 10	 9	 2	 NaN	    2	 0	 4	 4	 1.7119	    -0.6948	 7.4778	 -7.3601	 -7.9103	 NaN	    NaN	 NaN	 NaN	 NaN	 18.4351	    14.6504	 8.4810	 5.1965	 14.6017	 NaN	    NaN	 NaN	 NaN	 NaN	 301.4755	    1	 1.6000	 0	 6.393708e+03	 6.394292e+03	    6395.5338
2	 5	 1	 147	 1	    2	 10	 9	 3	 NaN	    3	 0	 2	 2	 2.4238	    -7.2970	 -6.5872	 NaN	 NaN	 NaN	    NaN	 NaN	 NaN	 NaN	 6.0491	    12.9165	 18.5176	 NaN	 NaN	 NaN	    NaN	 NaN	 NaN	 NaN	 303.1342	    1	 1.6200	 0	 6.400310e+03	 6.400943e+03	    6402.6019
2	 5	 1	 148	 1	    1	 10	 9	 4	 NaN	    3	 2	 0	 2	 4.8464	    -7.7934	 -7.2896	 NaN	 NaN	 NaN	    NaN	 NaN	 NaN	 NaN	 17.9393	    7.4504	 16.8426	 NaN	 NaN	 NaN	    NaN	 NaN	 NaN	 NaN	 304.5511	    0	 1.6000	 0	 6.407628e+03	 6.408220e+03	    6409.6367
2	 5	 1	 149	 1	    1	 10	 9	 4	 NaN	    4	 8	 0	 8	 -0.8043	    -5.5345	 3.1717	 7.1686	 7.4251	 2.3099	    -4.5547	 -6.1383	 -0.6975	 NaN	 4.3353	    12.3574	 6.6268	 16.0312	 8.5065	 16.0615	    7.5458	 19.3232	 19.7662	 NaN	 307.1016	    1	 1.6200	 0	 6.414346e+03	 6.414963e+03	    6417.5133
2	 5	 1	 150	 1	    1	 10	 9	 1	 NaN	    1	 0	 0	 0	 -5.6495	    NaN	 NaN	 NaN	 NaN	 NaN	    NaN	 NaN	 NaN	 NaN	 16.7357	    NaN	 NaN	 NaN	 NaN	 NaN	    NaN	 NaN	 NaN	 NaN	 308.3186	    1	 1.6400	 0	 6.422473e+03	 6.423173e+03	    6424.3897
2	 5	 1	 151	 1	    2	 10	 9	 4	 NaN	    4	 0	 3	 3	 -1.1340	    5.5017	 -2.9957	 4.3165	 NaN	 NaN	    NaN	 NaN	 NaN	 NaN	 17.1770	    11.3644	 6.6824	 17.1235	 NaN	 NaN	    NaN	 NaN	 NaN	 NaN	 311.1775	    1	 1.6600	 0	 6.429499e+03	 6.430383e+03	    6433.2415
2	 5	 1	 152	 1	    2	 10	 9	 3	 NaN	    3	 0	 5	 5	 6.7040	    5.3576	 4.6835	 -4.2497	 -4.7920	 -1.5349	    NaN	 NaN	 NaN	 NaN	 10.4360	    5.0376	 15.2495	 7.8473	 16.0830	 19.9944	    NaN	 NaN	 NaN	 NaN	 313.4363	    1	 1.6400	 1	 6.439626e+03	 6.440326e+03	    6442.5850
2	 5	 1	 153	 1	    1	 10	 9	 1	 NaN	    1	 4	 0	 4	 4.8132	    -6.3440	 6.8783	 -4.9237	 7.8659	 NaN	    NaN	 NaN	 NaN	 NaN	 18.8789	    17.5037	 7.6965	 9.2400	 12.0724	 NaN	    NaN	 NaN	 NaN	 NaN	 315.6200	    1	 1.6600	 0	 6.448045e+03	 6.448553e+03	    6450.7367
2	 5	 1	 154	 1	    2	 10	 9	 3	 NaN	    3	 0	 1	 1	 -5.2476	    2.7971	 NaN	 NaN	 NaN	 NaN	    NaN	 NaN	 NaN	 NaN	 10.6338	    19.9341	 NaN	 NaN	 NaN	 NaN	    NaN	 NaN	 NaN	 NaN	 316.9537	    1	 1.6800	 0	 6.455354e+03	 6.456154e+03	    6457.4881
2	 5	 1	 155	 1	    2	 10	 9	 2	 NaN	    1	 0	 7	 7	 0.9747	    3.5561	 3.8135	 -5.8737	 -2.9666	 -7.2867	    -5.0036	 7.3599	 NaN	 NaN	 4.9427	    19.2509	 14.4662	 19.6547	 16.0618	 9.6895	    5.8012	 11.3644	 NaN	 NaN	 321.8796	    0	 1.6600	 0	 6.462414e+03	 6.463256e+03	    6468.1819
2	 5	 1	 156	 1	    2	 10	 9	 3	 NaN	    3	 0	 6	 6	 -1.2318	    -6.2942	 6.1646	 6.1720	 -6.1383	 0.3472	    4.4793	 NaN	 NaN	 NaN	 16.4358	    16.7104	 17.3786	 6.2288	 6.2947	 4.1010	    12.1829	 NaN	 NaN	 NaN	 323.4966	    1	 1.6800	 0	 6.473083e+03	 6.473858e+03	    6475.4751
2	 5	 1	 157	 1	    2	 10	 9	 4	 NaN	    4	 0	 0	 0	 0.6915	    NaN	 NaN	 NaN	 NaN	 NaN	    NaN	 NaN	 NaN	 NaN	 17.5491	    NaN	 NaN	 NaN	 NaN	 NaN	    NaN	 NaN	 NaN	 NaN	 325.5303	    1	 1.7000	 0	 6.480509e+03	 6.481068e+03	    6483.1016
2	 5	 1	 158	 1	    1	 10	 9	 4	 NaN	    4	 1	 0	 1	 2.5473	    -7.2012	 NaN	 NaN	 NaN	 NaN	    NaN	 NaN	 NaN	 NaN	 15.6165	    5.4095	 NaN	 NaN	 NaN	 NaN	    NaN	 NaN	 NaN	 NaN	 326.2471	    1	 1.6800	 1	 6.487828e+03	 6.488628e+03	    6489.3446
2	 5	 1	 159	 1	    1	 10	 9	 2	 NaN	    2	 3	 0	 3	 7.6720	    -4.9237	 -3.1150	 1.3767	 NaN	 NaN	    NaN	 NaN	 NaN	 NaN	 6.1333	    7.7952	 12.4593	 15.9649	 NaN	 NaN	    NaN	 NaN	 NaN	 NaN	 328.0225	    1	 1.6600	 1	 6.494996e+03	 6.495671e+03	    6497.4462
2	 5	 1	 160	 1	    1	 10	 9	 4	 NaN	    4	 5	 0	 5	 6.7436	    -5.5589	 1.8303	 -5.6903	 -5.8988	 2.1317	    NaN	 NaN	 NaN	 NaN	 12.0956	    10.4803	 16.6992	 19.1507	 5.5984	 4.6765	    NaN	 NaN	 NaN	 NaN	 329.5895	    1	 1.6800	 0	 6.502581e+03	 6.503581e+03	    6505.1478
2	 5	 1	 161	 1	    1	 10	 9	 4	 NaN	    4	 6	 0	 6	 0.1998	    -1.4382	 6.4274	 -4.7920	 5.3428	 -6.7453	    -6.6567	 NaN	 NaN	 NaN	 5.2575	    19.3175	 15.3916	 12.4951	 9.2819	 7.7727	    16.3181	 NaN	 NaN	 NaN	 332.7568	    1	 1.7000	 0	 6.509882e+03	 6.510557e+03	    6513.7245
2	 5	 1	 162	 1	    2	 10	 9	 1	 NaN	    2	 0	 8	 8	 4.6201	    5.8430	 -4.5164	 -3.1150	 4.6723	 -4.9137	    -7.0495	 0.3472	 -0.2574	 NaN	 11.9352	    17.2468	 17.4834	 5.9649	 6.7312	 13.1433	    5.2173	 17.5550	 13.5430	 NaN	 334.7988	    0	 1.6800	 1	 6.518817e+03	 6.519634e+03	    6521.6761
2	 5	 1	 163	 1	    1	 10	 9	 2	 NaN	    2	 1	 0	 1	 -7.9651	    0.4292	 NaN	 NaN	 NaN	 NaN	    NaN	 NaN	 NaN	 NaN	 8.7592	    17.6559	 NaN	 NaN	 NaN	 NaN	    NaN	 NaN	 NaN	 NaN	 336.2992	    1	 1.7000	 0	 6.527127e+03	 6.527944e+03	    6529.4445
2	 5	 1	 164	 1	    1	 10	 9	 1	 NaN	    1	 5	 0	 5	 -1.9551	    0.6967	 -5.9738	 -2.1887	 5.5039	 5.8070	    NaN	 NaN	 NaN	 NaN	 14.5501	    17.7601	 8.8282	 5.5921	 18.4187	 9.7584	    NaN	 NaN	 NaN	 NaN	 339.2331	    1	 1.7200	 0	 6.534454e+03	 6.535096e+03	    6538.0295
2	 5	 1	 165	 1	    2	 10	 9	 1	 NaN	    1	 0	 5	 5	 -7.2896	    7.1605	 6.1530	 -2.5854	 -6.6994	 5.0978	    NaN	 NaN	 NaN	 NaN	 6.3043	    19.0267	 4.0102	 17.7401	 14.5823	 10.7934	    NaN	 NaN	 NaN	 NaN	 342.0087	    1	 1.7000	 1	 6.543006e+03	 6.543622e+03	    6546.3979
2	 5	 1	 166	 1	    1	 10	 9	 2	 NaN	    2	 7	 0	 7	 -0.9693	    -7.4344	 7.5897	 5.6819	 -6.5317	 0.6967	    2.7113	 -5.3050	 NaN	 NaN	 5.2036	    15.5096	 18.2686	 11.9839	 11.1731	 19.3232	    14.9950	 4.5272	 NaN	 NaN	 342.9588	    1	 1.6800	 1	 6.553416e+03	 6.554141e+03	    6555.0913
2	 5	 1	 167	 1	    2	 10	 9	 1	 NaN	    1	 0	 0	 0	 -2.6378	    NaN	 NaN	 NaN	 NaN	 NaN	    NaN	 NaN	 NaN	 NaN	 13.4765	    NaN	 NaN	 NaN	 NaN	 NaN	    NaN	 NaN	 NaN	 NaN	 344.3591	    1	 1.7000	 0	 6.560134e+03	 6.560784e+03	    6562.1844
2	 5	 1	 168	 1	    2	 10	 9	 1	 NaN	    1	 0	 8	 8	 -7.4723	    2.7768	 0.9420	 -5.5312	 5.0458	 -1.4668	    -7.2867	 7.6103	 -5.0953	 NaN	 10.8892	    15.1421	 4.0002	 18.9094	 7.2060	 19.0048	    4.0002	 15.5488	 14.1665	 NaN	 347.5180	    1	 1.7200	 0	 6.567294e+03	 6.567869e+03	    6571.0279
2	 5	 1	 169	 1	    2	 10	 9	 4	 NaN	    4	 0	 4	 4	 -7.4593	    6.3657	 -5.2891	 6.3657	 3.1415	 NaN	    NaN	 NaN	 NaN	 NaN	 10.4803	    17.2949	 16.8541	 4.7409	 12.7918	 NaN	    NaN	 NaN	 NaN	 NaN	 349.2517	    1	 1.7400	 0	 6.575620e+03	 6.576246e+03	    6577.9793
2	 5	 1	 170	 1	    2	 10	 9	 2	 NaN	    2	 0	 2	 2	 -0.6975	    4.7243	 1.7163	 NaN	 NaN	 NaN	    NaN	 NaN	 NaN	 NaN	 13.4765	    4.2546	 19.3232	 NaN	 NaN	 NaN	    NaN	 NaN	 NaN	 NaN	 351.3355	    1	 1.7600	 0	 6.582805e+03	 6.583505e+03	    6585.5892
2	 5	 1	 171	 1	    1	 10	 9	 1	 NaN	    1	 6	 0	 6	 -7.8672	    7.7660	 4.1324	 -0.7015	 -2.1201	 6.6467	    -4.6617	 NaN	 NaN	 NaN	 8.3781	    6.7917	 17.8368	 5.5440	 15.9649	 13.8535	    10.7822	 NaN	 NaN	 NaN	 352.6190	    1	 1.7400	 1	 6.591015e+03	 6.591949e+03	    6593.2324
2	 5	 1	 172	 1	    2	 10	 9	 3	 NaN	    3	 0	 6	 6	 1.2432	    5.7342	 -7.3440	 7.6103	 -5.0953	 -3.1691	    6.1720	 NaN	 NaN	 NaN	 17.6035	    17.6705	 9.6064	 4.9924	 5.2575	 19.6813	    12.0768	 NaN	 NaN	 NaN	 354.2027	    1	 1.7600	 0	 6.598433e+03	 6.598950e+03	    6600.5339
2	 5	 1	 173	 1	    1	 10	 9	 4	 NaN	    3	 2	 0	 2	 -7.2546	    7.0752	 -1.1340	 NaN	 NaN	 NaN	    NaN	 NaN	 NaN	 NaN	 13.0335	    10.5625	 15.1502	 NaN	 NaN	 NaN	    NaN	 NaN	 NaN	 NaN	 356.4198	    0	 1.7400	 0	 6.605043e+03	 6.605852e+03	    6608.0687
2	 5	 1	 174	 1	    2	 10	 9	 4	 NaN	    4	 0	 7	 7	 -5.0612	    -7.1328	 1.7393	 7.4875	 -0.0197	 -6.5449	    7.0960	 4.2610	 NaN	 NaN	 18.3575	    14.9295	 18.2199	 7.9574	 4.2903	 5.2141	    16.1327	 11.7018	 NaN	 NaN	 357.8784	    1	 1.7600	 0	 6.612703e+03	 6.613395e+03	    6614.8535
2	 5	 1	 175	 1	    2	 10	 9	 1	 NaN	    2	 0	 3	 3	 -2.0485	    0.6428	 7.2224	 -3.8712	 NaN	 NaN	    NaN	 NaN	 NaN	 NaN	 19.1238	    4.9203	 4.6765	 12.6812	 NaN	 NaN	    NaN	 NaN	 NaN	 NaN	 360.5205	    0	 1.7400	 0	 6.620038e+03	 6.620913e+03	    6623.5552
2	 5	 1	 176	 1	    2	 10	 9	 4	 NaN	    4	 0	 1	 1	 -4.5164	    7.7967	 NaN	 NaN	 NaN	 NaN	    NaN	 NaN	 NaN	 NaN	 8.9691	    13.1433	 NaN	 NaN	 NaN	 NaN	    NaN	 NaN	 NaN	 NaN	 362.0208	    1	 1.7600	 0	 6.628540e+03	 6.629131e+03	    6630.6317
2	 5	 1	 177	 1	    1	 10	 9	 3	 NaN	    3	 0	 0	 0	 -0.1958	    NaN	 NaN	 NaN	 NaN	 NaN	    NaN	 NaN	 NaN	 NaN	 14.4306	    NaN	 NaN	 NaN	 NaN	 NaN	    NaN	 NaN	 NaN	 NaN	 363.0877	    1	 1.7800	 0	 6.635341e+03	 6.635858e+03	    6636.9246
2	 5	 1	 178	 1	    1	 10	 9	 2	 NaN	    2	 4	 0	 4	 -5.0953	    3.1824	 -4.4230	 2.6315	 -1.2795	 NaN	    NaN	 NaN	 NaN	 NaN	 12.5206	    18.0955	 7.8005	 4.1446	 16.0627	 NaN	    NaN	 NaN	 NaN	 NaN	 364.9547	    1	 1.8000	 0	 6.641909e+03	 6.642517e+03	    6644.3845
2	 5	 1	 179	 1	    1	 10	 9	 3	 NaN	    3	 8	 0	 8	 5.8450	    -0.3990	 7.3617	 6.6634	 -3.3496	 -5.0285	    6.4274	 -7.0737	 -3.6420	 NaN	 19.0700	    15.0099	 5.6867	 14.6974	 5.8665	 13.9769	    9.7124	 9.2400	 19.1286	 NaN	 367.1801	    1	 1.7800	 1	 6.649085e+03	 6.649869e+03	    6652.0944
2	 5	 1	 180	 1	    1	 10	 9	 4	 NaN	    4	 3	 0	 3	 4.6201	    4.6898	 -5.6570	 -6.7715	 NaN	 NaN	    NaN	 NaN	 NaN	 NaN	 8.7566	    13.8134	 18.0741	 8.6066	 NaN	 NaN	    NaN	 NaN	 NaN	 NaN	 368.1136	    1	 1.8000	 0	 6.659321e+03	 6.659929e+03	    6660.8628
2	 5	 1	 181	 1	    2	 10	 9	 3	 NaN	    3	 0	 7	 7	 6.1646	    3.6336	 -6.4437	 4.0478	 -3.2820	 7.4875	    -5.2891	 -3.8400	 NaN	 NaN	 19.1287	    5.9099	 14.6385	 15.1954	 19.0267	 10.7769	    10.4212	 5.2036	 NaN	 NaN	 371.5809	    1	 1.7800	 1	 6.665347e+03	 6.666014e+03	    6669.4812
2	 5	 1	 182	 1	    1	 10	 9	 1	 NaN	    1	 1	 0	 1	 -7.2012	    5.9276	 NaN	 NaN	 NaN	 NaN	    NaN	 NaN	 NaN	 NaN	 8.8296	    17.2949	 NaN	 NaN	 NaN	 NaN	    NaN	 NaN	 NaN	 NaN	 373.3062	    1	 1.8000	 0	 6.674882e+03	 6.675716e+03	    6677.4412
2	 5	 1	 183	 1	    1	 10	 9	 1	 NaN	    1	 2	 0	 2	 -2.1887	    6.4583	 7.0659	 NaN	 NaN	 NaN	    NaN	 NaN	 NaN	 NaN	 16.3630	    9.7584	 4.0348	 NaN	 NaN	 NaN	    NaN	 NaN	 NaN	 NaN	 374.2731	    1	 1.8200	 0	 6.682067e+03	 6.682751e+03	    6683.7175
2	 5	 1	 184	 1	    2	 10	 9	 2	 NaN	    2	 0	 5	 5	 -6.2942	    7.6258	 2.1028	 -3.6513	 -5.6450	 2.2061	    NaN	 NaN	 NaN	 NaN	 9.8667	    8.9430	 19.9312	 19.1772	 4.1192	 15.1367	    NaN	 NaN	 NaN	 NaN	 375.9734	    1	 1.8400	 0	 6.688610e+03	 6.689185e+03	    6690.8856
2	 5	 1	 185	 1	    2	 10	 9	 3	 NaN	    3	 0	 1	 1	 -6.2349	    4.4901	 NaN	 NaN	 NaN	 NaN	    NaN	 NaN	 NaN	 NaN	 17.1993	    7.7952	 NaN	 NaN	 NaN	 NaN	    NaN	 NaN	 NaN	 NaN	 376.9819	    1	 1.8600	 0	 6.695378e+03	 6.696345e+03	    6697.3536
2	 5	 1	 186	 1	    1	 10	 9	 4	 NaN	    4	 8	 0	 8	 7.7660	    4.0649	 3.6632	 -7.0409	 -1.0816	 -5.4125	    0.4350	 -7.8205	 -5.1634	 NaN	 13.0477	    6.8360	 17.4318	 19.3367	 14.6323	 7.4726	    4.1265	 11.4500	 14.6698	 NaN	 379.2490	    1	 1.8800	 0	 6.701855e+03	 6.702755e+03	    6705.0218
2	 5	 1	 187	 1	    1	 10	 9	 1	 NaN	    1	 7	 0	 7	 2.2423	    2.5563	 -7.2837	 6.5712	 -0.3047	 4.4378	    -5.1792	 -3.3545	 NaN	 NaN	 4.1192	    18.9287	 8.8625	 6.3043	 14.3146	 13.5580	    14.2941	 5.3306	 NaN	 NaN	 380.2909	    1	 1.9000	 0	 6.710173e+03	 6.711073e+03	    6712.1150
2	 5	 1	 188	 1	    1	 10	 9	 2	 NaN	    2	 4	 0	 4	 6.3656	    -7.0814	 0.0612	 -5.9048	 1.7694	 NaN	    NaN	 NaN	 NaN	 NaN	 16.8447	    14.0378	 4.4748	 7.0576	 13.3354	 NaN	    NaN	 NaN	 NaN	 NaN	 382.5580	    1	 1.9200	 0	 6.717108e+03	 6.717874e+03	    6720.1416
2	 5	 1	 189	 1	    2	 10	 9	 4	 NaN	    3	 0	 4	 4	 6.6367	    -4.1498	 6.3147	 -2.6839	 5.4878	 NaN	    NaN	 NaN	 NaN	 NaN	 17.5987	    17.3280	 8.7575	 4.5844	 4.3748	 NaN	    NaN	 NaN	 NaN	 NaN	 383.8250	    0	 1.9000	 1	 6.725168e+03	 6.725926e+03	    6727.1930
2	 5	 1	 190	 1	    2	 10	 9	 4	 NaN	    4	 0	 2	 2	 -3.8700	    7.4875	 3.4402	 NaN	 NaN	 NaN	    NaN	 NaN	 NaN	 NaN	 13.3932	    7.1566	 12.8772	 NaN	 NaN	 NaN	    NaN	 NaN	 NaN	 NaN	 385.0835	    1	 1.9200	 0	 6.732469e+03	 6.733136e+03	    6734.3945
2	 5	 1	 191	 1	    2	 10	 9	 4	 NaN	    4	 0	 8	 8	 5.1902	    5.9795	 -5.0953	 5.3638	 -3.0945	 -2.6003	    -7.2867	 1.0188	 -7.0814	 NaN	 7.4404	    17.0552	 9.4712	 11.7688	 15.1367	 5.9098	    17.6448	 14.6649	 13.1546	 NaN	 388.1175	    1	 1.9000	 1	 6.739487e+03	 6.740271e+03	    6743.3046
2	 5	 1	 192	 1	    2	 10	 9	 2	 NaN	    2	 0	 6	 6	 -7.2215	    -2.6633	 0.0987	 -5.3670	 6.5712	 4.8016	    -6.8534	 NaN	 NaN	 NaN	 18.2199	    19.9874	 4.7409	 4.9427	 12.2927	 4.7203	    13.8535	 NaN	 NaN	 NaN	 392.1600	    1	 1.9200	 0	 6.749431e+03	 6.750298e+03	    6754.3402
