2	 1	 1	 1	 1	    1	 10	 9	 1	 NaN	    1	 5	 0	 5	 -3.0385	    -6.2986	 -6.2248	 6.1413	 1.1221	 5.4108	    NaN	 NaN	 NaN	 NaN	 5.7673	    16.2710	 9.2483	 10.0142	 16.4438	 19.3799	    NaN	 NaN	 NaN	 NaN	 2.4254	    1	 0.0200	 0	 3.046190e+03	 3.047032e+03	    3049.4570
2	 1	 1	 2	 1	    1	 10	 9	 1	 NaN	    1	 2	 0	 2	 -4.0689	    3.0628	 0.1482	 NaN	 NaN	 NaN	    NaN	 NaN	 NaN	 NaN	 12.7065	    6.7156	 16.0560	 NaN	 NaN	 NaN	    NaN	 NaN	 NaN	 NaN	 4.1925	    1	 0.0000	 1	 3.054891e+03	 3.055633e+03	    3057.4002
2	 1	 1	 3	 1	    2	 10	 9	 1	 NaN	    1	 0	 5	 5	 -4.7068	    -4.2858	 4.5123	 4.0911	 0.8185	 -5.9189	    NaN	 NaN	 NaN	 NaN	 15.8973	    9.6445	 15.7868	 7.8797	 19.2980	 5.9363	    NaN	 NaN	 NaN	 NaN	 5.7094	    1	 0.0200	 0	 3.063310e+03	 3.063885e+03	    3065.4018
2	 1	 1	 4	 1	    2	 10	 9	 4	 NaN	    3	 0	 3	 3	 -7.5682	    3.4800	 -3.5808	 4.5964	 NaN	 NaN	    NaN	 NaN	 NaN	 NaN	 5.7430	    18.0532	 15.2757	 7.9442	 NaN	 NaN	    NaN	 NaN	 NaN	 NaN	 6.8513	    0	 0.0000	 1	 3.111119e+03	 3.111628e+03	    3112.7695
2	 1	 1	 5	 1	    1	 10	 9	 2	 NaN	    2	 1	 0	 1	 6.3644	    -1.4278	 NaN	 NaN	 NaN	 NaN	    NaN	 NaN	 NaN	 NaN	 19.0037	    4.1912	 NaN	 NaN	 NaN	 NaN	    NaN	 NaN	 NaN	 NaN	 9.2351	    1	 -0.0200	 1	 3.118679e+03	 3.119679e+03	    3122.0631
2	 1	 1	 6	 1	    1	 10	 9	 3	 NaN	    3	 8	 0	 8	 -6.6496	    -1.6361	 -1.0317	 6.8015	 2.2684	 4.6481	    4.7990	 -3.7107	 -6.1838	 NaN	 10.4929	    18.6314	 4.1688	 15.8211	 15.4351	 5.3591	    9.5133	 13.5647	 5.3689	 NaN	 10.4436	    1	 -0.0400	 1	 3.135066e+03	 3.135616e+03	    3136.8243
2	 1	 1	 7	 1	    2	 10	 9	 2	 NaN	    2	 0	 4	 4	 5.6450	    7.2664	 -1.7866	 -4.2857	 5.0704	 NaN	    NaN	 NaN	 NaN	 NaN	 7.8488	    17.3116	 15.5300	 10.5549	 12.9901	 NaN	    NaN	 NaN	 NaN	 NaN	 11.8105	    1	 -0.0600	 1	 3.151127e+03	 3.151911e+03	    3153.2776
2	 1	 1	 8	 1	    2	 10	 9	 1	 NaN	    1	 0	 1	 1	 -3.1181	    5.6707	 NaN	 NaN	 NaN	 NaN	    NaN	 NaN	 NaN	 NaN	 17.2262	    9.1683	 NaN	 NaN	 NaN	 NaN	    NaN	 NaN	 NaN	 NaN	 13.5692	    1	 -0.0800	 1	 3.167289e+03	 3.167964e+03	    3169.7225
2	 1	 1	 9	 1	    1	 10	 9	 4	 NaN	    4	 3	 0	 3	 -6.9090	    7.1376	 4.6481	 -5.6395	 NaN	 NaN	    NaN	 NaN	 NaN	 NaN	 16.1461	    9.0619	 18.9226	 4.6589	 NaN	 NaN	    NaN	 NaN	 NaN	 NaN	 14.8695	    1	 -0.1000	 1	 3.178608e+03	 3.179308e+03	    3180.6080
2	 1	 1	 10	 1	    2	 10	 9	 3	 NaN	    3	 0	 2	 2	 -6.1355	    3.8634	 -7.8016	 NaN	 NaN	 NaN	    NaN	 NaN	 NaN	 NaN	 15.7295	    11.3501	 10.7673	 NaN	 NaN	 NaN	    NaN	 NaN	 NaN	 NaN	 17.1533	    1	 -0.1200	 1	 3.188168e+03	 3.189126e+03	    3191.4102
2	 1	 1	 11	 1	    1	 10	 9	 2	 NaN	    2	 6	 0	 6	 -1.6361	    7.0383	 6.0945	 5.4920	 -4.6780	 -6.4853	    0.6289	 NaN	 NaN	 NaN	 5.3591	    7.0313	 19.2786	 14.7583	 12.7497	 4.5559	    15.2673	 NaN	 NaN	 NaN	 20.6790	    1	 -0.1000	 0	 3.201345e+03	 3.201929e+03	    3205.4546
2	 1	 1	 12	 1	    2	 10	 9	 4	 NaN	    4	 0	 0	 0	 3.5771	    NaN	 NaN	 NaN	 NaN	 NaN	    NaN	 NaN	 NaN	 NaN	 15.1572	    NaN	 NaN	 NaN	 NaN	 NaN	    NaN	 NaN	 NaN	 NaN	 22.2043	    1	 -0.0800	 0	 3.210739e+03	 3.211372e+03	    3212.8978
2	 1	 1	 13	 1	    1	 10	 9	 2	 NaN	    2	 7	 0	 7	 -0.7321	    3.9024	 7.2706	 -7.9697	 -2.4400	 7.0653	    3.0628	 -4.7761	 NaN	 NaN	 19.7824	    15.7295	 10.3234	 14.0889	 5.8748	 19.4956	    5.0350	 10.0292	 NaN	 NaN	 26.5218	    1	 -0.1000	 1	 3.218099e+03	 3.218641e+03	    3222.9581
2	 1	 1	 14	 1	    2	 10	 9	 2	 NaN	    2	 0	 6	 6	 -3.7035	    5.8258	 5.8197	 -7.9447	 -3.4348	 6.0024	    -7.1623	 NaN	 NaN	 NaN	 15.8973	    5.3638	 10.7673	 17.8778	 4.2815	 16.6712	    13.2396	 NaN	 NaN	 NaN	 28.6056	    1	 -0.1200	 1	 3.234702e+03	 3.235536e+03	    3237.6193
2	 1	 1	 15	 1	    1	 10	 9	 1	 NaN	    2	 4	 0	 4	 -1.0667	    4.5878	 2.0459	 -6.8050	 7.4706	 NaN	    NaN	 NaN	 NaN	 NaN	 13.9711	    4.5559	 18.2638	 10.5305	 17.0459	 NaN	    NaN	 NaN	 NaN	 NaN	 30.7977	    0	 -0.1400	 1	 3.245196e+03	 3.246054e+03	    3248.2464
2	 1	 1	 16	 1	    1	 10	 9	 4	 NaN	    4	 0	 0	 0	 -5.9394	    NaN	 NaN	 NaN	 NaN	 NaN	    NaN	 NaN	 NaN	 NaN	 9.8509	    NaN	 NaN	 NaN	 NaN	 NaN	    NaN	 NaN	 NaN	 NaN	 31.9062	    1	 -0.1600	 1	 3.256298e+03	 3.256990e+03	    3258.0984
2	 1	 1	 17	 1	    2	 10	 9	 2	 NaN	    2	 0	 8	 8	 5.8258	    -4.5957	 -2.1089	 -4.4944	 -0.6681	 7.1929	    6.4290	 4.9027	 -7.5730	 NaN	 14.8523	    17.0827	 4.9683	 10.4788	 18.0939	 4.9963	    19.3998	 8.5446	 6.9017	 NaN	 33.5315	    1	 -0.1800	 1	 3.264216e+03	 3.265091e+03	    3266.7168
2	 1	 1	 18	 1	    2	 10	 9	 2	 NaN	    1	 0	 7	 7	 0.9586	    -3.7107	 7.3783	 -7.8944	 -4.0514	 0.1322	    5.0267	 -2.6303	 NaN	 NaN	 13.9489	    13.0690	 12.5807	 7.5658	 4.5158	 4.3094	    9.2483	 19.0861	 NaN	 NaN	 35.8403	    0	 -0.2000	 1	 3.276069e+03	 3.276927e+03	    3279.2360
2	 1	 1	 19	 1	    2	 10	 9	 2	 NaN	    2	 0	 0	 0	 -6.9166	    NaN	 NaN	 NaN	 NaN	 NaN	    NaN	 NaN	 NaN	 NaN	 11.9801	    NaN	 NaN	 NaN	 NaN	 NaN	    NaN	 NaN	 NaN	 NaN	 36.8738	    1	 -0.1800	 0	 3.290297e+03	 3.291197e+03	    3292.2302
2	 1	 1	 20	 1	    2	 10	 9	 3	 NaN	    4	 0	 6	 6	 -3.2274	    2.2605	 -4.8879	 5.7108	 1.9266	 -4.5951	    6.4290	 NaN	 NaN	 NaN	 5.3504	    4.6567	 18.8630	 12.6143	 18.9236	 9.5920	    17.9375	 NaN	 NaN	 NaN	 39.3493	    0	 -0.2000	 1	 3.297048e+03	 3.297906e+03	    3300.3818
2	 1	 1	 21	 1	    1	 10	 9	 4	 NaN	    3	 0	 0	 0	 4.2059	    NaN	 NaN	 NaN	 NaN	 NaN	    NaN	 NaN	 NaN	 NaN	 14.3909	    NaN	 NaN	 NaN	 NaN	 NaN	    NaN	 NaN	 NaN	 NaN	 40.6161	    0	 -0.2200	 0	 3.306491e+03	 3.307492e+03	    3308.7585
2	 1	 1	 22	 1	    1	 10	 9	 4	 NaN	    4	 8	 0	 8	 -6.2492	    6.5369	 -3.5032	 -5.2522	 3.6873	 -7.8914	    5.6924	 7.2179	 -7.4747	 NaN	 18.4939	    9.1844	 12.3018	 4.6107	 16.9621	 10.1006	    4.6136	 19.5334	 14.0889	 NaN	 43.7667	    1	 -0.2400	 1	 3.314493e+03	 3.315268e+03	    3318.4187
2	 1	 1	 23	 1	    1	 10	 9	 1	 NaN	    1	 7	 0	 7	 2.8850	    -5.0482	 -2.4400	 2.7635	 -4.1117	 7.1666	    3.4916	 -7.8016	 NaN	 NaN	 17.6857	    9.0486	 16.9010	 4.6567	 4.1869	 7.0742	    12.1140	 16.7644	 NaN	 NaN	 46.6340	    1	 -0.2200	 0	 3.325412e+03	 3.325979e+03	    3328.8458
2	 1	 1	 24	 1	    2	 10	 9	 3	 NaN	    3	 0	 2	 2	 -4.9449	    6.7214	 3.2994	 NaN	 NaN	 NaN	    NaN	 NaN	 NaN	 NaN	 19.1919	    7.5040	 15.5938	 NaN	 NaN	 NaN	    NaN	 NaN	 NaN	 NaN	 48.0342	    1	 -0.2000	 0	 3.335214e+03	 3.336131e+03	    3337.5308
2	 1	 1	 25	 1	    2	 10	 9	 1	 NaN	    1	 0	 5	 5	 -1.8876	    5.9811	 7.2664	 4.6756	 -0.4760	 -5.2606	    NaN	 NaN	 NaN	 NaN	 18.6159	    4.5389	 15.2757	 9.4728	 13.8252	 7.1538	    NaN	 NaN	 NaN	 NaN	 49.4511	    1	 -0.2200	 1	 3.342749e+03	 3.343632e+03	    3345.0490
2	 1	 1	 26	 1	    1	 10	 9	 1	 NaN	    1	 6	 0	 6	 3.6873	    -6.1222	 -4.8220	 4.1639	 5.1277	 -4.3554	    -2.0506	 NaN	 NaN	 NaN	 7.1529	    17.5277	 7.2020	 19.1410	 14.4382	 11.4720	    4.1206	 NaN	 NaN	 NaN	 55.0772	    1	 -0.2400	 1	 3.351175e+03	 3.351925e+03	    3357.5515
2	 1	 1	 27	 1	    2	 10	 9	 3	 NaN	    3	 0	 7	 7	 3.3003	    4.6514	 6.6918	 -5.5109	 -7.4082	 2.5683	    -3.5149	 -3.2742	 NaN	 NaN	 19.5334	    7.9881	 14.4794	 18.7331	 7.9442	 4.4399	    14.4456	 7.1356	 NaN	 NaN	 56.2358	    1	 -0.2200	 0	 3.364578e+03	 3.365336e+03	    3366.4949
2	 1	 1	 28	 1	    2	 10	 9	 4	 NaN	    3	 0	 1	 1	 2.1494	    -6.1838	 NaN	 NaN	 NaN	 NaN	    NaN	 NaN	 NaN	 NaN	 4.7459	    14.6791	 NaN	 NaN	 NaN	 NaN	    NaN	 NaN	 NaN	 NaN	 57.4693	    0	 -0.2400	 0	 3.371388e+03	 3.372004e+03	    3373.2379
2	 1	 1	 29	 1	    2	 10	 9	 3	 NaN	    3	 0	 4	 4	 3.2993	    -5.6395	 -7.9697	 5.0152	 -4.3634	 NaN	    NaN	 NaN	 NaN	 NaN	 14.2386	    14.8098	 7.9437	 8.1454	 10.0737	 NaN	    NaN	 NaN	 NaN	 NaN	 58.6612	    1	 -0.2200	 0	 3.379239e+03	 3.379998e+03	    3381.1895
2	 1	 1	 30	 1	    1	 10	 9	 3	 NaN	    3	 5	 0	 5	 -7.5279	    1.9679	 5.7393	 0.0012	 -6.7238	 -5.5462	    NaN	 NaN	 NaN	 NaN	 16.2887	    17.9070	 10.1006	 4.5533	 8.1806	 12.2727	    NaN	 NaN	 NaN	 NaN	 60.8199	    1	 -0.2000	 0	 3.385907e+03	 3.386491e+03	    3388.6493
2	 1	 1	 31	 1	    1	 10	 9	 3	 NaN	    3	 1	 0	 1	 0.5636	    -7.2019	 NaN	 NaN	 NaN	 NaN	    NaN	 NaN	 NaN	 NaN	 4.9315	    16.1808	 NaN	 NaN	 NaN	 NaN	    NaN	 NaN	 NaN	 NaN	 62.0201	    1	 -0.2200	 1	 3.394484e+03	 3.395009e+03	    3396.2092
2	 1	 1	 32	 1	    2	 10	 9	 2	 NaN	    2	 0	 8	 8	 -4.8547	    -4.6780	 0.2928	 5.3054	 -7.7153	 -4.1815	    4.0356	 7.8036	 3.8859	 NaN	 15.2004	    4.1886	 14.3909	 11.2754	 19.2697	 9.8086	    19.1570	 4.3674	 5.7707	 NaN	 67.7212	    1	 -0.2400	 1	 3.401435e+03	 3.402210e+03	    3407.9115
2	 1	 1	 33	 1	    2	 10	 9	 3	 NaN	    3	 0	 3	 3	 -3.0400	    -5.4477	 7.6941	 4.1704	 NaN	 NaN	    NaN	 NaN	 NaN	 NaN	 15.7298	    5.2589	 17.1746	 7.8797	 NaN	 NaN	    NaN	 NaN	 NaN	 NaN	 69.1132	    1	 -0.2600	 1	 3.413654e+03	 3.414613e+03	    3416.0048
2	 1	 1	 34	 1	    1	 10	 9	 4	 NaN	    3	 4	 0	 4	 -4.3634	    4.6117	 -6.5225	 1.2739	 -6.0680	 NaN	    NaN	 NaN	 NaN	 NaN	 14.4456	    5.4271	 10.8267	 17.5494	 18.8070	 NaN	    NaN	 NaN	 NaN	 NaN	 70.9802	    0	 -0.2800	 1	 3.421423e+03	 3.422256e+03	    3424.1231
2	 1	 1	 35	 1	    1	 10	 9	 3	 NaN	    3	 2	 0	 2	 -3.2274	    0.8615	 -7.1623	 NaN	 NaN	 NaN	    NaN	 NaN	 NaN	 NaN	 11.9064	    18.1433	 9.6999	 NaN	 NaN	 NaN	    NaN	 NaN	 NaN	 NaN	 71.7970	    1	 -0.2600	 0	 3.431983e+03	 3.432750e+03	    3433.5666
2	 1	 1	 36	 1	    1	 10	 9	 4	 NaN	    4	 3	 0	 3	 -5.2344	    -2.3529	 5.4108	 2.9681	 NaN	 NaN	    NaN	 NaN	 NaN	 NaN	 6.2037	    18.0532	 7.3900	 19.0861	 NaN	 NaN	    NaN	 NaN	 NaN	 NaN	 73.8390	    1	 -0.2400	 0	 3.439935e+03	 3.440510e+03	    3442.5517
2	 1	 1	 37	 1	    2	 10	 9	 3	 NaN	    3	 0	 1	 1	 -3.9590	    4.7749	 NaN	 NaN	 NaN	 NaN	    NaN	 NaN	 NaN	 NaN	 8.1830	    16.5099	 NaN	 NaN	 NaN	 NaN	    NaN	 NaN	 NaN	 NaN	 75.5727	    1	 -0.2200	 0	 3.448395e+03	 3.449070e+03	    3450.8034
2	 1	 1	 38	 1	    2	 10	 9	 1	 NaN	    1	 0	 2	 2	 2.8894	    -7.2157	 3.3144	 NaN	 NaN	 NaN	    NaN	 NaN	 NaN	 NaN	 18.7459	    10.3234	 4.4331	 NaN	 NaN	 NaN	    NaN	 NaN	 NaN	 NaN	 76.6896	    1	 -0.2400	 1	 3.456138e+03	 3.456696e+03	    3457.8131
2	 1	 1	 39	 1	    1	 10	 9	 1	 NaN	    1	 2	 0	 2	 4.2956	    -6.9090	 -6.3380	 NaN	 NaN	 NaN	    NaN	 NaN	 NaN	 NaN	 8.2567	    19.4956	 14.8774	 NaN	 NaN	 NaN	    NaN	 NaN	 NaN	 NaN	 77.9648	    1	 -0.2200	 0	 3.470316e+03	 3.471166e+03	    3472.4410
2	 1	 1	 40	 1	    2	 10	 9	 2	 NaN	    2	 0	 0	 0	 -6.5015	    NaN	 NaN	 NaN	 NaN	 NaN	    NaN	 NaN	 NaN	 NaN	 19.0669	    NaN	 NaN	 NaN	 NaN	 NaN	    NaN	 NaN	 NaN	 NaN	 79.1401	    1	 -0.2000	 0	 3.478534e+03	 3.479484e+03	    3480.6593
2	 1	 1	 41	 1	    2	 10	 9	 4	 NaN	    3	 0	 4	 4	 0.5625	    -6.1865	 0.2603	 -6.7099	 -6.0680	 NaN	    NaN	 NaN	 NaN	 NaN	 4.7574	    6.9359	 15.0612	 16.9621	 11.9036	 NaN	    NaN	 NaN	 NaN	 NaN	 80.9904	    0	 -0.2200	 1	 3.486877e+03	 3.487569e+03	    3489.4193
2	 1	 1	 42	 1	    2	 10	 9	 3	 NaN	    3	 0	 6	 6	 3.3064	    6.1413	 -7.2708	 -3.2112	 7.5139	 -3.7537	    -0.7876	 NaN	 NaN	 NaN	 17.7111	    11.9745	 17.1384	 13.0838	 4.5158	 5.4815	    17.1071	 NaN	 NaN	 NaN	 83.1825	    1	 -0.2400	 1	 3.495087e+03	 3.496079e+03	    3498.2711
2	 1	 1	 43	 1	    1	 10	 9	 4	 NaN	    4	 1	 0	 1	 -1.5434	    5.3054	 NaN	 NaN	 NaN	 NaN	    NaN	 NaN	 NaN	 NaN	 4.7574	    13.6755	 NaN	 NaN	 NaN	 NaN	    NaN	 NaN	 NaN	 NaN	 84.5245	    1	 -0.2200	 0	 3.504022e+03	 3.504889e+03	    3506.2311
2	 1	 1	 44	 1	    1	 10	 9	 3	 NaN	    3	 4	 0	 4	 -3.9026	    -6.3469	 3.4800	 4.2460	 2.1800	 NaN	    NaN	 NaN	 NaN	 NaN	 17.0459	    10.1006	 17.9070	 7.9281	 14.0485	 NaN	    NaN	 NaN	 NaN	 NaN	 86.2331	    1	 -0.2000	 0	 3.511849e+03	 3.512774e+03	    3514.4827
2	 1	 1	 45	 1	    1	 10	 9	 3	 NaN	    4	 7	 0	 7	 3.5871	    -5.8347	 6.0024	 -6.2062	 -4.1809	 3.8263	    -0.6792	 6.4132	 NaN	 NaN	 15.1477	    15.1477	 11.3083	 5.0896	 9.6123	 5.6557	    16.8688	 18.8070	 NaN	 NaN	 89.7171	    0	 -0.2200	 1	 3.520317e+03	 3.521017e+03	    3524.5013
2	 1	 1	 46	 1	    2	 10	 9	 1	 NaN	    1	 0	 7	 7	 -2.3345	    7.2202	 5.7223	 5.5878	 -6.7971	 -6.7238	    -7.5682	 0.6042	 NaN	 NaN	 6.0922	    16.9912	 12.4293	 4.6043	 14.4456	 4.6371	    9.0619	 15.6828	 NaN	 NaN	 92.3009	    1	 -0.2000	 0	 3.531286e+03	 3.531944e+03	    3534.5283
2	 1	 1	 47	 1	    1	 10	 9	 4	 NaN	    4	 6	 0	 6	 4.0294	    -2.0931	 4.2504	 -6.6900	 -6.6135	 5.8358	    1.8555	 NaN	 NaN	 NaN	 18.5624	    19.0120	 7.2108	 19.1887	 7.4228	 10.9390	    15.0400	 NaN	 NaN	 NaN	 94.0014	    1	 -0.1800	 0	 3.539671e+03	 3.540354e+03	    3542.0549
2	 1	 1	 48	 1	    1	 10	 9	 3	 NaN	    3	 3	 0	 3	 -5.7333	    -2.5106	 5.5878	 5.9720	 NaN	 NaN	    NaN	 NaN	 NaN	 NaN	 6.2286	    15.8347	 13.0226	 7.5040	 NaN	 NaN	    NaN	 NaN	 NaN	 NaN	 95.3600	    1	 -0.1600	 0	 3.546881e+03	 3.547598e+03	    3548.9562
2	 1	 1	 49	 1	    1	 10	 9	 4	 NaN	    3	 5	 0	 5	 6.1192	    5.0281	 5.4697	 -0.0733	 -2.7046	 -7.9447	    NaN	 NaN	 NaN	 NaN	 19.0669	    13.5282	 9.2823	 4.2236	 16.4940	 10.8127	    NaN	 NaN	 NaN	 NaN	 98.4522	    0	 -0.1800	 0	 3.554966e+03	 3.555532e+03	    3558.6248
2	 1	 1	 50	 1	    2	 10	 9	 3	 NaN	    3	 0	 8	 8	 1.3735	    -5.5243	 -6.8375	 7.8804	 -4.8547	 4.6836	    4.1397	 -3.0021	 -0.1005	 NaN	 19.1887	    13.0226	 8.1283	 10.0118	 17.6352	 15.7630	    4.6410	 4.1775	 13.7867	 NaN	 100.6193	    1	 -0.1600	 0	 3.567118e+03	 3.567885e+03	    3570.0520
2	 1	 1	 51	 1	    2	 10	 9	 3	 NaN	    4	 0	 5	 5	 -2.9447	    2.9681	 3.3391	 -2.8747	 -7.8746	 7.9252	    NaN	 NaN	 NaN	 NaN	 13.4983	    13.9489	 5.6557	 18.2618	 6.7854	 11.1836	    NaN	 NaN	 NaN	 NaN	 103.6365	    0	 -0.1800	 0	 3.575595e+03	 3.576270e+03	    3579.2872
2	 1	 1	 52	 1	    2	 10	 9	 1	 NaN	    1	 0	 3	 3	 -6.5225	    6.3833	 7.5139	 -2.7046	 NaN	 NaN	    NaN	 NaN	 NaN	 NaN	 16.6336	    17.3116	 7.0772	 4.1258	 NaN	 NaN	    NaN	 NaN	 NaN	 NaN	 106.4454	    1	 -0.2000	 1	 3.584647e+03	 3.585438e+03	    3588.2473
2	 1	 1	 53	 1	    1	 10	 9	 1	 NaN	    1	 0	 0	 0	 -1.3503	    NaN	 NaN	 NaN	 NaN	 NaN	    NaN	 NaN	 NaN	 NaN	 13.6162	    NaN	 NaN	 NaN	 NaN	 NaN	    NaN	 NaN	 NaN	 NaN	 107.8457	    1	 -0.2200	 1	 3.594098e+03	 3.594974e+03	    3596.3739
2	 1	 1	 54	 1	    1	 10	 9	 3	 NaN	    3	 8	 0	 8	 3.0628	    -1.4292	 1.0124	 -5.5573	 4.6932	 -6.5269	    -6.0771	 7.4706	 -6.5015	 NaN	 15.7101	    16.9253	 4.8935	 5.4119	 7.1538	 19.6690	    15.5938	 11.9801	 10.1506	 NaN	 110.3045	    1	 -0.2400	 1	 3.601900e+03	 3.602842e+03	    3605.3007
2	 1	 1	 55	 1	    1	 10	 9	 4	 NaN	    3	 0	 0	 0	 -7.9663	    NaN	 NaN	 NaN	 NaN	 NaN	    NaN	 NaN	 NaN	 NaN	 9.8086	    NaN	 NaN	 NaN	 NaN	 NaN	    NaN	 NaN	 NaN	 NaN	 111.3047	    0	 -0.2600	 1	 3.611910e+03	 3.612660e+03	    3613.6607
2	 1	 1	 56	 1	    1	 10	 9	 1	 NaN	    2	 1	 0	 1	 2.6796	    -6.5298	 NaN	 NaN	 NaN	 NaN	    NaN	 NaN	 NaN	 NaN	 5.3591	    17.8664	 NaN	 NaN	 NaN	 NaN	    NaN	 NaN	 NaN	 NaN	 112.8633	    0	 -0.2800	 1	 3.619470e+03	 3.620345e+03	    3621.9040
2	 1	 1	 57	 1	    2	 10	 9	 2	 NaN	    2	 0	 3	 3	 -5.2095	    4.7157	 2.5683	 -6.8375	 NaN	 NaN	    NaN	 NaN	 NaN	 NaN	 16.6251	    9.6550	 19.0712	 10.8216	 NaN	 NaN	    NaN	 NaN	 NaN	 NaN	 114.7887	    1	 -0.2600	 0	 3.629339e+03	 3.629931e+03	    3631.8560
2	 1	 1	 58	 1	    1	 10	 9	 2	 NaN	    2	 5	 0	 5	 4.9380	    -3.5613	 2.1741	 1.0490	 -6.8574	 -6.3155	    NaN	 NaN	 NaN	 NaN	 10.9452	    12.6801	 4.6137	 19.3913	 18.9226	 7.5056	    NaN	 NaN	 NaN	 NaN	 116.1722	    1	 -0.2400	 0	 3.636890e+03	 3.637616e+03	    3638.9991
2	 1	 1	 59	 1	    1	 10	 9	 1	 NaN	    1	 3	 0	 3	 0.0531	    3.8634	 -7.3095	 -4.3508	 NaN	 NaN	    NaN	 NaN	 NaN	 NaN	 17.2302	    5.4724	 7.8510	 12.4270	 NaN	 NaN	    NaN	 NaN	 NaN	 NaN	 117.9892	    1	 -0.2200	 0	 3.644809e+03	 3.645634e+03	    3647.4507
2	 1	 1	 60	 1	    2	 10	 9	 3	 NaN	    3	 0	 0	 0	 -0.1072	    NaN	 NaN	 NaN	 NaN	 NaN	    NaN	 NaN	 NaN	 NaN	 4.8727	    NaN	 NaN	 NaN	 NaN	 NaN	    NaN	 NaN	 NaN	 NaN	 119.2728	    1	 -0.2400	 1	 3.653177e+03	 3.654035e+03	    3655.3190
2	 1	 1	 61	 1	    2	 10	 9	 4	 NaN	    3	 0	 6	 6	 1.0533	    -5.1566	 -6.2248	 -6.2165	 7.7495	 6.3958	    6.2308	 NaN	 NaN	 NaN	 15.9707	    12.7969	 19.9794	 6.3734	 9.8238	 5.4119	    14.5934	 NaN	 NaN	 NaN	 121.0064	    0	 -0.2600	 0	 3.661470e+03	 3.661979e+03	    3663.7123
2	 1	 1	 62	 1	    1	 10	 9	 4	 NaN	    4	 6	 0	 6	 7.0194	    -7.7463	 0.5654	 4.8753	 -6.7613	 -4.6780	    -4.3624	 NaN	 NaN	 NaN	 8.4894	    10.4405	 15.0400	 14.2472	 19.3799	 6.2578	    14.0485	 NaN	 NaN	 NaN	 122.8818	    1	 -0.2400	 0	 3.669013e+03	 3.669563e+03	    3671.4388
2	 1	 1	 63	 1	    2	 10	 9	 4	 NaN	    4	 0	 7	 7	 -4.1017	    -3.1513	 6.2370	 -7.5763	 0.5636	 4.1628	    7.0474	 -1.4826	 NaN	 NaN	 19.9230	    15.2757	 10.2334	 9.2860	 17.9723	 6.1022	    15.5886	 4.6165	 NaN	 NaN	 123.8903	    1	 -0.2200	 0	 3.678149e+03	 3.678815e+03	    3679.8238
2	 1	 1	 64	 1	    2	 10	 9	 3	 NaN	    3	 0	 1	 1	 5.8197	    -7.5730	 NaN	 NaN	 NaN	 NaN	    NaN	 NaN	 NaN	 NaN	 15.1477	    5.7580	 NaN	 NaN	 NaN	 NaN	    NaN	 NaN	 NaN	 NaN	 124.9239	    1	 -0.2400	 1	 3.685483e+03	 3.686133e+03	    3687.1670
2	 1	 1	 65	 1	    1	 10	 9	 2	 NaN	    2	 8	 0	 8	 -5.7294	    7.3709	 -2.7280	 4.5964	 5.7638	 -7.9663	    0.8512	 -4.1423	 -2.6058	 NaN	 6.9822	    12.9398	 14.8967	 18.2698	 7.3710	 19.8101	    4.4886	 10.7979	 19.7293	 NaN	 127.3326	    1	 -0.2600	 1	 3.692643e+03	 3.693568e+03	    3695.9770
2	 1	 1	 66	 1	    2	 10	 9	 3	 NaN	    4	 0	 8	 8	 -4.0520	    6.5858	 6.2308	 -5.5981	 5.3759	 -6.3155	    1.7316	 -6.9166	 -0.2280	 NaN	 14.7422	    5.8987	 10.9452	 8.7979	 16.2312	 4.1886	    17.9723	 19.1919	 4.9315	 NaN	 128.5328	    0	 -0.2800	 0	 3.701753e+03	 3.702320e+03	    3703.5202
2	 1	 1	 67	 1	    1	 10	 9	 4	 NaN	    4	 2	 0	 2	 3.6873	    -1.9944	 -4.0802	 NaN	 NaN	 NaN	    NaN	 NaN	 NaN	 NaN	 5.1825	    14.4382	 18.3071	 NaN	 NaN	 NaN	    NaN	 NaN	 NaN	 NaN	 130.9333	    1	 -0.2600	 0	 3.708488e+03	 3.709121e+03	    3711.5218
2	 1	 1	 68	 1	    1	 10	 9	 2	 NaN	    2	 7	 0	 7	 6.9863	    5.7845	 -1.7082	 3.5604	 -7.0828	 -7.6590	    6.6633	 -3.3110	 NaN	 NaN	 4.8935	    9.0317	 15.0612	 13.2415	 18.2618	 8.2867	    16.6712	 4.4570	 NaN	 NaN	 132.3002	    1	 -0.2800	 1	 3.716281e+03	 3.717015e+03	    3718.3815
2	 1	 1	 69	 1	    2	 10	 9	 3	 NaN	    3	 0	 5	 5	 -4.6751	    7.8061	 2.4893	 4.5704	 -6.2887	 -1.3503	    NaN	 NaN	 NaN	 NaN	 15.1477	    12.4293	 19.8212	 9.3937	 5.4007	 4.6107	    NaN	 NaN	 NaN	 NaN	 136.2677	    1	 -0.2600	 0	 3.723841e+03	 3.724566e+03	    3728.5335
2	 1	 1	 70	 1	    2	 10	 9	 4	 NaN	    4	 0	 4	 4	 6.5176	    -4.1117	 -0.1858	 6.8925	 5.6537	 NaN	    NaN	 NaN	 NaN	 NaN	 12.6521	    10.5305	 4.6137	 17.5494	 7.8260	 NaN	    NaN	 NaN	 NaN	 NaN	 137.7930	    1	 -0.2400	 0	 3.735268e+03	 3.735868e+03	    3737.3936
2	 1	 1	 71	 1	    1	 10	 9	 3	 NaN	    3	 4	 0	 4	 -5.5462	    -2.0082	 6.3435	 2.1939	 4.0052	 NaN	    NaN	 NaN	 NaN	 NaN	 13.8557	    19.0351	 4.2815	 4.6136	 16.1328	 NaN	    NaN	 NaN	 NaN	 NaN	 139.4683	    1	 -0.2200	 0	 3.742311e+03	 3.743103e+03	    3744.7784
2	 1	 1	 72	 1	    2	 10	 9	 3	 NaN	    4	 0	 2	 2	 -2.9950	    1.4101	 7.2978	 NaN	 NaN	 NaN	    NaN	 NaN	 NaN	 NaN	 15.0613	    4.1657	 4.3674	 NaN	 NaN	 NaN	    NaN	 NaN	 NaN	 NaN	 140.8685	    0	 -0.2400	 1	 3.749388e+03	 3.750288e+03	    3751.6881
2	 1	 1	 73	 1	    2	 10	 9	 1	 NaN	    1	 0	 7	 7	 -4.0514	    -3.6874	 4.0444	 -6.6135	 1.7601	 -6.1838	    7.0890	 1.5329	 NaN	 NaN	 8.4685	    12.6801	 9.6405	 15.4357	 17.3481	 4.4886	    19.0861	 5.4040	 NaN	 NaN	 143.2857	    1	 -0.2200	 0	 3.756989e+03	 3.757881e+03	    3760.2981
2	 1	 1	 74	 1	    1	 10	 9	 1	 NaN	    1	 1	 0	 1	 -4.1694	    7.5139	 NaN	 NaN	 NaN	 NaN	    NaN	 NaN	 NaN	 NaN	 4.3674	    14.1546	 NaN	 NaN	 NaN	 NaN	    NaN	 NaN	 NaN	 NaN	 144.6359	    1	 -0.2000	 0	 3.765641e+03	 3.766249e+03	    3767.5996
2	 1	 1	 75	 1	    2	 10	 9	 2	 NaN	    2	 0	 4	 4	 -6.1644	    4.5964	 -4.6667	 2.9003	 4.1156	 NaN	    NaN	 NaN	 NaN	 NaN	 6.5632	    4.2421	 15.0613	 18.9587	 12.9784	 NaN	    NaN	 NaN	 NaN	 NaN	 146.5613	    1	 -0.1800	 0	 3.772517e+03	 3.773367e+03	    3775.2928
2	 1	 1	 76	 1	    2	 10	 9	 4	 NaN	    4	 0	 3	 3	 -4.5681	    4.2953	 -7.0140	 3.7449	 NaN	 NaN	    NaN	 NaN	 NaN	 NaN	 7.2020	    11.3047	 16.6712	 16.9442	 NaN	 NaN	    NaN	 NaN	 NaN	 NaN	 148.1783	    1	 -0.1600	 0	 3.780135e+03	 3.781136e+03	    3782.7526
2	 1	 1	 77	 1	    1	 10	 9	 3	 NaN	    3	 5	 0	 5	 -3.1706	    -6.5278	 -1.4877	 7.7495	 7.3145	 3.4800	    NaN	 NaN	 NaN	 NaN	 14.7947	    9.6016	 4.5533	 14.9119	 4.3887	 15.1477	    NaN	 NaN	 NaN	 NaN	 150.4287	    1	 -0.1800	 1	 3.787779e+03	 3.788604e+03	    3790.8542
2	 1	 1	 78	 1	    2	 10	 9	 3	 NaN	    3	 0	 5	 5	 -3.7090	    3.5771	 -4.5957	 6.0945	 3.5629	 -2.8233	    NaN	 NaN	 NaN	 NaN	 18.8920	    18.6653	 11.0102	 7.4228	 14.2044	 4.2288	    NaN	 NaN	 NaN	 NaN	 151.3205	    1	 -0.1600	 0	 3.796097e+03	 3.797064e+03	    3797.9556
2	 1	 1	 79	 1	    2	 10	 9	 2	 NaN	    2	 0	 8	 8	 1.8408	    -6.3155	 1.5659	 7.6983	 -7.0140	 7.3145	    -1.0569	 -3.4348	 6.2370	 NaN	 15.7574	    10.9452	 4.6165	 7.2880	 6.9822	 19.3998	    19.9684	 16.4187	 11.5787	 NaN	 152.6791	    1	 -0.1400	 0	 3.802848e+03	 3.803382e+03	    3804.7403
2	 1	 1	 80	 1	    2	 10	 9	 2	 NaN	    2	 0	 6	 6	 -3.7107	    4.7749	 -4.1017	 -7.4007	 4.4453	 7.0653	    -7.8016	 NaN	 NaN	 NaN	 18.2618	    19.1919	 9.7519	 12.7035	 5.4815	 11.5597	    17.4807	 NaN	 NaN	 NaN	 155.8213	    1	 -0.1600	 1	 3.809641e+03	 3.810283e+03	    3813.4254
2	 1	 1	 81	 1	    1	 10	 9	 3	 NaN	    3	 8	 0	 8	 0.1322	    -4.9983	 7.4913	 -1.0887	 -6.0771	 4.0052	    5.4021	 -7.7312	 0.2991	 NaN	 18.3786	    17.5741	 10.4390	 4.1912	 7.6042	 5.3591	    14.6345	 13.4787	 14.0799	 NaN	 158.7469	    1	 -0.1400	 0	 3.819960e+03	 3.820535e+03	    3823.4607
2	 1	 1	 82	 1	    1	 10	 9	 1	 NaN	    1	 2	 0	 2	 3.7642	    -0.6752	 -4.7969	 NaN	 NaN	 NaN	    NaN	 NaN	 NaN	 NaN	 7.9442	    17.3452	 10.2637	 NaN	 NaN	 NaN	    NaN	 NaN	 NaN	 NaN	 160.2139	    1	 -0.1600	 1	 3.828120e+03	 3.829078e+03	    3830.5454
2	 1	 1	 83	 1	    1	 10	 9	 2	 NaN	    2	 7	 0	 7	 5.5375	    6.9858	 -6.4771	 2.1722	 -3.2112	 -4.4199	    -7.8746	 0.3727	 NaN	 NaN	 7.3139	    14.9119	 14.2116	 12.9593	 6.7854	 19.9794	    8.7418	 4.9963	 NaN	 NaN	 161.8809	    1	 -0.1800	 1	 3.835830e+03	 3.836447e+03	    3838.1136
2	 1	 1	 84	 1	    1	 10	 9	 1	 NaN	    1	 6	 0	 6	 0.6108	    -6.5298	 -2.5816	 4.3795	 -4.3283	 6.3958	    7.7495	 NaN	 NaN	 NaN	 18.6846	    9.2483	 5.8058	 15.5886	 13.5014	 8.1806	    18.4939	 NaN	 NaN	 NaN	 165.2649	    1	 -0.2000	 1	 3.843565e+03	 3.844498e+03	    3847.8822
2	 1	 1	 85	 1	    2	 10	 9	 3	 NaN	    3	 0	 2	 2	 5.7223	    -7.2157	 -6.4038	 NaN	 NaN	 NaN	    NaN	 NaN	 NaN	 NaN	 10.2334	    12.3018	 5.8375	 NaN	 NaN	 NaN	    NaN	 NaN	 NaN	 NaN	 166.1734	    1	 -0.1800	 0	 3.854075e+03	 3.854767e+03	    3855.6754
2	 1	 1	 86	 1	    1	 10	 9	 3	 NaN	    3	 0	 0	 0	 -0.1072	    NaN	 NaN	 NaN	 NaN	 NaN	    NaN	 NaN	 NaN	 NaN	 16.9956	    NaN	 NaN	 NaN	 NaN	 NaN	    NaN	 NaN	 NaN	 NaN	 167.0235	    1	 -0.1600	 0	 3.861468e+03	 3.862127e+03	    3862.9769
2	 1	 1	 87	 1	    1	 10	 9	 3	 NaN	    4	 3	 0	 3	 3.3068	    -6.3824	 -3.8741	 6.5802	 NaN	 NaN	    NaN	 NaN	 NaN	 NaN	 13.8252	    6.7854	 14.0513	 10.9621	 NaN	 NaN	    NaN	 NaN	 NaN	 NaN	 168.7905	    0	 -0.1800	 0	 3.868328e+03	 3.868936e+03	    3870.7034
2	 1	 1	 88	 1	    1	 10	 9	 2	 NaN	    2	 4	 0	 4	 -5.7318	    6.3435	 5.0976	 -4.6943	 0.8927	 NaN	    NaN	 NaN	 NaN	 NaN	 7.3313	    10.0737	 16.9912	 13.4296	 4.5884	 NaN	    NaN	 NaN	 NaN	 NaN	 169.7490	    1	 -0.1600	 0	 3.875313e+03	 3.876271e+03	    3877.2297
2	 1	 1	 89	 1	    2	 10	 9	 1	 NaN	    1	 0	 0	 0	 7.0207	    NaN	 NaN	 NaN	 NaN	 NaN	    NaN	 NaN	 NaN	 NaN	 15.7140	    NaN	 NaN	 NaN	 NaN	 NaN	    NaN	 NaN	 NaN	 NaN	 170.9993	    1	 -0.1400	 0	 3.882039e+03	 3.882681e+03	    3883.9310
2	 1	 1	 90	 1	    2	 10	 9	 3	 NaN	    3	 0	 1	 1	 0.2928	    -4.3624	 NaN	 NaN	 NaN	 NaN	    NaN	 NaN	 NaN	 NaN	 4.0609	    15.7101	 NaN	 NaN	 NaN	 NaN	    NaN	 NaN	 NaN	 NaN	 172.4162	    1	 -0.1200	 0	 3.888832e+03	 3.889449e+03	    3890.8657
2	 1	 1	 91	 1	    1	 10	 9	 1	 NaN	    2	 3	 0	 3	 5.0835	    7.4661	 -0.1005	 -6.9166	 NaN	 NaN	    NaN	 NaN	 NaN	 NaN	 7.8260	    17.7001	 16.9279	 10.6526	 NaN	 NaN	    NaN	 NaN	 NaN	 NaN	 173.7664	    0	 -0.1400	 0	 3.895858e+03	 3.896467e+03	    3897.8171
2	 1	 1	 92	 1	    2	 10	 9	 2	 NaN	    2	 0	 2	 2	 3.8263	    -4.7761	 2.9994	 NaN	 NaN	 NaN	    NaN	 NaN	 NaN	 NaN	 13.8699	    10.6331	 5.8800	 NaN	 NaN	 NaN	    NaN	 NaN	 NaN	 NaN	 176.5003	    1	 -0.1600	 1	 3.902543e+03	 3.903093e+03	    3905.8270
2	 1	 1	 93	 1	    1	 10	 9	 2	 NaN	    2	 8	 0	 8	 -7.5279	    -7.4747	 -0.4726	 -5.5109	 4.2953	 5.4634	    4.9729	 3.8066	 -3.7090	 NaN	 10.9621	    4.9315	 17.8664	 18.8952	 4.6589	 19.0669	    10.5527	 15.1268	 14.7583	 NaN	 179.9010	    1	 -0.1400	 0	 3.910945e+03	 3.911478e+03	    3914.8788
2	 1	 1	 94	 1	    1	 10	 9	 4	 NaN	    4	 6	 0	 6	 -5.0482	    2.4693	 7.6983	 -6.4038	 6.4290	 -4.3734	    0.5636	 NaN	 NaN	 NaN	 16.2087	    4.2815	 19.5973	 11.7645	 12.2603	 4.3674	    16.5965	 NaN	 NaN	 NaN	 181.9013	    1	 -0.1600	 1	 3.919588e+03	 3.920405e+03	    3922.4053
2	 1	 1	 95	 1	    1	 10	 9	 1	 NaN	    1	 1	 0	 1	 6.3833	    -7.2439	 NaN	 NaN	 NaN	 NaN	    NaN	 NaN	 NaN	 NaN	 14.2472	    10.4788	 NaN	 NaN	 NaN	 NaN	    NaN	 NaN	 NaN	 NaN	 183.0683	    1	 -0.1800	 1	 3.927898e+03	 3.928515e+03	    3929.6818
2	 1	 1	 96	 1	    2	 10	 9	 3	 NaN	    4	 0	 5	 5	 -6.7238	    4.7984	 1.0064	 -4.2765	 -0.0889	 7.6193	    NaN	 NaN	 NaN	 NaN	 5.2215	    16.7135	 4.5169	 16.0262	 19.4609	 8.7979	    NaN	 NaN	 NaN	 NaN	 185.9188	    0	 -0.2000	 0	 3.935350e+03	 3.936291e+03	    3939.1420
2	 1	 1	 97	 1	    1	 10	 9	 2	 NaN	    2	 2	 0	 2	 5.6537	    -7.2992	 4.3795	 NaN	 NaN	 NaN	    NaN	 NaN	 NaN	 NaN	 4.9107	    18.3579	 11.3501	 NaN	 NaN	 NaN	    NaN	 NaN	 NaN	 NaN	 187.0857	    1	 -0.2200	 1	 3.945043e+03	 3.945652e+03	    3946.8185
2	 1	 1	 98	 1	    2	 10	 9	 4	 NaN	    4	 0	 1	 1	 -7.7626	    0.8927	 NaN	 NaN	 NaN	 NaN	    NaN	 NaN	 NaN	 NaN	 7.0772	    14.5934	 NaN	 NaN	 NaN	 NaN	    NaN	 NaN	 NaN	 NaN	 188.8110	    1	 -0.2400	 1	 3.953712e+03	 3.954353e+03	    3956.0787
2	 1	 1	 99	 1	    2	 10	 9	 1	 NaN	    1	 0	 7	 7	 6.0726	    2.1494	 -6.3380	 -6.4135	 -0.4791	 4.2504	    0.0238	 -2.8828	 NaN	 NaN	 8.9855	    19.0452	 4.0609	 10.8852	 14.2099	 15.3778	    4.3674	 19.9794	 NaN	 NaN	 191.2115	    1	 -0.2600	 1	 3.962213e+03	 3.963038e+03	    3965.4389
2	 1	 1	 100	 1	    1	 10	 9	 4	 NaN	    3	 5	 0	 5	 -3.2112	    2.4737	 -5.8384	 7.8804	 6.2377	 -5.6395	    NaN	 NaN	 NaN	 NaN	 19.8371	    14.0528	 10.9897	 16.2029	 4.5884	 6.2780	    NaN	 NaN	 NaN	 NaN	 192.3950	    0	 -0.2800	 1	 3.971899e+03	 3.972440e+03	    3973.6239
2	 1	 1	 101	 1	    2	 10	 9	 3	 NaN	    3	 0	 4	 4	 -5.0147	    -7.4082	 0.8512	 7.4661	 -0.8748	 NaN	    NaN	 NaN	 NaN	 NaN	 15.4124	    19.9230	 5.4516	 10.8267	 17.8439	 NaN	    NaN	 NaN	 NaN	 NaN	 194.4621	    1	 -0.2600	 0	 3.982967e+03	 3.983834e+03	    3985.9013
2	 1	 1	 102	 1	    2	 10	 9	 4	 NaN	    4	 0	 3	 3	 -2.3345	    6.6007	 -7.5682	 7.7495	 NaN	 NaN	    NaN	 NaN	 NaN	 NaN	 19.1887	    11.6868	 5.4448	 18.1640	 NaN	 NaN	    NaN	 NaN	 NaN	 NaN	 196.3125	    1	 -0.2400	 0	 3.993036e+03	 3.993728e+03	    3995.5782
2	 1	 1	 103	 1	    2	 10	 9	 3	 NaN	    3	 0	 8	 8	 6.6007	    -4.4706	 -2.4514	 -7.2191	 7.7495	 6.3644	    -5.7294	 2.9075	 3.0976	 NaN	 17.7111	    4.4187	 16.3096	 9.4606	 6.1022	 10.0737	    19.5334	 15.2671	 5.9422	 NaN	 197.5460	    1	 -0.2200	 0	 4.000488e+03	 4.001271e+03	    4002.5046
2	 1	 1	 104	 1	    2	 10	 9	 3	 NaN	    3	 0	 0	 0	 -6.0771	    NaN	 NaN	 NaN	 NaN	 NaN	    NaN	 NaN	 NaN	 NaN	 14.0431	    NaN	 NaN	 NaN	 NaN	 NaN	    NaN	 NaN	 NaN	 NaN	 198.5045	    1	 -0.2000	 0	 4.011006e+03	 4.011656e+03	    4012.6149
2	 1	 1	 105	 1	    1	 10	 9	 1	 NaN	    1	 7	 0	 7	 -4.4199	    7.4116	 -7.2019	 -1.5194	 3.6284	 7.1926	    -7.4261	 1.2365	 NaN	 NaN	 15.4357	    15.5300	 7.8488	 5.1255	 6.7854	 9.2823	    19.7293	 14.0889	 NaN	 NaN	 201.5551	    1	 -0.2200	 1	 4.017608e+03	 4.018508e+03	    4021.5584
2	 1	 1	 106	 1	    2	 10	 9	 1	 NaN	    2	 0	 6	 6	 -7.2019	    1.9368	 5.3863	 -7.2439	 7.2706	 -0.8038	    -7.7587	 NaN	 NaN	 NaN	 4.1912	    19.5712	 4.3674	 15.6700	 8.7693	 16.5915	    9.0619	 NaN	 NaN	 NaN	 203.0388	    0	 -0.2400	 0	 4.026984e+03	 4.027751e+03	    4029.2349
2	 1	 1	 107	 1	    1	 10	 9	 3	 NaN	    3	 4	 0	 4	 3.8263	    -7.5730	 -5.8627	 1.2662	 3.0644	 NaN	    NaN	 NaN	 NaN	 NaN	 11.0460	    13.9307	 7.9437	 15.0620	 4.6165	 NaN	    NaN	 NaN	 NaN	 NaN	 206.0144	    1	 -0.2600	 1	 4.034361e+03	 4.035236e+03	    4038.2117
2	 1	 1	 108	 1	    1	 10	 9	 4	 NaN	    4	 0	 0	 0	 -4.7852	    NaN	 NaN	 NaN	 NaN	 NaN	    NaN	 NaN	 NaN	 NaN	 9.7454	    NaN	 NaN	 NaN	 NaN	 NaN	    NaN	 NaN	 NaN	 NaN	 207.2396	    1	 -0.2800	 1	 4.044213e+03	 4.044746e+03	    4045.9715
2	 1	 1	 109	 1	    2	 10	 9	 2	 NaN	    2	 0	 8	 8	 5.6450	    -6.8942	 6.0668	 -3.1927	 -6.9209	 0.2114	    0.2640	 -4.4655	 5.4419	 NaN	 16.9253	    8.5518	 6.7593	 15.8392	 18.7267	 13.6162	    4.1258	 5.2215	 12.5358	 NaN	 210.0985	    1	 -0.3000	 1	 4.051431e+03	 4.052289e+03	    4055.1484
2	 1	 1	 110	 1	    2	 10	 9	 4	 NaN	    4	 0	 7	 7	 -7.7928	    5.3863	 -5.6132	 3.3144	 -4.8495	 -0.8038	    7.8804	 0.7194	 NaN	 NaN	 18.6126	    9.6016	 5.7430	 15.7295	 12.3523	 5.0350	    6.0970	 18.8500	 NaN	 NaN	 212.2822	    1	 -0.2800	 0	 4.061925e+03	 4.062675e+03	    4064.8586
2	 1	 1	 111	 1	    2	 10	 9	 1	 NaN	    1	 0	 5	 5	 -6.7021	    -4.4305	 7.8036	 -1.3355	 6.0945	 3.3003	    NaN	 NaN	 NaN	 NaN	 9.3302	    5.2413	 7.5540	 17.4807	 12.3523	 19.1919	    NaN	 NaN	 NaN	 NaN	 214.3076	    1	 -0.3000	 1	 4.070535e+03	 4.071518e+03	    4073.5437
2	 1	 1	 112	 1	    1	 10	 9	 1	 NaN	    1	 0	 0	 0	 7.4447	    NaN	 NaN	 NaN	 NaN	 NaN	    NaN	 NaN	 NaN	 NaN	 16.0087	    NaN	 NaN	 NaN	 NaN	 NaN	    NaN	 NaN	 NaN	 NaN	 215.2661	    1	 -0.3200	 1	 4.078903e+03	 4.079837e+03	    4080.7952
2	 1	 1	 113	 1	    1	 10	 9	 1	 NaN	    1	 7	 0	 7	 1.9617	    2.9084	 -7.4082	 -4.8547	 4.5704	 -1.0317	    -4.4784	 6.9863	 NaN	 NaN	 5.3591	    18.0339	 13.7778	 4.0609	 12.6177	 18.8630	    8.8711	 9.1578	 NaN	 NaN	 218.7251	    1	 -0.3400	 1	 4.087772e+03	 4.088288e+03	    4091.7473
2	 1	 1	 114	 1	    1	 10	 9	 2	 NaN	    2	 5	 0	 5	 -3.4354	    4.2956	 7.1926	 -4.3624	 -1.0054	 7.7585	    NaN	 NaN	 NaN	 NaN	 4.6137	    17.2664	 4.5446	 12.2835	 19.0874	 10.9621	    NaN	 NaN	 NaN	 NaN	 222.4175	    1	 -0.3600	 1	 4.097315e+03	 4.098049e+03	    4101.7410
2	 1	 1	 115	 1	    1	 10	 9	 3	 NaN	    3	 6	 0	 6	 5.9811	    3.0054	 -2.1866	 -2.3850	 6.3958	 -7.7626	    2.4781	 NaN	 NaN	 NaN	 19.0324	    4.9998	 4.1912	 17.2302	 12.9042	 8.2126	    16.6712	 NaN	 NaN	 NaN	 224.8096	    1	 -0.3800	 1	 4.107559e+03	 4.108367e+03	    4110.7594
2	 1	 1	 116	 1	    1	 10	 9	 2	 NaN	    2	 4	 0	 4	 -1.6260	    0.6108	 -7.0140	 5.6707	 -3.8723	 NaN	    NaN	 NaN	 NaN	 NaN	 19.7775	    13.7898	 4.2815	 10.1506	 14.0617	 NaN	    NaN	 NaN	 NaN	 NaN	 226.7350	    1	 -0.3600	 0	 4.118853e+03	 4.119561e+03	    4121.4865
2	 1	 1	 117	 1	    1	 10	 9	 4	 NaN	    4	 3	 0	 3	 -5.8347	    7.4913	 0.6289	 -2.3096	 NaN	 NaN	    NaN	 NaN	 NaN	 NaN	 5.6184	    11.7494	 16.0087	 19.5712	 NaN	 NaN	    NaN	 NaN	 NaN	 NaN	 228.0186	    1	 -0.3400	 0	 4.127004e+03	 4.127988e+03	    4129.2714
2	 1	 1	 118	 1	    1	 10	 9	 2	 NaN	    2	 8	 0	 8	 4.0747	    -6.5278	 -1.3051	 2.4784	 6.2308	 -4.7969	    -6.3454	 2.1286	 7.4661	 NaN	 13.2415	    16.9919	 15.3693	 19.3799	 9.6538	 4.2421	    8.4448	 4.5169	 4.2236	 NaN	 229.6189	    1	 -0.3600	 1	 4.134497e+03	 4.135073e+03	    4136.6729
2	 1	 1	 119	 1	    2	 10	 9	 1	 NaN	    2	 0	 4	 4	 5.5886	    -1.3149	 7.1669	 -6.8224	 2.6999	 NaN	    NaN	 NaN	 NaN	 NaN	 4.6528	    15.2798	 11.5311	 14.5379	 16.7696	 NaN	    NaN	 NaN	 NaN	 NaN	 232.5695	    0	 -0.3800	 1	 4.142149e+03	 4.142991e+03	    4145.9414
2	 1	 1	 120	 1	    2	 10	 9	 2	 NaN	    1	 0	 3	 3	 -6.7971	    -7.0344	 6.2308	 5.9620	 NaN	 NaN	    NaN	 NaN	 NaN	 NaN	 15.4636	    7.2870	 16.6251	 5.9815	 NaN	 NaN	    NaN	 NaN	 NaN	 NaN	 233.6030	    0	 -0.4000	 0	 4.151651e+03	 4.152468e+03	    4153.5013
2	 1	 1	 121	 1	    1	 10	 9	 4	 NaN	    4	 1	 0	 1	 -4.1074	    2.9093	 NaN	 NaN	 NaN	 NaN	    NaN	 NaN	 NaN	 NaN	 11.5311	    12.8595	 NaN	 NaN	 NaN	 NaN	    NaN	 NaN	 NaN	 NaN	 234.5365	    1	 -0.3800	 0	 4.159211e+03	 4.159786e+03	    4160.7194
2	 1	 1	 122	 1	    2	 10	 9	 1	 NaN	    1	 0	 1	 1	 3.8634	    -6.9209	 NaN	 NaN	 NaN	 NaN	    NaN	 NaN	 NaN	 NaN	 15.7820	    10.4405	 NaN	 NaN	 NaN	 NaN	    NaN	 NaN	 NaN	 NaN	 235.6284	    1	 -0.3600	 0	 4.166487e+03	 4.167046e+03	    4168.1375
2	 1	 1	 123	 1	    2	 10	 9	 1	 NaN	    2	 0	 2	 2	 -6.8050	    6.9768	 2.1688	 NaN	 NaN	 NaN	    NaN	 NaN	 NaN	 NaN	 10.1006	    18.8306	 17.6383	 NaN	 NaN	 NaN	    NaN	 NaN	 NaN	 NaN	 236.9870	    0	 -0.3800	 1	 4.172830e+03	 4.173539e+03	    4174.8972
2	 1	 1	 124	 1	    2	 10	 9	 1	 NaN	    1	 0	 0	 0	 0.5345	    NaN	 NaN	 NaN	 NaN	 NaN	    NaN	 NaN	 NaN	 NaN	 4.6057	    NaN	 NaN	 NaN	 NaN	 NaN	    NaN	 NaN	 NaN	 NaN	 238.0455	    1	 -0.3600	 0	 4.180107e+03	 4.180815e+03	    4181.8735
2	 1	 1	 125	 1	    1	 10	 9	 3	 NaN	    3	 2	 0	 2	 1.9617	    -4.8139	 -5.2626	 NaN	 NaN	 NaN	    NaN	 NaN	 NaN	 NaN	 14.0431	    4.5078	 11.5877	 NaN	 NaN	 NaN	    NaN	 NaN	 NaN	 NaN	 239.1457	    1	 -0.3800	 1	 4.188875e+03	 4.189467e+03	    4190.5669
2	 1	 1	 126	 1	    2	 10	 9	 1	 NaN	    1	 0	 6	 6	 -4.5951	    3.4793	 -7.8083	 6.5176	 -4.1117	 6.5802	    -0.5604	 NaN	 NaN	 NaN	 14.2880	    5.5697	 4.1169	 9.5133	 18.4939	 15.5452	    4.9315	 NaN	 NaN	 NaN	 242.4796	    1	 -0.3600	 0	 4.196010e+03	 4.196835e+03	    4200.1688
2	 1	 1	 127	 1	    1	 10	 9	 4	 NaN	    4	 0	 0	 0	 2.4693	    NaN	 NaN	 NaN	 NaN	 NaN	    NaN	 NaN	 NaN	 NaN	 17.0827	    NaN	 NaN	 NaN	 NaN	 NaN	    NaN	 NaN	 NaN	 NaN	 243.5714	    1	 -0.3800	 1	 4.204878e+03	 4.205453e+03	    4206.5451
2	 1	 1	 128	 1	    2	 10	 9	 3	 NaN	    3	 0	 1	 1	 3.9579	    -3.1632	 NaN	 NaN	 NaN	 NaN	    NaN	 NaN	 NaN	 NaN	 15.2461	    6.9822	 NaN	 NaN	 NaN	 NaN	    NaN	 NaN	 NaN	 NaN	 244.7716	    1	 -0.4000	 1	 4.211905e+03	 4.212855e+03	    4214.0549
2	 1	 1	 129	 1	    2	 10	 9	 1	 NaN	    1	 0	 0	 0	 -1.4616	    NaN	 NaN	 NaN	 NaN	 NaN	    NaN	 NaN	 NaN	 NaN	 17.2664	    NaN	 NaN	 NaN	 NaN	 NaN	    NaN	 NaN	 NaN	 NaN	 245.8302	    1	 -0.3800	 0	 4.220731e+03	 4.221456e+03	    4222.5149
2	 1	 1	 130	 1	    2	 10	 9	 3	 NaN	    3	 0	 2	 2	 1.2210	    -0.5177	 -4.3734	 NaN	 NaN	 NaN	    NaN	 NaN	 NaN	 NaN	 13.6162	    4.3094	 8.9320	 NaN	 NaN	 NaN	    NaN	 NaN	 NaN	 NaN	 246.8803	    1	 -0.3600	 0	 4.231217e+03	 4.232134e+03	    4233.1837
2	 1	 1	 131	 1	    1	 10	 9	 3	 NaN	    3	 5	 0	 5	 4.3279	    -3.9590	 -7.9663	 1.5329	 -6.5269	 7.1666	    NaN	 NaN	 NaN	 NaN	 16.6325	    18.1433	 9.9907	 5.1255	 14.0485	 4.6371	    NaN	 NaN	 NaN	 NaN	 247.9555	    1	 -0.3800	 1	 4.238201e+03	 4.238843e+03	    4239.9184
2	 1	 1	 132	 1	    2	 10	 9	 1	 NaN	    1	 0	 4	 4	 -0.1072	    7.6983	 -7.8671	 6.5858	 7.5303	 NaN	    NaN	 NaN	 NaN	 NaN	 15.9122	    18.8306	 9.6999	 6.1423	 12.3601	 NaN	    NaN	 NaN	 NaN	 NaN	 249.8726	    1	 -0.3600	 0	 4.245353e+03	 4.245945e+03	    4247.8617
2	 1	 1	 133	 1	    1	 10	 9	 4	 NaN	    4	 1	 0	 1	 4.0747	    -2.5990	 NaN	 NaN	 NaN	 NaN	    NaN	 NaN	 NaN	 NaN	 19.0596	    5.4516	 NaN	 NaN	 NaN	 NaN	    NaN	 NaN	 NaN	 NaN	 250.8394	    1	 -0.3400	 0	 4.252904e+03	 4.253463e+03	    4254.4296
2	 1	 1	 134	 1	    2	 10	 9	 3	 NaN	    3	 0	 7	 7	 4.7531	    -2.9950	 5.4419	 1.5329	 -1.0667	 7.1345	    -4.1652	 -7.5730	 NaN	 NaN	 11.5877	    15.5300	 4.9107	 18.2618	 4.4399	 16.2279	    8.9855	 17.7588	 NaN	 NaN	 253.7733	    1	 -0.3200	 0	 4.259514e+03	 4.260097e+03	    4263.0313
2	 1	 1	 135	 1	    2	 10	 9	 2	 NaN	    2	 0	 8	 8	 -7.2019	    6.5453	 0.1281	 5.7223	 2.9727	 -4.1952	    -6.1865	 -6.1644	 7.1345	 NaN	 13.0811	    5.8748	 16.9439	 10.1313	 13.5014	 4.5158	    8.2865	 18.4939	 13.9489	 NaN	 258.1575	    1	 -0.3400	 1	 4.268191e+03	 4.268982e+03	    4273.3667
2	 1	 1	 136	 1	    1	 10	 9	 3	 NaN	    3	 6	 0	 6	 -5.0147	    2.5324	 -6.9303	 0.1482	 -1.6801	 7.4706	    7.2202	 NaN	 NaN	 NaN	 18.1433	    16.9912	 4.5446	 4.5141	 13.5191	 8.8711	    14.8098	 NaN	 NaN	 NaN	 260.6663	    1	 -0.3200	 0	 4.278584e+03	 4.279351e+03	    4281.8601
2	 1	 1	 137	 1	    1	 10	 9	 2	 NaN	    2	 3	 0	 3	 4.0052	    -2.9015	 -2.8574	 3.7449	 NaN	 NaN	    NaN	 NaN	 NaN	 NaN	 8.7693	    4.1688	 15.5460	 17.7820	 NaN	 NaN	    NaN	 NaN	 NaN	 NaN	 262.6501	    1	 -0.3400	 1	 4.288420e+03	 4.289353e+03	    4291.3369
2	 1	 1	 138	 1	    1	 10	 9	 2	 NaN	    2	 7	 0	 7	 -6.5298	    7.1345	 3.2316	 -3.0021	 7.0194	 -7.8944	    -1.9758	 4.6756	 NaN	 NaN	 18.7588	    18.9343	 4.1026	 6.8351	 8.0217	 9.0317	    14.4453	 15.4124	 NaN	 NaN	 264.8671	    1	 -0.3600	 1	 4.298113e+03	 4.298863e+03	    4301.0805
2	 1	 1	 139	 1	    1	 10	 9	 1	 NaN	    2	 8	 0	 8	 -5.2095	    -0.5177	 5.6450	 -4.4602	 -2.6303	 7.1669	    1.7601	 7.8036	 -6.4603	 NaN	 10.5915	    19.0861	 13.4296	 4.5533	 15.5234	 19.8622	    5.8375	 5.9363	 19.0669	 NaN	 267.3676	    0	 -0.3800	 1	 4.308157e+03	 4.309057e+03	    4311.5576
2	 1	 1	 140	 1	    2	 10	 9	 2	 NaN	    1	 0	 5	 5	 -7.4800	    1.3055	 5.4920	 5.7393	 -0.3771	 -1.6801	    NaN	 NaN	 NaN	 NaN	 7.0305	    16.3900	 16.1808	 11.5311	 5.4040	 19.9749	    NaN	 NaN	 NaN	 NaN	 270.4265	    0	 -0.4000	 0	 4.317526e+03	 4.318292e+03	    4321.3512
2	 1	 1	 141	 1	    1	 10	 9	 3	 NaN	    3	 2	 0	 2	 0.9586	    -7.7109	 7.2159	 NaN	 NaN	 NaN	    NaN	 NaN	 NaN	 NaN	 15.8392	    7.2870	 19.8622	 NaN	 NaN	 NaN	    NaN	 NaN	 NaN	 NaN	 272.2602	    1	 -0.4200	 1	 4.326636e+03	 4.327219e+03	    4329.0528
2	 1	 1	 142	 1	    1	 10	 9	 3	 NaN	    4	 4	 0	 4	 -4.6690	    2.8847	 0.0981	 -5.6733	 7.6988	 NaN	    NaN	 NaN	 NaN	 NaN	 18.4065	    4.6371	 15.4636	 11.7644	 15.0836	 NaN	    NaN	 NaN	 NaN	 NaN	 273.7688	    0	 -0.4400	 1	 4.336296e+03	 4.336913e+03	    4338.4213
2	 1	 1	 143	 1	    2	 10	 9	 2	 NaN	    1	 0	 6	 6	 -0.5130	    -6.3469	 2.9075	 5.7845	 -7.9495	 3.7413	    -3.0660	 NaN	 NaN	 NaN	 4.9683	    8.0071	 13.9885	 17.7001	 15.7140	 8.0217	    16.0262	 NaN	 NaN	 NaN	 276.4693	    0	 -0.4600	 0	 4.344614e+03	 4.345348e+03	    4348.0482
2	 1	 1	 144	 1	    2	 10	 9	 3	 NaN	    3	 0	 3	 3	 7.1926	    -5.0147	 -4.8139	 1.4382	 NaN	 NaN	    NaN	 NaN	 NaN	 NaN	 10.1939	    18.7459	 7.3773	 17.0827	 NaN	 NaN	    NaN	 NaN	 NaN	 NaN	 278.0863	    1	 -0.4800	 1	 4.352883e+03	 4.353724e+03	    4355.3413
2	 1	 1	 145	 1	    2	 10	 9	 1	 NaN	    1	 0	 4	 4	 -2.0082	    7.3488	 4.0459	 -0.9136	 -6.5015	 NaN	    NaN	 NaN	 NaN	 NaN	 18.7331	    4.4886	 14.0485	 4.2421	 12.8576	 NaN	    NaN	 NaN	 NaN	 NaN	 280.6701	    1	 -0.5000	 1	 4.360901e+03	 4.361901e+03	    4364.4848
2	 1	 1	 146	 1	    1	 10	 9	 3	 NaN	    4	 3	 0	 3	 -4.2765	    -4.8879	 0.9457	 2.1722	 NaN	 NaN	    NaN	 NaN	 NaN	 NaN	 19.0324	    4.6057	 18.6126	 4.1775	 NaN	 NaN	    NaN	 NaN	 NaN	 NaN	 281.7869	    0	 -0.5200	 1	 4.370069e+03	 4.370844e+03	    4371.9613
2	 1	 1	 147	 1	    2	 10	 9	 4	 NaN	    3	 0	 3	 3	 -4.3734	    7.0504	 6.4738	 -3.3765	 NaN	 NaN	    NaN	 NaN	 NaN	 NaN	 9.7644	    10.9682	 19.9684	 16.4187	 NaN	 NaN	    NaN	 NaN	 NaN	 NaN	 283.5206	    0	 -0.5400	 1	 4.377246e+03	 4.378029e+03	    4379.7629
2	 1	 1	 148	 1	    2	 10	 9	 3	 NaN	    3	 0	 5	 5	 1.4382	    7.4881	 -6.1865	 -6.2492	 4.7498	 -4.4305	    NaN	 NaN	 NaN	 NaN	 17.2721	    4.5158	 9.8068	 14.7690	 9.1683	 19.1410	    NaN	 NaN	 NaN	 NaN	 285.5293	    1	 -0.5600	 1	 4.389331e+03	 4.390273e+03	    4392.2820
2	 1	 1	 149	 1	    2	 10	 9	 2	 NaN	    2	 0	 2	 2	 -7.5279	    4.1148	 -3.2112	 NaN	 NaN	 NaN	    NaN	 NaN	 NaN	 NaN	 19.8138	    5.8207	 12.4111	 NaN	 NaN	 NaN	    NaN	 NaN	 NaN	 NaN	 287.0463	    1	 -0.5400	 0	 4.399942e+03	 4.400909e+03	    4402.4257
2	 1	 1	 150	 1	    1	 10	 9	 4	 NaN	    3	 5	 0	 5	 -6.3454	    3.5965	 -7.3265	 -1.0647	 6.8559	 2.5697	    NaN	 NaN	 NaN	 NaN	 14.7335	    18.3550	 8.0228	 17.4241	 5.7673	 6.2286	    NaN	 NaN	 NaN	 NaN	 289.4884	    0	 -0.5600	 1	 4.408018e+03	 4.408927e+03	    4411.3691
2	 1	 1	 151	 1	    2	 10	 9	 3	 NaN	    3	 0	 8	 8	 1.0124	    -5.7318	 6.5664	 3.9628	 -2.6920	 6.2500	    -2.6303	 -5.5109	 7.4228	 NaN	 16.7135	    17.7379	 8.5906	 12.1957	 14.1814	 4.5158	    5.9363	 10.8962	 14.7236	 NaN	 292.3890	    1	 -0.5800	 1	 4.418821e+03	 4.419354e+03	    4422.2546
2	 1	 1	 152	 1	    2	 10	 9	 2	 NaN	    2	 0	 1	 1	 2.7635	    -4.8495	 NaN	 NaN	 NaN	 NaN	    NaN	 NaN	 NaN	 NaN	 18.1067	    11.4880	 NaN	 NaN	 NaN	 NaN	    NaN	 NaN	 NaN	 NaN	 293.3725	    1	 -0.6000	 1	 4.428873e+03	 4.429506e+03	    4430.4896
2	 1	 1	 153	 1	    2	 10	 9	 4	 NaN	    3	 0	 0	 0	 -2.1866	    NaN	 NaN	 NaN	 NaN	 NaN	    NaN	 NaN	 NaN	 NaN	 14.1006	    NaN	 NaN	 NaN	 NaN	 NaN	    NaN	 NaN	 NaN	 NaN	 294.5144	    0	 -0.6200	 1	 4.440950e+03	 4.441567e+03	    4442.7087
2	 1	 1	 154	 1	    1	 10	 9	 2	 NaN	    2	 4	 0	 4	 -7.2708	    4.5964	 -5.0482	 6.4670	 -6.8901	 NaN	    NaN	 NaN	 NaN	 NaN	 4.3094	    4.1775	 19.7775	 14.2400	 13.0805	 NaN	    NaN	 NaN	 NaN	 NaN	 296.0230	    1	 -0.6000	 0	 4.448293e+03	 4.448918e+03	    4450.4269
2	 1	 1	 155	 1	    1	 10	 9	 3	 NaN	    3	 2	 0	 2	 7.4913	    -5.8627	 6.9133	 NaN	 NaN	 NaN	    NaN	 NaN	 NaN	 NaN	 7.5759	    18.9226	 18.6653	 NaN	 NaN	 NaN	    NaN	 NaN	 NaN	 NaN	 297.6149	    1	 -0.6200	 1	 4.455953e+03	 4.456620e+03	    4458.2118
2	 1	 1	 156	 1	    1	 10	 9	 2	 NaN	    2	 1	 0	 1	 7.1376	    -7.7587	 NaN	 NaN	 NaN	 NaN	    NaN	 NaN	 NaN	 NaN	 8.7494	    12.0618	 NaN	 NaN	 NaN	 NaN	    NaN	 NaN	 NaN	 NaN	 298.9152	    1	 -0.6000	 0	 4.464930e+03	 4.465563e+03	    4466.8635
2	 1	 1	 157	 1	    1	 10	 9	 2	 NaN	    2	 8	 0	 8	 -7.7494	    -2.4228	 7.1919	 7.8061	 -4.2771	 -7.5763	    6.4132	 4.0444	 -0.3410	 NaN	 16.5965	    13.5647	 10.9695	 5.7594	 19.9230	 7.2638	    18.0175	 8.3204	 17.0079	 NaN	 302.4325	    1	 -0.5800	 0	 4.471673e+03	 4.472656e+03	    4476.1737
2	 1	 1	 158	 1	    1	 10	 9	 4	 NaN	    4	 0	 0	 0	 5.3863	    NaN	 NaN	 NaN	 NaN	 NaN	    NaN	 NaN	 NaN	 NaN	 17.1071	    NaN	 NaN	 NaN	 NaN	 NaN	    NaN	 NaN	 NaN	 NaN	 303.4911	    1	 -0.6000	 1	 4.481483e+03	 4.482358e+03	    4483.4168
2	 1	 1	 159	 1	    2	 10	 9	 4	 NaN	    4	 0	 6	 6	 -6.4038	    4.3279	 5.2599	 -0.2151	 -6.6887	 7.0156	    -2.1866	 NaN	 NaN	 NaN	 11.4120	    11.4120	 5.3839	 14.9119	 16.6584	 17.9375	    5.2413	 NaN	 NaN	 NaN	 304.8080	    1	 -0.6200	 1	 4.489068e+03	 4.489943e+03	    4491.2600
2	 1	 1	 160	 1	    2	 10	 9	 2	 NaN	    1	 0	 7	 7	 -1.7874	    6.0395	 -4.1423	 -5.6132	 -6.8864	 7.9979	    2.8764	 3.0054	 NaN	 NaN	 4.5548	    8.6214	 15.7140	 19.8962	 11.7645	 15.6441	    4.3230	 14.6791	 NaN	 NaN	 306.9167	    0	 -0.6400	 1	 4.496786e+03	 4.497353e+03	    4499.4616
2	 1	 1	 161	 1	    1	 10	 9	 2	 NaN	    2	 7	 0	 7	 -6.5269	    6.0162	 -7.3566	 1.8607	 -6.7376	 7.3783	    1.4382	 -2.6920	 NaN	 NaN	 10.9483	    19.9794	 5.2215	 19.3578	 17.3481	 10.4929	    5.0350	 16.1808	 NaN	 NaN	 310.9175	    1	 -0.6200	 0	 4.507663e+03	 4.508422e+03	    4512.4225
2	 1	 1	 162	 1	    1	 10	 9	 1	 NaN	    1	 6	 0	 6	 7.4518	    6.9973	 -6.9090	 -5.6992	 2.2188	 -6.5015	    -0.0733	 NaN	 NaN	 NaN	 11.4120	    19.0037	 11.4120	 18.7267	 14.0513	 6.0922	    4.9315	 NaN	 NaN	 NaN	 312.4678	    1	 -0.6000	 0	 4.517865e+03	 4.518582e+03	    4520.1324
2	 1	 1	 163	 1	    1	 10	 9	 3	 NaN	    3	 3	 0	 3	 -4.3624	    1.8887	 5.4722	 -3.3765	 NaN	 NaN	    NaN	 NaN	 NaN	 NaN	 18.5944	    18.3460	 10.9452	 4.1869	 NaN	 NaN	    NaN	 NaN	 NaN	 NaN	 314.1181	    1	 -0.6200	 1	 4.525542e+03	 4.526284e+03	    4527.9340
2	 1	 1	 164	 1	    1	 10	 9	 1	 NaN	    1	 7	 0	 7	 -4.2623	    3.5771	 -7.4007	 0.6363	 6.1413	 -4.0609	    7.4518	 -6.8466	 NaN	 NaN	 18.2618	    6.7553	 15.6700	 16.3317	 11.7644	 13.2233	    5.4724	 8.0167	 NaN	 NaN	 316.5270	    1	 -0.6400	 1	 4.533777e+03	 4.534444e+03	    4536.8524
2	 1	 1	 165	 1	    1	 10	 9	 2	 NaN	    2	 0	 0	 0	 6.0395	    NaN	 NaN	 NaN	 NaN	 NaN	    NaN	 NaN	 NaN	 NaN	 19.4656	    NaN	 NaN	 NaN	 NaN	 NaN	    NaN	 NaN	 NaN	 NaN	 317.7689	    1	 -0.6600	 1	 4.542303e+03	 4.542912e+03	    4544.1539
2	 1	 1	 166	 1	    2	 10	 9	 3	 NaN	    3	 0	 7	 7	 2.8821	    -4.6751	 6.5802	 0.6289	 -4.0609	 6.3644	    -0.5206	 -7.3265	 NaN	 NaN	 19.0607	    16.3882	 15.6108	 15.5521	 12.0163	 6.1011	    4.6057	 8.3589	 NaN	 NaN	 319.5192	    1	 -0.6800	 1	 4.552939e+03	 4.553806e+03	    4555.5561
2	 1	 1	 167	 1	    2	 10	 9	 1	 NaN	    1	 0	 3	 3	 7.9954	    3.0054	 -7.6050	 -2.0296	 NaN	 NaN	    NaN	 NaN	 NaN	 NaN	 4.6136	    16.9919	 10.4607	 16.8474	 NaN	 NaN	    NaN	 NaN	 NaN	 NaN	 321.4112	    1	 -0.6600	 0	 4.563841e+03	 4.564550e+03	    4566.4416
2	 1	 1	 168	 1	    1	 10	 9	 2	 NaN	    2	 1	 0	 1	 -3.4348	    7.4518	 NaN	 NaN	 NaN	 NaN	    NaN	 NaN	 NaN	 NaN	 16.1808	    5.9321	 NaN	 NaN	 NaN	 NaN	    NaN	 NaN	 NaN	 NaN	 322.5281	    1	 -0.6400	 0	 4.571951e+03	 4.572509e+03	    4573.6264
2	 1	 1	 169	 1	    1	 10	 9	 1	 NaN	    1	 5	 0	 5	 2.8821	    7.4881	 1.3611	 -7.5763	 -0.6792	 -7.2157	    NaN	 NaN	 NaN	 NaN	 4.3644	    10.4832	 18.2638	 10.0118	 13.7328	 14.3738	    NaN	 NaN	 NaN	 NaN	 324.6369	    1	 -0.6200	 0	 4.579194e+03	 4.580194e+03	    4582.3031
2	 1	 1	 170	 1	    2	 10	 9	 4	 NaN	    3	 0	 0	 0	 -6.6900	    NaN	 NaN	 NaN	 NaN	 NaN	    NaN	 NaN	 NaN	 NaN	 19.0037	    NaN	 NaN	 NaN	 NaN	 NaN	    NaN	 NaN	 NaN	 NaN	 325.7204	    0	 -0.6400	 1	 4.588721e+03	 4.589471e+03	    4590.5547
2	 1	 1	 171	 1	    1	 10	 9	 3	 NaN	    3	 4	 0	 4	 -6.3454	    0.9586	 6.4290	 -6.6039	 -6.4038	 NaN	    NaN	 NaN	 NaN	 NaN	 5.8207	    5.0350	 13.6426	 14.4773	 19.0452	 NaN	    NaN	 NaN	 NaN	 NaN	 327.4374	    1	 -0.6200	 0	 4.595881e+03	 4.596781e+03	    4598.4980
2	 1	 1	 172	 1	    2	 10	 9	 1	 NaN	    1	 0	 8	 8	 -7.2019	    0.7806	 -4.0609	 6.9133	 -3.2911	 4.9027	    4.0356	 -2.6303	 -0.1879	 NaN	 9.7519	    18.9039	 4.1026	 18.8630	 18.6846	 10.1001	    4.5389	 13.0690	 5.3504	 NaN	 329.1460	    1	 -0.6400	 1	 4.603849e+03	 4.604466e+03	    4606.1745
2	 1	 1	 173	 1	    1	 10	 9	 3	 NaN	    3	 8	 0	 8	 4.1148	    0.1484	 -6.8466	 -2.1827	 -2.3322	 -6.6496	    7.8804	 6.7309	 -7.3095	 NaN	 10.8130	    16.3882	 14.0485	 4.6567	 12.9286	 4.1897	    4.2421	 19.1410	 8.2126	 NaN	 331.6965	    1	 -0.6200	 0	 4.612159e+03	 4.612817e+03	    4615.3680
2	 1	 1	 174	 1	    1	 10	 9	 4	 NaN	    4	 6	 0	 6	 5.8258	    4.6717	 -7.0925	 -4.4466	 0.2114	 -4.3183	    -4.0802	 NaN	 NaN	 NaN	 4.4138	    12.6355	 14.0846	 9.9064	 17.7111	 4.5169	    19.8101	 NaN	 NaN	 NaN	 334.7971	    1	 -0.6400	 1	 4.621236e+03	 4.621986e+03	    4625.0866
2	 1	 1	 175	 1	    1	 10	 9	 3	 NaN	    3	 2	 0	 2	 0.5995	    -4.7969	 5.0281	 NaN	 NaN	 NaN	    NaN	 NaN	 NaN	 NaN	 15.6700	    4.3674	 17.9535	 NaN	 NaN	 NaN	    NaN	 NaN	 NaN	 NaN	 336.4140	    1	 -0.6200	 0	 4.633288e+03	 4.633838e+03	    4635.4553
2	 1	 1	 176	 1	    2	 10	 9	 1	 NaN	    1	 0	 4	 4	 -4.2623	    5.0518	 0.4784	 -4.4706	 -0.9851	 NaN	    NaN	 NaN	 NaN	 NaN	 15.6108	    5.4724	 15.1268	 10.4929	 5.2413	 NaN	    NaN	 NaN	 NaN	 NaN	 337.5059	    1	 -0.6400	 1	 4.643574e+03	 4.644507e+03	    4645.5990
2	 1	 1	 177	 1	    2	 10	 9	 1	 NaN	    1	 0	 6	 6	 4.9452	    -4.9882	 -4.4305	 -5.0147	 5.0152	 6.5932	    0.5402	 NaN	 NaN	 NaN	 11.4880	    13.6990	 17.7588	 4.3069	 16.5733	 7.5540	    16.7135	 NaN	 NaN	 NaN	 339.7146	    1	 -0.6200	 0	 4.651133e+03	 4.651825e+03	    4654.0340
2	 1	 1	 178	 1	    2	 10	 9	 2	 NaN	    2	 0	 1	 1	 -4.1694	    1.6563	 NaN	 NaN	 NaN	 NaN	    NaN	 NaN	 NaN	 NaN	 6.1011	    14.2880	 NaN	 NaN	 NaN	 NaN	    NaN	 NaN	 NaN	 NaN	 341.2316	    1	 -0.6400	 1	 4.660277e+03	 4.660844e+03	    4662.3607
2	 1	 1	 179	 1	    2	 10	 9	 1	 NaN	    1	 0	 2	 2	 -7.7109	    6.3128	 -4.2857	 NaN	 NaN	 NaN	    NaN	 NaN	 NaN	 NaN	 5.7580	    16.8474	 8.1830	 NaN	 NaN	 NaN	    NaN	 NaN	 NaN	 NaN	 342.3652	    1	 -0.6200	 0	 4.668262e+03	 4.668979e+03	    4670.1122
2	 1	 1	 180	 1	    2	 10	 9	 2	 NaN	    1	 0	 5	 5	 6.9032	    4.2953	 -2.6548	 -6.6496	 4.0911	 -7.9310	    NaN	 NaN	 NaN	 NaN	 19.9794	    5.8207	 15.0613	 5.9422	 11.7645	 15.5234	    NaN	 NaN	 NaN	 NaN	 344.3489	    0	 -0.6400	 0	 4.676013e+03	 4.676705e+03	    4678.6889
2	 1	 1	 181	 1	    1	 10	 9	 2	 NaN	    2	 2	 0	 2	 6.4457	    -0.7888	 1.0324	 NaN	 NaN	 NaN	    NaN	 NaN	 NaN	 NaN	 15.2174	    4.1657	 13.6215	 NaN	 NaN	 NaN	    NaN	 NaN	 NaN	 NaN	 345.8325	    1	 -0.6200	 0	 4.686107e+03	 4.687041e+03	    4688.5242
2	 1	 1	 182	 1	    2	 10	 9	 3	 NaN	    3	 0	 3	 3	 -7.7331	    1.3009	 7.7495	 -3.8723	 NaN	 NaN	    NaN	 NaN	 NaN	 NaN	 10.4929	    17.4685	 7.0772	 16.4438	 NaN	 NaN	    NaN	 NaN	 NaN	 NaN	 347.5412	    1	 -0.6000	 0	 4.694950e+03	 4.695951e+03	    4697.6594
2	 1	 1	 183	 1	    2	 10	 9	 2	 NaN	    2	 0	 7	 7	 7.3709	    3.4083	 4.0052	 -1.8069	 -1.7516	 -6.7021	    6.3958	 -7.0925	 NaN	 NaN	 10.5076	    12.3751	 6.3734	 4.4783	 18.1640	 15.1862	    19.5334	 4.5158	 NaN	 NaN	 348.7080	    1	 -0.5800	 0	 4.704911e+03	 4.705436e+03	    4706.6028
2	 1	 1	 184	 1	    1	 10	 9	 1	 NaN	    2	 1	 0	 1	 -0.5130	    5.3863	 NaN	 NaN	 NaN	 NaN	    NaN	 NaN	 NaN	 NaN	 4.5548	    18.6126	 NaN	 NaN	 NaN	 NaN	    NaN	 NaN	 NaN	 NaN	 349.9333	    0	 -0.6000	 0	 4.713004e+03	 4.713821e+03	    4715.0461
2	 1	 1	 185	 1	    1	 10	 9	 1	 NaN	    1	 8	 0	 8	 5.6385	    5.0267	 3.0453	 -7.0925	 0.6363	 -1.4616	    -1.7452	 -4.5951	 -6.2492	 NaN	 16.0396	    10.8130	 4.1026	 10.4301	 18.5944	 13.6681	    5.3504	 16.6584	 4.7323	 NaN	 351.3668	    1	 -0.5800	 0	 4.720964e+03	 4.721914e+03	    4723.3478
2	 1	 1	 186	 1	    1	 10	 9	 2	 NaN	    2	 3	 0	 3	 5.0152	    4.9729	 -4.3634	 -6.2887	 NaN	 NaN	    NaN	 NaN	 NaN	 NaN	 5.4150	    15.8973	 14.4382	 6.8347	 NaN	 NaN	    NaN	 NaN	 NaN	 NaN	 352.6004	    1	 -0.6000	 1	 4.728065e+03	 4.728874e+03	    4730.1074
2	 1	 1	 187	 1	    1	 10	 9	 1	 NaN	    1	 4	 0	 4	 -4.2857	    7.4116	 -4.6751	 0.4875	 -0.3135	 NaN	    NaN	 NaN	 NaN	 NaN	 12.4111	    10.5323	 6.3492	 19.8491	 5.1255	 NaN	    NaN	 NaN	 NaN	 NaN	 353.7172	    1	 -0.6200	 1	 4.735283e+03	 4.735959e+03	    4737.0755
2	 1	 1	 188	 1	    2	 10	 9	 1	 NaN	    2	 0	 6	 6	 -7.1623	    -1.2948	 5.8258	 7.2159	 5.0835	 -0.1858	    3.4367	 NaN	 NaN	 NaN	 8.7129	    19.9230	 15.4357	 8.2734	 4.1958	 14.8677	    19.5781	 NaN	 NaN	 NaN	 356.3177	    0	 -0.6400	 1	 4.742735e+03	 4.743643e+03	    4746.2440
2	 1	 1	 189	 1	    2	 10	 9	 2	 NaN	    1	 0	 1	 1	 7.1929	    -1.2899	 NaN	 NaN	 NaN	 NaN	    NaN	 NaN	 NaN	 NaN	 7.3773	    18.4505	 NaN	 NaN	 NaN	 NaN	    NaN	 NaN	 NaN	 NaN	 357.7347	    0	 -0.6600	 0	 4.753437e+03	 4.754104e+03	    4755.5208
2	 1	 1	 190	 1	    1	 10	 9	 3	 NaN	    3	 7	 0	 7	 -5.1850	    -3.8741	 7.8804	 -2.6058	 4.0356	 2.6999	    5.8337	 -6.9758	 NaN	 NaN	 9.6550	    15.2671	 9.9064	 4.6410	 8.3204	 16.7700	    14.0167	 19.5385	 NaN	 NaN	 359.5350	    1	 -0.6400	 0	 4.760830e+03	 4.761647e+03	    4763.4474
2	 1	 1	 191	 1	    1	 10	 9	 2	 NaN	    2	 0	 0	 0	 -7.0828	    NaN	 NaN	 NaN	 NaN	 NaN	    NaN	 NaN	 NaN	 NaN	 19.1410	    NaN	 NaN	 NaN	 NaN	 NaN	    NaN	 NaN	 NaN	 NaN	 360.5852	    1	 -0.6600	 1	 4.768990e+03	 4.769749e+03	    4770.7989
2	 1	 1	 192	 1	    1	 10	 9	 3	 NaN	    3	 5	 0	 5	 5.0704	    -7.8461	 -5.7034	 4.5964	 0.0981	 -7.0656	    NaN	 NaN	 NaN	 NaN	 4.9998	    4.4570	 19.9794	 10.0292	 13.6755	 14.3978	    NaN	 NaN	 NaN	 NaN	 362.1522	    1	 -0.6400	 0	 4.776308e+03	 4.776908e+03	    4778.4754
2	 1	 1	 193	 1	    2	 10	 9	 1	 NaN	    2	 0	 2	 2	 -1.2899	    6.6007	 -6.3824	 NaN	 NaN	 NaN	    NaN	 NaN	 NaN	 NaN	 4.7459	    16.4695	 16.3139	 NaN	 NaN	 NaN	    NaN	 NaN	 NaN	 NaN	 363.4775	    0	 -0.6600	 0	 4.784377e+03	 4.785352e+03	    4786.6770
2	 1	 1	 194	 1	    2	 10	 9	 1	 NaN	    1	 0	 8	 8	 -0.1072	    6.1335	 7.9252	 -4.3283	 0.5458	 -6.1838	    5.8337	 -6.3469	 4.3279	 NaN	 4.6057	    17.1415	 13.2233	 9.8068	 17.6383	 4.3674	    6.5600	 17.7933	 10.4405	 NaN	 365.3112	    1	 -0.6800	 1	 4.791611e+03	 4.792178e+03	    4794.0118
2	 1	 1	 195	 1	    1	 10	 9	 1	 NaN	    2	 6	 0	 6	 -0.0958	    -6.9090	 5.2294	 -1.7452	 3.2994	 2.6984	    7.3783	 NaN	 NaN	 NaN	 4.2858	    4.5533	 9.6461	 19.8622	 14.0617	 18.3579	    17.8445	 NaN	 NaN	 NaN	 367.9284	    0	 -0.7000	 1	 4.801038e+03	 4.802013e+03	    4804.6306
2	 1	 1	 196	 1	    2	 10	 9	 4	 NaN	    4	 0	 5	 5	 3.1153	    -5.3279	 -5.5573	 5.5375	 -4.3880	 2.8136	    NaN	 NaN	 NaN	 NaN	 16.2029	    13.5282	 17.5472	 10.5549	 7.9442	 4.2288	    NaN	 NaN	 NaN	 NaN	 371.3790	    1	 -0.7200	 1	 4.810748e+03	 4.811274e+03	    4814.7243
2	 1	 1	 197	 1	    2	 10	 9	 3	 NaN	    3	 0	 4	 4	 0.9064	    5.7223	 -7.2066	 -1.9707	 6.4132	 NaN	    NaN	 NaN	 NaN	 NaN	 16.2029	    6.1309	 17.8214	 4.6136	 17.1415	 NaN	    NaN	 NaN	 NaN	 NaN	 373.8962	    1	 -0.7000	 0	 4.821376e+03	 4.822067e+03	    4824.5845
2	 1	 1	 198	 1	    2	 10	 9	 1	 NaN	    1	 0	 0	 0	 -6.2986	    NaN	 NaN	 NaN	 NaN	 NaN	    NaN	 NaN	 NaN	 NaN	 15.7295	    NaN	 NaN	 NaN	 NaN	 NaN	    NaN	 NaN	 NaN	 NaN	 375.0464	    1	 -0.7200	 1	 4.831153e+03	 4.832094e+03	    4833.2446
2	 1	 1	 199	 1	    1	 10	 9	 2	 NaN	    2	 5	 0	 5	 1.8125	    -7.8111	 5.8258	 -2.8747	 -5.7098	 7.2159	    NaN	 NaN	 NaN	 NaN	 17.4771	    9.8509	 15.1477	 5.3638	 18.9863	 7.4035	    NaN	 NaN	 NaN	 NaN	 378.0554	    1	 -0.7000	 0	 4.839179e+03	 4.840013e+03	    4843.0216
2	 1	 1	 200	 1	    1	 10	 9	 4	 NaN	    3	 8	 0	 8	 5.4697	    -7.4077	 -1.5395	 -6.8901	 7.0156	 7.6988	    1.9935	 -7.9422	 1.8408	 NaN	 15.2004	    5.7430	 15.6670	 11.2395	 4.1688	 8.3775	    17.8664	 17.1071	 4.6371	 NaN	 382.5479	    0	 -0.7200	 1	 4.848723e+03	 4.849264e+03	    4853.7570
2	 1	 1	 201	 1	    2	 10	 9	 4	 NaN	    4	 0	 6	 6	 7.3783	    -7.4800	 5.6924	 3.0127	 -0.5190	 -5.2626	    -2.4514	 NaN	 NaN	 NaN	 11.4959	    13.9921	 4.3069	 19.0466	 14.4271	 10.0142	    4.1258	 NaN	 NaN	 NaN	 383.4564	    1	 -0.7400	 1	 4.861734e+03	 4.862509e+03	    4863.4172
2	 1	 1	 202	 1	    2	 10	 9	 4	 NaN	    4	 0	 4	 4	 3.0054	    5.2599	 -3.7107	 -7.9495	 -6.7613	 NaN	    NaN	 NaN	 NaN	 NaN	 5.4516	    15.0620	 14.7583	 4.1886	 12.1650	 NaN	    NaN	 NaN	 NaN	 NaN	 385.9569	    1	 -0.7600	 1	 4.869852e+03	 4.870760e+03	    4873.2609
2	 1	 1	 203	 1	    2	 10	 9	 2	 NaN	    2	 0	 0	 0	 7.9252	    NaN	 NaN	 NaN	 NaN	 NaN	    NaN	 NaN	 NaN	 NaN	 7.1589	    NaN	 NaN	 NaN	 NaN	 NaN	    NaN	 NaN	 NaN	 NaN	 386.9654	    1	 -0.7400	 0	 4.879204e+03	 4.879845e+03	    4880.8540
2	 1	 1	 204	 1	    1	 10	 9	 1	 NaN	    1	 0	 0	 0	 -6.4853	    NaN	 NaN	 NaN	 NaN	 NaN	    NaN	 NaN	 NaN	 NaN	 14.0513	    NaN	 NaN	 NaN	 NaN	 NaN	    NaN	 NaN	 NaN	 NaN	 387.9489	    1	 -0.7200	 0	 4.887055e+03	 4.887805e+03	    4888.7889
2	 1	 1	 205	 1	    1	 10	 9	 4	 NaN	    3	 7	 0	 7	 7.4661	    -5.5120	 0.4458	 2.4496	 -7.6308	 4.9729	    -2.4130	 -3.1632	 NaN	 NaN	 10.9682	    14.1715	 13.6426	 5.4448	 8.1830	 18.3579	    18.2698	 4.5446	 NaN	 NaN	 390.7828	    0	 -0.7400	 0	 4.895099e+03	 4.895782e+03	    4898.6159
