2	 9	 1	 1	 1	    2	 10	 9	 1	 NaN	    1	 0	 4	 4	 2.8707	    -7.7559	 6.6374	 -6.3278	 -3.0521	 NaN	    NaN	 NaN	 NaN	 NaN	 13.0817	    17.3395	 6.0301	 8.7267	 12.2274	 NaN	    NaN	 NaN	 NaN	 NaN	 2.8589	    1	 -0.0200	 1	 2.683278e+03	 2.684220e+03	    2687.0791
2	 9	 1	 2	 1	    1	 10	 9	 3	 NaN	    3	 7	 0	 7	 2.4100	    -5.8603	 -2.9316	 7.2070	 4.4787	 -4.3300	    3.0907	 -3.9881	 NaN	 NaN	 4.0952	    10.7424	 19.8148	 15.5084	 9.4795	 14.5946	    15.9416	 4.2343	 NaN	 NaN	 4.4675	    1	 0.0000	 0	 2.704624e+03	 2.705583e+03	    2707.1915
2	 9	 1	 3	 1	    1	 10	 9	 3	 NaN	    3	 4	 0	 4	 -5.8082	    1.3152	 -6.0216	 4.8416	 7.9468	 NaN	    NaN	 NaN	 NaN	 NaN	 15.7052	    18.9429	 8.9400	 4.3874	 14.6417	 NaN	    NaN	 NaN	 NaN	 NaN	 7.3348	    1	 0.0200	 0	 2.717335e+03	 2.718244e+03	    2721.1110
2	 9	 1	 4	 1	    1	 10	 9	 3	 NaN	    3	 5	 0	 5	 1.8791	    4.4672	 -6.1472	 0.2467	 -3.2243	 -7.8353	    NaN	 NaN	 NaN	 NaN	 4.5860	    15.3536	 14.2751	 13.5342	 4.6294	 8.8050	    NaN	 NaN	 NaN	 NaN	 11.2106	    1	 0.0400	 0	 2.728296e+03	 2.729188e+03	    2733.0634
2	 9	 1	 5	 1	    2	 10	 9	 1	 NaN	    2	 0	 2	 2	 -6.8328	    6.8216	 -1.2240	 NaN	 NaN	 NaN	    NaN	 NaN	 NaN	 NaN	 17.9415	    6.0115	 13.9165	 NaN	 NaN	 NaN	    NaN	 NaN	 NaN	 NaN	 20.0040	    0	 0.0200	 0	 2.741965e+03	 2.742932e+03	    2751.7254
2	 9	 1	 6	 1	    2	 10	 9	 2	 NaN	    2	 0	 5	 5	 -7.7315	    5.5744	 2.2120	 6.5455	 -4.6991	 -0.6929	    NaN	 NaN	 NaN	 NaN	 4.5239	    13.3999	 5.7783	 4.7795	 17.2883	 18.2646	    NaN	 NaN	 NaN	 NaN	 25.5884	    1	 0.0400	 0	 2.764553e+03	 2.765103e+03	    2770.6876
2	 9	 1	 7	 1	    1	 10	 9	 4	 NaN	    4	 0	 0	 0	 -6.1119	    NaN	 NaN	 NaN	 NaN	 NaN	    NaN	 NaN	 NaN	 NaN	 6.4818	    NaN	 NaN	 NaN	 NaN	 NaN	    NaN	 NaN	 NaN	 NaN	 27.3221	    1	 0.0600	 0	 2.781256e+03	 2.782223e+03	    2783.9569
2	 9	 1	 8	 1	    2	 10	 9	 3	 NaN	    3	 0	 1	 1	 -7.8015	    1.9759	 NaN	 NaN	 NaN	 NaN	    NaN	 NaN	 NaN	 NaN	 9.9242	    17.6634	 NaN	 NaN	 NaN	 NaN	    NaN	 NaN	 NaN	 NaN	 29.3808	    1	 0.0800	 0	 2.791567e+03	 2.792109e+03	    2794.1673
2	 9	 1	 9	 1	    2	 10	 9	 4	 NaN	    4	 0	 7	 7	 -7.7878	    0.2500	 3.6994	 -4.8573	 -4.8573	 4.3369	    -5.9046	 7.8139	 NaN	 NaN	 15.0098	    15.6154	 7.4202	 17.9685	 4.8490	 15.6663	    10.8294	 6.9476	 NaN	 NaN	 37.8491	    1	 0.1000	 0	 2.802694e+03	 2.803619e+03	    2812.0876
2	 9	 1	 10	 1	    1	 10	 9	 3	 NaN	    3	 6	 0	 6	 4.0582	    7.8445	 -0.6632	 3.7219	 -2.1911	 -7.8113	    -4.5122	 NaN	 NaN	 NaN	 12.3975	    10.6490	 15.6541	 7.1063	 19.8531	 8.6585	    6.0615	 NaN	 NaN	 NaN	 39.2994	    1	 0.1200	 0	 2.819306e+03	 2.820173e+03	    2821.6228
2	 9	 1	 11	 1	    1	 10	 9	 4	 NaN	    4	 3	 0	 3	 1.7423	    5.7886	 -1.8427	 -4.5714	 NaN	 NaN	    NaN	 NaN	 NaN	 NaN	 4.7807	    13.9583	 18.2769	 5.7521	 NaN	 NaN	    NaN	 NaN	 NaN	 NaN	 41.5999	    1	 0.1400	 0	 2.832433e+03	 2.833184e+03	    2835.4840
2	 9	 1	 12	 1	    2	 10	 9	 3	 NaN	    4	 0	 3	 3	 -2.9834	    -0.8138	 3.0014	 7.9622	 NaN	 NaN	    NaN	 NaN	 NaN	 NaN	 18.4334	    5.3845	 16.2602	 9.5265	 NaN	 NaN	    NaN	 NaN	 NaN	 NaN	 47.5344	    0	 0.1200	 0	 2.845528e+03	 2.846153e+03	    2852.0873
2	 9	 1	 13	 1	    1	 10	 9	 4	 NaN	    4	 8	 0	 8	 7.9141	    5.5744	 6.6012	 -3.1210	 -3.7882	 2.8376	    -7.0325	 -0.7799	 -6.1455	 NaN	 13.5342	    8.5640	 4.2559	 15.6154	 19.5644	 13.1790	    11.7170	 4.8408	 7.3835	 NaN	 55.5777	    1	 0.1400	 0	 2.859197e+03	 2.860106e+03	    2868.1489
2	 9	 1	 14	 1	    2	 10	 9	 4	 NaN	    4	 0	 0	 0	 -7.6426	    NaN	 NaN	 NaN	 NaN	 NaN	    NaN	 NaN	 NaN	 NaN	 16.0066	    NaN	 NaN	 NaN	 NaN	 NaN	    NaN	 NaN	 NaN	 NaN	 57.3614	    1	 0.1600	 0	 2.875759e+03	 2.876417e+03	    2878.2009
2	 9	 1	 15	 1	    1	 10	 9	 4	 NaN	    4	 1	 0	 1	 3.4167	    -4.9399	 NaN	 NaN	 NaN	 NaN	    NaN	 NaN	 NaN	 NaN	 17.8478	    10.9283	 NaN	 NaN	 NaN	 NaN	    NaN	 NaN	 NaN	 NaN	 58.7783	    1	 0.1800	 0	 2.884527e+03	 2.885152e+03	    2886.5692
2	 9	 1	 16	 1	    2	 10	 9	 2	 NaN	    2	 0	 6	 6	 -3.9468	    6.3028	 -7.5742	 6.7790	 6.6494	 -3.3705	    -4.5114	 NaN	 NaN	 NaN	 17.5988	    18.3429	 4.7658	 10.6076	 6.1059	 13.3052	    8.5795	 NaN	 NaN	 NaN	 60.5954	    1	 0.2000	 0	 2.898080e+03	 2.898605e+03	    2900.4220
2	 9	 1	 17	 1	    1	 10	 9	 2	 NaN	    2	 2	 0	 2	 7.4893	    -4.7238	 7.8139	 NaN	 NaN	 NaN	    NaN	 NaN	 NaN	 NaN	 9.2597	    17.7900	 19.6196	 NaN	 NaN	 NaN	    NaN	 NaN	 NaN	 NaN	 63.4126	    1	 0.2200	 0	 2.907448e+03	 2.908215e+03	    2911.0325
2	 9	 1	 18	 1	    2	 10	 9	 2	 NaN	    2	 0	 8	 8	 -5.0518	    3.7952	 -4.9974	 6.1724	 -7.3636	 0.0433	    2.0307	 -2.3975	 7.2076	 NaN	 7.2517	    16.7650	 15.4124	 7.5826	 11.8393	 18.1733	    12.9913	 4.0990	 19.2732	 NaN	 68.8387	    1	 0.2400	 0	 2.917409e+03	 2.918167e+03	    2923.5934
2	 9	 1	 19	 1	    2	 10	 9	 4	 NaN	    4	 0	 4	 4	 -6.9683	    0.1465	 -5.8000	 3.8196	 1.0620	 NaN	    NaN	 NaN	 NaN	 NaN	 12.8276	    18.7332	 4.3763	 6.2073	 14.5295	 NaN	    NaN	 NaN	 NaN	 NaN	 71.2558	    1	 0.2200	 1	 2.930653e+03	 2.931603e+03	    2934.0204
2	 9	 1	 20	 1	    1	 10	 9	 4	 NaN	    4	 3	 0	 3	 -4.0863	    5.7257	 -3.9574	 6.9007	 NaN	 NaN	    NaN	 NaN	 NaN	 NaN	 5.4107	    17.8248	 11.3972	 13.6323	 NaN	 NaN	    NaN	 NaN	 NaN	 NaN	 76.7902	    1	 0.2400	 0	 2.939905e+03	 2.940714e+03	    2946.2479
2	 9	 1	 21	 1	    1	 10	 9	 4	 NaN	    4	 6	 0	 6	 -6.9920	    -6.7852	 -6.1749	 3.7147	 5.6217	 5.5360	    1.1870	 NaN	 NaN	 NaN	 12.3377	    5.5908	 18.1059	 14.3085	 10.3929	 5.1355	    4.3874	 NaN	 NaN	 NaN	 77.9654	    1	 0.2600	 0	 2.954633e+03	 2.955491e+03	    2956.6667
2	 9	 1	 22	 1	    2	 10	 9	 1	 NaN	    1	 0	 3	 3	 -3.1449	    -5.9060	 6.7943	 6.8653	 NaN	 NaN	    NaN	 NaN	 NaN	 NaN	 17.2883	    8.9246	 4.2559	 15.5183	 NaN	 NaN	    NaN	 NaN	 NaN	 NaN	 85.4753	    1	 0.2400	 1	 2.963076e+03	 2.963643e+03	    2971.1530
2	 9	 1	 23	 1	    1	 10	 9	 4	 NaN	    4	 0	 0	 0	 -4.3300	    NaN	 NaN	 NaN	 NaN	 NaN	    NaN	 NaN	 NaN	 NaN	 7.8471	    NaN	 NaN	 NaN	 NaN	 NaN	    NaN	 NaN	 NaN	 NaN	 87.0173	    1	 0.2600	 0	 2.978329e+03	 2.978921e+03	    2980.4631
2	 9	 1	 24	 1	    2	 10	 9	 2	 NaN	    2	 0	 0	 0	 -2.5210	    NaN	 NaN	 NaN	 NaN	 NaN	    NaN	 NaN	 NaN	 NaN	 13.4366	    NaN	 NaN	 NaN	 NaN	 NaN	    NaN	 NaN	 NaN	 NaN	 88.5509	    1	 0.2400	 1	 2.986556e+03	 2.987281e+03	    2988.8149
2	 9	 1	 25	 1	    1	 10	 9	 4	 NaN	    4	 2	 0	 2	 1.8244	    -4.2332	 -0.4020	 NaN	 NaN	 NaN	    NaN	 NaN	 NaN	 NaN	 13.6509	    9.9902	 18.3500	 NaN	 NaN	 NaN	    NaN	 NaN	 NaN	 NaN	 91.9516	    1	 0.2600	 0	 2.995066e+03	 2.995650e+03	    2999.0502
2	 9	 1	 26	 1	    2	 10	 9	 1	 NaN	    2	 0	 7	 7	 2.7715	    -0.5759	 6.7790	 -6.9475	 -7.3353	 4.3610	    7.0402	 -1.6768	 NaN	 NaN	 18.9290	    13.5850	 12.7297	 15.6365	 11.3972	 4.8802	    7.9453	 4.0590	 NaN	 NaN	 93.5186	    0	 0.2400	 0	 3.007227e+03	 3.007802e+03	    3009.3690
2	 9	 1	 27	 1	    2	 10	 9	 3	 NaN	    4	 0	 6	 6	 -6.8957	    -3.1925	 7.4502	 -7.7632	 5.8204	 5.2232	    -6.5351	 NaN	 NaN	 NaN	 19.4295	    13.6649	 18.7306	 11.7753	 5.6830	 11.7753	    5.3312	 NaN	 NaN	 NaN	 94.7105	    0	 0.2200	 0	 3.015479e+03	 3.016220e+03	    3017.4122
2	 9	 1	 28	 1	    1	 10	 9	 4	 NaN	    4	 1	 0	 1	 -4.1355	    7.9398	 NaN	 NaN	 NaN	 NaN	    NaN	 NaN	 NaN	 NaN	 14.0498	    5.5083	 NaN	 NaN	 NaN	 NaN	    NaN	 NaN	 NaN	 NaN	 95.9941	    1	 0.2000	 1	 3.023622e+03	 3.024522e+03	    3025.8056
2	 9	 1	 29	 1	    2	 10	 9	 1	 NaN	    1	 0	 8	 8	 4.9914	    3.0492	 -3.4697	 4.4828	 -6.0278	 -7.9623	    -3.9574	 6.6374	 -6.2502	 NaN	 4.8408	    16.7924	 4.1025	 9.6695	 7.7173	 16.3308	    16.8343	 13.1478	 12.3859	 NaN	 98.5696	    1	 0.2200	 0	 3.031957e+03	 3.032749e+03	    3035.3242
2	 9	 1	 30	 1	    2	 10	 9	 4	 NaN	    4	 0	 2	 2	 6.6857	    -0.5759	 5.3587	 NaN	 NaN	 NaN	    NaN	 NaN	 NaN	 NaN	 9.1701	    14.1939	 15.6365	 NaN	 NaN	 NaN	    NaN	 NaN	 NaN	 NaN	 101.4451	    1	 0.2400	 0	 3.041167e+03	 3.041851e+03	    3044.7261
2	 9	 1	 31	 1	    1	 10	 9	 4	 NaN	    4	 7	 0	 7	 5.9939	    -7.3636	 1.0137	 0.2282	 -3.1832	 -7.9158	    -5.1267	 7.0342	 NaN	 NaN	 19.3919	    11.9656	 13.9868	 5.4520	 17.5541	 17.6146	    6.4854	 9.3885	 NaN	 NaN	 116.9482	    1	 0.2600	 0	 3.058095e+03	 3.059071e+03	    3074.5737
2	 9	 1	 32	 1	    1	 10	 9	 1	 NaN	    1	 8	 0	 8	 2.3290	    -3.7875	 7.5048	 -3.3634	 5.9789	 -1.5033	    6.9599	 -7.5495	 2.9869	 NaN	 5.6667	    12.4138	 6.2619	 4.1909	 12.0342	 17.5815	    17.6146	 8.6682	 17.0739	 NaN	 123.4829	    1	 0.2800	 0	 3.080992e+03	 3.081917e+03	    3088.4515
2	 9	 1	 33	 1	    1	 10	 9	 2	 NaN	    1	 5	 0	 5	 -6.9683	    -3.3411	 0.0095	 7.8055	 -7.0834	 7.9301	    NaN	 NaN	 NaN	 NaN	 4.5187	    15.8070	 19.7907	 17.9742	 9.0646	 7.4607	    NaN	 NaN	 NaN	 NaN	 128.7672	    0	 0.2600	 0	 3.094903e+03	 3.095845e+03	    3101.1291
2	 9	 1	 34	 1	    2	 10	 9	 2	 NaN	    2	 0	 5	 5	 -2.4047	    -2.7255	 5.5363	 -6.7642	 1.7423	 6.5455	    NaN	 NaN	 NaN	 NaN	 19.7639	    14.2751	 12.6194	 7.0791	 5.1712	 7.4127	    NaN	 NaN	 NaN	 NaN	 131.4177	    1	 0.2400	 1	 3.106130e+03	 3.106772e+03	    3109.4224
2	 9	 1	 35	 1	    1	 10	 9	 4	 NaN	    4	 4	 0	 4	 2.4429	    -7.3695	 -3.1323	 3.1230	 7.5865	 NaN	    NaN	 NaN	 NaN	 NaN	 4.7658	    11.7170	 15.4028	 18.2259	 4.9582	 NaN	    NaN	 NaN	 NaN	 NaN	 133.2347	    1	 0.2600	 0	 3.115024e+03	 3.115674e+03	    3117.4907
2	 9	 1	 36	 1	    2	 10	 9	 2	 NaN	    2	 0	 1	 1	 2.6636	    -1.0268	 NaN	 NaN	 NaN	 NaN	    NaN	 NaN	 NaN	 NaN	 16.0753	    4.2343	 NaN	 NaN	 NaN	 NaN	    NaN	 NaN	 NaN	 NaN	 134.6016	    1	 0.2800	 0	 3.122825e+03	 3.123650e+03	    3125.0172
2	 9	 1	 37	 1	    1	 10	 9	 1	 NaN	    1	 8	 0	 8	 -6.0500	    5.8204	 0.3586	 -4.5954	 -7.9623	 -2.7468	    3.0014	 6.6494	 7.8412	 NaN	 19.1367	    11.6138	 18.6983	 14.3934	 7.7997	 5.6722	    4.2003	 19.1868	 6.6860	 NaN	 145.9456	    1	 0.3000	 0	 3.130210e+03	 3.131193e+03	    3142.5374
2	 9	 1	 38	 1	    2	 10	 9	 4	 NaN	    4	 0	 0	 0	 -2.9316	    NaN	 NaN	 NaN	 NaN	 NaN	    NaN	 NaN	 NaN	 NaN	 15.5183	    NaN	 NaN	 NaN	 NaN	 NaN	    NaN	 NaN	 NaN	 NaN	 148.9795	    1	 0.3200	 0	 3.149297e+03	 3.149914e+03	    3152.9478
2	 9	 1	 39	 1	    2	 10	 9	 3	 NaN	    3	 0	 2	 2	 -3.9236	    1.7058	 -7.9129	 NaN	 NaN	 NaN	    NaN	 NaN	 NaN	 NaN	 11.7457	    13.1890	 9.6272	 NaN	 NaN	 NaN	    NaN	 NaN	 NaN	 NaN	 151.2299	    1	 0.3000	 1	 3.158324e+03	 3.159291e+03	    3161.5412
2	 9	 1	 40	 1	    1	 10	 9	 4	 NaN	    4	 0	 0	 0	 4.8416	    NaN	 NaN	 NaN	 NaN	 NaN	    NaN	 NaN	 NaN	 NaN	 18.4491	    NaN	 NaN	 NaN	 NaN	 NaN	    NaN	 NaN	 NaN	 NaN	 152.6052	    1	 0.3200	 0	 3.170926e+03	 3.171885e+03	    3173.2603
2	 9	 1	 41	 1	    2	 10	 9	 2	 NaN	    2	 0	 1	 1	 -6.1119	    2.4100	 NaN	 NaN	 NaN	 NaN	    NaN	 NaN	 NaN	 NaN	 7.2517	    17.4667	 NaN	 NaN	 NaN	 NaN	    NaN	 NaN	 NaN	 NaN	 154.9473	    1	 0.3000	 1	 3.178661e+03	 3.179620e+03	    3181.9620
2	 9	 1	 42	 1	    2	 10	 9	 2	 NaN	    2	 0	 7	 7	 -3.8733	    2.2540	 3.7995	 -4.0598	 -6.9920	 7.7872	    -7.0343	 7.9398	 NaN	 NaN	 19.7007	    14.1378	 5.2112	 10.0335	 12.8276	 17.6140	    4.7658	 5.1712	 NaN	 NaN	 156.8644	    1	 0.3200	 0	 3.187380e+03	 3.187905e+03	    3189.8219
2	 9	 1	 43	 1	    2	 10	 9	 4	 NaN	    4	 0	 4	 4	 -6.8890	    5.5744	 -3.8921	 5.9328	 -2.8938	 NaN	    NaN	 NaN	 NaN	 NaN	 9.0691	    9.6695	 13.7423	 17.3059	 17.6498	 NaN	    NaN	 NaN	 NaN	 NaN	 161.1652	    1	 0.3400	 0	 3.194948e+03	 3.195581e+03	    3199.8823
2	 9	 1	 44	 1	    2	 10	 9	 2	 NaN	    1	 0	 8	 8	 -1.3975	    4.0706	 0.2282	 -0.0136	 -6.4389	 6.1058	    -5.2205	 7.4569	 -7.3975	 NaN	 17.8248	    13.3761	 4.0520	 14.0498	 4.1082	 7.6600	    11.3972	 19.3976	 17.9553	 NaN	 165.2077	    0	 0.3200	 0	 3.205225e+03	 3.206075e+03	    3210.1177
2	 9	 1	 45	 1	    2	 10	 9	 3	 NaN	    4	 0	 5	 5	 -0.7019	    0.8227	 -5.2854	 5.3118	 6.4173	 -6.9412	    NaN	 NaN	 NaN	 NaN	 5.5012	    16.2096	 11.5500	 6.4225	 13.8957	 16.2602	    NaN	 NaN	 NaN	 NaN	 169.5252	    0	 0.3000	 1	 3.216344e+03	 3.216927e+03	    3221.2449
2	 9	 1	 46	 1	    1	 10	 9	 2	 NaN	    2	 7	 0	 7	 1.1942	    -5.8082	 -5.2598	 7.8902	 7.7076	 -1.5033	    1.6870	 -5.7368	 NaN	 NaN	 17.8248	    17.1675	 6.9998	 5.7176	 15.8187	 4.1652	    13.7631	 11.2084	 NaN	 NaN	 171.7839	    1	 0.3200	 0	 3.226971e+03	 3.227838e+03	    3230.0967
2	 9	 1	 47	 1	    1	 10	 9	 2	 NaN	    1	 6	 0	 6	 2.2179	    7.2070	 -4.7213	 -0.8138	 3.9384	 -7.8574	    -4.1355	 NaN	 NaN	 NaN	 5.1210	    11.3602	 9.5968	 16.0822	 13.8957	 18.3651	    5.0560	 NaN	 NaN	 NaN	 183.4363	    0	 0.3000	 0	 3.236340e+03	 3.237115e+03	    3248.7671
2	 9	 1	 48	 1	    1	 10	 9	 1	 NaN	    1	 4	 0	 4	 7.5423	    -0.5759	 4.5140	 -6.4389	 6.7526	 NaN	    NaN	 NaN	 NaN	 NaN	 19.1367	    4.3391	 15.2859	 7.7356	 9.8421	 NaN	    NaN	 NaN	 NaN	 NaN	 190.5127	    1	 0.3200	 0	 3.254335e+03	 3.254927e+03	    3262.0031
2	 9	 1	 49	 1	    2	 10	 9	 1	 NaN	    1	 0	 3	 3	 7.7076	    1.2695	 -6.9920	 -7.2969	 NaN	 NaN	    NaN	 NaN	 NaN	 NaN	 9.9855	    14.0498	 6.1892	 18.8523	 NaN	 NaN	    NaN	 NaN	 NaN	 NaN	 193.0798	    1	 0.3400	 0	 3.268729e+03	 3.269455e+03	    3272.0218
2	 9	 1	 50	 1	    2	 10	 9	 2	 NaN	    2	 0	 6	 6	 7.4893	    -7.3695	 3.2961	 -2.5760	 -3.0755	 2.9369	    2.3720	 NaN	 NaN	 NaN	 17.0126	    11.3972	 6.8576	 16.4120	 5.7521	 12.9244	    17.5884	 NaN	 NaN	 NaN	 196.5472	    1	 0.3200	 1	 3.277181e+03	 3.278056e+03	    3281.5237
2	 9	 1	 51	 1	    1	 10	 9	 3	 NaN	    3	 5	 0	 5	 -7.8829	    2.9369	 -4.8278	 -4.0629	 6.0000	 7.9622	    NaN	 NaN	 NaN	 NaN	 12.2089	    15.3213	 15.2322	 9.4538	 10.6076	 4.3763	    NaN	 NaN	 NaN	 NaN	 202.1983	    1	 0.3400	 0	 3.287467e+03	 3.288450e+03	    3294.1012
2	 9	 1	 52	 1	    1	 10	 9	 4	 NaN	    4	 2	 0	 2	 -6.0278	    1.0137	 3.7485	 NaN	 NaN	 NaN	    NaN	 NaN	 NaN	 NaN	 11.8385	    19.1673	 16.1310	 NaN	 NaN	 NaN	    NaN	 NaN	 NaN	 NaN	 207.4660	    1	 0.3600	 0	 3.299911e+03	 3.300611e+03	    3305.8786
2	 9	 1	 53	 1	    1	 10	 9	 4	 NaN	    4	 1	 0	 1	 5.4255	    -5.0781	 NaN	 NaN	 NaN	 NaN	    NaN	 NaN	 NaN	 NaN	 8.2163	    16.9599	 NaN	 NaN	 NaN	 NaN	    NaN	 NaN	 NaN	 NaN	 209.6248	    1	 0.3800	 0	 3.311438e+03	 3.312213e+03	    3314.3720
2	 9	 1	 54	 1	    1	 10	 9	 4	 NaN	    4	 3	 0	 3	 -4.1924	    5.5573	 4.4828	 -5.8603	 NaN	 NaN	    NaN	 NaN	 NaN	 NaN	 15.0694	    7.1882	 12.2089	 7.8405	 NaN	 NaN	    NaN	 NaN	 NaN	 NaN	 211.0834	    1	 0.3600	 1	 3.319523e+03	 3.320515e+03	    3321.9735
2	 9	 1	 55	 1	    1	 10	 9	 1	 NaN	    1	 0	 0	 0	 -0.6632	    NaN	 NaN	 NaN	 NaN	 NaN	    NaN	 NaN	 NaN	 NaN	 15.3620	    NaN	 NaN	 NaN	 NaN	 NaN	    NaN	 NaN	 NaN	 NaN	 213.7172	    1	 0.3800	 0	 3.327558e+03	 3.328150e+03	    3330.7836
2	 9	 1	 56	 1	    2	 10	 9	 1	 NaN	    1	 0	 8	 8	 2.3686	    -6.8328	 7.2318	 -7.3636	 3.4211	 -2.5487	    -1.9487	 2.3686	 -3.1449	 NaN	 5.3557	    17.7900	 9.0776	 9.6145	 19.1726	 18.8523	    4.2058	 13.9684	 13.4603	 NaN	 218.6849	    1	 0.4000	 0	 3.336310e+03	 3.337093e+03	    3342.0609
2	 9	 1	 57	 1	    1	 10	 9	 4	 NaN	    4	 6	 0	 6	 -1.6768	    4.3410	 2.3032	 4.4828	 -3.5044	 -4.1355	    6.7629	 NaN	 NaN	 NaN	 16.0154	    14.2485	 19.1673	 5.4058	 4.2058	 10.5636	    10.5518	 NaN	 NaN	 NaN	 223.3358	    1	 0.4200	 0	 3.348137e+03	 3.348996e+03	    3353.6465
2	 9	 1	 58	 1	    1	 10	 9	 3	 NaN	    4	 3	 0	 3	 6.1313	    -0.5858	 3.3028	 -7.6780	 NaN	 NaN	    NaN	 NaN	 NaN	 NaN	 7.2940	    4.0952	 18.1733	 12.3680	 NaN	 NaN	    NaN	 NaN	 NaN	 NaN	 225.5446	    0	 0.4000	 1	 3.359106e+03	 3.359698e+03	    3361.9065
2	 9	 1	 59	 1	    2	 10	 9	 4	 NaN	    4	 0	 1	 1	 -7.1971	    3.9581	 NaN	 NaN	 NaN	 NaN	    NaN	 NaN	 NaN	 NaN	 8.5640	    16.7332	 NaN	 NaN	 NaN	 NaN	    NaN	 NaN	 NaN	 NaN	 228.8369	    1	 0.4200	 0	 3.367899e+03	 3.368541e+03	    3371.8335
2	 9	 1	 60	 1	    2	 10	 9	 3	 NaN	    4	 0	 4	 4	 -1.1421	    3.7732	 2.4920	 -7.8003	 -1.2240	 NaN	    NaN	 NaN	 NaN	 NaN	 4.2003	    12.7578	 17.0126	 4.0234	 18.9429	 NaN	    NaN	 NaN	 NaN	 NaN	 232.1292	    0	 0.4000	 0	 3.377201e+03	 3.378026e+03	    3381.3188
2	 9	 1	 61	 1	    1	 10	 9	 3	 NaN	    3	 8	 0	 8	 -6.5507	    2.4120	 5.1209	 -3.7160	 0.1465	 -7.6780	    7.9622	 -3.3411	 -1.5005	 NaN	 15.8794	    17.6999	 14.4132	 6.8557	 4.2837	 9.9242	    6.4225	 12.7578	 19.1367	 NaN	 237.1302	    1	 0.4200	 0	 3.386920e+03	 3.387470e+03	    3392.4710
2	 9	 1	 62	 1	    2	 10	 9	 1	 NaN	    2	 0	 5	 5	 -2.1489	    7.2755	 -7.6417	 2.1172	 6.3028	 -4.5062	    NaN	 NaN	 NaN	 NaN	 16.0043	    4.3874	 6.2619	 5.3845	 18.2384	 19.8371	    NaN	 NaN	 NaN	 NaN	 242.1811	    0	 0.4000	 0	 3.397714e+03	 3.398714e+03	    3403.7650
2	 9	 1	 63	 1	    2	 10	 9	 2	 NaN	    1	 0	 2	 2	 -3.9881	    7.3839	 -6.4732	 NaN	 NaN	 NaN	    NaN	 NaN	 NaN	 NaN	 19.8371	    11.7525	 13.4718	 NaN	 NaN	 NaN	    NaN	 NaN	 NaN	 NaN	 249.0741	    0	 0.3800	 0	 3.411350e+03	 3.412267e+03	    3419.1597
2	 9	 1	 64	 1	    2	 10	 9	 3	 NaN	    3	 0	 7	 7	 3.4211	    -5.2582	 -7.3088	 3.8707	 -0.2026	 7.7507	    -3.6542	 7.7507	 NaN	 NaN	 16.7264	    13.8936	 19.3128	 6.9998	 4.3874	 15.2423	    7.2187	 10.7459	 NaN	 NaN	 255.2753	    1	 0.4000	 0	 3.424419e+03	 3.425111e+03	    3431.3122
2	 9	 1	 65	 1	    1	 10	 9	 2	 NaN	    2	 1	 0	 1	 5.7746	    -6.4010	 NaN	 NaN	 NaN	 NaN	    NaN	 NaN	 NaN	 NaN	 18.0957	    6.4984	 NaN	 NaN	 NaN	 NaN	    NaN	 NaN	 NaN	 NaN	 256.5756	    1	 0.4200	 0	 3.436730e+03	 3.437297e+03	    3438.5970
2	 9	 1	 66	 1	    2	 10	 9	 2	 NaN	    2	 0	 0	 0	 5.9766	    NaN	 NaN	 NaN	 NaN	 NaN	    NaN	 NaN	 NaN	 NaN	 8.9368	    NaN	 NaN	 NaN	 NaN	 NaN	    NaN	 NaN	 NaN	 NaN	 257.7091	    1	 0.4400	 0	 3.443398e+03	 3.444348e+03	    3445.4817
2	 9	 1	 67	 1	    2	 10	 9	 3	 NaN	    3	 0	 6	 6	 -5.1236	    5.9462	 -1.5675	 4.3410	 -6.4786	 7.2489	    -2.9829	 NaN	 NaN	 NaN	 12.8803	    9.2323	 17.4980	 15.0694	 8.3867	 4.3899	    5.3868	 NaN	 NaN	 NaN	 259.2761	    1	 0.4600	 0	 3.450566e+03	 3.451400e+03	    3452.9665
2	 9	 1	 68	 1	    1	 10	 9	 2	 NaN	    1	 4	 0	 4	 5.2477	    -0.2895	 -6.0500	 3.3230	 -5.9060	 NaN	    NaN	 NaN	 NaN	 NaN	 7.2188	    14.6060	 8.3301	 18.7332	 4.0952	 NaN	    NaN	 NaN	 NaN	 NaN	 262.1766	    0	 0.4400	 0	 3.459468e+03	 3.460393e+03	    3463.2936
2	 9	 1	 69	 1	    1	 10	 9	 4	 NaN	    4	 2	 0	 2	 3.7574	    -6.4389	 5.1430	 NaN	 NaN	 NaN	    NaN	 NaN	 NaN	 NaN	 11.8393	    16.3492	 15.6091	 NaN	 NaN	 NaN	    NaN	 NaN	 NaN	 NaN	 264.0020	    1	 0.4600	 0	 3.469262e+03	 3.470228e+03	    3472.0538
2	 9	 1	 70	 1	    1	 10	 9	 3	 NaN	    3	 7	 0	 7	 7.2189	    5.6255	 -0.6155	 7.3746	 -6.6368	 -5.7926	    -7.7007	 2.3546	 NaN	 NaN	 17.8522	    6.4225	 17.5884	 10.6016	 8.8302	 18.3712	    4.2058	 14.3865	 NaN	 NaN	 268.0861	    1	 0.4800	 0	 3.477405e+03	 3.478280e+03	    3482.3641
2	 9	 1	 71	 1	    2	 10	 9	 4	 NaN	    3	 0	 3	 3	 -3.7883	    4.3916	 7.2877	 -6.9119	 NaN	 NaN	    NaN	 NaN	 NaN	 NaN	 17.5893	    8.6897	 17.5893	 8.2071	 NaN	 NaN	    NaN	 NaN	 NaN	 NaN	 269.6197	    0	 0.4600	 0	 3.488007e+03	 3.488965e+03	    3490.4991
2	 9	 1	 72	 1	    1	 10	 9	 3	 NaN	    4	 5	 0	 5	 -7.2969	    -4.7238	 5.7285	 4.5140	 7.5423	 -3.4391	    NaN	 NaN	 NaN	 NaN	 11.4405	    19.2083	 4.7795	 12.7646	 17.1675	 5.0560	    NaN	 NaN	 NaN	 NaN	 271.1867	    0	 0.4400	 0	 3.495492e+03	 3.496075e+03	    3497.6422
2	 9	 1	 73	 1	    1	 10	 9	 4	 NaN	    4	 6	 0	 6	 -1.7398	    4.9914	 -7.3284	 7.2517	 -3.8930	 5.7886	    -6.1003	 NaN	 NaN	 NaN	 19.2732	    13.7631	 4.2058	 18.1003	 7.7276	 9.2716	    12.7578	 NaN	 NaN	 NaN	 273.5621	    1	 0.4600	 0	 3.502452e+03	 3.503093e+03	    3505.4688
2	 9	 1	 74	 1	    2	 10	 9	 4	 NaN	    4	 0	 5	 5	 -7.8829	    7.4917	 7.9301	 1.8656	 -1.1994	 -6.5612	    NaN	 NaN	 NaN	 NaN	 10.8321	    8.4746	 17.9685	 16.3508	 5.4058	 18.3970	    NaN	 NaN	 NaN	 NaN	 276.9878	    1	 0.4800	 0	 3.510328e+03	 3.511278e+03	    3514.7039
2	 9	 1	 75	 1	    2	 10	 9	 4	 NaN	    4	 0	 2	 2	 -3.2243	    5.7914	 4.3167	 NaN	 NaN	 NaN	    NaN	 NaN	 NaN	 NaN	 4.5860	    18.1557	 4.0520	 NaN	 NaN	 NaN	    NaN	 NaN	 NaN	 NaN	 281.4554	    1	 0.5000	 0	 3.519988e+03	 3.520772e+03	    3525.2395
2	 9	 1	 76	 1	    1	 10	 9	 3	 NaN	    3	 4	 0	 4	 -6.1455	    -7.9305	 2.5577	 4.4787	 5.7534	 NaN	    NaN	 NaN	 NaN	 NaN	 18.3712	    13.1354	 5.4968	 10.3153	 17.4667	 NaN	    NaN	 NaN	 NaN	 NaN	 283.8392	    1	 0.5200	 0	 3.533283e+03	 3.534225e+03	    3536.6084
2	 9	 1	 77	 1	    2	 10	 9	 1	 NaN	    2	 0	 1	 1	 -6.5684	    0.5492	 NaN	 NaN	 NaN	 NaN	    NaN	 NaN	 NaN	 NaN	 5.6719	    17.5653	 NaN	 NaN	 NaN	 NaN	    NaN	 NaN	 NaN	 NaN	 286.8065	    0	 0.5000	 0	 3.543443e+03	 3.544068e+03	    3547.0355
2	 9	 1	 78	 1	    1	 10	 9	 4	 NaN	    4	 2	 0	 2	 -5.0734	    3.8707	 -0.1857	 NaN	 NaN	 NaN	    NaN	 NaN	 NaN	 NaN	 7.5635	    14.6123	 16.2602	 NaN	 NaN	 NaN	    NaN	 NaN	 NaN	 NaN	 290.4906	    1	 0.5200	 0	 3.552112e+03	 3.552945e+03	    3556.6291
2	 9	 1	 79	 1	    1	 10	 9	 2	 NaN	    2	 3	 0	 3	 7.7431	    -1.8456	 -5.4243	 6.1313	 NaN	 NaN	    NaN	 NaN	 NaN	 NaN	 10.3200	    16.0154	 8.3301	 15.5258	 NaN	 NaN	    NaN	 NaN	 NaN	 NaN	 293.7079	    1	 0.5400	 0	 3.561847e+03	 3.562830e+03	    3566.0476
2	 9	 1	 80	 1	    2	 10	 9	 1	 NaN	    1	 0	 4	 4	 -5.8911	    5.8685	 0.5903	 -3.1330	 7.2517	 NaN	    NaN	 NaN	 NaN	 NaN	 4.0990	    7.7997	 15.3442	 17.7205	 17.6469	 NaN	    NaN	 NaN	 NaN	 NaN	 297.5003	    1	 0.5600	 0	 3.571124e+03	 3.572116e+03	    3575.9079
2	 9	 1	 81	 1	    2	 10	 9	 3	 NaN	    3	 0	 6	 6	 -6.5507	    7.2318	 6.2055	 3.9384	 -1.6397	 -3.1849	    2.4995	 NaN	 NaN	 NaN	 8.0677	    13.8957	 8.8302	 17.8522	 4.7658	 19.3651	    13.1690	 NaN	 NaN	 NaN	 298.3921	    1	 0.5400	 1	 3.581943e+03	 3.582818e+03	    3583.7095
2	 9	 1	 82	 1	    2	 10	 9	 1	 NaN	    1	 0	 7	 7	 4.2193	    -5.0358	 1.2126	 4.0883	 -6.9925	 -0.4223	    6.4969	 -5.5467	 NaN	 NaN	 15.3105	    6.1009	 19.1673	 5.4980	 13.4917	 4.8180	    10.0335	 19.7770	 NaN	 NaN	 301.4011	    1	 0.5600	 0	 3.589002e+03	 3.589802e+03	    3592.8113
2	 9	 1	 83	 1	    1	 10	 9	 1	 NaN	    1	 7	 0	 7	 -0.6685	    -2.3975	 7.6069	 3.9678	 7.4146	 -5.8511	    7.5048	 -4.4575	 NaN	 NaN	 5.4980	    13.0923	 12.3377	 14.3934	 6.3064	 4.8180	    19.1787	 8.7748	 NaN	 NaN	 303.3347	    1	 0.5800	 0	 3.597996e+03	 3.598954e+03	    3600.8879
2	 9	 1	 84	 1	    2	 10	 9	 3	 NaN	    3	 0	 0	 0	 2.1395	    NaN	 NaN	 NaN	 NaN	 NaN	    NaN	 NaN	 NaN	 NaN	 14.0516	    NaN	 NaN	 NaN	 NaN	 NaN	    NaN	 NaN	 NaN	 NaN	 304.5849	    1	 0.6000	 0	 3.606614e+03	 3.607464e+03	    3608.7145
2	 9	 1	 85	 1	    1	 10	 9	 4	 NaN	    4	 0	 0	 0	 -2.9594	    NaN	 NaN	 NaN	 NaN	 NaN	    NaN	 NaN	 NaN	 NaN	 4.6521	    NaN	 NaN	 NaN	 NaN	 NaN	    NaN	 NaN	 NaN	 NaN	 305.5768	    1	 0.6200	 0	 3.613524e+03	 3.614357e+03	    3615.3492
2	 9	 1	 86	 1	    1	 10	 9	 4	 NaN	    4	 5	 0	 5	 2.4920	    0.8227	 -7.0341	 -7.3584	 -5.0676	 7.4235	    NaN	 NaN	 NaN	 NaN	 19.0924	    5.3703	 6.1009	 12.6378	 18.8020	 9.2323	    NaN	 NaN	 NaN	 NaN	 310.1944	    1	 0.6400	 0	 3.620250e+03	 3.620909e+03	    3625.5263
2	 9	 1	 87	 1	    2	 10	 9	 4	 NaN	    4	 0	 3	 3	 -6.2289	    4.4545	 -0.4223	 1.9759	 NaN	 NaN	    NaN	 NaN	 NaN	 NaN	 10.1500	    14.5472	 4.7436	 19.9344	 NaN	 NaN	    NaN	 NaN	 NaN	 NaN	 312.7783	    1	 0.6600	 0	 3.630861e+03	 3.631502e+03	    3634.0863
2	 9	 1	 88	 1	    1	 10	 9	 4	 NaN	    4	 8	 0	 8	 -5.6785	    7.4235	 2.2392	 4.3410	 -4.7238	 -7.3527	    -2.5228	 2.2540	 6.6012	 NaN	 19.1487	    7.5826	 17.6634	 10.6490	 9.6844	 13.9879	    14.6255	 4.9451	 14.7357	 NaN	 317.0624	    1	 0.6800	 0	 3.639454e+03	 3.640238e+03	    3644.5217
2	 9	 1	 89	 1	    2	 10	 9	 2	 NaN	    2	 0	 8	 8	 -4.5800	    4.1297	 -2.3019	 -4.5800	 7.3522	 7.7431	    5.8712	 -0.7998	 3.7485	 NaN	 18.6983	    19.7073	 14.3085	 6.8388	 17.1701	 4.0952	    8.4905	 5.1645	 14.3755	 NaN	 320.4798	    1	 0.7000	 0	 3.649473e+03	 3.650398e+03	    3653.8153
2	 9	 1	 90	 1	    1	 10	 9	 1	 NaN	    1	 1	 0	 1	 3.6492	    -0.7578	 NaN	 NaN	 NaN	 NaN	    NaN	 NaN	 NaN	 NaN	 6.2731	    15.9416	 NaN	 NaN	 NaN	 NaN	    NaN	 NaN	 NaN	 NaN	 322.6385	    1	 0.7200	 0	 3.662509e+03	 3.663342e+03	    3665.5010
2	 9	 1	 91	 1	    2	 10	 9	 2	 NaN	    1	 0	 8	 8	 4.7206	    5.2238	 -1.5620	 -7.1272	 5.8204	 -4.8573	    -0.2540	 2.0774	 -5.1225	 NaN	 16.7650	    9.2323	 15.8398	 14.6764	 4.8180	 9.2507	    4.3530	 13.0923	 19.7907	 NaN	 325.7058	    0	 0.7000	 0	 3.670327e+03	 3.671094e+03	    3674.1610
2	 9	 1	 92	 1	    2	 10	 9	 1	 NaN	    1	 0	 2	 2	 -3.8733	    6.2381	 -4.9350	 NaN	 NaN	 NaN	    NaN	 NaN	 NaN	 NaN	 18.1633	    4.1718	 12.2089	 NaN	 NaN	 NaN	    NaN	 NaN	 NaN	 NaN	 327.4395	    1	 0.7200	 0	 3.684446e+03	 3.685197e+03	    3686.9303
2	 9	 1	 93	 1	    2	 10	 9	 1	 NaN	    1	 0	 0	 0	 -4.2365	    NaN	 NaN	 NaN	 NaN	 NaN	    NaN	 NaN	 NaN	 NaN	 14.3085	    NaN	 NaN	 NaN	 NaN	 NaN	    NaN	 NaN	 NaN	 NaN	 328.7397	    1	 0.7000	 1	 3.692240e+03	 3.692957e+03	    3694.2568
2	 9	 1	 94	 1	    1	 10	 9	 1	 NaN	    1	 5	 0	 5	 -7.7632	    5.7862	 1.5736	 -3.4204	 7.4569	 -5.0833	    NaN	 NaN	 NaN	 NaN	 11.5500	    12.4211	 5.3845	 18.4855	 16.1300	 7.5720	    NaN	 NaN	 NaN	 NaN	 330.6734	    1	 0.7200	 0	 3.699400e+03	 3.700391e+03	    3702.3250
2	 9	 1	 95	 1	    2	 10	 9	 2	 NaN	    2	 0	 7	 7	 7.7761	    -2.5210	 -0.7578	 -6.5351	 1.3750	 3.9874	    4.2193	 -7.9305	 NaN	 NaN	 12.4211	    12.9936	 4.9154	 8.7628	 15.7151	 10.8321	    6.7707	 14.4648	 NaN	 NaN	 333.0905	    1	 0.7400	 0	 3.707476e+03	 3.708193e+03	    3710.6101
2	 9	 1	 96	 1	    2	 10	 9	 4	 NaN	    4	 0	 1	 1	 -4.8000	    5.1482	 NaN	 NaN	 NaN	 NaN	    NaN	 NaN	 NaN	 NaN	 7.1006	    16.3508	 NaN	 NaN	 NaN	 NaN	    NaN	 NaN	 NaN	 NaN	 334.7575	    1	 0.7600	 0	 3.715536e+03	 3.716536e+03	    3718.2032
2	 9	 1	 97	 1	    1	 10	 9	 2	 NaN	    2	 4	 0	 4	 -0.4579	    6.4969	 -3.1923	 6.1724	 -5.8603	 NaN	    NaN	 NaN	 NaN	 NaN	 16.7650	    12.8105	 6.4973	 5.8047	 18.0383	 NaN	    NaN	 NaN	 NaN	 NaN	 337.0746	    1	 0.7800	 0	 3.723129e+03	 3.723796e+03	    3726.1131
2	 9	 1	 98	 1	    1	 10	 9	 3	 NaN	    3	 0	 0	 0	 3.9678	    NaN	 NaN	 NaN	 NaN	 NaN	    NaN	 NaN	 NaN	 NaN	 13.5202	    NaN	 NaN	 NaN	 NaN	 NaN	    NaN	 NaN	 NaN	 NaN	 338.2415	    1	 0.8000	 0	 3.731256e+03	 3.732106e+03	    3733.2729
2	 9	 1	 99	 1	    1	 10	 9	 1	 NaN	    1	 7	 0	 7	 -6.1624	    2.7558	 5.1209	 7.2517	 -0.5858	 2.0774	    -7.0834	 -4.1441	 NaN	 NaN	 10.7459	    12.4016	 16.0822	 10.5636	 18.3623	 5.1712	    4.9189	 16.0154	 NaN	 NaN	 341.0921	    1	 0.8200	 0	 3.740399e+03	 3.741233e+03	    3744.0835
2	 9	 1	 100	 1	    2	 10	 9	 2	 NaN	    2	 0	 4	 4	 7.9231	    5.4953	 -3.9109	 -6.9280	 -0.8831	 NaN	    NaN	 NaN	 NaN	 NaN	 14.5038	    9.8455	 11.8496	 18.2769	 17.2526	 NaN	    NaN	 NaN	 NaN	 NaN	 343.9343	    1	 0.8400	 0	 3.748976e+03	 3.749593e+03	    3752.4351
2	 9	 1	 101	 1	    2	 10	 9	 3	 NaN	    3	 0	 5	 5	 5.5573	    -6.0927	 -4.0920	 4.8416	 -2.2967	 3.4996	    NaN	 NaN	 NaN	 NaN	 11.4311	    11.3400	 4.5187	 18.9429	 17.4956	 14.9688	    NaN	 NaN	 NaN	 NaN	 346.6682	    1	 0.8600	 0	 3.757595e+03	 3.758411e+03	    3761.1452
2	 9	 1	 102	 1	    1	 10	 9	 1	 NaN	    2	 3	 0	 3	 5.9956	    -7.3584	 -7.5873	 7.1363	 NaN	 NaN	    NaN	 NaN	 NaN	 NaN	 11.0727	    9.6145	 19.1726	 15.2859	 NaN	 NaN	    NaN	 NaN	 NaN	 NaN	 350.6606	    0	 0.8400	 0	 3.766321e+03	 3.767038e+03	    3771.0305
2	 9	 1	 103	 1	    1	 10	 9	 2	 NaN	    2	 6	 0	 6	 -1.6642	    -3.6143	 5.3054	 -7.2448	 6.9007	 7.4146	    -7.7559	 NaN	 NaN	 NaN	 19.0852	    5.3544	 5.1994	 13.3761	 17.1390	 10.0687	    7.0923	 NaN	 NaN	 NaN	 352.2192	    1	 0.8600	 0	 3.775865e+03	 3.776807e+03	    3778.3653
2	 9	 1	 104	 1	    2	 10	 9	 2	 NaN	    2	 0	 3	 3	 -2.0542	    1.4554	 4.4828	 -4.8912	 NaN	 NaN	    NaN	 NaN	 NaN	 NaN	 13.0399	    16.3947	 9.7224	 5.8047	 NaN	 NaN	    NaN	 NaN	 NaN	 NaN	 353.4861	    1	 0.8800	 0	 3.783191e+03	 3.784008e+03	    3785.2751
2	 9	 1	 105	 1	    1	 10	 9	 3	 NaN	    3	 1	 0	 1	 4.5608	    -0.4387	 NaN	 NaN	 NaN	 NaN	    NaN	 NaN	 NaN	 NaN	 17.1791	    4.1862	 NaN	 NaN	 NaN	 NaN	    NaN	 NaN	 NaN	 NaN	 354.5446	    1	 0.9000	 0	 3.790284e+03	 3.790968e+03	    3792.0264
2	 9	 1	 106	 1	    2	 10	 9	 3	 NaN	    3	 0	 6	 6	 -2.8511	    5.7124	 -7.8003	 2.9816	 -4.1924	 6.9007	    -7.3353	 NaN	 NaN	 NaN	 4.7306	    10.0687	 7.2841	 14.5371	 14.3085	 17.6146	    17.0401	 NaN	 NaN	 NaN	 356.7118	    1	 0.9200	 0	 3.797027e+03	 3.797694e+03	    3799.8613
2	 9	 1	 107	 1	    1	 10	 9	 2	 NaN	    2	 2	 0	 2	 -5.0235	    1.6870	 6.7526	 NaN	 NaN	 NaN	    NaN	 NaN	 NaN	 NaN	 5.1355	    14.8052	 7.1952	 NaN	 NaN	 NaN	    NaN	 NaN	 NaN	 NaN	 358.3621	    1	 0.9400	 0	 3.804612e+03	 3.805454e+03	    3807.1045
2	 9	 1	 108	 1	    1	 10	 9	 2	 NaN	    2	 8	 0	 8	 -7.1018	    4.4747	 0.5903	 7.7082	 1.2192	 -2.5228	    -3.6258	 -7.7315	 7.9398	 NaN	 18.9535	    12.3999	 16.1114	 6.7707	 5.5409	 13.5701	    4.1025	 10.5457	 14.9701	 NaN	 360.9042	    1	 0.9600	 0	 3.811814e+03	 3.812481e+03	    3815.0227
2	 9	 1	 109	 1	    1	 10	 9	 3	 NaN	    3	 5	 0	 5	 -6.8384	    -0.8831	 7.7183	 2.2120	 -5.4127	 4.9014	    NaN	 NaN	 NaN	 NaN	 5.6922	    18.1633	 13.9684	 15.0098	 10.1519	 7.1895	    NaN	 NaN	 NaN	 NaN	 364.7300	    1	 0.9800	 0	 3.820082e+03	 3.820616e+03	    3824.4413
2	 9	 1	 110	 1	    1	 10	 9	 1	 NaN	    1	 7	 0	 7	 -5.8526	    4.1694	 -0.7391	 5.8712	 7.0015	 -4.1441	    -6.1472	 2.3548	 NaN	 NaN	 9.9902	    12.8105	 19.4793	 18.1557	 9.5265	 4.0520	    16.1300	 4.7807	 NaN	 NaN	 370.3060	    1	 1.0000	 0	 3.831851e+03	 3.832626e+03	    3838.2024
2	 9	 1	 111	 1	    2	 10	 9	 3	 NaN	    3	 0	 4	 4	 -5.5467	    -5.2129	 3.7720	 4.3138	 2.1172	 NaN	    NaN	 NaN	 NaN	 NaN	 10.8201	    17.5022	 14.7847	 8.0677	 4.5860	 NaN	    NaN	 NaN	 NaN	 NaN	 371.5563	    1	 1.0200	 0	 3.843095e+03	 3.844070e+03	    3845.3205
2	 9	 1	 112	 1	    1	 10	 9	 4	 NaN	    4	 2	 0	 2	 -5.6038	    4.8197	 7.0402	 NaN	 NaN	 NaN	    NaN	 NaN	 NaN	 NaN	 19.9212	    9.6844	 18.2597	 NaN	 NaN	 NaN	    NaN	 NaN	 NaN	 NaN	 373.0732	    1	 1.0400	 0	 3.850747e+03	 3.851430e+03	    3852.9470
2	 9	 1	 113	 1	    2	 10	 9	 4	 NaN	    4	 0	 5	 5	 2.3946	    6.7135	 -2.1489	 1.8791	 -5.6264	 -1.7764	    NaN	 NaN	 NaN	 NaN	 5.7783	    17.2557	 18.2251	 13.6323	 6.7581	 4.8490	    NaN	 NaN	 NaN	 NaN	 374.1568	    1	 1.0600	 0	 3.857648e+03	 3.858423e+03	    3859.5067
2	 9	 1	 114	 1	    1	 10	 9	 1	 NaN	    1	 3	 0	 3	 3.4996	    -3.1356	 6.1261	 -4.8278	 NaN	 NaN	    NaN	 NaN	 NaN	 NaN	 17.1390	    19.7639	 6.6296	 8.4027	 NaN	 NaN	    NaN	 NaN	 NaN	 NaN	 375.6820	    1	 1.0800	 0	 3.864224e+03	 3.865158e+03	    3866.6831
2	 9	 1	 115	 1	    2	 10	 9	 3	 NaN	    3	 0	 0	 0	 5.2663	    NaN	 NaN	 NaN	 NaN	 NaN	    NaN	 NaN	 NaN	 NaN	 12.5165	    NaN	 NaN	 NaN	 NaN	 NaN	    NaN	 NaN	 NaN	 NaN	 376.7406	    1	 1.1000	 0	 3.871409e+03	 3.871959e+03	    3873.0177
2	 9	 1	 116	 1	    1	 10	 9	 4	 NaN	    4	 8	 0	 8	 5.9956	    -2.5760	 2.4836	 -7.3695	 6.2397	 -4.3810	    -2.3102	 5.9956	 -6.9920	 NaN	 11.0727	    5.8217	 14.0186	 10.8294	 4.7401	 19.6213	    15.4124	 16.7364	 4.9582	 NaN	 381.6749	    1	 1.1200	 0	 3.877819e+03	 3.878360e+03	    3883.2948
2	 9	 1	 117	 1	    1	 10	 9	 3	 NaN	    3	 6	 0	 6	 5.2056	    -4.7213	 -7.0267	 7.4569	 2.7117	 -2.9520	    -2.5760	 NaN	 NaN	 NaN	 15.3297	    8.5440	 12.5165	 7.6613	 6.2194	 18.6237	    12.7620	 NaN	 NaN	 NaN	 383.4919	    1	 1.1400	 0	 3.888162e+03	 3.888846e+03	    3890.6629
2	 9	 1	 118	 1	    2	 10	 9	 3	 NaN	    3	 0	 3	 3	 7.3055	    -3.6537	 -7.8574	 4.3410	 NaN	 NaN	    NaN	 NaN	 NaN	 NaN	 14.5472	    17.9067	 5.9312	 4.3763	 NaN	 NaN	    NaN	 NaN	 NaN	 NaN	 386.0257	    1	 1.1600	 0	 3.899490e+03	 3.900357e+03	    3902.8904
2	 9	 1	 119	 1	    1	 10	 9	 3	 NaN	    3	 4	 0	 4	 -4.3810	    5.2477	 -1.5620	 0.8227	 -7.3636	 NaN	    NaN	 NaN	 NaN	 NaN	 4.2201	    5.7176	 19.0347	 14.6739	 10.2765	 NaN	    NaN	 NaN	 NaN	 NaN	 387.2593	    1	 1.1800	 0	 3.910542e+03	 3.911284e+03	    3912.5173
2	 9	 1	 120	 1	    1	 10	 9	 1	 NaN	    1	 1	 0	 1	 7.8412	    -7.9568	 NaN	 NaN	 NaN	 NaN	    NaN	 NaN	 NaN	 NaN	 17.6146	    7.5067	 NaN	 NaN	 NaN	 NaN	    NaN	 NaN	 NaN	 NaN	 388.6096	    1	 1.2000	 0	 3.918527e+03	 3.919460e+03	    3920.8107
2	 9	 1	 121	 1	    2	 10	 9	 1	 NaN	    1	 0	 2	 2	 -6.4554	    3.3223	 -4.5954	 NaN	 NaN	 NaN	    NaN	 NaN	 NaN	 NaN	 15.4028	    6.9715	 6.3698	 NaN	 NaN	 NaN	    NaN	 NaN	 NaN	 NaN	 390.2599	    1	 1.2200	 0	 3.926920e+03	 3.927454e+03	    3929.1040
