2	 7	 1	 1	 1	    1	 10	 9	 1	 NaN	    1	 1	 0	 1	 7.3195	    -6.3344	 NaN	 NaN	 NaN	 NaN	    NaN	 NaN	 NaN	 NaN	 7.0605	    17.9207	 NaN	 NaN	 NaN	 NaN	    NaN	 NaN	 NaN	 NaN	 4.2008	    1	 0.0200	 0	 1.958280e+03	 1.958897e+03	    1963.0980
2	 7	 1	 2	 1	    1	 10	 9	 4	 NaN	    3	 8	 0	 8	 -1.4293	    3.9849	 -5.8853	 4.2437	 -4.8730	 1.2836	    0.5418	 -7.7348	 -2.6704	 NaN	 19.0029	    19.1254	 10.6365	 11.8358	 6.0368	 15.1762	    4.8461	 14.4271	 13.7149	 NaN	 11.1354	    0	 0.0000	 0	 1.968507e+03	 1.969416e+03	    1976.3506
2	 7	 1	 3	 1	    1	 10	 9	 2	 NaN	    1	 5	 0	 5	 5.3688	    -6.3543	 -1.3586	 4.6576	 -2.5030	 1.7735	    NaN	 NaN	 NaN	 NaN	 10.9785	    6.4323	 5.1487	 15.3854	 15.7149	 18.7904	    NaN	 NaN	 NaN	 NaN	 17.5033	    0	 -0.0200	 0	 1.982910e+03	 1.983894e+03	    1990.2617
2	 7	 1	 4	 1	    2	 10	 9	 4	 NaN	    3	 0	 6	 6	 1.9225	    -6.9373	 -0.3602	 7.2167	 -3.3751	 5.7987	    -7.3524	 NaN	 NaN	 NaN	 17.1330	    7.4720	 4.8394	 8.0084	 13.8604	 19.0247	    12.6784	 NaN	 NaN	 NaN	 22.5627	    0	 -0.0400	 0	 1.996205e+03	 1.996755e+03	    2001.8139
2	 7	 1	 5	 1	    2	 10	 9	 3	 NaN	    4	 0	 8	 8	 -6.1468	    3.2838	 7.0435	 -5.7604	 4.5212	 -5.4072	    1.0560	 -1.9854	 7.8468	 NaN	 19.7374	    6.6202	 14.8610	 11.9804	 11.3564	 6.1320	    16.4620	 13.5024	 19.6441	 NaN	 30.3642	    0	 -0.0600	 0	 2.007057e+03	 2.007748e+03	    2015.5500
2	 7	 1	 6	 1	    1	 10	 9	 1	 NaN	    2	 3	 0	 3	 -4.9281	    4.5128	 -5.4630	 5.3507	 NaN	 NaN	    NaN	 NaN	 NaN	 NaN	 5.7892	    7.2891	 16.8101	 14.0875	 NaN	 NaN	    NaN	 NaN	 NaN	 NaN	 34.8234	    0	 -0.0800	 0	 2.021026e+03	 2.021868e+03	    2026.3271
2	 7	 1	 7	 1	    2	 10	 9	 2	 NaN	    2	 0	 7	 7	 -3.4855	    -4.7462	 -7.4450	 3.2838	 6.3425	 6.0328	    2.5289	 -7.2646	 NaN	 NaN	 18.1721	    4.2284	 7.7949	 15.7281	 5.5376	 9.9024	    19.7374	 15.4388	 NaN	 NaN	 40.2994	    1	 -0.0600	 0	 2.033570e+03	 2.034554e+03	    2040.0298
2	 7	 1	 8	 1	    1	 10	 9	 1	 NaN	    2	 7	 0	 7	 -4.8897	    -7.4381	 -0.2170	 5.6830	 7.3590	 -4.4612	    5.2948	 4.1934	 NaN	 NaN	 5.7798	    16.9835	 18.3661	 5.3253	 14.4271	 10.8710	    10.9285	 17.3010	 NaN	 NaN	 46.5506	    0	 -0.0800	 0	 2.045939e+03	 2.046689e+03	    2052.9406
2	 7	 1	 9	 1	    2	 10	 9	 2	 NaN	    2	 0	 3	 3	 4.2911	    -7.4953	 -2.4815	 1.2144	 NaN	 NaN	    NaN	 NaN	 NaN	 NaN	 5.9101	    7.8488	 15.2947	 13.7149	 NaN	 NaN	    NaN	 NaN	 NaN	 NaN	 49.3428	    1	 -0.0600	 0	 2.058833e+03	 2.059342e+03	    2062.1341
2	 7	 1	 10	 1	    2	 10	 9	 2	 NaN	    1	 0	 4	 4	 5.4659	    5.5363	 -3.1278	 -7.5501	 0.3595	 NaN	    NaN	 NaN	 NaN	 NaN	 17.0729	    5.7798	 14.0875	 6.3049	 17.5849	 NaN	    NaN	 NaN	 NaN	 NaN	 54.9940	    0	 -0.0800	 0	 2.067894e+03	 2.068819e+03	    2074.4699
2	 7	 1	 11	 1	    2	 10	 9	 2	 NaN	    2	 0	 2	 2	 6.0532	    -0.0495	 3.9176	 NaN	 NaN	 NaN	    NaN	 NaN	 NaN	 NaN	 11.8081	    18.0932	 8.0529	 NaN	 NaN	 NaN	    NaN	 NaN	 NaN	 NaN	 57.2111	    1	 -0.0600	 0	 2.080988e+03	 2.081680e+03	    2083.8967
2	 7	 1	 12	 1	    1	 10	 9	 3	 NaN	    3	 6	 0	 6	 4.4084	    -3.8059	 -7.6335	 -4.1234	 5.2059	 0.0235	    -0.5385	 NaN	 NaN	 NaN	 18.6245	    15.7149	 18.3089	 6.3049	 8.5113	 4.9469	    19.5541	 NaN	 NaN	 NaN	 63.0038	    1	 -0.0400	 0	 2.090406e+03	 2.091031e+03	    2096.8242
2	 7	 1	 13	 1	    2	 10	 9	 3	 NaN	    3	 0	 1	 1	 3.4552	    -0.5433	 NaN	 NaN	 NaN	 NaN	    NaN	 NaN	 NaN	 NaN	 13.5580	    4.9937	 NaN	 NaN	 NaN	 NaN	    NaN	 NaN	 NaN	 NaN	 65.2209	    1	 -0.0200	 0	 2.102434e+03	 2.103175e+03	    2105.3926
2	 7	 1	 14	 1	    1	 10	 9	 1	 NaN	    1	 2	 0	 2	 -0.3945	    6.0924	 -4.0346	 NaN	 NaN	 NaN	    NaN	 NaN	 NaN	 NaN	 16.4620	    4.8394	 18.2511	 NaN	 NaN	 NaN	    NaN	 NaN	 NaN	 NaN	 71.2471	    1	 0.0000	 0	 2.110744e+03	 2.111585e+03	    2117.6116
2	 7	 1	 15	 1	    1	 10	 9	 1	 NaN	    2	 0	 0	 0	 6.0646	    NaN	 NaN	 NaN	 NaN	 NaN	    NaN	 NaN	 NaN	 NaN	 7.6225	    NaN	 NaN	 NaN	 NaN	 NaN	    NaN	 NaN	 NaN	 NaN	 73.2392	    0	 -0.0200	 0	 2.122896e+03	 2.123638e+03	    2125.6299
2	 7	 1	 16	 1	    1	 10	 9	 1	 NaN	    2	 4	 0	 4	 -7.4216	    3.2390	 -4.8122	 6.3462	 -0.7526	 NaN	    NaN	 NaN	 NaN	 NaN	 13.3102	    5.2791	 7.4569	 17.2953	 16.5963	 NaN	    NaN	 NaN	 NaN	 NaN	 78.9069	    0	 -0.0400	 0	 2.131364e+03	 2.131939e+03	    2137.6072
2	 7	 1	 17	 1	    2	 10	 9	 3	 NaN	    4	 0	 5	 5	 -5.3194	    1.7762	 4.3835	 7.8758	 -3.9796	 -7.7971	    NaN	 NaN	 NaN	 NaN	 16.5960	    17.7904	 6.7371	 14.2205	 8.5652	 9.7820	    NaN	 NaN	 NaN	 NaN	 81.7825	    0	 -0.0600	 0	 2.144492e+03	 2.145467e+03	    2148.3427
2	 7	 1	 18	 1	    2	 10	 9	 4	 NaN	    4	 0	 0	 0	 7.2123	    NaN	 NaN	 NaN	 NaN	 NaN	    NaN	 NaN	 NaN	 NaN	 18.0127	    NaN	 NaN	 NaN	 NaN	 NaN	    NaN	 NaN	 NaN	 NaN	 83.8662	    1	 -0.0400	 0	 2.156236e+03	 2.157153e+03	    2159.2365
2	 7	 1	 19	 1	    1	 10	 9	 1	 NaN	    1	 2	 0	 2	 -4.8122	    4.7397	 4.1769	 NaN	 NaN	 NaN	    NaN	 NaN	 NaN	 NaN	 8.5487	    16.0713	 9.2521	 NaN	 NaN	 NaN	    NaN	 NaN	 NaN	 NaN	 88.9089	    1	 -0.0200	 0	 2.164704e+03	 2.165304e+03	    2170.3470
2	 7	 1	 20	 1	    2	 10	 9	 1	 NaN	    1	 0	 5	 5	 4.5070	    -6.6563	 7.4411	 -0.7526	 -6.9055	 7.3890	    NaN	 NaN	 NaN	 NaN	 5.7798	    10.1566	 9.1845	 17.2517	 14.9043	 17.2953	    NaN	 NaN	 NaN	 NaN	 95.1601	    1	 0.0000	 0	 2.176015e+03	 2.176548e+03	    2182.7994
2	 7	 1	 21	 1	    2	 10	 9	 3	 NaN	    3	 0	 3	 3	 7.1417	    -2.9345	 -6.9373	 3.4716	 NaN	 NaN	    NaN	 NaN	 NaN	 NaN	 10.3392	    4.4090	 13.3576	 18.9269	 NaN	 NaN	    NaN	 NaN	 NaN	 NaN	 98.7775	    1	 0.0200	 0	 2.188817e+03	 2.189334e+03	    2192.9514
2	 7	 1	 22	 1	    2	 10	 9	 2	 NaN	    2	 0	 7	 7	 -5.4634	    4.5070	 7.8468	 -2.5544	 0.3085	 0.0771	    -7.8090	 -7.9552	 NaN	 NaN	 15.7281	    16.9835	 7.5440	 6.1378	 14.0837	 18.6195	    11.8081	 5.1849	 NaN	 NaN	 102.4365	    1	 0.0400	 0	 2.198536e+03	 2.199219e+03	    2202.8784
2	 7	 1	 23	 1	    2	 10	 9	 2	 NaN	    1	 0	 0	 0	 5.3346	    NaN	 NaN	 NaN	 NaN	 NaN	    NaN	 NaN	 NaN	 NaN	 5.2269	    NaN	 NaN	 NaN	 NaN	 NaN	    NaN	 NaN	 NaN	 NaN	 104.8119	    0	 0.0200	 0	 2.208404e+03	 2.208955e+03	    2211.3300
2	 7	 1	 24	 1	    1	 10	 9	 2	 NaN	    1	 3	 0	 3	 0.3189	    -7.0115	 7.2567	 -1.0750	 NaN	 NaN	    NaN	 NaN	 NaN	 NaN	 4.5207	    6.2667	 15.2774	 14.1552	 NaN	 NaN	    NaN	 NaN	 NaN	 NaN	 109.3461	    0	 0.0000	 0	 2.216856e+03	 2.217490e+03	    2222.0238
2	 7	 1	 25	 1	    2	 10	 9	 1	 NaN	    1	 0	 4	 4	 -5.4503	    0.3161	 -6.5761	 1.7549	 6.8590	 NaN	    NaN	 NaN	 NaN	 NaN	 17.1422	    14.2615	 10.8012	 5.3933	 12.7156	 NaN	    NaN	 NaN	 NaN	 NaN	 113.2802	    1	 0.0200	 0	 2.228267e+03	 2.229000e+03	    2232.9343
2	 7	 1	 26	 1	    1	 10	 9	 1	 NaN	    2	 1	 0	 1	 6.9820	    -5.9412	 NaN	 NaN	 NaN	 NaN	    NaN	 NaN	 NaN	 NaN	 12.8358	    6.7371	 NaN	 NaN	 NaN	 NaN	    NaN	 NaN	 NaN	 NaN	 115.7640	    0	 0.0000	 0	 2.238444e+03	 2.239069e+03	    2241.5526
2	 7	 1	 27	 1	    1	 10	 9	 2	 NaN	    2	 6	 0	 6	 3.0403	    -7.7969	 7.8202	 -6.7466	 3.6592	 -2.7934	    4.0920	 NaN	 NaN	 NaN	 19.4300	    19.4518	 6.7601	 5.6713	 11.9759	 17.9003	    4.4217	 NaN	 NaN	 NaN	 124.1823	    1	 0.0200	 0	 2.246512e+03	 2.247270e+03	    2255.6887
2	 7	 1	 28	 1	    1	 10	 9	 2	 NaN	    2	 8	 0	 8	 4.2911	    -7.6297	 4.4517	 -4.4896	 0.3085	 -3.7724	    7.4435	 -3.4331	 0.8724	 NaN	 17.1369	    5.0903	 11.0569	 12.3608	 14.4140	 16.8056	    7.4637	 4.4090	 4.6377	 NaN	 126.5744	    1	 0.0400	 0	 2.261015e+03	 2.261948e+03	    2264.3404
2	 7	 1	 29	 1	    1	 10	 9	 3	 NaN	    4	 0	 0	 0	 5.5201	    NaN	 NaN	 NaN	 NaN	 NaN	    NaN	 NaN	 NaN	 NaN	 11.8043	    NaN	 NaN	 NaN	 NaN	 NaN	    NaN	 NaN	 NaN	 NaN	 129.2083	    0	 0.0200	 0	 2.269992e+03	 2.270550e+03	    2273.1838
2	 7	 1	 30	 1	    1	 10	 9	 2	 NaN	    2	 4	 0	 4	 6.2743	    -5.5842	 -7.3271	 5.5883	 0.2775	 NaN	    NaN	 NaN	 NaN	 NaN	 6.1501	    8.4989	 18.6984	 18.6245	 4.9937	 NaN	    NaN	 NaN	 NaN	 NaN	 131.8004	    1	 0.0400	 0	 2.278318e+03	 2.279135e+03	    2281.7272
2	 7	 1	 31	 1	    2	 10	 9	 1	 NaN	    1	 0	 2	 2	 6.5350	    -7.0162	 -1.4293	 NaN	 NaN	 NaN	    NaN	 NaN	 NaN	 NaN	 13.7009	    8.0788	 18.6126	 NaN	 NaN	 NaN	    NaN	 NaN	 NaN	 NaN	 135.9763	    1	 0.0600	 0	 2.286795e+03	 2.287595e+03	    2291.7708
2	 7	 1	 32	 1	    2	 10	 9	 3	 NaN	    3	 0	 1	 1	 7.9342	    -3.2241	 NaN	 NaN	 NaN	 NaN	    NaN	 NaN	 NaN	 NaN	 8.6984	    17.7904	 NaN	 NaN	 NaN	 NaN	    NaN	 NaN	 NaN	 NaN	 139.7603	    1	 0.0800	 0	 2.296905e+03	 2.297680e+03	    2301.4644
2	 7	 1	 33	 1	    2	 10	 9	 2	 NaN	    2	 0	 6	 6	 4.0853	    0.5054	 -7.3349	 4.6534	 -4.8936	 -4.1765	    7.2167	 NaN	 NaN	 NaN	 15.2053	    18.8467	 8.2238	 8.2064	 19.4953	 5.4774	    19.0167	 NaN	 NaN	 NaN	 148.4537	    1	 0.1000	 0	 2.306882e+03	 2.307582e+03	    2316.2756
2	 7	 1	 34	 1	    2	 10	 9	 3	 NaN	    3	 0	 8	 8	 1.1404	    6.8590	 -4.3097	 5.5883	 -0.7161	 -5.0258	    6.3554	 -4.4435	 -7.8465	 NaN	 18.7849	    4.3371	 13.3672	 11.6221	 4.9147	 4.4512	    17.4584	 19.9742	 10.4944	 NaN	 157.2721	    1	 0.1200	 0	 2.324919e+03	 2.325519e+03	    2334.3375
2	 7	 1	 35	 1	    1	 10	 9	 3	 NaN	    3	 7	 0	 7	 -6.5153	    -5.2554	 3.1857	 0.8029	 7.9342	 5.2462	    -7.8465	 -3.4731	 NaN	 NaN	 6.5103	    11.0742	 4.8020	 15.4579	 6.4372	 14.8584	    16.0925	 14.7977	 NaN	 NaN	 161.3896	    1	 0.1400	 0	 2.340472e+03	 2.341456e+03	    2345.5730
2	 7	 1	 36	 1	    1	 10	 9	 2	 NaN	    2	 5	 0	 5	 -3.0068	    7.6006	 -5.4586	 6.6276	 -7.4393	 5.2948	    NaN	 NaN	 NaN	 NaN	 17.8450	    10.2955	 7.0726	 19.4496	 12.7624	 6.9649	    NaN	 NaN	 NaN	 NaN	 163.5649	    1	 0.1600	 0	 2.352399e+03	 2.352949e+03	    2355.1249
2	 7	 1	 37	 1	    1	 10	 9	 4	 NaN	    4	 7	 0	 7	 7.2659	    -0.9950	 4.1576	 4.6304	 -3.9884	 -4.9118	    6.6431	 -5.7232	 NaN	 NaN	 10.1029	    15.6263	 5.6661	 17.9197	 11.0804	 7.0319	    14.2498	 15.6263	 NaN	 NaN	 169.6994	    1	 0.1800	 0	 2.360459e+03	 2.361376e+03	    2367.5106
2	 7	 1	 38	 1	    2	 10	 9	 3	 NaN	    4	 0	 4	 4	 -7.2137	    2.5510	 -1.8589	 4.7397	 -3.5320	 NaN	    NaN	 NaN	 NaN	 NaN	 15.2586	    19.6526	 4.5959	 7.7417	 19.2707	 NaN	    NaN	 NaN	 NaN	 NaN	 173.6335	    0	 0.1600	 0	 2.373237e+03	 2.374204e+03	    2378.1377
2	 7	 1	 39	 1	    1	 10	 9	 1	 NaN	    2	 2	 0	 2	 -3.0205	    6.2383	 -7.4450	 NaN	 NaN	 NaN	    NaN	 NaN	 NaN	 NaN	 19.0029	    4.2720	 10.1888	 NaN	 NaN	 NaN	    NaN	 NaN	 NaN	 NaN	 176.9425	    0	 0.1400	 0	 2.384181e+03	 2.385014e+03	    2388.3231
2	 7	 1	 40	 1	    2	 10	 9	 4	 NaN	    3	 0	 6	 6	 5.1649	    -4.8936	 1.1778	 -7.3271	 -4.8389	 7.0435	    -1.2343	 NaN	 NaN	 NaN	 13.8263	    11.1073	 19.2785	 18.6126	 4.9432	 9.5563	    15.5579	 NaN	 NaN	 NaN	 181.4184	    0	 0.1200	 0	 2.393824e+03	 2.394808e+03	    2399.2835
2	 7	 1	 41	 1	    1	 10	 9	 3	 NaN	    4	 4	 0	 4	 -4.1702	    0.6657	 2.5139	 -5.8185	 6.6648	 NaN	    NaN	 NaN	 NaN	 NaN	 18.1550	    19.9940	 6.2569	 8.7714	 14.8810	 NaN	    NaN	 NaN	 NaN	 NaN	 185.2525	    0	 0.1000	 0	 2.405843e+03	 2.406385e+03	    2410.2190
2	 7	 1	 42	 1	    1	 10	 9	 3	 NaN	    3	 0	 0	 0	 0.5418	    NaN	 NaN	 NaN	 NaN	 NaN	    NaN	 NaN	 NaN	 NaN	 14.9539	    NaN	 NaN	 NaN	 NaN	 NaN	    NaN	 NaN	 NaN	 NaN	 188.0114	    1	 0.1200	 0	 2.416037e+03	 2.416937e+03	    2419.6959
2	 7	 1	 43	 1	    2	 10	 9	 3	 NaN	    4	 0	 7	 7	 1.5620	    -3.2428	 -3.5520	 -7.2038	 6.6276	 1.1396	    4.9036	 -5.7782	 NaN	 NaN	 14.7712	    18.7206	 14.0603	 11.9804	 11.9783	 18.9219	    4.2720	 6.4301	 NaN	 NaN	 191.7454	    0	 0.1000	 0	 2.425572e+03	 2.426231e+03	    2429.9646
2	 7	 1	 44	 1	    1	 10	 9	 3	 NaN	    3	 6	 0	 6	 4.4517	    -5.5354	 -7.0162	 -0.0696	 7.4904	 4.2987	    2.1650	 NaN	 NaN	 NaN	 9.5107	    15.2503	 7.1240	 14.7775	 5.2809	 17.5577	    5.6428	 NaN	 NaN	 NaN	 195.0044	    1	 0.1200	 0	 2.434974e+03	 2.435957e+03	    2439.2164
2	 7	 1	 45	 1	    2	 10	 9	 2	 NaN	    1	 0	 3	 3	 -0.0495	    -6.9711	 7.6158	 4.3372	 NaN	 NaN	    NaN	 NaN	 NaN	 NaN	 14.5648	    11.5935	 12.1728	 6.1398	 NaN	 NaN	    NaN	 NaN	 NaN	 NaN	 197.9633	    0	 0.1000	 0	 2.447093e+03	 2.447701e+03	    2450.6603
2	 7	 1	 46	 1	    1	 10	 9	 1	 NaN	    2	 8	 0	 8	 2.7086	    -3.4946	 -3.7724	 -3.7799	 4.1576	 4.1929	    7.2745	 -7.0366	 1.0545	 NaN	 15.0676	    18.5671	 13.0729	 4.0936	 9.8663	 5.7802	    15.7281	 9.2521	 19.7389	 NaN	 205.6981	    0	 0.0800	 0	 2.455711e+03	 2.456311e+03	    2464.0462
2	 7	 1	 47	 1	    1	 10	 9	 3	 NaN	    3	 5	 0	 5	 -5.2554	    4.4301	 -2.6072	 7.8202	 2.2234	 -3.9796	    NaN	 NaN	 NaN	 NaN	 8.8404	    12.7978	 5.2560	 5.9101	 19.1254	 15.8344	    NaN	 NaN	 NaN	 NaN	 210.4323	    1	 0.1000	 0	 2.471139e+03	 2.471798e+03	    2476.5320
2	 7	 1	 48	 1	    2	 10	 9	 1	 NaN	    1	 0	 0	 0	 -6.1468	    NaN	 NaN	 NaN	 NaN	 NaN	    NaN	 NaN	 NaN	 NaN	 19.9742	    NaN	 NaN	 NaN	 NaN	 NaN	    NaN	 NaN	 NaN	 NaN	 213.7663	    1	 0.1200	 0	 2.481791e+03	 2.482383e+03	    2485.7172
2	 7	 1	 49	 1	    2	 10	 9	 3	 NaN	    3	 0	 8	 8	 -3.7724	    3.5673	 2.5249	 -6.9198	 -2.8175	 7.3195	    4.3372	 -5.0829	 -1.2280	 NaN	 19.8495	    15.7534	 5.7805	 4.8094	 6.1320	 13.5389	    10.4288	 12.7370	 15.4234	 NaN	 218.0672	    1	 0.1400	 0	 2.492352e+03	 2.493169e+03	    2497.4695
2	 7	 1	 50	 1	    2	 10	 9	 1	 NaN	    1	 0	 2	 2	 4.6304	    -5.6947	 -3.9760	 NaN	 NaN	 NaN	    NaN	 NaN	 NaN	 NaN	 6.6277	    15.6263	 10.2522	 NaN	 NaN	 NaN	    NaN	 NaN	 NaN	 NaN	 223.0431	    1	 0.1600	 0	 2.502712e+03	 2.503446e+03	    2508.4216
2	 7	 1	 51	 1	    2	 10	 9	 2	 NaN	    1	 0	 1	 1	 4.3136	    -3.2703	 NaN	 NaN	 NaN	 NaN	    NaN	 NaN	 NaN	 NaN	 18.9795	    5.8506	 NaN	 NaN	 NaN	 NaN	    NaN	 NaN	 NaN	 NaN	 225.5936	    0	 0.1400	 0	 2.513681e+03	 2.514206e+03	    2516.7566
2	 7	 1	 52	 1	    2	 10	 9	 3	 NaN	    4	 0	 5	 5	 2.3693	    4.2911	 -6.3490	 6.0407	 -2.6756	 -3.9796	    NaN	 NaN	 NaN	 NaN	 5.1923	    15.4944	 16.3887	 9.5871	 14.0917	 5.4915	    NaN	 NaN	 NaN	 NaN	 228.0274	    0	 0.1200	 0	 2.521708e+03	 2.522474e+03	    2524.9081
2	 7	 1	 53	 1	    1	 10	 9	 1	 NaN	    2	 1	 0	 1	 -1.9612	    6.9549	 NaN	 NaN	 NaN	 NaN	    NaN	 NaN	 NaN	 NaN	 14.0917	    7.0605	 NaN	 NaN	 NaN	 NaN	    NaN	 NaN	 NaN	 NaN	 230.0777	    0	 0.1000	 0	 2.532243e+03	 2.533068e+03	    2535.1185
2	 7	 1	 54	 1	    1	 10	 9	 1	 NaN	    1	 3	 0	 3	 0.5473	    4.5706	 -1.7822	 -3.4855	 NaN	 NaN	    NaN	 NaN	 NaN	 NaN	 15.9679	    6.2667	 4.3180	 16.6507	 NaN	 NaN	    NaN	 NaN	 NaN	 NaN	 235.1620	    1	 0.1200	 0	 2.540570e+03	 2.541361e+03	    2546.4457
2	 7	 1	 55	 1	    1	 10	 9	 4	 NaN	    3	 5	 0	 5	 4.0679	    2.0563	 -3.5706	 6.0431	 -0.9950	 -4.8936	    NaN	 NaN	 NaN	 NaN	 19.5565	    5.4325	 18.6732	 11.5910	 14.9930	 10.4944	    NaN	 NaN	 NaN	 NaN	 238.8211	    0	 0.1000	 0	 2.552530e+03	 2.553355e+03	    2557.0145
2	 7	 1	 56	 1	    1	 10	 9	 3	 NaN	    4	 0	 0	 0	 -2.8221	    NaN	 NaN	 NaN	 NaN	 NaN	    NaN	 NaN	 NaN	 NaN	 16.4232	    NaN	 NaN	 NaN	 NaN	 NaN	    NaN	 NaN	 NaN	 NaN	 240.7881	    0	 0.0800	 0	 2.562607e+03	 2.563399e+03	    2565.3661
2	 7	 1	 57	 1	    1	 10	 9	 2	 NaN	    2	 8	 0	 8	 -7.0745	    4.0699	 -1.2319	 -5.0918	 2.3856	 -4.3263	    2.1650	 7.3590	 7.6864	 NaN	 18.9342	    7.3161	 17.3043	 10.2857	 15.4944	 6.1320	    19.7495	 11.9683	 16.0019	 NaN	 245.9558	    1	 0.1000	 0	 2.572009e+03	 2.572518e+03	    2577.6852
2	 7	 1	 58	 1	    1	 10	 9	 4	 NaN	    4	 6	 0	 6	 1.7549	    5.4227	 -3.9760	 -1.9612	 -4.3651	 7.7760	    7.0435	 NaN	 NaN	 NaN	 4.8017	    14.7314	 10.4140	 17.5300	 4.9432	 19.1696	    9.8182	 NaN	 NaN	 NaN	 248.9147	    1	 0.1200	 0	 2.583561e+03	 2.584387e+03	    2587.3454
2	 7	 1	 59	 1	    1	 10	 9	 2	 NaN	    1	 1	 0	 1	 -6.3729	    2.3471	 NaN	 NaN	 NaN	 NaN	    NaN	 NaN	 NaN	 NaN	 6.4698	    17.1735	 NaN	 NaN	 NaN	 NaN	    NaN	 NaN	 NaN	 NaN	 252.7988	    0	 0.1000	 0	 2.595739e+03	 2.596597e+03	    2600.4813
2	 7	 1	 60	 1	    2	 10	 9	 1	 NaN	    1	 0	 5	 5	 -2.1065	    5.7996	 7.5762	 -7.4059	 -7.3271	 5.2059	    NaN	 NaN	 NaN	 NaN	 17.2953	    5.2124	 18.1931	 9.9113	 17.1430	 10.4699	    NaN	 NaN	 NaN	 NaN	 257.5247	    1	 0.1200	 0	 2.605607e+03	 2.606541e+03	    2611.2668
2	 7	 1	 61	 1	    2	 10	 9	 3	 NaN	    3	 0	 3	 3	 -7.6297	    4.0156	 5.5396	 -2.4027	 NaN	 NaN	    NaN	 NaN	 NaN	 NaN	 5.0321	    16.4579	 6.5116	 13.5389	 NaN	 NaN	    NaN	 NaN	 NaN	 NaN	 263.1008	    1	 0.1400	 0	 2.616935e+03	 2.617726e+03	    2623.3025
2	 7	 1	 62	 1	    1	 10	 9	 4	 NaN	    3	 2	 0	 2	 -6.6563	    7.9024	 6.8590	 NaN	 NaN	 NaN	    NaN	 NaN	 NaN	 NaN	 6.3775	    17.6455	 10.4161	 NaN	 NaN	 NaN	    NaN	 NaN	 NaN	 NaN	 265.7763	    0	 0.1200	 0	 2.628804e+03	 2.629320e+03	    2631.9958
2	 7	 1	 63	 1	    1	 10	 9	 2	 NaN	    2	 4	 0	 4	 -5.8709	    6.6648	 -2.2839	 0.4552	 -7.7943	 NaN	    NaN	 NaN	 NaN	 NaN	 9.2534	    12.8251	 4.8832	 18.2188	 14.2615	 NaN	    NaN	 NaN	 NaN	 NaN	 269.7521	    1	 0.1400	 0	 2.637530e+03	 2.638197e+03	    2642.1729
2	 7	 1	 64	 1	    2	 10	 9	 4	 NaN	    3	 0	 2	 2	 -6.7450	    2.5249	 -6.9956	 NaN	 NaN	 NaN	    NaN	 NaN	 NaN	 NaN	 7.9020	    15.0720	 19.2570	 NaN	 NaN	 NaN	    NaN	 NaN	 NaN	 NaN	 273.2444	    0	 0.1200	 0	 2.647707e+03	 2.648432e+03	    2651.9248
2	 7	 1	 65	 1	    1	 10	 9	 3	 NaN	    4	 3	 0	 3	 1.1778	    -2.7244	 4.3997	 -4.4612	 NaN	 NaN	    NaN	 NaN	 NaN	 NaN	 17.2953	    18.2825	 8.0731	 11.9783	 NaN	 NaN	    NaN	 NaN	 NaN	 NaN	 276.7701	    0	 0.1000	 0	 2.656742e+03	 2.657418e+03	    2660.9432
2	 7	 1	 66	 1	    2	 10	 9	 3	 NaN	    3	 0	 4	 4	 4.7478	    -3.0755	 -5.8853	 3.9254	 -1.3900	 NaN	    NaN	 NaN	 NaN	 NaN	 10.9285	    18.5336	 7.3161	 17.9003	 4.6707	 NaN	    NaN	 NaN	 NaN	 NaN	 278.5538	    1	 0.1200	 0	 2.666944e+03	 2.667628e+03	    2669.4115
2	 7	 1	 67	 1	    2	 10	 9	 2	 NaN	    1	 0	 8	 8	 -3.5706	    6.4479	 -6.5153	 1.0545	 4.0353	 7.0296	    -6.9956	 -1.7975	 -7.0808	 NaN	 17.3320	    16.7341	 14.2981	 17.2506	 5.4856	 9.1772	    7.3553	 4.3180	 19.7495	 NaN	 286.9721	    0	 0.1000	 0	 2.675446e+03	 2.676088e+03	    2684.5061
2	 7	 1	 68	 1	    2	 10	 9	 1	 NaN	    1	 0	 6	 6	 -7.9113	    -7.7358	 5.7987	 6.0328	 -7.8002	 2.1547	    2.8589	 NaN	 NaN	 NaN	 7.3595	    17.5405	 12.2878	 19.1417	 11.7726	 4.8575	    15.4375	 NaN	 NaN	 NaN	 291.4730	    1	 0.1200	 0	 2.689832e+03	 2.690366e+03	    2694.8665
2	 7	 1	 69	 1	    2	 10	 9	 1	 NaN	    2	 0	 7	 7	 3.9078	    -1.1820	 -5.4586	 -6.9956	 4.4575	 -4.8703	    7.4290	 7.9904	 NaN	 NaN	 6.8415	    15.7032	 19.7604	 14.2345	 15.3081	 10.6962	    4.7753	 10.6040	 NaN	 NaN	 295.4571	    0	 0.1000	 0	 2.700709e+03	 2.701476e+03	    2705.4602
2	 7	 1	 70	 1	    2	 10	 9	 1	 NaN	    1	 0	 1	 1	 1.5122	    -5.3194	 NaN	 NaN	 NaN	 NaN	    NaN	 NaN	 NaN	 NaN	 18.9219	    7.8718	 NaN	 NaN	 NaN	 NaN	    NaN	 NaN	 NaN	 NaN	 297.2491	    1	 0.1200	 0	 2.710678e+03	 2.711453e+03	    2713.2451
2	 7	 1	 71	 1	    2	 10	 9	 1	 NaN	    2	 0	 0	 0	 5.6830	    NaN	 NaN	 NaN	 NaN	 NaN	    NaN	 NaN	 NaN	 NaN	 6.4929	    NaN	 NaN	 NaN	 NaN	 NaN	    NaN	 NaN	 NaN	 NaN	 299.4745	    0	 0.1000	 0	 2.718379e+03	 2.719105e+03	    2721.3300
2	 7	 1	 72	 1	    1	 10	 9	 3	 NaN	    3	 7	 0	 7	 -7.0304	    -0.3154	 4.3372	 3.9645	 -3.0755	 6.1275	    7.3098	 -6.8705	 NaN	 NaN	 7.3316	    17.0729	 4.0075	 15.3125	 4.8461	 9.9113	    17.5981	 19.1516	 NaN	 NaN	 306.4425	    1	 0.1200	 0	 2.726381e+03	 2.726931e+03	    2733.8991
2	 7	 1	 73	 1	    1	 10	 9	 4	 NaN	    3	 1	 0	 1	 -1.9427	    3.9645	 NaN	 NaN	 NaN	 NaN	    NaN	 NaN	 NaN	 NaN	 15.3854	    11.9298	 NaN	 NaN	 NaN	 NaN	    NaN	 NaN	 NaN	 NaN	 307.9177	    0	 0.1000	 0	 2.739150e+03	 2.739792e+03	    2741.2673
2	 7	 1	 74	 1	    1	 10	 9	 4	 NaN	    3	 2	 0	 2	 -7.3271	    5.4478	 2.7015	 NaN	 NaN	 NaN	    NaN	 NaN	 NaN	 NaN	 14.6383	    6.1188	 12.9165	 NaN	 NaN	 NaN	    NaN	 NaN	 NaN	 NaN	 309.9014	    0	 0.0800	 0	 2.746677e+03	 2.747619e+03	    2749.6022
2	 7	 1	 75	 1	    2	 10	 9	 4	 NaN	    3	 0	 3	 3	 7.5024	    -7.5501	 -7.6239	 1.1920	 NaN	 NaN	    NaN	 NaN	 NaN	 NaN	 14.7529	    8.5799	 19.3406	 4.3180	 NaN	 NaN	    NaN	 NaN	 NaN	 NaN	 311.0433	    0	 0.0600	 0	 2.755753e+03	 2.756437e+03	    2757.5788
2	 7	 1	 76	 1	    2	 10	 9	 1	 NaN	    2	 0	 7	 7	 2.9890	    -0.7089	 7.2745	 -3.3861	 7.3590	 -6.5634	    -7.9004	 1.5656	 NaN	 NaN	 15.7068	    5.1487	 9.5563	 18.7125	 4.8094	 7.3691	    16.3426	 19.6621	 NaN	 NaN	 317.1612	    0	 0.0400	 0	 2.762788e+03	 2.763538e+03	    2769.6562
2	 7	 1	 77	 1	    2	 10	 9	 4	 NaN	    4	 0	 6	 6	 -7.7441	    7.1742	 5.0855	 -7.0115	 7.3169	 -3.4946	    -4.6531	 NaN	 NaN	 NaN	 8.5113	    19.0230	 12.5738	 4.0901	 6.1493	 18.2188	    13.7152	 NaN	 NaN	 NaN	 320.8786	    1	 0.0600	 0	 2.775674e+03	 2.776683e+03	    2780.3999
2	 7	 1	 78	 1	    1	 10	 9	 2	 NaN	    2	 3	 0	 3	 0.0771	    3.9523	 -5.5337	 -6.3490	 NaN	 NaN	    NaN	 NaN	 NaN	 NaN	 14.0917	    5.8410	 10.8012	 16.5197	 NaN	 NaN	    NaN	 NaN	 NaN	 NaN	 324.5043	    1	 0.0800	 0	 2.785309e+03	 2.786059e+03	    2789.6851
2	 7	 1	 79	 1	    2	 10	 9	 1	 NaN	    1	 0	 5	 5	 -7.2429	    -1.2378	 -6.2524	 6.6725	 7.3098	 3.0809	    NaN	 NaN	 NaN	 NaN	 9.5722	    4.4090	 19.1254	 6.5376	 18.8467	 19.2791	    NaN	 NaN	 NaN	 NaN	 329.2218	    1	 0.1000	 0	 2.795186e+03	 2.795703e+03	    2800.4205
2	 7	 1	 80	 1	    1	 10	 9	 3	 NaN	    3	 5	 0	 5	 5.4659	    5.3641	 -5.9346	 6.5540	 -6.0064	 -1.2239	    NaN	 NaN	 NaN	 NaN	 4.9432	    9.1202	 12.9470	 14.9333	 17.5981	 5.2809	    NaN	 NaN	 NaN	 NaN	 330.9805	    1	 0.1200	 0	 2.805547e+03	 2.806205e+03	    2807.9637
2	 7	 1	 81	 1	    1	 10	 9	 2	 NaN	    1	 8	 0	 8	 5.9708	    -1.1386	 -7.1145	 4.2911	 -4.4435	 -7.0197	    7.9300	 3.4174	 -3.4946	 NaN	 16.0019	    16.5644	 10.5131	 5.2675	 5.6428	 17.3010	    9.8663	 12.4528	 12.6452	 NaN	 336.9234	    0	 0.1000	 0	 2.813490e+03	 2.814182e+03	    2820.1244
2	 7	 1	 82	 1	    1	 10	 9	 3	 NaN	    4	 4	 0	 4	 3.3430	    3.9523	 -5.9535	 -1.8368	 -0.0072	 NaN	    NaN	 NaN	 NaN	 NaN	 12.5513	    5.6428	 15.9697	 5.4471	 18.6245	 NaN	    NaN	 NaN	 NaN	 NaN	 342.8495	    0	 0.0800	 0	 2.825625e+03	 2.826234e+03	    2832.1601
2	 7	 1	 83	 1	    1	 10	 9	 4	 NaN	    3	 7	 0	 7	 2.2469	    -5.5510	 7.5762	 -5.5632	 3.2390	 7.9300	    -1.8589	 -2.3176	 NaN	 NaN	 18.2511	    18.2942	 12.2094	 8.2717	 6.8095	 6.4929	    13.1846	 4.8461	 NaN	 NaN	 344.5915	    0	 0.0600	 0	 2.837753e+03	 2.838703e+03	    2840.4451
2	 7	 1	 84	 1	    1	 10	 9	 1	 NaN	    2	 6	 0	 6	 -5.2470	    6.3286	 4.4389	 -1.2560	 3.6861	 -5.4634	    -7.2429	 NaN	 NaN	 NaN	 16.7370	    9.8182	 19.5774	 15.1708	 6.6560	 11.0033	    5.4091	 NaN	 NaN	 NaN	 346.6585	    0	 0.0400	 0	 2.846955e+03	 2.847780e+03	    2849.8469
2	 7	 1	 85	 1	    1	 10	 9	 1	 NaN	    2	 0	 0	 0	 5.2059	    NaN	 NaN	 NaN	 NaN	 NaN	    NaN	 NaN	 NaN	 NaN	 17.3043	    NaN	 NaN	 NaN	 NaN	 NaN	    NaN	 NaN	 NaN	 NaN	 348.3505	    0	 0.0200	 0	 2.855290e+03	 2.856048e+03	    2857.7401
2	 7	 1	 86	 1	    2	 10	 9	 2	 NaN	    1	 0	 1	 1	 -3.0502	    7.8871	 NaN	 NaN	 NaN	 NaN	    NaN	 NaN	 NaN	 NaN	 12.5341	    7.5440	 NaN	 NaN	 NaN	 NaN	    NaN	 NaN	 NaN	 NaN	 350.6093	    0	 -0.0000	 0	 2.863325e+03	 2.863841e+03	    2866.1001
2	 7	 1	 87	 1	    2	 10	 9	 2	 NaN	    1	 0	 0	 0	 2.1308	    NaN	 NaN	 NaN	 NaN	 NaN	    NaN	 NaN	 NaN	 NaN	 18.2511	    NaN	 NaN	 NaN	 NaN	 NaN	    NaN	 NaN	 NaN	 NaN	 354.5684	    0	 -0.0200	 0	 2.871718e+03	 2.872326e+03	    2876.2854
2	 7	 1	 88	 1	    2	 10	 9	 3	 NaN	    4	 0	 8	 8	 3.7106	    -2.6243	 2.3471	 -2.6072	 7.1178	 -4.9389	    -6.8542	 6.6626	 2.9073	 NaN	 11.1073	    19.0247	 6.1188	 13.2647	 19.8495	 6.2815	    15.3081	 5.2931	 15.3023	 NaN	 359.1359	    0	 -0.0400	 0	 2.881486e+03	 2.882378e+03	    2886.9458
2	 7	 1	 89	 1	    2	 10	 9	 2	 NaN	    1	 0	 4	 4	 7.2905	    5.5300	 -1.2799	 -1.7052	 3.1024	 NaN	    NaN	 NaN	 NaN	 NaN	 7.4834	    19.7374	 5.5376	 14.2345	 13.2758	 NaN	    NaN	 NaN	 NaN	 NaN	 361.9948	    0	 -0.0600	 0	 2.892205e+03	 2.893197e+03	    2896.0560
2	 7	 1	 90	 1	    2	 10	 9	 2	 NaN	    2	 0	 2	 2	 4.2651	    -5.5632	 3.0812	 NaN	 NaN	 NaN	    NaN	 NaN	 NaN	 NaN	 6.9658	    12.2878	 15.3023	 NaN	 NaN	 NaN	    NaN	 NaN	 NaN	 NaN	 365.9956	    1	 -0.0400	 0	 2.901424e+03	 2.902249e+03	    2906.2496
2	 7	 1	 91	 1	    1	 10	 9	 1	 NaN	    1	 8	 0	 8	 -3.4026	    5.3194	 0.6501	 -5.5207	 -4.9389	 -0.3945	    5.3507	 7.9300	 3.9849	 NaN	 16.0925	    10.0952	 14.0843	 4.0912	 9.1202	 4.7753	    18.8296	 14.3684	 4.5767	 NaN	 373.0387	    1	 -0.0200	 0	 2.911084e+03	 2.911601e+03	    2918.6437
2	 7	 1	 92	 1	    2	 10	 9	 3	 NaN	    4	 0	 8	 8	 3.5512	    -5.9191	 -0.0578	 4.6492	 -1.3744	 -7.7519	    3.9645	 7.4904	 -2.7738	 NaN	 14.0928	    15.7790	 16.4620	 8.9776	 5.5376	 5.8158	    19.2406	 5.9784	 19.4496	 NaN	 378.1230	    0	 -0.0400	 0	 2.924203e+03	 2.924978e+03	    2930.0626
2	 7	 1	 93	 1	    2	 10	 9	 2	 NaN	    1	 0	 2	 2	 3.2357	    -2.1854	 7.6448	 NaN	 NaN	 NaN	    NaN	 NaN	 NaN	 NaN	 6.4929	    18.3315	 12.0476	 NaN	 NaN	 NaN	    NaN	 NaN	 NaN	 NaN	 380.3233	    0	 -0.0600	 0	 2.935397e+03	 2.936281e+03	    2938.4809
2	 7	 1	 94	 1	    1	 10	 9	 4	 NaN	    3	 6	 0	 6	 -4.3651	    1.2879	 -7.8764	 -2.9360	 7.6955	 4.0853	    6.8590	 NaN	 NaN	 NaN	 8.9788	    13.7482	 13.2299	 19.4976	 6.2103	 8.9788	    14.0917	 NaN	 NaN	 NaN	 384.3741	    0	 -0.0800	 0	 2.943407e+03	 2.944007e+03	    2948.0578
2	 7	 1	 95	 1	    1	 10	 9	 2	 NaN	    1	 5	 0	 5	 5.5201	    -7.0197	 4.3372	 4.6492	 -2.7229	 -5.7782	    NaN	 NaN	 NaN	 NaN	 5.5849	    17.1214	 11.9759	 18.3661	 15.0720	 10.2955	    NaN	 NaN	 NaN	 NaN	 388.8833	    0	 -0.1000	 0	 2.952992e+03	 2.953826e+03	    2958.3348
2	 7	 1	 96	 1	    1	 10	 9	 3	 NaN	    4	 3	 0	 3	 -2.6954	    3.3343	 7.3474	 -5.5837	 NaN	 NaN	    NaN	 NaN	 NaN	 NaN	 18.1221	    4.5626	 10.5904	 13.0970	 NaN	 NaN	    NaN	 NaN	 NaN	 NaN	 390.9253	    0	 -0.1200	 0	 2.965170e+03	 2.965920e+03	    2967.9617
