VP #,Exp #,Block #,Trial #,# targets/trial,Target difficulty,Difficulty level easy target,Difficulty level difficult target,Gap location easy/shown target,Gap location difficult target,Reported gap location,# easy distractors,# difficult distractors,# all distractors,stim_1 x,stim_2 x,stim_3 x,stim_4 x,stim_5 x,stim_6 x,stim_7 x,stim_8 x,stim_9 x,stim_10 x,stim_1 y,stim_2 y,stim_3 y,stim_4 y,stim_5 y,stim_6 y,stim_7 y,stim_8 y,stim_9 y,stim_10 y,Cumulative timer,Hit,Score,Fixation error
4,1,1,158,2,,9,7,1,2,1,1,7,8,-5.12,-5.0600000000000005,-2.48,3.6,3.66,1.24,-6.0200000000000005,3.34,5.04,-2.06,4.6000000000000005,0.36,7.1000000000000005,4.42,-4.94,0.98,-3.16,-1.68,1.6,-2.08,1.351647139000022,1,0.02,
4,1,1,159,2,,9,7,2,4,2,4,4,8,2.1,-5.7,-5.98,-2.32,-2.18,1.28,5.28,-5.7,5.64,2.7600000000000002,6.640000000000001,1.44,4.92,-3.96,5.88,-0.92,-0.6,-4.08,3.62,-4.36,6.65942215900003,1,0.04,
4,1,1,160,2,,9,7,3,2,3,1,7,8,1.84,-2.22,-3.7,4.48,4.18,-4.78,5.34,1.24,-2.06,1.02,-2.5,4.82,-5.04,0.34,-5.48,-0.7000000000000001,3.54,0.64,1.1,5.22,8.748798132000047,1,0.06,
4,1,1,161,2,,9,7,4,2,4,1,7,8,-0.66,-5.0200000000000005,0.58,3.88,5.96,4.16,-4.0600000000000005,-5.04,3.08,-3.6,6.96,7.12,3.2600000000000002,2.18,-1.6,5.68,-5.0,3.6,-3.38,-0.56,10.118678093000028,1,0.08,
4,1,1,162,2,,9,7,1,2,1,5,3,8,3.3000000000000003,-6.22,2.32,4.0600000000000005,-2.1,-4.86,-0.38,-0.24,-5.9,5.5600000000000005,1.74,-4.5600000000000005,-1.84,5.26,7.08,4.18,1.18,4.36,0.6,-2.7,14.841655015999947,1,0.1,
4,1,1,163,2,,9,7,3,4,4,6,2,8,-2.94,1.3,6.0200000000000005,5.16,4.0200000000000005,0.92,5.46,-6.04,-1.44,-5.2,5.74,6.54,-1.16,5.6000000000000005,1.32,-0.76,-4.3,-0.34,2.94,-3.8000000000000003,16.835898876000044,1,0.12,
4,1,1,164,2,,9,7,2,4,2,4,4,8,-6.12,6.28,3.8000000000000003,-5.88,0.86,-3.2800000000000002,0.98,3.84,5.28,-3.48,4.72,-2.92,6.22,-0.36,-1.2,2.42,4.22,-5.1000000000000005,2.2800000000000002,-3.46,19.639541864000023,1,0.14,
4,1,1,165,2,,9,7,3,4,3,2,6,8,-5.5,-6.22,4.78,-5.62,-2.42,5.44,5.28,-0.8200000000000001,1.6600000000000001,0.88,-1.1400000000000001,-4.76,-3.62,3.46,-2.62,-0.02,6.82,5.86,-3.2,2.86,20.97966384900002,1,0.16,
4,1,1,166,2,,9,7,1,2,2,6,2,8,3.16,-5.62,-1.02,5.14,2.72,-3.24,1.8,6.32,-4.2,1.8800000000000001,-0.98,4.32,-2.52,-4.28,7.12,1.92,2.82,2.14,-3.16,-4.04,22.621655940999972,1,0.18,
4,1,1,167,2,,9,7,3,1,1,5,3,8,-4.18,-5.44,4.94,1.34,4.72,-5.5600000000000005,-2.06,-3.34,-0.2,4.22,-4.82,-1.4000000000000001,5.76,5.44,-3.04,4.26,5.42,0.9400000000000001,1.08,0.22,24.491794825,1,0.2,
4,1,1,168,2,,9,7,3,1,2,7,1,8,0.42,5.74,-2.96,4.24,5.7,-6.24,-1.4000000000000001,0.46,4.82,1.42,-3.2800000000000002,-5.14,4.1,-1.56,5.5600000000000005,1.54,-0.5,6.82,1.96,1.86,26.13836789100003,0,0.18,
4,1,1,169,2,,9,7,4,3,4,0,8,8,2.7600000000000002,-0.24,-6.0200000000000005,-4.9,-3.46,-3.0,1.1400000000000001,3.34,-6.32,4.26,-3.72,6.28,6.66,0.48,-2.98,3.8200000000000003,-0.02,2.68,-4.7,6.12,27.830859900000007,1,0.2,
4,1,1,170,2,,9,7,3,4,3,3,5,8,-4.0,-0.8,2.1,-1.26,-5.28,-3.7,1.1400000000000001,1.54,2.96,4.34,-0.64,5.5600000000000005,6.96,1.5,-4.5200000000000005,3.66,-1.3,3.46,-4.9,1.6,29.652085065999984,1,0.22,
4,1,1,171,2,,9,7,1,4,4,4,4,8,-0.52,4.16,4.16,1.0,0.88,5.0,-3.66,-5.34,-6.26,4.5600000000000005,-2.86,-5.18,1.92,5.66,0.28,-1.1400000000000001,-1.82,4.16,-4.48,5.66,31.370923996000045,1,0.24,
4,1,1,172,2,,9,7,2,4,3,8,0,8,-2.88,5.42,-5.54,1.18,-6.04,-0.64,-3.84,-4.98,5.94,4.6000000000000005,0.06,6.94,3.12,5.1000000000000005,-0.34,-2.36,-3.54,6.640000000000001,3.56,-4.46,33.13554000900001,0,0.22,
4,1,1,173,2,,9,7,3,1,3,0,8,8,-4.9,5.58,2.84,-1.82,1.78,5.16,-4.76,-2.24,6.3,-3.46,-0.86,-0.32,-1.98,5.12,6.04,-5.1000000000000005,3.54,1.48,6.98,-4.04,34.804381847,1,0.24,
4,1,1,174,2,,9,7,3,4,3,3,5,8,5.4,-0.88,-1.52,2.18,5.86,-5.0200000000000005,-5.82,-2.74,-5.74,2.24,-4.58,0.66,5.0200000000000005,-4.0200000000000005,-0.8200000000000001,-0.4,5.72,-3.2,-4.76,2.42,37.27263498299999,1,0.26,
4,1,1,175,2,,9,7,1,3,3,7,1,8,6.1000000000000005,6.1000000000000005,-4.14,3.1,-5.3,-4.4,1.92,4.44,-0.34,6.3,6.6000000000000005,-4.88,5.42,-1.58,-2.34,1.4000000000000001,6.0,1.94,3.24,-0.74,38.66337704699998,1,0.28,
4,1,1,176,2,,9,7,1,2,2,0,8,8,-5.82,2.74,4.76,0.48,-2.18,-5.74,-2.7,3.2,-1.7,-3.98,0.6,1.58,-4.54,4.2,-4.24,-3.44,-0.8,-1.62,6.76,4.0200000000000005,40.48635602000002,1,0.3,
4,1,1,177,2,,9,7,1,3,1,2,6,8,-2.96,4.46,2.4,5.5600000000000005,3.46,-1.72,1.46,-0.96,-5.0200000000000005,1.34,-2.48,-0.7000000000000001,1.84,4.6000000000000005,-4.32,7.12,6.62,3.18,0.04,-1.3800000000000001,43.370625019000045,1,0.32,
4,1,1,178,2,,9,7,2,1,1,6,2,8,-4.86,3.0,0.22,6.0,-1.94,-4.62,-0.5,-5.86,5.84,2.2600000000000002,-4.98,2.4,-1.54,-2.68,5.54,-1.74,2.66,1.46,6.96,-3.96,44.93334388699998,1,0.34,
4,1,1,179,2,,9,7,4,2,1,6,2,8,-1.42,-1.36,1.96,6.18,0.9,1.32,-4.78,4.4,-4.78,4.5600000000000005,6.74,2.36,1.44,0.84,-1.96,4.94,-3.48,-3.2600000000000002,5.94,5.18,48.38560676599997,0,0.32,
4,1,1,180,2,,9,7,2,4,1,4,4,8,-1.24,-6.1000000000000005,-3.74,4.76,-4.76,-6.08,3.66,3.8000000000000003,-0.72,-3.44,1.26,-3.36,6.94,-3.66,-0.2,4.08,4.86,0.08,4.64,-5.3,53.26980590799997,0,0.3,
4,1,1,181,2,,9,7,2,4,2,2,6,8,1.18,2.72,-5.68,3.14,6.140000000000001,5.82,0.78,-3.7800000000000002,6.26,-3.38,-1.46,-4.96,3.48,1.2,2.9,-4.12,4.12,-4.4,7.12,6.74,56.846346855000036,1,0.32,
4,1,1,182,2,,9,7,4,1,4,5,3,8,-2.7600000000000002,-6.0200000000000005,6.140000000000001,1.74,3.7,4.42,5.18,-5.76,-3.7800000000000002,-2.48,6.72,4.96,1.52,-1.44,-5.34,4.82,-2.18,-4.74,-2.02,2.86,60.939737796999964,1,0.34,
4,1,1,183,2,,9,7,1,2,2,7,1,8,5.96,-1.3,-3.88,6.32,3.24,-2.46,0.2,2.38,-5.5,-5.38,-5.34,3.2,-0.3,4.6000000000000005,1.72,6.5600000000000005,-2.3000000000000003,5.32,3.06,-3.98,63.58201885200003,1,0.36,
4,1,1,184,2,,9,7,3,4,3,8,0,8,2.4,-1.46,-4.66,-4.5,-1.92,-6.18,5.1000000000000005,1.34,4.5200000000000005,-0.38,-4.5600000000000005,-0.16,6.5600000000000005,3.0,-3.56,-2.36,5.0,-1.6,-2.06,3.06,65.271545887,1,0.38,
4,1,1,185,2,,9,7,4,2,2,3,5,8,-6.28,-6.0,-4.28,1.8800000000000001,3.04,-1.4000000000000001,-5.98,4.96,-1.56,-2.7600000000000002,4.98,1.72,-5.24,5.34,-2.62,-3.6,-2.42,7.0600000000000005,-0.28,4.36,69.94722700100004,1,0.4,
4,1,1,186,2,,9,7,3,2,2,7,1,8,0.96,-6.1000000000000005,3.98,-2.22,-1.2,1.28,-6.2,5.74,-5.84,2.7600000000000002,-3.14,-0.32,5.1000000000000005,-3.08,2.52,7.0600000000000005,5.6000000000000005,-3.9,-3.68,0.9,71.80012798300004,1,0.42,
4,1,1,187,2,,9,7,1,2,1,2,6,8,6.3,0.54,4.24,-1.9000000000000001,2.6,-6.32,-3.54,4.12,-2.24,-5.54,-2.56,2.2,0.9,-3.7600000000000002,5.78,0.8,3.44,-5.0600000000000005,0.58,-4.36,74.86291098599997,1,0.44,
4,1,1,188,2,,9,7,4,3,3,8,0,8,-5.34,-5.92,4.24,2.7,0.2,5.22,0.8,-3.6,4.78,-5.9,0.84,-4.46,0.16,6.88,4.26,3.72,-1.86,6.94,-3.3000000000000003,4.12,76.73804187799999,1,0.46,
4,1,1,189,2,,9,7,3,2,2,8,0,8,1.58,3.42,2.46,5.4,6.0600000000000005,-5.58,5.16,-2.2,-4.16,-4.94,-2.42,1.4000000000000001,6.96,4.28,-1.3,-3.9,-5.4,-3.16,0.08,5.08,78.38733291599999,1,0.48,
4,1,1,190,2,,9,7,3,2,2,5,3,8,2.8000000000000003,-5.12,-3.68,-1.98,4.42,4.54,0.26,-1.12,1.4000000000000001,-4.24,-5.1000000000000005,-1.2,6.9,4.1,6.48,0.8,6.7,-2.22,2.1,1.8800000000000001,82.18344378500001,1,0.5,
4,1,1,191,2,,9,7,3,4,3,1,7,8,5.8,-3.68,0.3,6.04,2.66,-3.38,-4.6000000000000005,-5.96,2.7600000000000002,-0.38,5.94,-5.22,7.04,0.98,-4.14,1.78,6.54,-1.84,4.3,0.78,83.89801669100001,1,0.52,
4,1,1,192,2,,9,7,3,1,3,0,8,8,2.22,-5.9,-0.68,-1.52,4.38,-2.86,5.86,3.48,5.76,-6.26,0.12,-2.18,5.38,0.84,-4.08,-4.7,6.54,3.06,0.88,4.18,85.318544626,1,0.54,
4,1,1,193,2,,9,7,2,4,2,3,5,8,-6.2,2.58,-5.16,-4.44,-1.12,-2.2800000000000002,5.74,-3.52,2.18,1.44,6.38,-3.62,2.9,-4.0600000000000005,-2.96,5.14,-3.2,-0.28,1.3,6.32,87.126699686,1,0.56,
4,1,1,194,2,,9,7,2,4,2,4,4,8,1.18,-5.08,3.16,-1.3800000000000001,-2.66,4.0,0.78,5.98,3.72,-3.96,4.5,1.8,-3.44,7.08,4.14,1.5,1.36,-4.84,6.84,-1.84,3.733428955000022,1,0.02,
4,1,1,195,2,,9,7,1,4,1,0,8,8,-5.78,5.4,-5.28,-2.6,3.72,-6.26,4.08,0.56,1.56,-4.78,2.84,4.54,6.04,2.68,0.98,-4.68,-5.34,-1.1,5.12,-1.28,5.261327982000012,1,0.04,
4,1,1,196,2,,9,7,4,3,4,2,6,8,6.28,-6.18,-1.72,-2.36,3.14,-4.54,4.68,-4.3,2.58,6.3,-4.0200000000000005,-1.24,-0.8,-4.04,-1.92,6.48,6.640000000000001,1.74,2.04,1.24,6.735699176999958,1,0.06,
4,1,1,197,2,,9,7,2,1,1,6,2,8,-5.64,5.68,2.02,4.4,1.02,-2.12,-4.7,4.66,2.82,-6.12,6.74,-0.92,6.84,-4.5,-2.8000000000000003,5.38,-2.92,4.5200000000000005,0.64,0.14,9.288592339000047,1,0.08,
4,1,1,198,2,,9,7,2,3,3,5,3,8,5.9,1.16,5.6000000000000005,-6.32,-1.8,-4.68,3.2,-4.82,-4.58,-0.28,1.12,6.2,5.9,5.54,4.7,-4.48,2.84,-0.62,2.74,-0.74,12.00669336300001,1,0.1,
4,1,1,199,2,,9,7,4,2,2,8,0,8,-5.82,1.46,0.6,-6.1000000000000005,-6.0,-2.58,3.3200000000000003,3.62,-0.44,6.32,-0.88,6.92,0.56,-4.78,3.12,7.1000000000000005,-2.62,4.6000000000000005,3.64,2.68,13.521525382999982,1,0.12,
4,1,1,200,2,,9,7,4,3,4,4,4,8,1.96,-5.38,-6.16,5.32,-1.24,-4.78,5.9,4.64,-2.54,0.42,-4.0200000000000005,5.66,-2.32,-3.54,5.84,2.04,6.86,1.7,-3.64,0.14,16.54196047800002,1,0.14,
4,1,1,201,2,,9,7,2,3,3,7,1,8,6.18,-0.9400000000000001,-6.26,-3.8000000000000003,1.94,-4.0,2.8000000000000003,0.96,4.58,4.34,-4.5,2.48,-5.5,6.94,3.86,-3.2600000000000002,-4.22,-1.0,0.44,6.22,19.22071146999997,1,0.16,
4,1,1,202,2,,9,7,2,1,1,5,3,8,3.66,5.92,-2.22,5.32,4.22,-3.7600000000000002,-5.32,0.3,-3.66,6.140000000000001,4.58,6.88,2.14,-4.92,-1.82,6.16,0.86,6.76,-3.18,2.62,21.13010549500001,1,0.18,
4,1,1,203,2,,9,7,4,1,1,6,2,8,-0.56,6.3,2.88,4.54,2.72,-4.94,-1.24,-4.42,-5.1000000000000005,6.22,0.92,0.3,-4.46,6.9,-0.26,3.86,-2.68,-0.92,-5.46,-3.44,22.85854649500004,1,0.2,
4,1,1,204,2,,9,7,3,4,4,7,1,8,-6.1000000000000005,0.64,2.7,-0.96,4.08,3.66,-3.2600000000000002,-4.2,0.9,-0.64,-4.44,-3.58,6.92,0.36,4.08,-1.9000000000000001,-2.32,3.12,3.72,6.5600000000000005,25.80069947200002,1,0.22,
4,1,1,205,2,,9,7,4,2,4,3,5,8,6.18,5.5600000000000005,3.7,-4.78,2.52,4.0600000000000005,-6.16,1.6400000000000001,-3.06,-2.18,5.0600000000000005,-0.74,-4.26,3.44,6.62,2.7,-2.0,-1.04,-2.56,6.16,28.274991511999986,1,0.24,
4,1,1,206,2,,9,7,1,3,4,8,0,8,-6.28,5.7,3.2800000000000002,-1.1400000000000001,5.26,-4.26,2.96,1.34,-3.2800000000000002,-5.58,-4.76,3.8200000000000003,1.56,7.08,-3.8200000000000003,-0.08,5.72,-2.14,-3.3200000000000003,4.14,30.271595477999995,0,0.22,
4,1,1,207,2,,9,7,2,1,2,8,0,8,-6.28,-6.22,0.4,-4.58,-0.02,6.140000000000001,4.92,-4.48,-1.98,3.92,-4.94,2.16,-3.18,-2.06,6.34,-5.48,2.92,5.8,0.72,6.22,32.16509652100001,1,0.24,
4,1,1,208,2,,9,7,1,2,2,8,0,8,-6.04,4.08,-5.86,-4.0600000000000005,1.58,2.34,-3.2,-2.18,4.8,6.3,-2.0,-0.66,1.44,5.72,6.44,-4.24,-4.84,-0.98,6.66,-3.84,33.70728349699999,1,0.26,
4,1,1,209,2,,9,7,2,3,1,2,6,8,4.5200000000000005,6.2,-5.76,-2.02,3.42,-2.62,-6.140000000000001,3.58,4.5200000000000005,0.6,6.26,-3.08,0.28,2.22,-5.42,5.54,-4.34,-0.8200000000000001,2.8000000000000003,5.62,37.53977060300002,0,0.24,
4,1,1,210,2,,9,7,4,1,4,4,4,8,5.28,-5.54,2.14,-3.7,5.4,-1.32,-6.1000000000000005,6.18,-6.0,1.78,6.9,0.5,-3.62,-5.18,-0.02,-3.1,-2.74,-3.34,6.94,4.86,41.96327948600003,1,0.26,
4,1,1,211,2,,9,7,4,2,4,0,8,8,-0.14,4.9,6.18,-5.88,-4.1,-3.2,2.62,0.66,0.52,4.0600000000000005,6.36,-0.58,2.8000000000000003,-3.36,1.56,5.46,4.62,0.96,-3.56,-3.62,43.68344140100004,1,0.28,
4,1,1,212,2,,9,7,2,3,3,8,0,8,-2.98,0.42,-3.86,-5.28,-1.74,2.94,5.2,-5.32,5.1000000000000005,-0.84,-5.48,-3.36,7.08,-2.7800000000000002,3.64,0.66,-3.8200000000000003,4.16,3.8200000000000003,0.02,45.383544444999984,1,0.3,
4,1,1,213,2,,9,7,3,4,4,5,3,8,1.58,-5.08,3.3000000000000003,-0.84,1.1,-6.2,-2.4,-5.24,5.46,-0.22,4.68,5.0,-5.18,7.08,0.68,0.96,1.82,-2.14,-1.48,-2.88,47.84312748899998,1,0.32,
4,1,1,214,2,,9,7,4,3,4,3,5,8,4.0600000000000005,1.3800000000000001,-2.12,0.36,1.2,-3.98,-5.4,6.0,6.1000000000000005,-5.26,-5.22,6.96,5.24,-2.2600000000000002,1.9000000000000001,-5.18,6.9,-1.46,4.9,-0.74,51.23107767099998,1,0.34,
4,1,1,215,2,,9,7,2,4,2,3,5,8,0.64,0.64,-0.68,2.54,2.88,4.38,4.76,-2.92,-1.44,-5.04,-2.7600000000000002,3.46,0.58,6.88,-0.38,3.2,-4.36,3.88,6.72,-0.22,54.820239544,1,0.36,
4,1,1,216,2,,9,7,2,3,4,7,1,8,5.68,5.32,2.18,-4.14,5.14,-1.1400000000000001,0.7000000000000001,3.86,-4.22,1.26,5.44,-1.6400000000000001,-0.96,5.24,2.1,-1.94,2.16,-5.42,1.0,7.0200000000000005,57.51954054800001,0,0.34,
4,1,1,217,2,,9,7,2,4,2,4,4,8,-6.24,4.98,-4.4,-1.1,4.54,5.22,-0.32,-1.12,-4.5600000000000005,4.26,2.22,2.3000000000000003,6.98,3.22,-1.6400000000000001,-5.5200000000000005,-2.6,6.62,-2.8000000000000003,5.38,62.42310857799998,1,0.36,
4,1,1,218,2,,9,7,2,3,3,6,2,8,-2.32,1.74,-6.0200000000000005,1.6600000000000001,-3.2800000000000002,5.86,2.06,-5.54,4.48,-1.52,7.08,-3.7600000000000002,6.32,-0.3,-0.32,4.8,4.54,-3.1,-2.14,3.94,65.118116617,1,0.38,
4,1,1,219,2,,9,7,4,3,3,6,2,8,-5.66,-1.1400000000000001,-1.3,-3.0,2.36,-4.48,4.28,5.74,-3.34,1.82,7.0,-2.48,6.22,-5.38,-3.66,3.58,-0.44,-3.62,0.54,2.5,67.043787479,1,0.4,
4,1,1,220,2,,9,7,3,1,3,0,8,8,1.3,5.42,-5.34,-2.46,2.58,4.8,-1.78,2.04,-4.72,-0.04,0.02,-5.0600000000000005,4.78,-1.28,5.14,1.34,5.82,-4.0200000000000005,-5.2,2.98,68.77834749199997,1,0.42,
4,1,1,221,2,,9,7,3,4,3,3,5,8,6.22,-2.24,-0.62,-5.44,5.0600000000000005,3.18,1.76,-5.88,-2.16,-1.24,-4.22,0.0,-2.72,-5.44,1.7,4.5600000000000005,0.62,2.0,3.48,6.58,71.99957036999996,1,0.44,
4,1,1,222,2,,9,7,2,4,3,8,0,8,5.1000000000000005,4.32,-3.24,5.18,-2.82,-0.48,-6.24,-4.66,0.92,3.96,-5.08,6.1000000000000005,-5.48,-0.8200000000000001,6.32,3.84,6.32,-2.36,-0.36,2.64,73.84314346299999,0,0.42,
4,1,1,223,2,,9,7,4,1,4,3,5,8,4.98,3.08,0.92,-4.4,2.18,1.52,-2.32,-5.68,5.0200000000000005,5.3,6.140000000000001,-4.8,-0.98,6.5,2.22,6.1000000000000005,-3.86,-0.48,-1.4000000000000001,2.74,76.51670146000004,1,0.44,
4,1,1,224,2,,9,7,1,4,4,5,3,8,5.62,1.18,-2.04,6.0,-1.06,-5.46,-3.66,2.22,5.62,0.34,4.88,6.1000000000000005,-4.1,1.1,3.18,5.8,-0.28,3.04,-2.68,-0.22,78.19018530800003,1,0.46,
4,1,1,225,2,,9,7,3,1,2,6,2,8,6.28,5.76,2.6,-4.2,3.8200000000000003,-3.38,-6.0,-5.04,-0.56,-0.72,-4.0200000000000005,2.94,1.96,4.22,6.76,-4.98,6.92,-1.42,-0.78,4.0,80.016852379,0,0.44,
4,1,1,226,2,,9,7,1,2,1,5,3,8,-2.2,5.62,2.86,-3.84,1.78,-5.3,6.32,4.46,-0.8,-4.1,-1.24,1.48,3.54,-4.0600000000000005,6.74,0.12,5.38,-3.2800000000000002,3.66,5.94,85.17506241800004,1,0.46,
4,1,1,227,2,,9,7,4,2,4,4,4,8,-2.54,-5.88,-6.16,1.58,-2.64,-5.88,-2.82,-5.46,2.74,4.82,-3.6,6.0,-0.46,7.08,5.84,-4.44,0.4,2.66,-2.04,1.48,86.78267049800002,1,0.48,
4,1,1,228,2,,9,7,1,4,1,1,7,8,-5.86,5.38,-5.38,-3.02,5.94,-1.62,4.88,-3.56,-5.94,1.52,-5.5200000000000005,1.22,0.76,5.7,4.62,-0.5,-3.16,-3.22,4.54,-1.56,89.65814733499997,1,0.5,
4,1,1,229,2,,9,7,4,3,3,7,1,8,5.98,-4.92,-6.32,2.38,-1.6400000000000001,5.3,-1.08,4.94,-3.42,-0.54,6.26,-5.22,4.66,1.72,6.76,2.94,-2.92,-4.78,0.66,2.96,92.59139132499996,1,0.52,
4,1,1,230,2,,9,7,2,1,1,3,5,8,6.18,5.64,0.08,-4.76,-1.4000000000000001,-0.12,-5.2,4.7,3.2600000000000002,2.66,-5.08,6.94,6.5200000000000005,6.84,3.14,-2.02,1.36,0.92,4.8,-3.8200000000000003,95.50274729700004,1,0.54,
4,1,1,231,2,,9,7,2,3,2,1,7,8,-2.9,6.32,-5.9,1.6,-6.26,-0.68,5.16,0.54,-6.18,-2.46,-0.2,-0.3,4.22,1.22,0.88,-3.02,-3.54,5.18,-5.48,4.2,97.97038817400005,1,0.56,
4,1,1,232,2,,9,7,3,2,3,4,4,8,5.82,2.98,-4.0,-1.04,-6.12,0.62,4.4,-3.22,5.38,3.14,-3.2,-5.0200000000000005,4.9,-3.12,-3.52,6.12,3.88,1.78,7.0,-0.1,101.93640613600002,1,0.58,
4,1,1,233,2,,9,7,2,3,2,5,3,8,-3.64,0.1,4.78,-4.58,-6.0200000000000005,1.28,-2.54,-5.5200000000000005,3.66,5.86,6.38,5.14,1.74,0.64,-2.5,-1.22,-4.44,3.8000000000000003,4.98,-1.74,104.27692627900001,1,0.6,
4,1,1,234,2,,9,7,2,1,2,4,4,8,5.86,-0.38,4.5200000000000005,5.42,-5.72,0.58,-2.52,2.7800000000000002,1.8,-4.44,-0.02,-3.3000000000000003,-4.12,3.4,-3.64,6.24,1.36,-1.42,2.06,5.5600000000000005,108.088198423,1,0.62,
4,1,1,235,2,,9,7,4,2,2,5,3,8,5.96,-3.24,-5.3,-6.32,-0.22,0.14,-2.6,-6.24,3.4,3.7800000000000002,-2.92,1.3,-1.1400000000000001,4.4,-1.9000000000000001,3.42,5.8,-5.32,3.02,6.16,111.712246418,1,0.64,
4,1,1,236,2,,9,7,4,3,3,7,1,8,-6.140000000000001,-2.16,4.28,-4.82,-0.1,2.06,-2.14,1.56,5.4,3.56,-2.18,4.64,-5.5,6.6000000000000005,-2.7800000000000002,-0.26,1.48,6.72,-1.18,3.36,113.61784339000002,1,0.66,
4,1,1,237,2,,9,7,3,4,3,4,4,8,-6.22,0.36,-5.14,-0.72,-0.36,-3.92,6.16,-3.02,3.84,6.32,2.4,-2.54,7.0200000000000005,6.5200000000000005,0.66,-2.66,6.76,2.68,4.4,-1.3800000000000001,116.265975475,1,0.68,
4,1,1,238,2,,9,7,2,3,3,6,2,8,4.66,6.0600000000000005,2.92,-3.36,-5.78,3.86,1.3800000000000001,-1.92,6.08,-3.88,1.06,-5.26,-5.5,5.96,-4.66,5.22,0.48,-2.42,-1.96,1.1,119.231356382,1,0.7,
4,1,1,239,2,,9,7,4,1,1,7,1,8,4.54,-0.96,-5.4,-0.86,4.64,-2.56,4.62,-4.18,-0.42,-4.5600000000000005,3.44,1.68,7.0200000000000005,4.84,6.76,-4.8,-2.54,3.16,-2.34,-1.8,120.97697234200001,1,0.72,
4,1,1,240,2,,9,7,1,3,1,3,5,8,-0.5,2.84,-0.68,4.48,-4.22,5.54,-4.34,1.6600000000000001,-1.32,-5.58,6.04,6.8,-3.0,-3.18,5.18,0.6,0.5,3.66,1.3800000000000001,-2.68,123.46250629400004,1,0.74,
4,1,1,241,2,,9,7,4,1,3,5,3,8,0.02,0.8,-5.94,2.7,-5.3,5.32,-4.0200000000000005,1.04,5.96,-2.12,-3.2800000000000002,6.82,1.62,-0.88,4.92,3.14,-4.4,2.58,-1.12,3.3200000000000003,127.03247618699999,0,0.72,
4,1,1,242,2,,9,7,3,4,3,0,8,8,0.48,0.9,-5.54,4.84,-3.14,-2.54,4.3,-5.08,2.24,6.0200000000000005,5.72,1.28,-5.22,4.9,5.66,0.84,0.62,-1.1,-2.94,-4.1,128.242287159,1,0.74,
4,1,1,243,2,,9,7,1,3,1,5,3,8,5.6000000000000005,1.0,4.98,-6.3,-5.88,-5.0200000000000005,-2.64,-0.74,-2.9,5.86,6.74,-3.62,-5.5200000000000005,6.4,-0.52,-5.34,2.44,5.24,-2.82,0.22,131.713000298,1,0.76,
4,1,1,244,2,,9,7,1,4,1,3,5,8,-3.02,5.22,-1.1400000000000001,-6.16,-3.36,-3.5,0.7000000000000001,4.44,3.3000000000000003,-4.64,1.94,2.64,6.6000000000000005,0.62,-4.62,-1.2,1.74,-5.4,5.7,4.66,134.076416254,1,0.78,
4,1,1,245,2,,9,7,1,2,1,5,3,8,-5.66,-3.7600000000000002,-5.44,3.94,2.2800000000000002,0.22,5.0200000000000005,-3.06,5.5,-0.92,6.86,0.58,-5.5200000000000005,5.92,-4.3,1.1400000000000001,-2.32,-2.68,2.2,6.32,137.58450222,1,0.8,
4,1,1,246,2,,9,7,2,1,1,7,1,8,2.02,-2.8000000000000003,-1.6400000000000001,-5.6000000000000005,2.94,-1.16,6.12,4.76,-0.98,-5.58,-0.46,-5.22,5.8,-3.3000000000000003,2.72,1.46,4.6000000000000005,-3.02,-1.68,1.4000000000000001,140.65269208,1,0.82,
4,1,1,247,2,,9,7,4,3,3,5,3,8,1.82,-1.22,4.82,-5.92,-2.74,-1.32,3.66,3.58,-2.34,5.0200000000000005,2.84,3.7800000000000002,1.6,-2.6,-4.82,7.04,-5.48,-1.46,-0.58,6.3,144.659646034,1,0.84,
4,1,1,248,2,,9,7,1,4,3,8,0,8,6.2,5.68,3.08,-0.06,6.24,-4.14,-4.78,-2.72,-1.4000000000000001,2.92,5.92,0.88,-5.3,1.9000000000000001,-2.44,-5.14,4.72,-1.54,4.84,-1.02,146.499426126,0,0.82,
4,1,1,249,2,,9,7,2,1,1,7,1,8,3.72,-2.7,-5.26,-0.42,-4.4,-2.34,2.8000000000000003,0.8,-6.140000000000001,5.76,-0.54,0.1,6.12,7.0600000000000005,-5.14,4.34,-4.5,0.64,0.26,2.36,148.811207056,1,0.84,
4,1,1,250,2,,9,7,1,4,1,2,6,8,-1.98,0.78,4.0600000000000005,4.7,-5.6000000000000005,-1.24,-1.76,2.16,-4.96,6.12,3.16,1.0,-4.12,4.2,6.9,-2.96,6.48,6.9,-3.0,1.1,153.74789905499998,1,0.86,
4,1,1,251,2,,9,7,3,4,3,2,6,8,-3.04,-6.0200000000000005,-3.42,-0.66,2.86,-6.26,-3.88,5.88,4.12,-0.12,-5.2,1.56,5.14,-0.28,0.28,6.5200000000000005,-1.52,-1.76,-5.0600000000000005,3.72,155.276246071,1,0.88,
4,1,1,252,2,,9,7,1,3,3,6,2,8,-0.26,5.18,6.3,-4.54,-1.82,-5.14,4.24,-5.4,-5.26,3.42,2.98,-2.68,2.52,-0.5,5.74,6.18,6.46,3.02,-4.78,0.98,157.156486034,1,0.9,
4,1,1,253,2,,9,7,1,2,1,7,1,8,6.2,1.2,3.04,5.0200000000000005,-4.18,-0.68,-4.78,4.64,0.48,4.94,-2.22,3.64,-2.14,3.8000000000000003,-4.32,-0.8,0.98,-5.12,6.9,0.66,158.741666079,1,0.92,
4,1,1,254,2,,9,7,2,4,2,4,4,8,5.48,-6.32,5.3,-3.64,0.78,-1.78,1.16,-3.68,-5.54,3.38,6.72,-5.04,-1.92,6.48,-0.5,3.08,6.38,-1.96,2.52,2.48,162.815541029,1,0.94,
4,1,1,255,2,,9,7,3,1,3,0,8,8,6.0200000000000005,-3.14,-6.2,1.1,-2.32,6.3,3.6,-5.64,-5.4,-0.7000000000000001,-2.98,5.62,3.18,-3.62,-3.56,6.68,0.86,-1.6,-5.3,3.2600000000000002,164.252640963,1,0.96,
4,1,1,256,2,,9,7,2,4,2,1,7,8,2.72,-2.3000000000000003,-5.2,0.1,-6.22,-5.78,3.42,5.6000000000000005,-3.1,5.34,6.78,4.46,6.82,1.42,-4.88,-1.36,-5.36,-2.5,-3.88,4.5,165.670370817,1,0.98,
4,1,1,257,2,,9,7,3,1,1,4,4,8,-2.64,-3.36,5.94,-6.22,-1.96,-5.22,-5.66,0.46,6.22,2.12,2.94,-3.64,6.140000000000001,-5.5,6.48,-0.08,6.12,-1.22,-1.62,6.5600000000000005,170.54924178099998,1,1.0,
4,1,1,258,2,,9,7,1,2,1,5,3,8,-1.94,-5.38,6.0200000000000005,-0.52,-5.04,5.5,5.28,-0.72,2.16,-4.34,6.88,0.96,-4.3,-2.4,4.44,1.3,5.5200000000000005,1.94,4.12,-3.38,174.00754571000002,1,1.02,
4,1,1,259,2,,9,7,3,1,1,8,0,8,-4.96,-3.0,2.94,5.9,0.74,3.0,4.72,-6.1000000000000005,0.52,-1.52,5.5600000000000005,-3.48,7.1000000000000005,-2.04,2.8000000000000003,-5.5,2.24,-0.18,-3.38,5.0200000000000005,175.751427889,1,1.04,
4,1,1,260,2,,9,7,4,3,3,8,0,8,-6.28,-2.46,6.24,5.82,0.74,4.22,2.5,-2.88,4.66,-4.24,6.72,6.72,5.36,-0.88,-3.24,-4.0600000000000005,6.140000000000001,-0.26,2.22,3.86,177.45741200400002,1,1.06,
4,1,1,261,2,,9,7,4,3,4,4,4,8,6.32,0.26,-4.38,2.88,2.4,-0.84,-5.22,4.28,6.04,-5.9,0.76,6.42,-5.5,-4.24,1.18,-1.6,3.6,4.34,-4.9,-1.7,179.728039026,1,1.08,
4,1,1,262,2,,9,7,4,2,4,2,6,8,-3.3000000000000003,4.1,-2.68,-4.24,-6.22,5.54,-2.74,-0.12,1.6600000000000001,2.5,-1.92,-4.54,3.7600000000000002,-5.0600000000000005,1.6600000000000001,5.88,6.9,-1.74,6.5200000000000005,2.96,182.892836809,1,1.1,
4,1,1,263,2,,9,7,1,3,1,4,4,8,-2.08,6.3,-2.88,1.34,5.58,-4.5600000000000005,1.06,5.86,-5.72,-3.52,-2.34,-2.14,0.9400000000000001,5.74,2.14,4.88,0.34,5.44,-2.54,-5.3,185.831229925,1,1.12,
4,1,1,264,2,,9,7,2,1,2,2,6,8,-5.3,-6.22,4.58,-2.04,1.54,3.58,-0.18,-4.5,4.14,0.5,-1.46,1.84,3.54,-0.68,1.54,-1.16,6.08,-4.7,-4.5200000000000005,-3.4,187.920109987,1,1.14,
4,1,1,265,2,,9,7,3,1,4,6,2,8,3.54,6.2,-2.8000000000000003,-0.84,-5.2,6.32,-4.58,6.1000000000000005,0.3,2.74,-3.14,-5.14,-4.5200000000000005,-0.58,4.04,1.1,-0.9400000000000001,6.92,4.74,0.96,193.526541948,0,1.12,
4,1,1,266,2,,9,7,1,2,2,8,0,8,0.98,-4.48,-4.0,-3.1,5.68,2.52,-5.8,4.26,3.04,-0.84,6.8,1.8,-5.5,6.58,1.06,2.54,4.9,5.6000000000000005,-2.7600000000000002,-2.4,195.044329882,1,1.14,
4,1,1,267,2,,9,7,4,3,3,7,1,8,-5.12,5.36,-0.06,2.36,0.72,5.58,-6.0600000000000005,-2.0,4.5200000000000005,-3.36,5.58,-2.94,2.22,4.24,-3.62,6.54,-5.38,6.58,1.4000000000000001,2.48,196.648933887,1,1.16,
4,1,1,268,2,,9,7,4,3,3,8,0,8,-5.88,5.94,5.0200000000000005,-4.5600000000000005,-2.6,3.2,3.38,-2.52,1.8,-5.92,-2.72,1.84,-1.36,0.56,5.9,-4.62,5.04,-2.56,-0.2,3.48,198.55867981900002,1,1.18,
4,1,1,269,2,,9,7,2,1,2,1,7,8,6.04,-6.0600000000000005,-4.62,-4.16,3.22,3.68,-6.32,5.8,1.54,-0.7000000000000001,3.96,-3.68,-0.66,2.54,-5.44,6.8,4.84,-0.96,1.76,-2.84,199.942807913,1,1.2,
4,1,1,270,2,,9,7,2,3,3,7,1,8,-1.48,-3.8200000000000003,-0.14,2.84,5.88,5.0600000000000005,2.86,-5.62,1.74,-2.5,0.92,-3.7800000000000002,-2.48,-4.18,2.16,7.08,0.98,-0.72,5.16,4.5200000000000005,202.403851986,1,1.22,
4,1,1,271,2,,9,7,1,3,3,6,2,8,1.34,1.92,5.24,-5.9,-2.66,5.7,4.9,3.2800000000000002,-0.32,-1.32,4.7,-2.72,-5.48,-4.88,3.86,-2.2600000000000002,5.42,2.16,1.62,-2.42,203.726546049,1,1.24,
4,1,1,272,2,,9,7,1,3,3,7,1,8,-0.56,-4.96,-3.88,-1.3,3.24,-4.28,5.4,4.16,2.3000000000000003,0.16,6.94,-5.4,6.04,-2.98,6.6000000000000005,2.6,2.22,-3.46,-0.54,2.5,205.25658202199998,1,1.26,
4,1,1,273,2,,9,7,3,4,3,1,7,8,-6.140000000000001,-5.1000000000000005,1.52,-3.84,2.84,-2.7600000000000002,-2.88,2.56,5.58,-0.58,-5.08,3.72,-3.3200000000000003,7.0200000000000005,6.28,-2.54,1.42,2.12,-5.34,7.0200000000000005,207.916388988,1,1.28,
4,1,1,274,2,,9,7,2,3,2,5,3,8,2.84,-0.86,-6.28,-2.68,1.82,4.62,-1.96,-4.32,-6.3,2.44,6.5,4.0200000000000005,3.66,-4.5200000000000005,-2.2800000000000002,-4.82,0.42,6.34,0.48,2.04,215.329878092,1,1.3,
4,1,1,275,2,,9,7,1,3,3,7,1,8,6.32,-5.74,-1.8800000000000001,3.4,3.2800000000000002,-0.16,4.88,-5.0200000000000005,1.54,-2.22,-3.98,2.9,-3.7600000000000002,1.6400000000000001,-3.14,-0.74,6.18,-3.2800000000000002,4.5600000000000005,2.2600000000000002,218.39966297100003,1,1.32,
4,1,1,276,2,,9,7,3,4,3,1,7,8,1.4000000000000001,-1.84,5.9,-6.26,5.16,4.66,-0.28,-5.14,-5.32,2.48,-2.82,4.4,4.62,-4.74,0.88,-3.9,0.86,1.8,5.54,3.88,221.054317951,1,1.34,
4,1,1,277,2,,9,7,4,1,4,4,4,8,-1.58,-2.7,-4.86,0.96,4.34,0.66,-6.08,-4.2,-2.98,3.14,7.0600000000000005,1.6600000000000001,6.42,-0.38,-4.44,2.92,2.52,-1.24,-4.78,6.18,223.084873915,1,1.36,
4,1,1,278,2,,9,7,4,2,1,6,2,8,-2.32,-1.12,-5.2,-3.86,3.94,-5.5600000000000005,-0.2,3.6,5.96,4.68,6.98,1.6600000000000001,5.7,-5.36,-5.0600000000000005,0.52,-1.36,1.1400000000000001,5.62,-1.96,225.36694979700002,0,1.34,
4,1,1,279,2,,9,7,2,4,2,0,8,8,-5.26,-1.0,-4.76,3.22,-0.9400000000000001,5.66,-6.16,3.7600000000000002,2.18,-3.56,7.1000000000000005,-3.62,-5.42,-1.2,4.98,3.92,3.36,-4.48,4.4,-0.88,226.932905912,1,1.36,
4,1,1,280,2,,9,7,4,3,4,4,4,8,-5.12,-2.34,-2.1,-0.12,2.12,-5.64,4.64,-5.04,4.92,-4.4,6.72,0.9,5.84,-1.7,5.5200000000000005,-4.98,-2.54,-1.44,3.86,3.54,232.184187889,1,1.38,
4,1,1,281,2,,9,7,3,2,2,8,0,8,-4.44,-2.0,-5.82,-0.46,3.88,4.32,-5.5600000000000005,-1.56,-5.78,2.72,-4.32,0.74,2.16,-2.22,-5.28,0.68,5.48,5.84,-1.1400000000000001,6.86,234.039098978,1,1.4,
4,1,1,282,2,,9,7,3,2,3,2,6,8,3.62,-3.42,0.18,5.54,-5.96,0.34,-3.7800000000000002,5.12,4.82,0.14,-0.74,-0.58,6.26,6.86,1.52,2.8000000000000003,4.8,2.48,-4.76,-2.56,236.607847929,1,1.42,
4,1,1,283,2,,9,7,1,4,4,4,4,8,6.32,-2.16,-1.26,-5.6000000000000005,3.92,6.0600000000000005,3.16,-3.84,-1.02,-5.92,5.82,-3.66,3.46,-3.7800000000000002,-4.08,1.0,6.38,6.6000000000000005,-0.3,4.14,241.44765090899998,1,1.44,
4,1,1,284,2,,9,7,1,4,1,3,5,8,-5.44,-5.5200000000000005,-4.4,5.28,-1.74,0.58,3.12,-4.84,3.7600000000000002,1.04,-1.94,1.2,-5.0,1.04,-2.4,5.46,-2.14,4.5,-5.48,1.02,243.388588905,1,1.46,
4,1,1,285,2,,9,7,4,3,4,8,0,8,-6.1000000000000005,3.3200000000000003,-2.94,4.5200000000000005,0.14,4.9,-1.7,-6.32,3.96,1.28,0.96,-2.02,2.36,6.38,0.16,-5.44,-2.7600000000000002,-3.06,2.38,6.98,244.961988926,1,1.48,
4,1,1,286,2,,9,7,2,1,2,1,7,8,4.08,1.08,1.74,4.64,5.84,-5.74,-2.52,-0.02,-5.74,-3.6,6.46,-1.56,4.24,-3.68,3.54,1.58,4.62,1.44,4.84,-3.4,247.998707056,1,1.5,
4,1,1,287,2,,9,7,2,4,2,4,4,8,6.12,-2.94,1.7,-5.76,-6.04,-0.88,4.44,-2.2600000000000002,5.34,2.82,3.66,-5.22,-0.06,3.94,-2.38,-2.68,-3.98,6.640000000000001,-0.46,5.08,250.375743866,1,1.52,
4,1,1,288,2,,9,7,4,2,2,7,1,8,0.84,-4.94,-0.5,5.44,4.58,-1.36,-1.5,-5.0200000000000005,2.86,-4.96,6.8,1.36,1.08,-5.18,6.9,-3.3000000000000003,4.14,6.2,-3.02,-3.6,251.894777775,1,1.54,
4,1,1,289,2,,9,7,1,2,2,8,0,8,-5.92,5.46,-4.6000000000000005,-0.3,-2.24,4.0,4.58,0.88,-2.7800000000000002,5.82,1.18,6.140000000000001,-4.38,5.5600000000000005,-1.1400000000000001,-1.04,2.2600000000000002,2.18,1.96,-5.04,253.832345963,1,1.56,
4,1,1,290,2,,9,7,1,3,1,3,5,8,6.04,-4.76,5.04,-1.7,2.7,4.2,-2.14,-4.68,-6.140000000000001,2.2800000000000002,-3.52,-5.2,2.12,4.26,-3.44,6.54,-3.0,6.140000000000001,0.92,3.72,256.949437857,1,1.58,
4,1,1,291,2,,9,7,1,3,1,5,3,8,-5.92,-3.9,-2.34,-6.3,4.88,4.78,4.86,1.84,-0.56,1.18,1.06,-2.22,0.88,-4.92,-3.92,1.52,4.76,-2.6,4.82,0.9,262.057680845,1,1.6,
4,1,1,292,2,,9,7,4,2,4,3,5,8,1.78,-2.2600000000000002,1.28,6.0200000000000005,4.22,-4.92,3.74,-1.56,-5.96,-5.54,2.22,-3.96,-2.16,-0.08,4.74,1.32,-5.42,-0.2,6.24,-4.0200000000000005,266.06498193699997,1,1.62,
4,1,1,293,2,,9,7,4,1,4,5,3,8,5.18,-5.5200000000000005,5.2,-0.3,-3.8000000000000003,2.22,5.28,1.26,-3.1,-1.56,1.82,6.94,-5.5,-2.9,-3.22,0.32,5.16,4.88,1.28,6.38,271.76066184,1,1.64,
4,1,1,294,2,,9,7,3,1,3,4,4,8,-5.72,-4.5200000000000005,-2.72,5.58,-5.64,0.78,4.18,-0.78,1.78,-1.28,7.08,-1.24,1.6600000000000001,-4.58,-4.28,0.6,1.36,6.0600000000000005,-3.72,-2.84,273.45373272899997,1,1.66,
4,1,1,295,2,,9,7,1,4,2,6,2,8,1.2,4.74,5.24,-2.36,-2.98,-1.62,1.96,2.2,-5.28,5.9,6.88,-4.2,-0.38,5.88,1.98,-1.82,2.44,-1.6400000000000001,4.44,4.84,279.067340851,0,1.64,
4,1,1,296,2,,9,7,2,1,2,0,8,8,3.3000000000000003,-2.12,5.96,-0.3,5.24,2.84,1.16,-3.94,3.88,-2.7800000000000002,6.96,0.9400000000000001,-4.46,6.66,4.12,-2.12,3.8200000000000003,4.36,1.22,-2.34,280.445540667,1,1.66,
4,1,1,297,2,,9,7,4,2,4,3,5,8,6.28,-5.44,5.5200000000000005,-6.0,0.86,1.44,0.3,5.74,-5.64,-1.74,-4.2,6.12,2.82,-4.8,6.22,-3.46,1.62,-1.1,1.04,-1.72,284.058891773,1,1.68,
4,1,1,298,2,,9,7,4,1,1,8,0,8,-4.82,3.46,2.94,5.16,-4.26,5.88,-4.82,0.14,-3.68,5.82,0.96,-5.5,1.68,5.72,7.12,-3.34,-4.88,-0.54,4.0200000000000005,-0.12,286.307482719,1,1.7,
4,1,1,299,2,,9,7,3,1,3,2,6,8,5.54,1.52,-1.18,-2.2800000000000002,-4.5200000000000005,4.08,-5.34,5.82,-2.58,3.36,6.74,-1.8800000000000001,3.62,0.16,5.54,2.16,-1.2,-0.5,-4.42,-4.86,288.500644684,1,1.72,
4,1,1,300,2,,9,7,2,1,1,7,1,8,4.6000000000000005,-6.04,-5.24,-0.92,2.44,-2.38,-3.6,1.08,4.5,1.58,-4.96,5.72,-3.84,4.96,6.4,-1.3,2.72,0.2,-1.18,-3.84,291.0294725895,1,1.74,
4,1,1,301,2,,9,7,1,3,3,8,0,8,4.32,-0.72,-4.22,-2.7600000000000002,5.5200000000000005,3.7600000000000002,-1.82,-6.0200000000000005,3.46,1.68,2.0,2.34,-5.08,-1.6600000000000001,-0.96,-4.68,6.24,1.94,6.98,-0.66,292.3266336918,1,1.76,
4,1,1,302,2,,9,7,1,2,1,3,5,8,1.5,-0.6,-5.18,4.68,-1.76,-5.44,4.8,1.8,-5.28,-1.48,3.36,-3.4,4.0600000000000005,-0.64,6.24,-3.44,-5.42,6.58,0.8,1.24,295.4739098549,1,1.78,
4,1,1,303,2,,9,7,3,4,4,7,1,8,4.84,5.38,3.88,1.74,-5.92,-1.8,2.52,-3.8000000000000003,4.42,-2.16,-5.12,-0.18,2.62,5.0,3.22,-2.38,-1.62,-4.92,7.1000000000000005,2.5,297.1561429501,1,1.8,
4,1,1,304,2,,9,7,3,1,3,1,7,8,-1.44,5.84,-1.58,-5.8,4.88,-4.6000000000000005,-3.94,2.3000000000000003,4.0200000000000005,1.26,-1.34,-3.96,1.92,6.0,1.4000000000000001,-1.12,-4.26,-3.3000000000000003,7.08,4.96,299.8309109211,1,1.82,
4,1,1,305,2,,9,7,3,2,3,0,8,8,6.04,-6.18,4.96,-5.76,-3.3000000000000003,5.72,-1.32,2.94,-0.58,-2.62,5.8,5.5200000000000005,0.5,1.42,4.22,-2.96,0.86,5.18,6.46,-4.4,301.5790510178,1,1.84,
4,1,1,306,2,,9,7,2,1,2,6,2,8,2.4,5.5,-6.2,6.1000000000000005,2.6,4.22,-4.0600000000000005,-5.74,-2.14,-0.86,2.08,-5.42,-5.14,-1.22,-1.56,5.08,-1.06,6.5,4.36,-1.22,307.1411569118,1,1.86,
4,1,1,307,2,,9,7,4,3,4,0,8,8,-0.18,-3.34,3.96,5.28,-5.18,-5.94,0.26,-1.92,-6.28,-0.42,6.38,6.76,-4.48,-0.88,-0.06,3.22,-1.3,-3.74,-3.68,2.2800000000000002,308.5836520195,1,1.88,
4,1,1,308,2,,9,7,2,4,3,7,1,8,3.04,0.8200000000000001,5.16,3.54,-5.46,-5.2,-3.14,3.04,-1.6600000000000001,5.86,-5.1000000000000005,6.6000000000000005,1.06,-1.6400000000000001,-3.8200000000000003,1.86,6.46,3.58,2.6,5.92,311.050773859,0,1.86,
4,1,1,309,2,,9,7,3,1,3,3,5,8,-2.6,-4.68,5.72,-5.66,4.92,5.5200000000000005,-3.18,-1.4000000000000001,1.6400000000000001,2.0,0.8200000000000001,6.5600000000000005,0.66,-1.06,4.24,-3.9,-3.2600000000000002,4.22,6.74,-2.3000000000000003,315.1240777969,1,1.88,
4,1,1,310,2,,9,7,1,4,1,0,8,8,6.24,-4.0600000000000005,-5.04,-5.84,-0.16,-0.1,-2.62,5.28,3.3200000000000003,-2.44,0.5,-3.54,3.22,-0.24,-3.56,3.6,-0.36,-3.86,7.1000000000000005,5.86,316.7605369091,1,1.9,
4,1,1,311,2,,9,7,3,1,3,2,6,8,-1.54,-6.16,5.98,0.2,4.4,-3.54,-2.96,5.0,-6.18,1.86,6.74,0.32,-0.1,-2.72,-4.82,3.42,-0.62,3.92,-4.8,6.5200000000000005,320.0308728218,1,1.92,
4,1,1,312,2,,9,7,2,3,2,0,8,8,-3.96,4.78,-5.9,-4.48,0.78,2.32,-3.68,4.84,-2.72,2.32,-5.5,4.38,-2.52,0.32,6.98,1.94,3.52,-4.42,6.5600000000000005,-2.38,321.7365968227,1,1.94,
4,1,1,313,2,,9,7,4,2,4,1,7,8,1.6400000000000001,2.96,-1.48,5.22,-6.32,2.62,-2.96,5.4,-4.0600000000000005,-2.2600000000000002,0.34,-4.46,-3.38,-1.46,-1.06,4.22,4.08,6.68,-5.36,-0.28,323.3144338131,1,1.96,
4,1,1,314,2,,9,7,4,2,4,5,3,8,-5.16,-1.72,3.86,5.0200000000000005,5.68,2.12,-3.9,-5.5200000000000005,5.84,-0.22,1.78,1.86,-4.38,2.16,-1.6600000000000001,0.6,5.0600000000000005,-1.3800000000000001,5.26,-2.22,325.0702288151,1,1.98,
4,1,1,315,2,,9,7,1,3,4,8,0,8,-0.14,-0.42,6.22,6.26,2.38,-4.7,-5.5600000000000005,-3.56,-1.16,4.0600000000000005,-0.42,2.74,5.8,-4.96,-3.7,5.78,-4.26,0.92,-3.72,0.26,327.1382060051,0,1.96,
4,1,1,316,2,,9,7,2,3,2,0,8,8,-5.26,5.0600000000000005,-5.32,1.3800000000000001,-6.24,-1.8800000000000001,5.5,4.44,0.14,2.24,-5.5,2.02,7.0600000000000005,1.16,0.26,4.46,6.4,-4.66,-3.0,5.46,328.6054029465,1,1.98,
4,1,1,317,2,,9,7,1,4,4,7,1,8,-1.18,4.44,-4.38,1.48,5.86,1.6600000000000001,4.74,-3.7800000000000002,-1.1,1.6600000000000001,0.04,0.72,1.18,2.4,-5.0600000000000005,6.94,4.38,-4.48,5.38,-3.04,330.4935078621,1,2.0,
4,1,1,318,2,,9,7,3,4,3,2,6,8,6.28,-5.04,0.24,-4.26,6.32,2.34,-1.82,5.66,1.68,-6.140000000000001,-4.32,-5.3,5.7,5.3,0.14,0.38,2.42,3.5,-3.7600000000000002,-1.3800000000000001,331.7941317558,1,2.02,
4,1,1,319,2,,9,7,2,1,2,0,8,8,-1.58,-5.0200000000000005,5.34,-6.3,5.68,2.86,-2.04,-3.8000000000000003,-6.32,-0.86,6.58,6.8,-3.92,-4.08,3.38,6.22,-3.04,0.98,3.92,3.06,333.5740427971,1,2.04,
4,1,1,320,2,,9,7,3,2,3,2,6,8,-6.08,0.32,-6.18,0.66,-5.32,-2.44,-2.86,3.96,4.76,-0.24,-5.0,2.08,-0.1,-1.58,6.48,-4.62,1.6,4.54,-3.62,5.98,335.2617809772,1,2.06,
4,1,1,321,2,,9,7,4,2,2,8,0,8,-5.62,-6.16,-0.2,4.1,6.16,-2.5,2.92,-4.5600000000000005,5.48,-2.2600000000000002,0.7000000000000001,-2.98,5.38,-5.5200000000000005,-1.1400000000000001,-3.64,3.5,4.08,6.68,0.58,336.7746319771,1,2.08,
4,1,1,322,2,,9,7,1,3,1,5,3,8,-5.86,0.08,-4.4,0.72,-2.2800000000000002,-2.56,-3.84,3.62,3.46,5.8,-3.42,5.4,-0.54,-1.6400000000000001,2.0,-3.94,6.36,0.76,5.5200000000000005,-5.14,341.9446048737,1,2.1,
4,1,1,323,2,,9,7,3,4,4,6,2,8,2.5,-5.08,5.16,-4.18,3.74,5.4,-1.28,1.48,-5.84,-4.48,6.6000000000000005,6.640000000000001,-0.46,2.24,-4.84,5.38,3.52,-2.14,-4.76,-1.5,344.0044620037,1,2.12,
4,1,1,324,2,,9,7,1,2,1,3,5,8,-0.14,-1.68,-1.0,5.82,2.14,-4.22,4.26,2.48,-4.58,-4.4,7.04,-2.18,3.62,-0.02,4.1,4.72,-5.24,-0.52,-0.14,-4.7,349.1407239437,1,2.14,
4,1,1,325,2,,9,7,1,4,1,2,6,8,5.68,-5.48,-3.14,5.84,-5.32,-2.2800000000000002,0.72,2.22,6.22,3.2800000000000002,2.96,6.38,-5.08,-2.46,2.64,4.98,0.06,3.2800000000000002,6.8,-4.98,351.947726965,1,2.16,
4,1,1,326,2,,9,7,1,2,1,3,5,8,5.5,-1.5,-4.26,2.9,6.0600000000000005,-4.12,6.18,-3.54,-0.56,1.58,4.22,5.18,-0.4,-2.52,0.64,3.2,-4.08,-3.86,-1.48,2.24,353.9321489334,1,2.18,
4,1,1,327,2,,9,7,3,1,3,2,6,8,-5.76,1.94,4.92,-1.0,5.22,-1.68,-4.84,-2.2600000000000002,1.12,4.34,6.62,-3.52,1.9000000000000001,-2.18,-4.12,6.68,3.5,1.06,1.62,5.18,355.2527170181,1,2.2,
4,1,1,328,2,,9,7,2,4,2,3,5,8,1.12,1.12,-2.7,4.36,-2.64,-5.2,5.18,-2.68,-6.2,4.74,-3.42,4.32,6.86,4.94,-4.14,-0.8,-3.12,2.86,2.34,0.62,359.8008799553,1,2.22,
4,1,1,329,2,,9,7,1,4,1,3,5,8,-3.9,-0.1,2.94,6.26,-5.32,2.62,-4.94,5.72,-0.26,-1.54,-3.96,-2.9,-4.4,-4.92,5.7,3.8000000000000003,-0.92,5.38,5.1000000000000005,0.96,364.0809979439,1,2.24,
4,1,1,330,2,,9,7,2,4,4,8,0,8,-2.44,-0.38,4.78,-6.0,3.94,-5.58,-6.12,3.3200000000000003,-2.02,1.46,-4.38,6.92,-3.74,6.12,5.24,-0.7000000000000001,-4.92,0.42,-1.16,-2.68,365.3314919472,1,2.26,
4,1,1,331,2,,9,7,2,3,4,8,0,8,5.66,-5.94,3.24,4.0,5.9,-1.3,2.16,-0.24,-4.48,-5.86,2.14,-4.74,5.08,-3.94,-1.04,-3.44,1.92,4.48,4.78,-0.9,367.2629179955,0,2.24,
4,1,1,332,2,,9,7,4,1,4,1,7,8,-5.72,2.72,-2.64,3.2800000000000002,6.1000000000000005,-0.8200000000000001,1.36,5.32,-4.78,-0.6,-4.64,-3.7600000000000002,-3.2,7.1000000000000005,-5.0,6.28,3.48,0.68,2.34,-0.38,369.0070390701,1,2.26,
4,1,1,333,2,,9,7,2,4,4,7,1,8,-1.16,-6.18,-3.7,4.18,-5.46,-1.02,4.7,-3.64,2.16,5.9,-3.24,-0.04,5.42,6.68,-3.88,3.7600000000000002,1.82,1.9000000000000001,-3.7800000000000002,-4.46,371.93672108650003,1,2.28,
4,1,1,334,2,,9,7,2,4,4,8,0,8,6.24,-3.52,2.34,-0.8,5.9,-4.9,-2.62,4.1,3.54,-3.18,3.8000000000000003,1.82,1.62,-0.8,-1.24,-1.26,5.68,7.08,-3.5,-5.18,373.2635519505,1,2.3,
4,1,1,335,2,,9,7,3,1,3,1,7,8,-0.48,-2.04,-5.0,5.12,1.5,-6.3,-5.5,2.98,5.62,1.9000000000000001,2.86,-0.32,4.18,2.02,-2.38,-4.62,-0.68,6.36,-5.42,0.76,375.8889601231,1,2.32,
4,1,1,336,2,,9,7,2,3,2,1,7,8,1.62,-4.54,4.82,5.72,-1.52,2.7,2.24,6.0200000000000005,-5.88,-5.3,4.7,-3.02,3.62,7.1000000000000005,6.24,0.9400000000000001,-3.7800000000000002,-3.62,0.28,3.7800000000000002,378.4113490582,1,2.34,
4,1,1,337,2,,9,7,1,4,4,8,0,8,-2.9,5.92,-1.5,5.76,-0.86,-4.72,-6.32,-6.0600000000000005,-0.18,2.42,-5.44,-5.38,3.36,-0.92,-0.18,-2.84,6.22,1.2,6.42,-3.56,379.7561450005,1,2.36,
4,1,1,338,2,,9,7,4,2,4,0,8,8,-5.26,-0.68,3.2800000000000002,0.58,-6.140000000000001,-6.22,4.0,-3.44,1.2,5.76,0.1,7.1000000000000005,1.6600000000000001,3.8200000000000003,4.2,-4.88,6.74,-3.18,-1.86,-3.9,381.00865411758,1,2.38,
4,1,1,339,2,,9,7,2,1,2,2,6,8,2.2,5.74,-2.3000000000000003,4.28,-4.96,-2.04,-5.86,3.2,-4.08,5.78,-2.94,0.18,-2.7600000000000002,6.66,4.5200000000000005,6.9,-2.98,2.98,0.88,-3.2,383.9924120903,1,2.4,
4,1,1,340,2,,9,7,4,3,4,0,8,8,-6.0,-3.14,4.66,4.0600000000000005,4.6000000000000005,-1.78,0.64,1.34,-5.94,-2.94,6.18,2.64,0.28,-3.88,4.2,7.0200000000000005,-1.86,1.9000000000000001,0.34,-5.4,385.41174602509,1,2.42,
4,1,1,341,2,,9,7,1,4,2,2,6,8,4.9,0.58,-2.06,4.8,-2.52,0.8200000000000001,3.56,-2.56,6.18,-6.08,-5.48,2.2,-0.04,2.84,-3.34,6.16,-2.22,5.4,6.32,-3.3000000000000003,387.43937802315,0,2.4,
4,1,1,342,2,,9,7,1,2,1,2,6,8,5.08,-5.0200000000000005,2.14,-1.84,4.9,5.48,-3.44,-2.2600000000000002,-5.7,2.16,7.08,0.72,0.1,0.26,-2.0,1.42,-4.58,6.28,4.1,-4.26,390.550734043121,1,2.42,
