2	 2	 1	 1	 1	    2	 10	 9	 2	 NaN	    2	 0	 0	 0	 -4.4661	    NaN	 NaN	 NaN	 NaN	 NaN	    NaN	 NaN	 NaN	 NaN	 18.5710	    NaN	 NaN	 NaN	 NaN	 NaN	    NaN	 NaN	 NaN	 NaN	 3.1673	    1	 0.0200	 0	 2.555841e+03	 2.556625e+03	    2559.7922
2	 2	 1	 2	 1	    1	 10	 9	 2	 NaN	    1	 0	 0	 0	 5.0465	    NaN	 NaN	 NaN	 NaN	 NaN	    NaN	 NaN	 NaN	 NaN	 18.7974	    NaN	 NaN	 NaN	 NaN	 NaN	    NaN	 NaN	 NaN	 NaN	 6.7429	    0	 0.0000	 1	 2.565885e+03	 2.566869e+03	    2570.4443
2	 2	 1	 3	 1	    1	 10	 9	 3	 NaN	    3	 3	 0	 3	 -6.9959	    7.2700	 -6.7184	 5.0465	 NaN	 NaN	    NaN	 NaN	 NaN	 NaN	 9.9695	    5.1301	 16.1086	 19.4960	 NaN	 NaN	    NaN	 NaN	 NaN	 NaN	 9.8435	    1	 0.0200	 0	 2.576087e+03	 2.577037e+03	    2580.1378
2	 2	 1	 4	 1	    2	 10	 9	 1	 NaN	    1	 0	 8	 8	 4.9094	    1.2098	 5.8203	 -7.2055	 -6.0779	 7.5450	    -7.1592	 -3.5580	 6.5935	 NaN	 4.9735	    15.7221	 19.8763	 18.2763	 5.0583	 8.2598	    10.4672	 15.3012	 13.5709	 NaN	 14.0193	    1	 0.0400	 0	 2.585130e+03	 2.585872e+03	    2590.0480
2	 2	 1	 5	 1	    1	 10	 9	 4	 NaN	    3	 6	 0	 6	 2.0167	    -5.6925	 4.4515	 5.7989	 -3.0680	 -7.0507	    5.4072	 NaN	 NaN	 NaN	 15.4653	    10.0042	 5.3293	 19.3284	 6.9332	 19.7531	    10.1800	 NaN	 NaN	 NaN	 16.5198	    0	 0.0200	 0	 2.596291e+03	 2.596874e+03	    2599.3749
2	 2	 1	 6	 1	    1	 10	 9	 2	 NaN	    2	 7	 0	 7	 0.4510	    7.4644	 -7.9152	 -5.3747	 7.4998	 3.8904	    -4.9037	 -3.8631	 NaN	 NaN	 16.3666	    19.8814	 5.1607	 13.0345	 9.0747	 11.2431	    19.1233	 7.3257	 NaN	 NaN	 19.3869	    1	 0.0000	 1	 2.604834e+03	 2.605359e+03	    2608.2266
2	 2	 1	 7	 1	    2	 10	 9	 3	 NaN	    3	 0	 7	 7	 5.1852	    1.4971	 -7.7342	 4.6211	 -7.9030	 -5.2132	    -2.0857	 3.1295	 NaN	 NaN	 7.7027	    5.0417	 15.2250	 17.6049	 4.4707	 11.4860	    16.7898	 13.6984	 NaN	 NaN	 22.3792	    1	 0.0200	 0	 2.613578e+03	 2.614261e+03	    2617.2533
2	 2	 1	 8	 1	    2	 10	 9	 4	 NaN	    4	 0	 5	 5	 5.6377	    -2.2188	 6.3831	 -4.9668	 -7.7854	 4.1150	    NaN	 NaN	 NaN	 NaN	 15.3867	    16.4724	 8.3181	 9.8774	 5.0286	 19.7212	    NaN	 NaN	 NaN	 NaN	 27.8469	    1	 0.0400	 0	 2.623346e+03	 2.624088e+03	    2629.5557
2	 2	 1	 9	 1	    2	 10	 9	 4	 NaN	    4	 0	 3	 3	 -0.2089	    -4.5754	 6.7480	 3.6761	 NaN	 NaN	    NaN	 NaN	 NaN	 NaN	 15.2250	    10.5238	 18.7561	 4.9735	 NaN	 NaN	    NaN	 NaN	 NaN	 NaN	 28.8554	    1	 0.0600	 0	 2.634457e+03	 2.635115e+03	    2636.1237
2	 2	 1	 10	 1	    2	 10	 9	 3	 NaN	    3	 0	 1	 1	 -7.9082	    7.4498	 NaN	 NaN	 NaN	 NaN	    NaN	 NaN	 NaN	 NaN	 11.8453	    12.4394	 NaN	 NaN	 NaN	 NaN	    NaN	 NaN	 NaN	 NaN	 30.9475	    1	 0.0800	 0	 2.640591e+03	 2.641333e+03	    2643.4251
2	 2	 1	 11	 1	    1	 10	 9	 1	 NaN	    1	 4	 0	 4	 -3.6704	    4.7555	 -1.7477	 7.9221	 -5.7168	 NaN	    NaN	 NaN	 NaN	 NaN	 12.0524	    17.8935	 5.1054	 7.0337	 19.8727	 NaN	    NaN	 NaN	 NaN	 NaN	 35.4483	    1	 0.1000	 0	 2.648168e+03	 2.648793e+03	    2653.2937
2	 2	 1	 12	 1	    1	 10	 9	 2	 NaN	    2	 5	 0	 5	 1.4971	    1.2148	 -5.2548	 -7.3091	 -3.7701	 2.4251	    NaN	 NaN	 NaN	 NaN	 5.1629	    13.7901	 18.0362	 5.5111	 7.9573	 18.4101	    NaN	 NaN	 NaN	 NaN	 38.3238	    1	 0.1200	 0	 2.658236e+03	 2.659003e+03	    2661.8786
2	 2	 1	 13	 1	    1	 10	 9	 1	 NaN	    1	 1	 0	 1	 -5.0717	    2.6510	 NaN	 NaN	 NaN	 NaN	    NaN	 NaN	 NaN	 NaN	 10.1602	    13.1692	 NaN	 NaN	 NaN	 NaN	    NaN	 NaN	 NaN	 NaN	 40.6076	    1	 0.1400	 0	 2.666655e+03	 2.667246e+03	    2669.5301
2	 2	 1	 14	 1	    1	 10	 9	 1	 NaN	    1	 2	 0	 2	 -7.6712	    4.3720	 0.6327	 NaN	 NaN	 NaN	    NaN	 NaN	 NaN	 NaN	 5.1202	    13.7913	 15.5740	 NaN	 NaN	 NaN	    NaN	 NaN	 NaN	 NaN	 42.5746	    1	 0.1600	 0	 2.675056e+03	 2.675573e+03	    2677.5400
2	 2	 1	 15	 1	    2	 10	 9	 3	 NaN	    3	 0	 2	 2	 6.7480	    -7.4768	 4.8477	 NaN	 NaN	 NaN	    NaN	 NaN	 NaN	 NaN	 13.3467	    11.0471	 7.2153	 NaN	 NaN	 NaN	    NaN	 NaN	 NaN	 NaN	 45.3335	    1	 0.1800	 0	 2.682258e+03	 2.682833e+03	    2685.5916
2	 2	 1	 16	 1	    2	 10	 9	 3	 NaN	    4	 0	 6	 6	 6.9113	    -4.1576	 -1.2289	 2.4251	 -3.0546	 5.6762	    -7.8815	 NaN	 NaN	 NaN	 16.4373	    4.6281	 16.1086	 5.0711	 12.1731	 9.8774	    16.4373	 NaN	 NaN	 NaN	 50.7345	    0	 0.1600	 0	 2.690734e+03	 2.691534e+03	    2696.9355
2	 2	 1	 17	 1	    1	 10	 9	 1	 NaN	    1	 8	 0	 8	 7.3678	    1.3731	 6.5829	 7.2986	 -1.6918	 -6.1426	    -4.7468	 -1.7845	 4.2431	 NaN	 9.7367	    16.9717	 5.4959	 16.7350	 5.5111	 11.6832	    17.0556	 13.7414	 13.1599	 NaN	 53.9851	    1	 0.1800	 0	 2.702328e+03	 2.703062e+03	    2706.3122
2	 2	 1	 18	 1	    2	 10	 9	 2	 NaN	    1	 0	 4	 4	 -1.4506	    -6.0807	 6.2990	 7.5548	 -5.2548	 NaN	    NaN	 NaN	 NaN	 NaN	 14.2266	    10.2862	 13.6930	 9.0617	 16.4725	 NaN	    NaN	 NaN	 NaN	 NaN	 57.8942	    0	 0.1600	 0	 2.711005e+03	 2.711897e+03	    2715.8058
2	 2	 1	 19	 1	    2	 10	 9	 1	 NaN	    1	 0	 5	 5	 4.6431	    -7.7723	 7.2936	 -3.6522	 7.1120	 -4.9025	    NaN	 NaN	 NaN	 NaN	 14.2532	    19.1314	 10.4672	 14.9704	 4.9274	 9.8262	    NaN	 NaN	 NaN	 NaN	 60.7864	    1	 0.1800	 0	 2.720632e+03	 2.721249e+03	    2724.1407
2	 2	 1	 20	 1	    2	 10	 9	 3	 NaN	    3	 0	 2	 2	 -4.5116	    6.3831	 6.8958	 NaN	 NaN	 NaN	    NaN	 NaN	 NaN	 NaN	 11.5427	    18.3738	 11.3904	 NaN	 NaN	 NaN	    NaN	 NaN	 NaN	 NaN	 63.7536	    1	 0.2000	 0	 2.729917e+03	 2.730792e+03	    2733.7592
2	 2	 1	 21	 1	    2	 10	 9	 2	 NaN	    1	 0	 1	 1	 -3.9191	    2.9502	 NaN	 NaN	 NaN	 NaN	    NaN	 NaN	 NaN	 NaN	 4.2512	    14.6245	 NaN	 NaN	 NaN	 NaN	    NaN	 NaN	 NaN	 NaN	 65.8707	    0	 0.1800	 0	 2.738619e+03	 2.739160e+03	    2741.2774
2	 2	 1	 22	 1	    1	 10	 9	 4	 NaN	    4	 8	 0	 8	 -0.7133	    -7.5751	 6.2376	 -7.7491	 7.8143	 6.0629	    3.8978	 -5.9553	 2.2677	 NaN	 16.1086	    16.9575	 14.1620	 9.1604	 8.7503	 19.9443	    10.8454	 4.0480	 4.4384	 NaN	 67.1376	    1	 0.2000	 0	 2.746120e+03	 2.746895e+03	    2748.1620
2	 2	 1	 23	 1	    1	 10	 9	 2	 NaN	    2	 6	 0	 6	 0.8648	    4.5361	 -7.0581	 7.8313	 -5.3731	 -3.7728	    -6.6819	 NaN	 NaN	 NaN	 17.3014	    10.6684	 19.9292	 16.1086	 7.3531	 11.7877	    15.4653	 NaN	 NaN	 NaN	 70.2716	    1	 0.2200	 0	 2.753288e+03	 2.754163e+03	    2757.2972
2	 2	 1	 24	 1	    2	 10	 9	 1	 NaN	    2	 0	 0	 0	 -5.3107	    NaN	 NaN	 NaN	 NaN	 NaN	    NaN	 NaN	 NaN	 NaN	 15.8141	    NaN	 NaN	 NaN	 NaN	 NaN	    NaN	 NaN	 NaN	 NaN	 72.1302	    0	 0.2000	 1	 2.762898e+03	 2.763548e+03	    2765.4070
2	 2	 1	 25	 1	    2	 10	 9	 4	 NaN	    4	 0	 6	 6	 5.7954	    3.8323	 3.2821	 -2.0996	 -4.7598	 -6.1810	    -7.7342	 NaN	 NaN	 NaN	 7.5570	    11.4244	 17.5933	 14.2266	 18.5659	 7.3257	    15.8767	 NaN	 NaN	 NaN	 76.1310	    1	 0.2200	 0	 2.770650e+03	 2.771500e+03	    2775.5007
2	 2	 1	 26	 1	    1	 10	 9	 4	 NaN	    4	 3	 0	 3	 6.5354	    4.3802	 -7.5779	 -7.9863	 NaN	 NaN	    NaN	 NaN	 NaN	 NaN	 7.4864	    16.7898	 4.5105	 17.0235	 NaN	 NaN	    NaN	 NaN	 NaN	 NaN	 78.7232	    1	 0.2400	 0	 2.780418e+03	 2.781002e+03	    2783.5939
2	 2	 1	 27	 1	    1	 10	 9	 2	 NaN	    2	 2	 0	 2	 5.1349	    -3.9191	 -3.1488	 NaN	 NaN	 NaN	    NaN	 NaN	 NaN	 NaN	 10.6286	    18.5032	 14.2548	 NaN	 NaN	 NaN	    NaN	 NaN	 NaN	 NaN	 80.8069	    1	 0.2600	 0	 2.788462e+03	 2.788978e+03	    2791.0620
2	 2	 1	 28	 1	    1	 10	 9	 3	 NaN	    3	 4	 0	 4	 -5.5979	    7.7378	 -2.3840	 3.4815	 -3.3533	 NaN	    NaN	 NaN	 NaN	 NaN	 10.6084	    8.5292	 15.8946	 12.6037	 5.6111	 NaN	    NaN	 NaN	 NaN	 NaN	 82.7406	    1	 0.2800	 0	 2.796063e+03	 2.796613e+03	    2798.5468
2	 2	 1	 29	 1	    2	 10	 9	 4	 NaN	    4	 0	 4	 4	 4.7555	    4.9924	 -5.1158	 -0.8164	 -7.5779	 NaN	    NaN	 NaN	 NaN	 NaN	 5.1301	    12.2999	 5.1391	 16.7995	 11.2191	 NaN	    NaN	 NaN	 NaN	 NaN	 84.6909	    1	 0.3000	 0	 2.803881e+03	 2.804606e+03	    2806.5567
2	 2	 1	 30	 1	    1	 10	 9	 2	 NaN	    2	 1	 0	 1	 6.2818	    -4.6396	 NaN	 NaN	 NaN	 NaN	    NaN	 NaN	 NaN	 NaN	 8.4604	    18.8842	 NaN	 NaN	 NaN	 NaN	    NaN	 NaN	 NaN	 NaN	 86.6912	    1	 0.3200	 0	 2.811899e+03	 2.812425e+03	    2814.4249
2	 2	 1	 31	 1	    2	 10	 9	 2	 NaN	    2	 0	 8	 8	 5.4113	    -5.9957	 1.7129	 -3.4550	 -7.3013	 -5.3731	    0.5747	 5.1520	 -2.2189	 NaN	 15.8733	    10.2328	 4.4716	 13.5567	 18.2078	 5.1013	    14.8052	 7.9726	 19.3883	 NaN	 91.2421	    1	 0.3400	 0	 2.819568e+03	 2.820443e+03	    2824.9936
2	 2	 1	 32	 1	    2	 10	 9	 4	 NaN	    3	 0	 3	 3	 -7.7013	    4.6211	 -6.9648	 2.5203	 NaN	 NaN	    NaN	 NaN	 NaN	 NaN	 15.4653	    9.0747	 11.4368	 15.3012	 NaN	 NaN	    NaN	 NaN	 NaN	 NaN	 93.8759	    0	 0.3200	 0	 2.829828e+03	 2.830570e+03	    2833.2035
2	 2	 1	 33	 1	    1	 10	 9	 1	 NaN	    1	 7	 0	 7	 0.5725	    -4.8079	 -4.5754	 3.3612	 6.7657	 -3.3170	    6.2209	 -7.4157	 NaN	 NaN	 13.7498	    11.8940	 19.9146	 6.3283	 18.9006	 5.5240	    12.4880	 6.7221	 NaN	 NaN	 95.9430	    1	 0.3400	 0	 2.838088e+03	 2.838980e+03	    2841.0467
2	 2	 1	 34	 1	    1	 10	 9	 1	 NaN	    1	 0	 0	 0	 -5.3316	    NaN	 NaN	 NaN	 NaN	 NaN	    NaN	 NaN	 NaN	 NaN	 6.4836	    NaN	 NaN	 NaN	 NaN	 NaN	    NaN	 NaN	 NaN	 NaN	 97.7100	    1	 0.3600	 0	 2.845764e+03	 2.846289e+03	    2848.0564
2	 2	 1	 35	 1	    1	 10	 9	 4	 NaN	    4	 5	 0	 5	 0.1341	    -2.5404	 -7.5034	 6.2818	 7.9800	 -7.3968	    NaN	 NaN	 NaN	 NaN	 17.6049	    4.2512	 19.2702	 4.6281	 18.2958	 8.4216	    NaN	 NaN	 NaN	 NaN	 99.6270	    1	 0.3800	 0	 2.852791e+03	 2.853732e+03	    2855.6495
2	 2	 1	 36	 1	    2	 10	 9	 1	 NaN	    1	 0	 7	 7	 -1.2911	    7.7506	 2.6254	 6.3831	 -6.6844	 1.9700	    -6.4759	 -7.5244	 NaN	 NaN	 16.3222	    13.6817	 13.0724	 9.4494	 11.1407	 4.9274	    17.3482	 6.4052	 NaN	 NaN	 103.3860	    1	 0.4000	 0	 2.860175e+03	 2.860984e+03	    2864.7430
2	 2	 1	 37	 1	    2	 10	 9	 4	 NaN	    4	 0	 0	 0	 5.5521	    NaN	 NaN	 NaN	 NaN	 NaN	    NaN	 NaN	 NaN	 NaN	 12.1003	    NaN	 NaN	 NaN	 NaN	 NaN	    NaN	 NaN	 NaN	 NaN	 104.7530	    1	 0.4200	 0	 2.869477e+03	 2.870027e+03	    2871.3943
2	 2	 1	 38	 1	    1	 10	 9	 3	 NaN	    3	 6	 0	 6	 -4.6761	    -4.6570	 0.4773	 2.9205	 -1.2665	 5.1852	    5.0495	 NaN	 NaN	 NaN	 16.9717	    7.8978	 15.4567	 19.1394	 5.4679	 5.1301	    12.4329	 NaN	 NaN	 NaN	 108.5120	    1	 0.4400	 0	 2.876404e+03	 2.877320e+03	    2881.0794
2	 2	 1	 39	 1	    2	 10	 9	 3	 NaN	    4	 0	 3	 3	 5.6569	    -5.5910	 4.8477	 -3.0578	 NaN	 NaN	    NaN	 NaN	 NaN	 NaN	 10.7454	    13.9433	 17.2652	 6.7478	 NaN	 NaN	    NaN	 NaN	 NaN	 NaN	 111.7710	    0	 0.4200	 0	 2.887272e+03	 2.888164e+03	    2891.4231
2	 2	 1	 40	 1	    1	 10	 9	 4	 NaN	    4	 2	 0	 2	 -7.7395	    3.9941	 -1.9289	 NaN	 NaN	 NaN	    NaN	 NaN	 NaN	 NaN	 16.3286	    6.1516	 17.5433	 NaN	 NaN	 NaN	    NaN	 NaN	 NaN	 NaN	 113.4213	    1	 0.4400	 0	 2.896399e+03	 2.897108e+03	    2898.7579
2	 2	 1	 41	 1	    2	 10	 9	 4	 NaN	    4	 0	 5	 5	 4.8790	    -4.3778	 7.8110	 5.0465	 -4.8540	 -7.7395	    NaN	 NaN	 NaN	 NaN	 4.0539	    11.3920	 8.3181	 19.3758	 19.8912	 15.9748	    NaN	 NaN	 NaN	 NaN	 117.8054	    1	 0.4200	 1	 2.903167e+03	 2.903801e+03	    2908.1847
2	 2	 1	 42	 1	    1	 10	 9	 4	 NaN	    4	 7	 0	 7	 4.4699	    4.9839	 -0.0310	 -4.0943	 -5.0023	 4.5174	    -7.2668	 2.6254	 NaN	 NaN	 9.5110	    19.8727	 18.5647	 8.5012	 18.3330	 4.3391	    11.8305	 14.7756	 NaN	 NaN	 120.2309	    1	 0.4400	 0	 2.913402e+03	 2.913994e+03	    2916.4196
2	 2	 1	 43	 1	    1	 10	 9	 4	 NaN	    4	 1	 0	 1	 -5.4948	    5.7271	 NaN	 NaN	 NaN	 NaN	    NaN	 NaN	 NaN	 NaN	 16.9456	    9.4527	 NaN	 NaN	 NaN	 NaN	    NaN	 NaN	 NaN	 NaN	 122.1813	    1	 0.4600	 0	 2.921462e+03	 2.922379e+03	    2924.3295
2	 2	 1	 44	 1	    1	 10	 9	 3	 NaN	    4	 0	 0	 0	 7.6098	    NaN	 NaN	 NaN	 NaN	 NaN	    NaN	 NaN	 NaN	 NaN	 14.6194	    NaN	 NaN	 NaN	 NaN	 NaN	    NaN	 NaN	 NaN	 NaN	 127.1239	    0	 0.4400	 0	 2.929756e+03	 2.930681e+03	    2935.6233
2	 2	 1	 45	 1	    2	 10	 9	 2	 NaN	    2	 0	 4	 4	 6.3876	    6.9428	 -5.2548	 -5.6218	 -3.7302	 NaN	    NaN	 NaN	 NaN	 NaN	 14.9704	    7.9193	 16.1931	 4.3447	 12.1003	 NaN	    NaN	 NaN	 NaN	 NaN	 130.2912	    1	 0.4600	 0	 2.940591e+03	 2.941199e+03	    2944.3667
2	 2	 1	 46	 1	    2	 10	 9	 1	 NaN	    1	 0	 1	 1	 0.5725	    -4.8297	 NaN	 NaN	 NaN	 NaN	    NaN	 NaN	 NaN	 NaN	 18.5932	    10.4364	 NaN	 NaN	 NaN	 NaN	    NaN	 NaN	 NaN	 NaN	 132.2665	    1	 0.4800	 0	 2.949943e+03	 2.950693e+03	    2952.6683
2	 2	 1	 47	 1	    1	 10	 9	 4	 NaN	    4	 5	 0	 5	 -6.0536	    4.2868	 7.7506	 -5.5676	 -7.7723	 3.6000	    NaN	 NaN	 NaN	 NaN	 15.6071	    8.7503	 18.1233	 11.5119	 6.3283	 13.9823	    NaN	 NaN	 NaN	 NaN	 134.7837	    1	 0.5000	 0	 2.957394e+03	 2.958186e+03	    2960.7032
2	 2	 1	 48	 1	    2	 10	 9	 2	 NaN	    2	 0	 7	 7	 -7.5244	    -1.7854	 7.4845	 -3.3612	 3.8127	 4.4699	    -7.2114	 0.8723	 NaN	 NaN	 9.9875	    16.4724	 11.8191	 5.7830	 6.2179	 15.4864	    19.1047	 13.4141	 NaN	 NaN	 137.7843	    1	 0.5200	 0	 2.965554e+03	 2.966304e+03	    2969.3049
2	 2	 1	 49	 1	    2	 10	 9	 1	 NaN	    1	 0	 2	 2	 3.2294	    -7.0262	 3.3646	 NaN	 NaN	 NaN	    NaN	 NaN	 NaN	 NaN	 6.1603	    13.8470	 18.3300	 NaN	 NaN	 NaN	    NaN	 NaN	 NaN	 NaN	 140.5431	    1	 0.5400	 0	 2.974398e+03	 2.975223e+03	    2977.9815
2	 2	 1	 50	 1	    2	 10	 9	 1	 NaN	    2	 0	 6	 6	 7.1549	    1.2620	 -6.4441	 5.6782	 -1.5819	 -5.0997	    -5.0064	 NaN	 NaN	 NaN	 7.1663	    4.2512	 19.7632	 19.2588	 19.3780	 11.8763	    4.7467	 NaN	 NaN	 NaN	 143.6103	    0	 0.5200	 0	 2.982866e+03	 2.983474e+03	    2986.5415
2	 2	 1	 51	 1	    1	 10	 9	 1	 NaN	    1	 3	 0	 3	 -1.4247	    5.0242	 4.9777	 -3.5134	 NaN	 NaN	    NaN	 NaN	 NaN	 NaN	 18.0171	    15.4577	 8.4323	 5.2265	 NaN	 NaN	    NaN	 NaN	 NaN	 NaN	 145.0689	    1	 0.5400	 0	 2.992201e+03	 2.992893e+03	    2994.3514
2	 2	 1	 52	 1	    1	 10	 9	 4	 NaN	    4	 8	 0	 8	 6.0629	    -7.8651	 5.0580	 0.3001	 -6.5051	 -6.3013	    -2.6102	 6.8338	 2.0678	 NaN	 11.0629	    5.6496	 6.1603	 14.5695	 11.0230	 16.7995	    18.8045	 17.8731	 19.7387	 NaN	 150.3699	    1	 0.5600	 0	 2.998877e+03	 2.999477e+03	    3004.7784
2	 2	 1	 53	 1	    2	 10	 9	 4	 NaN	    3	 0	 8	 8	 7.8313	    -4.7271	 -5.1010	 0.6219	 -7.6636	 6.2040	    -6.7735	 0.4491	 4.2431	 NaN	 12.3588	    8.5135	 12.7222	 4.1501	 16.9575	 5.2025	    5.0583	 18.7456	 9.3721	 NaN	 152.7704	    0	 0.5400	 0	 3.010263e+03	 3.010888e+03	    3013.2884
2	 2	 1	 54	 1	    1	 10	 9	 3	 NaN	    4	 4	 0	 4	 5.7863	    -7.8132	 5.4162	 -7.0098	 0.6461	 NaN	    NaN	 NaN	 NaN	 NaN	 18.9751	    12.8635	 11.0661	 4.9204	 18.2078	 NaN	    NaN	 NaN	 NaN	 NaN	 155.1458	    0	 0.5200	 0	 3.018848e+03	 3.019715e+03	    3022.0901
2	 2	 1	 55	 1	    2	 10	 9	 1	 NaN	    1	 0	 4	 4	 -4.8079	    -0.4408	 6.8815	 4.1695	 7.0185	 NaN	    NaN	 NaN	 NaN	 NaN	 4.6699	    18.4101	 11.6916	 19.2588	 6.3453	 NaN	    NaN	 NaN	 NaN	 NaN	 157.2295	    1	 0.5400	 0	 3.027058e+03	 3.027708e+03	    3029.7916
2	 2	 1	 56	 1	    1	 10	 9	 3	 NaN	    3	 7	 0	 7	 3.3646	    -2.9630	 -3.4102	 -5.6842	 0.5188	 7.4845	    -7.4157	 2.6247	 NaN	 NaN	 13.2069	    5.5736	 17.8737	 11.0460	 19.6458	 6.0245	    17.1609	 6.3706	 NaN	 NaN	 158.6631	    1	 0.5600	 0	 3.034443e+03	 3.035276e+03	    3036.7096
2	 2	 1	 57	 1	    2	 10	 9	 1	 NaN	    1	 0	 1	 1	 6.5354	    -6.1666	 NaN	 NaN	 NaN	 NaN	    NaN	 NaN	 NaN	 NaN	 8.0193	    16.7311	 NaN	 NaN	 NaN	 NaN	    NaN	 NaN	 NaN	 NaN	 160.7218	    1	 0.5400	 1	 3.042127e+03	 3.042777e+03	    3044.8362
2	 2	 1	 58	 1	    2	 10	 9	 3	 NaN	    4	 0	 0	 0	 -0.1536	    NaN	 NaN	 NaN	 NaN	 NaN	    NaN	 NaN	 NaN	 NaN	 15.0309	    NaN	 NaN	 NaN	 NaN	 NaN	    NaN	 NaN	 NaN	 NaN	 161.9887	    0	 0.5200	 0	 3.051396e+03	 3.052004e+03	    3053.2711
2	 2	 1	 59	 1	    2	 10	 9	 3	 NaN	    3	 0	 3	 3	 -7.8651	    -4.9239	 1.4971	 2.3859	 NaN	 NaN	    NaN	 NaN	 NaN	 NaN	 9.1753	    16.5294	 4.4065	 16.9456	 NaN	 NaN	    NaN	 NaN	 NaN	 NaN	 164.7309	    1	 0.5400	 0	 3.058147e+03	 3.059064e+03	    3061.8061
2	 2	 1	 60	 1	    2	 10	 9	 4	 NaN	    4	 0	 8	 8	 -6.7106	    3.7544	 -0.5070	 6.6091	 -6.0904	 0.4209	    -6.8728	 5.0264	 7.9886	 NaN	 12.5709	    19.3211	 19.9283	 10.6055	 16.9338	 4.8077	    6.1652	 4.6976	 16.0960	 NaN	 173.0325	    1	 0.5600	 0	 3.066482e+03	 3.067241e+03	    3075.5421
2	 2	 1	 61	 1	    2	 10	 9	 4	 NaN	    4	 0	 7	 7	 -6.0904	    -2.4689	 3.7228	 2.8436	 -5.4417	 -1.2088	    7.2261	 7.9221	 NaN	 NaN	 17.3263	    4.1477	 7.2153	 15.8462	 8.0062	 18.8160	    4.2086	 17.4992	 NaN	 NaN	 184.7847	    1	 0.5800	 0	 3.080651e+03	 3.081268e+03	    3093.0205
2	 2	 1	 62	 1	    1	 10	 9	 1	 NaN	    2	 6	 0	 6	 -2.7578	    -4.6980	 4.4430	 4.6038	 1.9700	 -3.5306	    -7.2852	 NaN	 NaN	 NaN	 19.1314	    14.8656	 4.0539	 9.9695	 17.6732	 6.7700	    18.3738	 NaN	 NaN	 NaN	 188.9271	    0	 0.5600	 0	 3.098280e+03	 3.099147e+03	    3103.2891
2	 2	 1	 63	 1	    1	 10	 9	 3	 NaN	    3	 8	 0	 8	 4.7762	    -0.0372	 -6.9289	 -3.7178	 3.5314	 -5.3503	    7.9431	 6.7480	 3.4267	 NaN	 4.0994	    5.1629	 12.6133	 17.4482	 15.3595	 6.6532	    15.6387	 7.6343	 19.4960	 NaN	 195.7618	    1	 0.5800	 0	 3.109207e+03	 3.110024e+03	    3116.8584
2	 2	 1	 64	 1	    1	 10	 9	 3	 NaN	    3	 4	 0	 4	 -2.2967	    7.4498	 -7.2114	 3.3788	 -6.7958	 NaN	    NaN	 NaN	 NaN	 NaN	 15.1240	    7.9045	 9.6380	 17.5129	 16.7368	 NaN	    NaN	 NaN	 NaN	 NaN	 198.7373	    1	 0.6000	 0	 3.121926e+03	 3.122460e+03	    3125.4351
2	 2	 1	 65	 1	    1	 10	 9	 1	 NaN	    1	 0	 0	 0	 -1.5708	    NaN	 NaN	 NaN	 NaN	 NaN	    NaN	 NaN	 NaN	 NaN	 4.6665	    NaN	 NaN	 NaN	 NaN	 NaN	    NaN	 NaN	 NaN	 NaN	 200.1042	    1	 0.6200	 0	 3.130103e+03	 3.130661e+03	    3132.0281
2	 2	 1	 66	 1	    1	 10	 9	 3	 NaN	    3	 2	 0	 2	 -7.4496	    1.4010	 -4.1224	 NaN	 NaN	 NaN	    NaN	 NaN	 NaN	 NaN	 12.0870	    5.4786	 8.2385	 NaN	 NaN	 NaN	    NaN	 NaN	 NaN	 NaN	 201.4295	    1	 0.6400	 0	 3.136537e+03	 3.137537e+03	    3138.8627
2	 2	 1	 67	 1	    2	 10	 9	 2	 NaN	    2	 0	 6	 6	 -7.1685	    6.4449	 -4.0646	 6.1103	 -7.2113	 3.9569	    -0.9535	 NaN	 NaN	 NaN	 16.0743	    12.2834	 11.8060	 5.7380	 7.1751	 17.7215	    14.5695	 NaN	 NaN	 NaN	 204.8051	    1	 0.6200	 1	 3.144064e+03	 3.145006e+03	    3148.3812
2	 2	 1	 68	 1	    2	 10	 9	 4	 NaN	    4	 0	 2	 2	 -5.1761	    1.8527	 -3.9191	 NaN	 NaN	 NaN	    NaN	 NaN	 NaN	 NaN	 5.6178	    18.4719	 11.8666	 NaN	 NaN	 NaN	    NaN	 NaN	 NaN	 NaN	 207.2139	    1	 0.6400	 0	 3.153582e+03	 3.154307e+03	    3156.7162
2	 2	 1	 69	 1	    2	 10	 9	 2	 NaN	    2	 0	 5	 5	 6.1913	    -7.9030	 -2.0544	 -6.0595	 7.0185	 5.3167	    NaN	 NaN	 NaN	 NaN	 17.6732	    6.7799	 16.3222	 15.7221	 10.1041	 5.0821	    NaN	 NaN	 NaN	 NaN	 213.5651	    1	 0.6600	 0	 3.161459e+03	 3.162342e+03	    3168.6935
2	 2	 1	 70	 1	    1	 10	 9	 4	 NaN	    4	 5	 0	 5	 -6.6082	    -6.1026	 5.7954	 2.1274	 -2.3138	 6.2990	    NaN	 NaN	 NaN	 NaN	 5.4915	    12.5549	 14.5988	 17.7292	 6.1711	 10.0782	    NaN	 NaN	 NaN	 NaN	 218.1243	    1	 0.6800	 0	 3.173603e+03	 3.174528e+03	    3179.0872
2	 2	 1	 71	 1	    1	 10	 9	 4	 NaN	    4	 1	 0	 1	 7.6098	    -4.3535	 NaN	 NaN	 NaN	 NaN	    NaN	 NaN	 NaN	 NaN	 12.6740	    10.8752	 NaN	 NaN	 NaN	 NaN	    NaN	 NaN	 NaN	 NaN	 219.1911	    1	 0.7000	 0	 3.184622e+03	 3.185255e+03	    3186.3219
2	 2	 1	 72	 1	    1	 10	 9	 4	 NaN	    4	 3	 0	 3	 -6.5587	    4.5011	 -1.2911	 5.7975	 NaN	 NaN	    NaN	 NaN	 NaN	 NaN	 8.2598	    12.9974	 5.5111	 16.9338	 NaN	 NaN	    NaN	 NaN	 NaN	 NaN	 221.9333	    1	 0.7200	 0	 3.190898e+03	 3.191790e+03	    3194.5318
2	 2	 1	 73	 1	    1	 10	 9	 4	 NaN	    4	 8	 0	 8	 6.9369	    -3.2313	 7.5548	 1.8489	 -7.6712	 7.4090	    -4.0579	 -7.8320	 -7.8560	 NaN	 11.4116	    7.1135	 6.8990	 17.4482	 15.8141	 18.6169	    17.7292	 10.4364	 4.4065	 NaN	 223.1419	    1	 0.7000	 1	 3.199816e+03	 3.200733e+03	    3201.9416
2	 2	 1	 74	 1	    2	 10	 9	 3	 NaN	    3	 0	 8	 8	 -6.8838	    -7.5826	 0.3371	 4.1225	 -2.3375	 -5.4417	    5.0580	 7.4456	 7.7171	 NaN	 19.2455	    8.0151	 18.8873	 5.0286	 5.4959	 12.9159	    13.6618	 9.8125	 16.9790	 NaN	 233.9356	    1	 0.7200	 0	 3.207368e+03	 3.207918e+03	    3218.7115
2	 2	 1	 75	 1	    1	 10	 9	 2	 NaN	    2	 5	 0	 5	 7.9853	    5.7863	 -4.6787	 -5.2494	 -4.4772	 6.5545	    NaN	 NaN	 NaN	 NaN	 16.0093	    11.1127	 8.0193	 19.5386	 14.7666	 4.4071	    NaN	 NaN	 NaN	 NaN	 243.8625	    1	 0.7000	 1	 3.224429e+03	 3.225346e+03	    3235.2730
2	 2	 1	 76	 1	    2	 10	 9	 4	 NaN	    4	 0	 6	 6	 -6.0595	    6.8338	 2.2383	 -0.9689	 4.6431	 -7.9082	    -4.7832	 NaN	 NaN	 NaN	 12.0757	    4.4384	 4.3447	 17.4645	 14.7756	 7.7080	    16.1931	 NaN	 NaN	 NaN	 253.4227	    1	 0.7200	 0	 3.240791e+03	 3.241566e+03	    3251.1261
2	 2	 1	 77	 1	    2	 10	 9	 4	 NaN	    4	 0	 3	 3	 -7.3161	    0.9364	 6.5545	 -2.9631	 NaN	 NaN	    NaN	 NaN	 NaN	 NaN	 18.1233	    5.4555	 11.3904	 15.7656	 NaN	 NaN	    NaN	 NaN	 NaN	 NaN	 258.6070	    1	 0.7000	 1	 3.256494e+03	 3.257036e+03	    3262.2199
2	 2	 1	 78	 1	    1	 10	 9	 3	 NaN	    3	 0	 0	 0	 -7.9801	    NaN	 NaN	 NaN	 NaN	 NaN	    NaN	 NaN	 NaN	 NaN	 12.6667	    NaN	 NaN	 NaN	 NaN	 NaN	    NaN	 NaN	 NaN	 NaN	 265.9834	    1	 0.6800	 1	 3.267546e+03	 3.268229e+03	    3275.6059
2	 2	 1	 79	 1	    2	 10	 9	 1	 NaN	    1	 0	 2	 2	 6.4668	    -0.8655	 -7.3161	 NaN	 NaN	 NaN	    NaN	 NaN	 NaN	 NaN	 11.3214	    14.8732	 16.3222	 NaN	 NaN	 NaN	    NaN	 NaN	 NaN	 NaN	 285.2871	    1	 0.6600	 1	 3.281207e+03	 3.281849e+03	    3301.1525
2	 2	 1	 80	 1	    2	 10	 9	 1	 NaN	    2	 0	 4	 4	 -5.5979	    3.0456	 3.3961	 -7.5779	 -2.7108	 NaN	    NaN	 NaN	 NaN	 NaN	 15.6891	    17.7464	 6.4695	 11.8666	 5.4679	 NaN	    NaN	 NaN	 NaN	 NaN	 341.6814	    0	 0.6400	 1	 3.331908e+03	 3.332467e+03	    3388.8612
2	 2	 1	 81	 1	    1	 10	 9	 1	 NaN	    1	 2	 0	 2	 4.9456	    -3.7302	 -1.2250	 NaN	 NaN	 NaN	    NaN	 NaN	 NaN	 NaN	 7.2153	    13.5522	 4.6223	 NaN	 NaN	 NaN	    NaN	 NaN	 NaN	 NaN	 345.9239	    1	 0.6600	 0	 3.719175e+03	 3.720159e+03	    3724.4011
2	 2	 1	 82	 1	    2	 10	 9	 2	 NaN	    2	 0	 1	 1	 -3.4895	    4.2243	 NaN	 NaN	 NaN	 NaN	    NaN	 NaN	 NaN	 NaN	 13.0562	    10.4201	 NaN	 NaN	 NaN	 NaN	    NaN	 NaN	 NaN	 NaN	 347.0074	    1	 0.6800	 0	 3.730236e+03	 3.730986e+03	    3732.0693
2	 2	 1	 83	 1	    1	 10	 9	 4	 NaN	    4	 7	 0	 7	 -7.1685	    -4.1576	 4.7496	 3.4911	 -7.9152	 -3.0099	    6.4668	 1.8750	 NaN	 NaN	 15.4155	    8.1321	 11.3436	 15.9376	 10.5003	 19.7102	    7.4951	 19.6355	 NaN	 NaN	 350.7164	    1	 0.7000	 0	 3.736637e+03	 3.737620e+03	    3741.3294
2	 2	 1	 84	 1	    1	 10	 9	 4	 NaN	    4	 6	 0	 6	 3.1295	    -2.9419	 5.3142	 6.8992	 -7.3436	 -7.7395	    -3.6704	 NaN	 NaN	 NaN	 14.9113	    15.3012	 5.4555	 10.8375	 18.0051	 9.7943	    6.1728	 NaN	 NaN	 NaN	 351.9750	    1	 0.7200	 0	 3.746764e+03	 3.747522e+03	    3748.7809
2	 2	 1	 85	 1	    1	 10	 9	 4	 NaN	    4	 3	 0	 3	 -7.3511	    4.5011	 2.3350	 -2.7251	 NaN	 NaN	    NaN	 NaN	 NaN	 NaN	 17.9170	    5.1391	 12.8433	 5.0821	 NaN	 NaN	    NaN	 NaN	 NaN	 NaN	 353.3836	    1	 0.7400	 0	 3.754090e+03	 3.754849e+03	    3756.2573
2	 2	 1	 86	 1	    2	 10	 9	 3	 NaN	    4	 0	 5	 5	 -1.0180	    6.7657	 5.4371	 -4.3818	 5.0495	 -6.5524	    NaN	 NaN	 NaN	 NaN	 4.9274	    10.5872	 14.5583	 17.2599	 19.7632	 5.0626	    NaN	 NaN	 NaN	 NaN	 354.9172	    0	 0.7200	 0	 3.760967e+03	 3.761925e+03	    3763.4587
2	 2	 1	 87	 1	    2	 10	 9	 2	 NaN	    2	 0	 7	 7	 -7.0922	    5.2930	 0.4491	 6.9113	 -7.8651	 2.9658	    -0.9381	 -2.1350	 NaN	 NaN	 17.8737	    13.0962	 19.9978	 7.1043	 10.3618	 5.0583	    15.3867	 5.9741	 NaN	 NaN	 356.0591	    1	 0.7400	 0	 3.768001e+03	 3.768793e+03	    3769.9350
2	 2	 1	 88	 1	    1	 10	 9	 1	 NaN	    2	 1	 0	 1	 3.0677	    -0.8359	 NaN	 NaN	 NaN	 NaN	    NaN	 NaN	 NaN	 NaN	 14.5094	    4.0480	 NaN	 NaN	 NaN	 NaN	    NaN	 NaN	 NaN	 NaN	 357.1760	    0	 0.7200	 0	 3.775928e+03	 3.776528e+03	    3777.6448
2	 2	 1	 89	 1	    1	 10	 9	 2	 NaN	    2	 4	 0	 4	 -3.2043	    6.8131	 -4.6570	 1.5151	 7.7345	 NaN	    NaN	 NaN	 NaN	 NaN	 6.8348	    18.4101	 18.4398	 4.4071	 6.7336	 NaN	    NaN	 NaN	 NaN	 NaN	 358.9930	    1	 0.7400	 0	 3.782846e+03	 3.783796e+03	    3785.6130
2	 2	 1	 90	 1	    2	 10	 9	 1	 NaN	    1	 0	 0	 0	 2.2582	    NaN	 NaN	 NaN	 NaN	 NaN	    NaN	 NaN	 NaN	 NaN	 5.4778	    NaN	 NaN	 NaN	 NaN	 NaN	    NaN	 NaN	 NaN	 NaN	 360.2015	    1	 0.7600	 0	 3.790147e+03	 3.791081e+03	    3792.2893
2	 2	 1	 91	 1	    1	 10	 9	 2	 NaN	    2	 0	 0	 0	 -4.5874	    NaN	 NaN	 NaN	 NaN	 NaN	    NaN	 NaN	 NaN	 NaN	 15.6891	    NaN	 NaN	 NaN	 NaN	 NaN	    NaN	 NaN	 NaN	 NaN	 361.3518	    1	 0.7800	 0	 3.797599e+03	 3.798290e+03	    3799.4407
2	 2	 1	 92	 1	    1	 10	 9	 2	 NaN	    2	 5	 0	 5	 -6.8880	    7.1120	 7.2986	 6.4668	 -3.7701	 -4.3154	    NaN	 NaN	 NaN	 NaN	 8.4323	    13.2579	 19.8814	 8.7610	 17.4379	 4.1477	    NaN	 NaN	 NaN	 NaN	 362.2353	    1	 0.8000	 0	 3.803933e+03	 3.804700e+03	    3805.5836
2	 2	 1	 93	 1	    2	 10	 9	 1	 NaN	    1	 0	 4	 4	 3.3499	    -5.4948	 7.0242	 -2.7655	 7.5926	 NaN	    NaN	 NaN	 NaN	 NaN	 6.8459	    6.6230	 17.1609	 12.6037	 5.2994	 NaN	    NaN	 NaN	 NaN	 NaN	 363.7605	    1	 0.8200	 0	 3.810184e+03	 3.810860e+03	    3812.3849
2	 2	 1	 94	 1	    1	 10	 9	 3	 NaN	    3	 1	 0	 1	 -7.7395	    5.4162	 NaN	 NaN	 NaN	 NaN	    NaN	 NaN	 NaN	 NaN	 10.3249	    15.8946	 NaN	 NaN	 NaN	 NaN	    NaN	 NaN	 NaN	 NaN	 365.0691	    1	 0.8400	 0	 3.816994e+03	 3.817861e+03	    3819.1695
2	 2	 1	 95	 1	    2	 10	 9	 4	 NaN	    4	 0	 5	 5	 3.3646	    -6.8349	 -4.5147	 -3.5306	 5.1520	 2.2382	    NaN	 NaN	 NaN	 NaN	 5.6446	    14.6245	 10.7137	 17.0176	 10.1615	 18.0171	    NaN	 NaN	 NaN	 NaN	 368.1197	    1	 0.8600	 0	 3.824354e+03	 3.824896e+03	    3827.9462
2	 2	 1	 96	 1	    1	 10	 9	 1	 NaN	    1	 4	 0	 4	 -7.3511	    -3.4499	 0.5875	 4.8477	 3.3476	 NaN	    NaN	 NaN	 NaN	 NaN	 13.3737	    18.0503	 5.1292	 9.3721	 13.7913	 NaN	    NaN	 NaN	 NaN	 NaN	 370.2951	    1	 0.8800	 0	 3.833231e+03	 3.833814e+03	    3835.9894
2	 2	 1	 97	 1	    2	 10	 9	 1	 NaN	    2	 0	 0	 0	 0.6042	    NaN	 NaN	 NaN	 NaN	 NaN	    NaN	 NaN	 NaN	 NaN	 18.9978	    NaN	 NaN	 NaN	 NaN	 NaN	    NaN	 NaN	 NaN	 NaN	 371.6287	    0	 0.8600	 0	 3.840632e+03	 3.841424e+03	    3842.7574
2	 2	 1	 98	 1	    2	 10	 9	 4	 NaN	    4	 0	 6	 6	 -6.8880	    -0.7623	 -5.3933	 3.7504	 6.3549	 7.9426	    3.1588	 NaN	 NaN	 NaN	 5.7830	    15.0372	 15.5458	 6.1728	 15.2853	 7.0292	    18.3605	 NaN	 NaN	 NaN	 374.5292	    1	 0.8800	 0	 3.847242e+03	 3.848175e+03	    3851.0757
2	 2	 1	 99	 1	    1	 10	 9	 1	 NaN	    2	 2	 0	 2	 4.9924	    -6.4441	 -0.2416	 NaN	 NaN	 NaN	    NaN	 NaN	 NaN	 NaN	 4.9735	    16.8132	 16.0960	 NaN	 NaN	 NaN	    NaN	 NaN	 NaN	 NaN	 376.2295	    0	 0.8600	 0	 3.856368e+03	 3.856877e+03	    3858.5772
2	 2	 1	 100	 1	    1	 10	 9	 3	 NaN	    3	 8	 0	 8	 -6.0779	    6.5545	 6.1913	 -7.8651	 -2.7746	 -3.8805	    5.7802	 7.0564	 -0.7991	 NaN	 10.6169	    19.9283	 8.7181	 19.8440	 13.7693	 6.6230	    15.1678	 4.6699	 18.7533	 NaN	 380.2886	    1	 0.8800	 0	 3.863295e+03	 3.864178e+03	    3868.2374
2	 2	 1	 101	 1	    2	 10	 9	 3	 NaN	    3	 0	 1	 1	 -6.5923	    6.4099	 NaN	 NaN	 NaN	 NaN	    NaN	 NaN	 NaN	 NaN	 9.2005	    15.2717	 NaN	 NaN	 NaN	 NaN	    NaN	 NaN	 NaN	 NaN	 381.4722	    1	 0.9000	 0	 3.873580e+03	 3.874505e+03	    3875.6888
2	 2	 1	 102	 1	    2	 10	 9	 2	 NaN	    2	 0	 3	 3	 4.1725	    4.9839	 -1.7845	 -3.3643	 NaN	 NaN	    NaN	 NaN	 NaN	 NaN	 9.8473	    17.1765	 19.3382	 4.9248	 NaN	 NaN	    NaN	 NaN	 NaN	 NaN	 382.9474	    1	 0.9200	 0	 3.880298e+03	 3.880873e+03	    3882.3484
2	 2	 1	 103	 1	    2	 10	 9	 3	 NaN	    3	 0	 2	 2	 -6.0536	    5.4206	 1.8733	 NaN	 NaN	 NaN	    NaN	 NaN	 NaN	 NaN	 18.5671	    8.7503	 13.3120	 NaN	 NaN	 NaN	    NaN	 NaN	 NaN	 NaN	 384.2060	    1	 0.9400	 0	 3.887324e+03	 3.888291e+03	    3889.5498
2	 2	 1	 104	 1	    2	 10	 9	 1	 NaN	    1	 0	 8	 8	 0.8808	    -6.9131	 7.5926	 6.3951	 -7.5751	 -4.5504	    -7.2113	 5.3426	 0.0947	 NaN	 16.6480	    18.4719	 11.9409	 7.0221	 10.1800	 12.8433	    6.0245	 18.9978	 5.1292	 NaN	 385.6896	    1	 0.9600	 0	 3.894567e+03	 3.895543e+03	    3897.0263
2	 2	 1	 105	 1	    2	 10	 9	 2	 NaN	    2	 0	 7	 7	 7.2757	    -3.6522	 -7.1047	 1.3747	 0.6327	 4.6499	    -7.7663	 -2.7746	 NaN	 NaN	 6.0207	    5.1391	 18.1334	 16.7311	 4.6762	 14.3283	    7.8515	 18.5647	 NaN	 NaN	 390.2821	    1	 0.9800	 0	 3.901535e+03	 3.902469e+03	    3907.0615
