2	 4	 99	 1	 1	    2	 10	 9	 3	 NaN	    4	 0	 1	 1	 -5.4434	    5.7685	 NaN	 NaN	 NaN	 NaN	    NaN	 NaN	 NaN	 NaN	 11.9798	    15.2198	 NaN	 NaN	 NaN	 NaN	    NaN	 NaN	 NaN	 NaN	 0.0000	    0	 -0.0200	 0	 2.768128e+03	 2.768953e+03	    2776.1714
2	 4	 99	 2	 1	    2	 10	 9	 3	 NaN	    3	 0	 6	 6	 -5.9307	    2.2923	 4.9031	 4.2058	 -3.8057	 -2.6052	    -6.7774	 NaN	 NaN	 NaN	 13.6173	    4.5184	 15.8632	 9.7706	 6.9670	 17.4655	    19.4679	 NaN	 NaN	 NaN	 0.0000	    1	 0.0000	 0	 2.803877e+03	 2.804727e+03	    2815.2707
2	 4	 99	 3	 1	    1	 10	 9	 4	 NaN	    4	 4	 0	 4	 -2.1246	    -2.0740	 6.8154	 2.5250	 -6.4751	 NaN	    NaN	 NaN	 NaN	 NaN	 13.1923	    5.0078	 14.5769	 6.1382	 8.0515	 NaN	    NaN	 NaN	 NaN	 NaN	 0.0000	    1	 0.0200	 0	 2.844485e+03	 2.845285e+03	    2848.1188
2	 4	 99	 4	 1	    1	 10	 9	 3	 NaN	    3	 0	 0	 0	 4.7326	    NaN	 NaN	 NaN	 NaN	 NaN	    NaN	 NaN	 NaN	 NaN	 17.4165	    NaN	 NaN	 NaN	 NaN	 NaN	    NaN	 NaN	 NaN	 NaN	 0.0000	    1	 0.0400	 0	 2.857104e+03	 2.857737e+03	    2859.3877
2	 4	 99	 5	 1	    2	 10	 9	 2	 NaN	    1	 0	 3	 3	 -6.1451	    -1.0758	 5.6153	 5.6417	 NaN	 NaN	    NaN	 NaN	 NaN	 NaN	 4.5950	    17.4555	 14.1889	 9.6122	 NaN	 NaN	    NaN	 NaN	 NaN	 NaN	 0.0000	    0	 0.0200	 0	 2.864722e+03	 2.865281e+03	    2867.9310
2	 4	 99	 6	 1	    1	 10	 9	 4	 NaN	    4	 5	 0	 5	 2.0700	    0.4167	 -4.1867	 -6.4432	 1.9726	 -4.2535	    NaN	 NaN	 NaN	 NaN	 13.0106	    5.0547	 17.7123	 4.8987	 19.3426	 8.4177	    NaN	 NaN	 NaN	 NaN	 0.0000	    1	 0.0400	 0	 2.873424e+03	 2.874374e+03	    2876.7078
2	 4	 99	 7	 1	    2	 10	 9	 1	 NaN	    1	 0	 0	 0	 7.7805	    NaN	 NaN	 NaN	 NaN	 NaN	    NaN	 NaN	 NaN	 NaN	 19.2082	    NaN	 NaN	 NaN	 NaN	 NaN	    NaN	 NaN	 NaN	 NaN	 0.0000	    1	 0.0600	 0	 2.881759e+03	 2.882401e+03	    2884.1092
2	 4	 99	 8	 1	    1	 10	 9	 1	 NaN	    1	 7	 0	 7	 -6.8398	    -2.7641	 7.2903	 -5.6791	 -0.4845	 4.3328	    3.4401	 7.9066	 NaN	 NaN	 17.6188	    16.9892	 16.7429	 10.3797	 5.3768	 9.0504	    18.5306	 6.4944	 NaN	 NaN	 0.0000	    1	 0.0800	 0	 2.891036e+03	 2.892019e+03	    2894.8530
2	 4	 99	 9	 1	    2	 10	 9	 4	 NaN	    3	 0	 8	 8	 -3.9464	    4.3597	 4.0145	 7.0736	 -0.4535	 -5.4059	    -4.0524	 4.5877	 -7.7670	 NaN	 11.2009	    19.4713	 13.3694	 9.2045	 16.7307	 5.4886	    19.0033	 5.8031	 12.4833	 NaN	 0.0000	    0	 0.0600	 0	 2.899646e+03	 2.900612e+03	    2905.4050
2	 4	 99	 10	 1	    1	 10	 9	 4	 NaN	    4	 2	 0	 2	 4.3152	    -1.4655	 -7.1690	 NaN	 NaN	 NaN	    NaN	 NaN	 NaN	 NaN	 7.0456	    16.0053	 16.1425	 NaN	 NaN	 NaN	    NaN	 NaN	 NaN	 NaN	 0.0000	    1	 0.0800	 0	 2.911381e+03	 2.912190e+03	    2914.6652
2	 4	 99	 11	 1	    1	 10	 9	 2	 NaN	    2	 8	 0	 8	 -0.2639	    4.9466	 7.2876	 -5.9391	 -6.6592	 3.0412	    7.4909	 -4.1161	 3.7130	 NaN	 14.3611	    10.3033	 16.8713	 7.7594	 13.8966	 4.3202	    4.6634	 18.4936	 19.6389	 NaN	 0.0000	    1	 0.1000	 0	 2.921033e+03	 2.921842e+03	    2931.7352
2	 4	 99	 12	 1	    2	 10	 9	 2	 NaN	    2	 0	 7	 7	 -6.4330	    0.7543	 -6.2089	 -5.7484	 6.8863	 -0.3500	    4.2572	 6.5172	 NaN	 NaN	 5.7755	    14.3184	 11.4120	 17.1083	 16.2707	 5.0438	    19.7829	 6.4719	 NaN	 NaN	 0.0000	    1	 0.1200	 0	 2.938428e+03	 2.939312e+03	    2942.1372
2	 4	 99	 13	 1	    1	 10	 9	 2	 NaN	    2	 1	 0	 1	 -6.9349	    7.3834	 NaN	 NaN	 NaN	 NaN	    NaN	 NaN	 NaN	 NaN	 15.9921	    10.1437	 NaN	 NaN	 NaN	 NaN	    NaN	 NaN	 NaN	 NaN	 0.0000	    1	 0.1400	 0	 2.948213e+03	 2.948914e+03	    2950.3472
2	 4	 99	 14	 1	    1	 10	 9	 4	 NaN	    4	 3	 0	 3	 -6.8098	    -3.7241	 4.9454	 6.9724	 NaN	 NaN	    NaN	 NaN	 NaN	 NaN	 14.0828	    4.0792	 16.6663	 6.5740	 NaN	 NaN	    NaN	 NaN	 NaN	 NaN	 0.0000	    1	 0.1600	 0	 2.955256e+03	 2.956223e+03	    2958.2904
2	 4	 99	 15	 1	    2	 10	 9	 3	 NaN	    4	 0	 4	 4	 -1.6144	    7.7471	 6.2683	 -4.5231	 5.1443	 NaN	    NaN	 NaN	 NaN	 NaN	 19.9739	    7.2007	 15.2045	 5.0438	 10.9136	 NaN	    NaN	 NaN	 NaN	 NaN	 0.0000	    0	 0.1400	 0	 2.963033e+03	 2.963875e+03	    2966.1169
2	 4	 99	 16	 1	    2	 10	 9	 1	 NaN	    1	 0	 5	 5	 4.3224	    -4.1712	 4.0459	 7.3679	 -4.0553	 -5.9710	    NaN	 NaN	 NaN	 NaN	 12.9121	    10.6957	 19.6784	 9.6459	 15.8394	 4.7685	    NaN	 NaN	 NaN	 NaN	 0.0000	    1	 0.1600	 0	 2.972368e+03	 2.973110e+03	    2975.2187
2	 4	 99	 17	 1	    2	 10	 9	 1	 NaN	    2	 0	 2	 2	 -1.7048	    6.8154	 7.0893	 NaN	 NaN	 NaN	    NaN	 NaN	 NaN	 NaN	 18.9260	    6.1682	 16.5239	 NaN	 NaN	 NaN	    NaN	 NaN	 NaN	 NaN	 0.0000	    0	 0.1400	 0	 2.980570e+03	 2.981428e+03	    2983.6954
2	 4	 99	 18	 1	    1	 10	 9	 1	 NaN	    2	 6	 0	 6	 -0.2091	    6.5154	 -6.8398	 6.6569	 5.2458	 -3.5273	    -5.5266	 NaN	 NaN	 NaN	 14.7681	    13.5474	 4.8987	 19.0033	 5.2556	 11.7712	    17.4555	 NaN	 NaN	 NaN	 0.0000	    0	 0.1200	 0	 2.989938e+03	 2.990622e+03	    2999.4818
2	 4	 99	 19	 1	    1	 10	 9	 4	 NaN	    4	 5	 0	 5	 5.2576	    -5.9710	 -6.3849	 7.6867	 5.0147	 -5.0754	    NaN	 NaN	 NaN	 NaN	 18.9085	    19.0278	 8.2407	 10.3167	 6.8435	 13.0759	    NaN	 NaN	 NaN	 NaN	 0.0000	    1	 0.1400	 0	 3.007725e+03	 3.008600e+03	    3011.7009
2	 4	 99	 20	 1	    1	 10	 9	 2	 NaN	    1	 3	 0	 3	 4.3305	    -3.4202	 3.4198	 -6.4751	 NaN	 NaN	    NaN	 NaN	 NaN	 NaN	 7.2051	    14.4786	 16.8439	 9.3873	 NaN	 NaN	    NaN	 NaN	 NaN	 NaN	 0.0000	    0	 0.1200	 1	 3.017502e+03	 3.018327e+03	    3022.1363
2	 4	 99	 21	 1	    2	 10	 9	 2	 NaN	    2	 0	 6	 6	 2.8432	    -4.5187	 -0.6060	 4.0826	 -6.9724	 5.1086	    -0.9971	 NaN	 NaN	 NaN	 12.9341	    7.3782	 5.5172	 6.4275	 17.6633	 19.4742	    19.0278	 NaN	 NaN	 NaN	 0.0000	    1	 0.1400	 0	 3.027687e+03	 3.028229e+03	    3033.2384
2	 4	 99	 22	 1	    2	 10	 9	 3	 NaN	    4	 0	 7	 7	 4.3603	    3.0655	 -5.9391	 -2.8068	 7.2918	 -7.8982	    5.8037	 -4.1469	 NaN	 NaN	 11.9125	    6.8936	 13.3859	 18.1131	 4.0844	 19.7572	    17.2696	 4.0844	 NaN	 NaN	 0.0000	    0	 0.1200	 0	 3.038306e+03	 3.039198e+03	    3042.6569
2	 4	 99	 23	 1	    2	 10	 9	 3	 NaN	    3	 0	 2	 2	 -5.5413	    4.5877	 -1.0224	 NaN	 NaN	 NaN	    NaN	 NaN	 NaN	 NaN	 18.6255	    11.7752	 16.2335	 NaN	 NaN	 NaN	    NaN	 NaN	 NaN	 NaN	 0.0000	    1	 0.1400	 0	 3.048166e+03	 3.048842e+03	    3050.8086
2	 4	 99	 24	 1	    1	 10	 9	 2	 NaN	    2	 1	 0	 1	 -4.5601	    7.9877	 NaN	 NaN	 NaN	 NaN	    NaN	 NaN	 NaN	 NaN	 16.6436	    9.5146	 NaN	 NaN	 NaN	 NaN	    NaN	 NaN	 NaN	 NaN	 0.0000	    1	 0.1200	 1	 3.055843e+03	 3.056685e+03	    3061.4690
2	 4	 99	 25	 1	    1	 10	 9	 3	 NaN	    3	 2	 0	 2	 -7.3879	    6.1270	 -2.8068	 NaN	 NaN	 NaN	    NaN	 NaN	 NaN	 NaN	 11.0036	    16.6436	 4.7158	 NaN	 NaN	 NaN	    NaN	 NaN	 NaN	 NaN	 0.0000	    1	 0.1400	 0	 3.067103e+03	 3.067779e+03	    3069.1955
2	 4	 99	 26	 1	    1	 10	 9	 3	 NaN	    3	 8	 0	 8	 -2.0384	    -6.9350	 2.3069	 -2.0176	 6.8462	 -7.2705	    3.7130	 7.3834	 1.5126	 NaN	 16.9168	    10.4362	 13.8932	 4.8658	 11.4090	 16.9962	    5.6020	 19.3429	 19.5384	 NaN	 0.0000	    1	 0.1600	 0	 3.073921e+03	 3.074738e+03	    3079.8809
2	 4	 99	 27	 1	    2	 10	 9	 2	 NaN	    2	 0	 4	 4	 6.4831	    1.1633	 -7.1690	 -4.5601	 7.3536	 NaN	    NaN	 NaN	 NaN	 NaN	 11.7752	    14.7681	 9.9682	 19.3416	 17.4605	 NaN	    NaN	 NaN	 NaN	 NaN	 0.0000	    1	 0.1800	 0	 3.084865e+03	 3.085674e+03	    3089.5578
2	 4	 99	 28	 1	    2	 10	 9	 4	 NaN	    4	 0	 5	 5	 4.3328	    -7.1986	 -0.6581	 6.6798	 -3.6113	 3.3053	    NaN	 NaN	 NaN	 NaN	 19.2573	    9.0197	 17.4984	 12.6909	 5.9041	 4.4774	    NaN	 NaN	 NaN	 NaN	 0.0000	    1	 0.2000	 0	 3.094167e+03	 3.094784e+03	    3097.5344
2	 4	 99	 29	 1	    2	 10	 9	 3	 NaN	    3	 0	 3	 3	 4.7326	    5.7236	 -4.0524	 -5.4080	 NaN	 NaN	    NaN	 NaN	 NaN	 NaN	 17.4123	    10.5050	 7.7914	 12.4663	 NaN	 NaN	    NaN	 NaN	 NaN	 NaN	 0.0000	    1	 0.2200	 0	 3.102302e+03	 3.103294e+03	    3105.2692
2	 4	 99	 30	 1	    1	 10	 9	 1	 NaN	    1	 0	 0	 0	 -5.5270	    NaN	 NaN	 NaN	 NaN	 NaN	    NaN	 NaN	 NaN	 NaN	 12.6998	    NaN	 NaN	 NaN	 NaN	 NaN	    NaN	 NaN	 NaN	 NaN	 0.0000	    1	 0.2400	 0	 3.110612e+03	 3.111195e+03	    3112.7874
2	 4	 99	 31	 1	    2	 10	 9	 1	 NaN	    1	 0	 8	 8	 -0.7491	    2.5587	 -5.4080	 -6.5470	 6.8712	 -1.7965	    4.2058	 5.5384	 7.4465	 NaN	 4.5032	    14.0315	 13.7387	 8.5993	 9.6122	 18.5079	    19.6389	 4.6880	 13.6173	 NaN	 0.0000	    1	 0.2600	 0	 3.118197e+03	 3.119005e+03	    3122.0808
2	 4	 99	 32	 1	    1	 10	 9	 2	 NaN	    2	 7	 0	 7	 -5.7332	    -0.7491	 7.7149	 2.1110	 -1.6144	 5.1761	    4.3224	 -7.7654	 NaN	 NaN	 17.0091	    4.9655	 18.8294	 17.8673	 13.3929	 4.7237	    10.9865	 11.1015	 NaN	 NaN	 0.0000	    1	 0.2800	 0	 3.131641e+03	 3.132350e+03	    3135.9002
2	 4	 99	 33	 1	    1	 10	 9	 2	 NaN	    2	 6	 0	 6	 4.0426	    -7.4819	 6.3066	 -4.6645	 2.2890	 -3.4156	    0.9620	 NaN	 NaN	 NaN	 13.1486	    7.0316	 6.8011	 17.8956	 19.7572	 11.9798	    15.8484	 NaN	 NaN	 NaN	 0.0000	    1	 0.3000	 0	 3.142702e+03	 3.143235e+03	    3146.5940
2	 4	 99	 34	 1	    1	 10	 9	 4	 NaN	    4	 4	 0	 4	 -2.5182	    6.5606	 4.5591	 -5.6662	 -5.1017	 NaN	    NaN	 NaN	 NaN	 NaN	 12.7186	    12.5581	 8.7652	 9.6468	 19.7581	 NaN	    NaN	 NaN	 NaN	 NaN	 0.0000	    1	 0.3200	 0	 3.151370e+03	 3.151945e+03	    3155.6541
2	 4	 99	 35	 1	    2	 10	 9	 3	 NaN	    3	 0	 0	 0	 -5.3067	    NaN	 NaN	 NaN	 NaN	 NaN	    NaN	 NaN	 NaN	 NaN	 8.2788	    NaN	 NaN	 NaN	 NaN	 NaN	    NaN	 NaN	 NaN	 NaN	 0.0000	    1	 0.3400	 0	 3.160563e+03	 3.161214e+03	    3162.5221
2	 4	 99	 36	 1	    2	 10	 9	 3	 NaN	    3	 0	 1	 1	 -3.1142	    7.1863	 NaN	 NaN	 NaN	 NaN	    NaN	 NaN	 NaN	 NaN	 15.3336	    5.8224	 NaN	 NaN	 NaN	 NaN	    NaN	 NaN	 NaN	 NaN	 0.0000	    1	 0.3200	 1	 3.167215e+03	 3.167798e+03	    3169.0484
