2	 99	 1	 1	 1	    1	 10	 9	 4	 NaN	    4	 6	 0	 6	 -5.2675	    -1.0212	 5.3610	 6.7555	 5.3368	 -7.1709	    -5.6161	 NaN	 NaN	 NaN	 19.5275	    16.0611	 11.8583	 17.8698	 5.5171	 10.5092	    5.5882	 NaN	 NaN	 NaN	 3.1089	    1	 0.0200	 0	 1.574770e+03	 1.575687e+03	    1578.7959
2	 99	 1	 2	 1	    1	 10	 9	 3	 NaN	    3	 1	 0	 1	 -4.8701	    5.4525	 NaN	 NaN	 NaN	 NaN	    NaN	 NaN	 NaN	 NaN	 13.3937	    7.6523	 NaN	 NaN	 NaN	 NaN	    NaN	 NaN	 NaN	 NaN	 4.6342	    1	 0.0400	 0	 1.590006e+03	 1.590557e+03	    1592.0818
2	 99	 1	 3	 1	    2	 10	 9	 4	 NaN	    4	 0	 2	 2	 2.3334	    -0.3137	 7.9317	 NaN	 NaN	 NaN	    NaN	 NaN	 NaN	 NaN	 5.0446	    15.0912	 16.5836	 NaN	 NaN	 NaN	    NaN	 NaN	 NaN	 NaN	 6.1845	    1	 0.0600	 0	 1.598416e+03	 1.599375e+03	    1600.9251
2	 99	 1	 4	 1	    2	 10	 9	 2	 NaN	    1	 0	 6	 6	 -6.1885	    5.4525	 2.7357	 -2.2110	 -0.7962	 4.2161	    -4.5765	 NaN	 NaN	 NaN	 10.8913	    16.4896	 4.6830	 14.3826	 19.5477	 11.7254	    5.5086	 NaN	 NaN	 NaN	 7.5514	    0	 0.0400	 0	 1.605959e+03	 1.606843e+03	    1608.2098
2	 99	 1	 5	 1	    2	 10	 9	 4	 NaN	    4	 0	 4	 4	 -4.2871	    -5.3591	 5.0034	 2.3334	 6.7661	 NaN	    NaN	 NaN	 NaN	 NaN	 15.5677	    4.0994	 9.9293	 19.9856	 15.0642	 NaN	    NaN	 NaN	 NaN	 NaN	 10.2018	    1	 0.0600	 0	 1.613244e+03	 1.613928e+03	    1616.5781
2	 99	 1	 6	 1	    1	 10	 9	 2	 NaN	    2	 5	 0	 5	 4.6104	    3.0743	 -5.1355	 -4.5848	 5.7420	 -1.7782	    NaN	 NaN	 NaN	 NaN	 8.0933	    15.5439	 18.6212	 11.5239	 19.5972	 5.7197	    NaN	 NaN	 NaN	 NaN	 11.7271	    1	 0.0800	 0	 1.622046e+03	 1.622704e+03	    1624.2296
2	 99	 1	 7	 1	    1	 10	 9	 4	 NaN	    4	 3	 0	 3	 2.6047	    0.4635	 -4.7694	 -2.8714	 NaN	 NaN	    NaN	 NaN	 NaN	 NaN	 4.0805	    19.3696	 12.6358	 5.3777	 NaN	 NaN	    NaN	 NaN	 NaN	 NaN	 13.0190	    1	 0.1000	 0	 1.629147e+03	 1.629931e+03	    1631.2226
2	 99	 1	 8	 1	    2	 10	 9	 2	 NaN	    2	 0	 7	 7	 5.7466	    1.8994	 -5.1505	 4.5788	 -4.5540	 -5.2580	    0.8925	 -4.9439	 NaN	 NaN	 12.9808	    17.1879	 10.7716	 7.3892	 4.4931	 14.9381	    4.9326	 19.7266	 NaN	 NaN	 15.5612	    1	 0.1200	 0	 1.636040e+03	 1.636682e+03	    1639.2241
2	 99	 1	 9	 1	    2	 10	 9	 1	 NaN	    1	 0	 3	 3	 -2.9334	    -4.5340	 6.2167	 5.2444	 NaN	 NaN	    NaN	 NaN	 NaN	 NaN	 6.2443	    14.0836	 15.6455	 9.3409	 NaN	 NaN	    NaN	 NaN	 NaN	 NaN	 17.2198	    1	 0.1400	 0	 1.644258e+03	 1.645125e+03	    1646.7839
2	 99	 1	 10	 1	    1	 10	 9	 4	 NaN	    4	 0	 0	 0	 -7.1145	    NaN	 NaN	 NaN	 NaN	 NaN	    NaN	 NaN	 NaN	 NaN	 18.0261	    NaN	 NaN	 NaN	 NaN	 NaN	    NaN	 NaN	 NaN	 NaN	 18.1700	    1	 0.1600	 0	 1.651735e+03	 1.652718e+03	    1653.6686
2	 99	 1	 11	 1	    2	 10	 9	 4	 NaN	    4	 0	 5	 5	 -5.6549	    1.9345	 0.5971	 -1.5989	 -7.6951	 7.2083	    NaN	 NaN	 NaN	 NaN	 17.4159	    14.0569	 19.3827	 4.0134	 11.4036	 5.4271	    NaN	 NaN	 NaN	 NaN	 19.5119	    1	 0.1800	 0	 1.658578e+03	 1.659236e+03	    1660.5782
2	 99	 1	 12	 1	    2	 10	 9	 3	 NaN	    4	 0	 8	 8	 7.0612	    -2.2110	 -1.0029	 7.2071	 4.2755	 -3.0366	    4.9541	 -6.3508	 -6.0764	 NaN	 4.4457	    4.7630	 19.1022	 14.4711	 8.9163	 12.2391	    18.7661	 7.0093	 19.5972	 NaN	 21.6956	    0	 0.1600	 0	 1.665296e+03	 1.665879e+03	    1668.0629
2	 99	 1	 13	 1	    1	 10	 9	 1	 NaN	    1	 8	 0	 8	 4.7836	    -7.2817	 -2.0774	 0.6182	 -5.1355	 -1.6384	    7.6036	 7.6644	 7.0751	 NaN	 5.6543	    4.9530	 4.6412	 16.6151	 16.0298	 13.1712	    15.1234	 8.6367	 19.2042	 NaN	 24.8629	    1	 0.1800	 0	 1.673022e+03	 1.673664e+03	    1676.8313
2	 99	 1	 14	 1	    1	 10	 9	 2	 NaN	    2	 4	 0	 4	 -7.4494	    6.2216	 -5.6272	 5.2397	 -5.0025	 NaN	    NaN	 NaN	 NaN	 NaN	 11.5265	    9.1179	 19.5631	 16.3957	 4.5973	 NaN	    NaN	 NaN	 NaN	 NaN	 25.9547	    1	 0.2000	 0	 1.681907e+03	 1.682682e+03	    1683.7743
2	 99	 1	 15	 1	    2	 10	 9	 1	 NaN	    1	 0	 1	 1	 -7.7718	    0.6182	 NaN	 NaN	 NaN	 NaN	    NaN	 NaN	 NaN	 NaN	 10.0092	    19.7915	 NaN	 NaN	 NaN	 NaN	    NaN	 NaN	 NaN	 NaN	 27.7384	    1	 0.2200	 0	 1.688867e+03	 1.689517e+03	    1691.3007
2	 99	 1	 16	 1	    1	 10	 9	 2	 NaN	    1	 2	 0	 2	 -4.1024	    3.4517	 2.8230	 NaN	 NaN	 NaN	    NaN	 NaN	 NaN	 NaN	 18.6918	    6.8208	 12.5789	 NaN	 NaN	 NaN	    NaN	 NaN	 NaN	 NaN	 29.2469	    0	 0.2000	 0	 1.696235e+03	 1.697077e+03	    1698.5854
2	 99	 1	 17	 1	    2	 10	 9	 1	 NaN	    1	 0	 0	 0	 7.6732	    NaN	 NaN	 NaN	 NaN	 NaN	    NaN	 NaN	 NaN	 NaN	 4.9638	    NaN	 NaN	 NaN	 NaN	 NaN	    NaN	 NaN	 NaN	 NaN	 31.5140	    1	 0.2200	 0	 1.703595e+03	 1.704403e+03	    1706.6703
2	 99	 1	 18	 1	    1	 10	 9	 2	 NaN	    2	 7	 0	 7	 -7.1709	    -2.1826	 7.1776	 -7.5738	 1.4032	 6.0185	    -5.0375	 6.2363	 NaN	 NaN	 11.8947	    17.2914	 6.4136	 19.8926	 15.0641	 19.5566	    7.6578	 10.3464	 NaN	 NaN	 35.1730	    1	 0.2400	 0	 1.711721e+03	 1.712588e+03	    1716.2471
2	 99	 1	 19	 1	    2	 10	 9	 2	 NaN	    2	 0	 7	 7	 -6.1992	    -0.7962	 0.9305	 6.5020	 -3.5766	 4.9484	    -6.2365	 6.2167	 NaN	 NaN	 17.8262	    18.0203	 4.1147	 10.9488	 13.7640	 16.8698	    10.3464	 6.6981	 NaN	 NaN	 39.1320	    1	 0.2600	 0	 1.721265e+03	 1.721882e+03	    1725.8406
2	 99	 1	 20	 1	    1	 10	 9	 1	 NaN	    1	 8	 0	 8	 -5.1273	    3.1371	 -6.7949	 1.0469	 -7.1478	 5.4525	    5.1490	 -3.7732	 6.6672	 NaN	 13.9774	    4.2752	 9.7459	 17.6235	 19.5972	 17.5054	    11.5325	 6.9236	 6.1939	 NaN	 42.8827	    1	 0.2800	 0	 1.730667e+03	 1.731617e+03	    1735.3674
2	 99	 1	 21	 1	    2	 10	 9	 4	 NaN	    4	 0	 8	 8	 5.7281	    5.8133	 -3.7167	 -7.4114	 -2.5208	 7.1337	    -3.7167	 2.5040	 1.6758	 NaN	 5.5086	    19.2387	 11.5576	 13.3696	 4.6931	 11.9448	    18.8809	 14.0836	 18.0828	 NaN	 46.0666	    1	 0.3000	 0	 1.740502e+03	 1.741369e+03	    1744.5525
2	 99	 1	 22	 1	    2	 10	 9	 3	 NaN	    3	 0	 3	 3	 2.0816	    -7.4782	 4.5788	 -5.6161	 NaN	 NaN	    NaN	 NaN	 NaN	 NaN	 13.9272	    18.0041	 4.9530	 5.2256	 NaN	 NaN	    NaN	 NaN	 NaN	 NaN	 47.1001	    1	 0.3200	 0	 1.749770e+03	 1.750454e+03	    1751.4872
2	 99	 1	 23	 1	    1	 10	 9	 3	 NaN	    3	 6	 0	 6	 -6.1885	    4.9541	 -3.2202	 6.7617	 1.6147	 -7.6951	    -2.8341	 NaN	 NaN	 NaN	 5.9134	    13.0414	 12.2833	 5.8547	 18.0261	 11.5325	    19.8561	 NaN	 NaN	 NaN	 49.9756	    1	 0.3400	 0	 1.756355e+03	 1.756880e+03	    1759.7554
2	 99	 1	 24	 1	    1	 10	 9	 2	 NaN	    2	 2	 0	 2	 6.8021	    -7.2817	 4.7836	 NaN	 NaN	 NaN	    NaN	 NaN	 NaN	 NaN	 17.7478	    9.2709	 9.7068	 NaN	 NaN	 NaN	    NaN	 NaN	 NaN	 NaN	 51.5926	    1	 0.3600	 0	 1.764740e+03	 1.765365e+03	    1766.9818
2	 99	 1	 25	 1	    1	 10	 9	 4	 NaN	    4	 0	 0	 0	 4.0062	    NaN	 NaN	 NaN	 NaN	 NaN	    NaN	 NaN	 NaN	 NaN	 18.1171	    NaN	 NaN	 NaN	 NaN	 NaN	    NaN	 NaN	 NaN	 NaN	 52.6094	    1	 0.3800	 0	 1.771883e+03	 1.772775e+03	    1773.7915
2	 99	 1	 26	 1	    2	 10	 9	 4	 NaN	    4	 0	 4	 4	 0.7309	    5.3368	 -6.5680	 -0.4401	 6.5257	 NaN	    NaN	 NaN	 NaN	 NaN	 15.9646	    17.4597	 11.3584	 5.2785	 9.1607	 NaN	    NaN	 NaN	 NaN	 NaN	 54.9765	    1	 0.4000	 0	 1.778576e+03	 1.779393e+03	    1781.7596
2	 99	 1	 27	 1	    2	 10	 9	 4	 NaN	    4	 0	 5	 5	 1.6653	    -1.4610	 6.9737	 -3.4292	 3.7937	 -7.9940	    NaN	 NaN	 NaN	 NaN	 14.7763	    4.9631	 6.1431	 17.7150	 19.1351	 6.1019	    NaN	 NaN	 NaN	 NaN	 56.2518	    1	 0.4200	 0	 1.786711e+03	 1.787461e+03	    1788.7360
2	 99	 1	 28	 1	    2	 10	 9	 1	 NaN	    1	 0	 1	 1	 0.7090	    -5.0224	 NaN	 NaN	 NaN	 NaN	    NaN	 NaN	 NaN	 NaN	 17.1915	    5.5324	 NaN	 NaN	 NaN	 NaN	    NaN	 NaN	 NaN	 NaN	 57.3520	    1	 0.4400	 0	 1.793937e+03	 1.794654e+03	    1795.7540
2	 99	 1	 29	 1	    2	 10	 9	 1	 NaN	    1	 0	 2	 2	 5.3987	    -1.0031	 5.3861	 NaN	 NaN	 NaN	    NaN	 NaN	 NaN	 NaN	 5.3449	    15.0641	 15.3092	 NaN	 NaN	 NaN	    NaN	 NaN	 NaN	 NaN	 59.3023	    1	 0.4600	 0	 1.800655e+03	 1.801363e+03	    1803.3137
2	 99	 1	 30	 1	    2	 10	 9	 1	 NaN	    1	 0	 0	 0	 -4.2780	    NaN	 NaN	 NaN	 NaN	 NaN	    NaN	 NaN	 NaN	 NaN	 12.4731	    NaN	 NaN	 NaN	 NaN	 NaN	    NaN	 NaN	 NaN	 NaN	 60.5942	    1	 0.4800	 0	 1.808156e+03	 1.808965e+03	    1810.2567
2	 99	 1	 31	 1	    2	 10	 9	 2	 NaN	    1	 0	 6	 6	 2.1696	    -5.6839	 7.2541	 -2.2152	 -6.6186	 1.7806	    6.8146	 NaN	 NaN	 NaN	 5.6580	    5.4743	 4.9718	 13.6733	 14.1741	 17.9456	    12.2840	 NaN	 NaN	 NaN	 64.4532	    0	 0.4600	 0	 1.815183e+03	 1.816083e+03	    1819.9419
2	 99	 1	 32	 1	    1	 10	 9	 2	 NaN	    2	 5	 0	 5	 5.7808	    -2.9569	 -4.5848	 6.6910	 -7.1380	 3.7261	    NaN	 NaN	 NaN	 NaN	 12.5922	    17.6420	 7.1149	 8.5801	 14.9151	 5.7908	    NaN	 NaN	 NaN	 NaN	 65.9785	    1	 0.4800	 0	 1.825276e+03	 1.826001e+03	    1827.5267
2	 99	 1	 33	 1	    1	 10	 9	 2	 NaN	    1	 1	 0	 1	 4.8619	    -4.5191	 NaN	 NaN	 NaN	 NaN	    NaN	 NaN	 NaN	 NaN	 4.2302	    13.3755	 NaN	 NaN	 NaN	 NaN	    NaN	 NaN	 NaN	 NaN	 67.6871	    0	 0.4600	 0	 1.832253e+03	 1.832869e+03	    1834.5780
2	 99	 1	 34	 1	    1	 10	 9	 3	 NaN	    4	 3	 0	 3	 2.0570	    -0.9614	 3.5721	 -1.6724	 NaN	 NaN	    NaN	 NaN	 NaN	 NaN	 19.1351	    15.7761	 4.3489	 5.4563	 NaN	 NaN	    NaN	 NaN	 NaN	 NaN	 68.6873	    0	 0.4400	 0	 1.839296e+03	 1.840062e+03	    1841.0626
2	 99	 1	 35	 1	    1	 10	 9	 4	 NaN	    4	 4	 0	 4	 6.5257	    -7.4249	 4.8029	 -2.3555	 -2.7948	 NaN	    NaN	 NaN	 NaN	 NaN	 10.8714	    7.3204	 16.7223	 14.7530	 4.8027	 NaN	    NaN	 NaN	 NaN	 NaN	 69.6875	    1	 0.4600	 0	 1.845738e+03	 1.846480e+03	    1847.4805
2	 99	 1	 36	 1	    1	 10	 9	 4	 NaN	    4	 7	 0	 7	 1.0106	    -0.6739	 6.4192	 4.6829	 -6.5169	 -7.2817	    -7.9503	 6.0185	 NaN	 NaN	 18.7079	    14.4711	 18.0261	 11.5025	 10.2836	 17.7244	    4.8314	 5.3260	 NaN	 NaN	 73.1298	    1	 0.4800	 0	 1.852298e+03	 1.853240e+03	    1856.6823
2	 99	 1	 37	 1	    2	 10	 9	 2	 NaN	    2	 0	 3	 3	 -5.3440	    5.1490	 -0.1345	 4.2779	 NaN	 NaN	    NaN	 NaN	 NaN	 NaN	 8.4482	    5.9750	 19.5121	 19.0253	 NaN	 NaN	    NaN	 NaN	 NaN	 NaN	 75.7886	    1	 0.5000	 0	 1.861600e+03	 1.862450e+03	    1865.1089
2	 99	 1	 38	 1	    2	 10	 9	 3	 NaN	    3	 0	 7	 7	 5.3987	    4.7694	 -2.4546	 0.7977	 -6.5580	 -6.7949	    -2.7356	 4.2051	 NaN	 NaN	 17.8560	    10.6034	 5.2870	 18.8199	 6.5879	 13.7422	    15.4925	 5.8619	 NaN	 NaN	 78.9808	    1	 0.5200	 0	 1.870193e+03	 1.871077e+03	    1874.2689
2	 99	 1	 39	 1	    2	 10	 9	 3	 NaN	    3	 0	 6	 6	 -3.0176	    7.2083	 -1.6047	 7.9123	 -7.5811	 2.2658	    -6.2038	 NaN	 NaN	 NaN	 6.1223	    16.5210	 17.8974	 4.4760	 13.5295	 5.8619	    9.4584	 NaN	 NaN	 NaN	 80.6811	    1	 0.5400	 0	 1.879487e+03	 1.880245e+03	    1881.9454
2	 99	 1	 40	 1	    2	 10	 9	 4	 NaN	    4	 0	 4	 4	 -0.6928	    4.8398	 7.4029	 -4.0884	 0.7987	 NaN	    NaN	 NaN	 NaN	 NaN	 4.4457	    18.8673	 4.0994	 19.4835	 16.5210	 NaN	    NaN	 NaN	 NaN	 NaN	 82.4648	    1	 0.5600	 0	 1.886771e+03	 1.887521e+03	    1889.3051
2	 99	 1	 41	 1	    1	 10	 9	 1	 NaN	    1	 5	 0	 5	 -4.9153	    0.7730	 -6.4110	 -1.3454	 5.4917	 7.6289	    NaN	 NaN	 NaN	 NaN	 14.2979	    19.7598	 7.3204	 5.2785	 16.4414	 10.9690	    NaN	 NaN	 NaN	 NaN	 84.8069	    1	 0.5800	 0	 1.894448e+03	 1.895206e+03	    1897.5484
2	 99	 1	 42	 1	    1	 10	 9	 1	 NaN	    1	 1	 0	 1	 -4.6531	    7.2083	 NaN	 NaN	 NaN	 NaN	    NaN	 NaN	 NaN	 NaN	 17.8974	    6.9968	 NaN	 NaN	 NaN	 NaN	    NaN	 NaN	 NaN	 NaN	 85.6654	    1	 0.6000	 0	 1.902391e+03	 1.903233e+03	    1904.0913
2	 99	 1	 43	 1	    2	 10	 9	 3	 NaN	    4	 0	 0	 0	 3.4061	    NaN	 NaN	 NaN	 NaN	 NaN	    NaN	 NaN	 NaN	 NaN	 16.3553	    NaN	 NaN	 NaN	 NaN	 NaN	    NaN	 NaN	 NaN	 NaN	 86.5655	    0	 0.5800	 0	 1.909092e+03	 1.909826e+03	    1910.7259
2	 99	 1	 44	 1	    2	 10	 9	 3	 NaN	    4	 0	 2	 2	 5.8795	    -4.6035	 -7.8230	 NaN	 NaN	 NaN	    NaN	 NaN	 NaN	 NaN	 9.6734	    13.3749	 5.6178	 NaN	 NaN	 NaN	    NaN	 NaN	 NaN	 NaN	 88.1408	    0	 0.5600	 0	 1.915627e+03	 1.916485e+03	    1918.0606
2	 99	 1	 45	 1	    1	 10	 9	 1	 NaN	    1	 8	 0	 8	 5.3987	    5.1490	 -0.2013	 -4.3163	 -2.3025	 -7.5811	    0.6194	 6.8965	 -4.6531	 NaN	 13.4601	    4.9917	 18.8329	 4.3036	 13.9562	 7.9674	    4.2752	 18.5399	 19.8917	 NaN	 91.5247	    1	 0.5800	 0	 1.922895e+03	 1.923428e+03	    1926.8123
2	 99	 1	 46	 1	    1	 10	 9	 2	 NaN	    2	 0	 0	 0	 -6.6186	    NaN	 NaN	 NaN	 NaN	 NaN	    NaN	 NaN	 NaN	 NaN	 4.9638	    NaN	 NaN	 NaN	 NaN	 NaN	    NaN	 NaN	 NaN	 NaN	 92.5166	    1	 0.6000	 0	 1.932013e+03	 1.932705e+03	    1933.6969
2	 99	 1	 47	 1	    2	 10	 9	 2	 NaN	    2	 0	 5	 5	 -2.0847	    -6.1885	 3.9287	 -3.5295	 3.4286	 6.1650	    NaN	 NaN	 NaN	 NaN	 13.4198	    9.8974	 14.2033	 6.3019	 18.5164	 5.7955	    NaN	 NaN	 NaN	 NaN	 93.8918	    1	 0.6200	 0	 1.938598e+03	 1.939565e+03	    1940.9400
2	 99	 1	 48	 1	    1	 10	 9	 1	 NaN	    1	 3	 0	 3	 -6.8210	    6.0046	 7.6644	 -3.3492	 NaN	 NaN	    NaN	 NaN	 NaN	 NaN	 11.8695	    5.4271	 15.0642	 15.4390	 NaN	 NaN	    NaN	 NaN	 NaN	 NaN	 95.2837	    1	 0.6400	 0	 1.946049e+03	 1.946924e+03	    1948.3164
2	 99	 1	 49	 1	    1	 10	 9	 2	 NaN	    1	 2	 0	 2	 -6.5973	    4.6339	 7.6803	 NaN	 NaN	 NaN	    NaN	 NaN	 NaN	 NaN	 11.6924	    13.6403	 19.9107	 NaN	 NaN	 NaN	    NaN	 NaN	 NaN	 NaN	 98.0009	    0	 0.6200	 0	 1.953042e+03	 1.954026e+03	    1956.7430
2	 99	 1	 50	 1	    2	 10	 9	 1	 NaN	    2	 0	 8	 8	 -1.5629	    4.9924	 2.6602	 -4.9719	 4.3879	 -6.1885	    -4.7269	 6.1260	 -5.5035	 NaN	 15.8704	    14.0457	 5.2472	 9.7478	 9.2527	 14.3254	    4.8027	 19.2144	 18.8990	 NaN	 100.8931	    0	 0.6000	 0	 1.961719e+03	 1.962311e+03	    1965.2030
2	 99	 1	 51	 1	    1	 10	 9	 3	 NaN	    3	 6	 0	 6	 -2.6261	    1.6274	 -2.8714	 -7.0892	 4.2051	 5.7466	    -5.2545	 NaN	 NaN	 NaN	 15.2888	    16.4485	 5.3309	 8.3086	 5.4743	 16.4896	    19.2272	 NaN	 NaN	 NaN	 103.5936	    1	 0.6200	 0	 1.970079e+03	 1.970696e+03	    1973.3962
2	 99	 1	 52	 1	    2	 10	 9	 1	 NaN	    2	 0	 1	 1	 5.7466	    -5.3591	 NaN	 NaN	 NaN	 NaN	    NaN	 NaN	 NaN	 NaN	 8.3362	    16.2168	 NaN	 NaN	 NaN	 NaN	    NaN	 NaN	 NaN	 NaN	 105.7606	    0	 0.6000	 0	 1.978272e+03	 1.979156e+03	    1981.3227
2	 99	 1	 53	 1	    1	 10	 9	 1	 NaN	    1	 7	 0	 7	 -6.4193	    2.4785	 4.6339	 -5.4212	 -5.7155	 0.9918	    1.2819	 -5.0224	 NaN	 NaN	 6.3921	    4.0134	 11.5230	 10.3464	 15.1085	 18.4248	    13.9167	 19.5536	 NaN	 NaN	 108.1944	    1	 0.6200	 0	 1.986165e+03	 1.987032e+03	    1989.4659
2	 99	 1	 54	 1	    1	 10	 9	 2	 NaN	    2	 4	 0	 4	 4.3879	    -7.0393	 6.2363	 -4.8703	 0.7722	 NaN	    NaN	 NaN	 NaN	 NaN	 10.7136	    4.1872	 19.8941	 14.6807	 17.7090	 NaN	    NaN	 NaN	 NaN	 NaN	 110.3781	    1	 0.6400	 0	 1.994242e+03	 1.995017e+03	    1997.2007
2	 99	 1	 55	 1	    1	 10	 9	 1	 NaN	    1	 2	 0	 2	 0.0959	    -4.9153	 5.7466	 NaN	 NaN	 NaN	    NaN	 NaN	 NaN	 NaN	 13.7733	    5.5020	 9.8933	 NaN	 NaN	 NaN	    NaN	 NaN	 NaN	 NaN	 111.8618	    1	 0.6600	 0	 2.002060e+03	 2.002677e+03	    2004.1604
2	 99	 1	 56	 1	    1	 10	 9	 3	 NaN	    3	 5	 0	 5	 2.3334	    -7.7718	 7.5476	 7.1820	 -4.5848	 -3.1616	    NaN	 NaN	 NaN	 NaN	 17.8698	    4.9530	 18.8417	 8.2909	 16.0918	 4.0457	    NaN	 NaN	 NaN	 NaN	 113.1537	    1	 0.6800	 0	 2.008936e+03	 2.009803e+03	    2011.0950
2	 99	 1	 57	 1	    2	 10	 9	 4	 NaN	    3	 0	 0	 0	 -6.1885	    NaN	 NaN	 NaN	 NaN	 NaN	    NaN	 NaN	 NaN	 NaN	 14.3953	    NaN	 NaN	 NaN	 NaN	 NaN	    NaN	 NaN	 NaN	 NaN	 114.5539	    0	 0.6600	 0	 2.016421e+03	 2.017288e+03	    2018.6882
2	 99	 1	 58	 1	    1	 10	 9	 2	 NaN	    2	 8	 0	 8	 5.3538	    -6.7575	 -5.2793	 -3.1192	 3.5721	 7.8978	    -5.9366	 0.2760	 6.6910	 NaN	 9.7420	    7.6503	 17.5054	 4.3405	 19.1048	 4.9530	    12.8174	 15.7609	 14.8218	 NaN	 118.1963	    1	 0.6800	 0	 2.023706e+03	 2.024564e+03	    2028.2066
2	 99	 1	 59	 1	    1	 10	 9	 1	 NaN	    1	 7	 0	 7	 -0.6137	    5.1905	 -4.0884	 -6.3615	 4.2499	 2.4894	    2.4058	 -3.7737	 NaN	 NaN	 16.0348	    10.2762	 19.8561	 7.7162	 14.5333	 19.7381	    4.9530	 11.6924	 NaN	 NaN	 119.9633	    1	 0.7000	 0	 2.033833e+03	 2.034466e+03	    2036.2332
2	 99	 1	 60	 1	    1	 10	 9	 3	 NaN	    3	 4	 0	 4	 -2.1198	    4.2499	 6.5720	 -6.9250	 -3.1481	 NaN	    NaN	 NaN	 NaN	 NaN	 17.7244	    13.0526	 6.1019	 6.6191	 12.5124	 NaN	    NaN	 NaN	 NaN	 NaN	 121.8552	    1	 0.7200	 0	 2.041442e+03	 2.042109e+03	    2044.0013
2	 99	 1	 61	 1	    2	 10	 9	 4	 NaN	    4	 0	 4	 4	 5.4310	    -5.3591	 -5.2054	 7.4838	 -1.9048	 NaN	    NaN	 NaN	 NaN	 NaN	 15.3092	    16.1145	 9.7932	 7.6116	 4.8027	 NaN	    NaN	 NaN	 NaN	 NaN	 124.2890	    1	 0.7400	 0	 2.048844e+03	 2.049711e+03	    2052.1445
2	 99	 1	 62	 1	    2	 10	 9	 1	 NaN	    1	 0	 1	 1	 3.9634	    -3.6587	 NaN	 NaN	 NaN	 NaN	    NaN	 NaN	 NaN	 NaN	 14.7957	    6.4162	 NaN	 NaN	 NaN	 NaN	    NaN	 NaN	 NaN	 NaN	 125.6310	    1	 0.7600	 0	 2.057020e+03	 2.057529e+03	    2058.8708
2	 99	 1	 63	 1	    1	 10	 9	 4	 NaN	    3	 1	 0	 1	 -0.7219	    6.4510	 NaN	 NaN	 NaN	 NaN	    NaN	 NaN	 NaN	 NaN	 18.9200	    6.8196	 NaN	 NaN	 NaN	 NaN	    NaN	 NaN	 NaN	 NaN	 127.7397	    0	 0.7400	 0	 2.063680e+03	 2.064389e+03	    2066.4973
2	 99	 1	 64	 1	    2	 10	 9	 3	 NaN	    3	 0	 6	 6	 -0.3209	    -5.9178	 6.0406	 -6.2854	 7.9123	 1.6653	    3.7069	 NaN	 NaN	 NaN	 4.5903	    17.2914	 10.7508	 7.9878	 16.4896	 14.0681	    6.9968	 NaN	 NaN	 NaN	 130.6069	    1	 0.7600	 0	 2.071640e+03	 2.072165e+03	    2075.0322
2	 99	 1	 65	 1	    1	 10	 9	 2	 NaN	    2	 6	 0	 6	 3.2990	    -5.4947	 7.7696	 -5.7869	 -2.9149	 2.4894	    -7.2616	 NaN	 NaN	 NaN	 15.1483	    5.8767	 6.6814	 11.8091	 15.2681	 19.8561	    17.6761	 NaN	 NaN	 NaN	 132.9989	    1	 0.7800	 0	 2.079816e+03	 2.080375e+03	    2082.7670
2	 99	 1	 66	 1	    2	 10	 9	 3	 NaN	    4	 0	 8	 8	 3.3675	    -3.3337	 -1.9871	 3.7943	 -0.3344	 -6.7177	    6.5209	 7.7901	 -7.7718	 NaN	 6.3019	    5.3199	 15.9064	 13.9404	 19.9856	 10.7473	    17.4597	 9.1354	 19.5232	 NaN	 135.1244	    0	 0.7600	 0	 2.087718e+03	 2.088668e+03	    2090.7936
2	 99	 1	 67	 1	    1	 10	 9	 1	 NaN	    1	 0	 0	 0	 7.5871	    NaN	 NaN	 NaN	 NaN	 NaN	    NaN	 NaN	 NaN	 NaN	 13.3635	    NaN	 NaN	 NaN	 NaN	 NaN	    NaN	 NaN	 NaN	 NaN	 136.3163	    1	 0.7800	 0	 2.097061e+03	 2.097753e+03	    2098.9452
2	 99	 1	 68	 1	    2	 10	 9	 3	 NaN	    3	 0	 7	 7	 -6.5898	    6.4033	 0.1493	 7.2027	 -4.2938	 -5.9607	    -6.4110	 4.9475	 NaN	 NaN	 8.5801	    14.3042	 18.5518	 9.0027	 17.3883	 4.5027	    13.8258	 5.3218	 NaN	 NaN	 139.7503	    1	 0.8000	 0	 2.103571e+03	 2.104413e+03	    2107.8468
2	 99	 1	 69	 1	    2	 10	 9	 1	 NaN	    1	 0	 2	 2	 1.0987	    -0.6637	 -5.9607	 NaN	 NaN	 NaN	    NaN	 NaN	 NaN	 NaN	 17.1127	    4.4451	 9.8247	 NaN	 NaN	 NaN	    NaN	 NaN	 NaN	 NaN	 141.0421	    1	 0.8200	 0	 2.112856e+03	 2.113515e+03	    2114.8065
2	 99	 1	 70	 1	    2	 10	 9	 3	 NaN	    3	 0	 3	 3	 6.4510	    -5.9064	 5.7420	 -7.3780	 NaN	 NaN	    NaN	 NaN	 NaN	 NaN	 6.9215	    6.5755	 12.3992	 17.9795	 NaN	 NaN	    NaN	 NaN	 NaN	 NaN	 142.3507	    1	 0.8400	 0	 2.119524e+03	 2.120458e+03	    2121.7662
2	 99	 1	 71	 1	    2	 10	 9	 4	 NaN	    4	 0	 5	 5	 7.8978	    -5.0025	 -0.3200	 2.0272	 -4.5540	 6.8146	    NaN	 NaN	 NaN	 NaN	 17.1106	    15.5655	 17.6886	 5.9638	 6.8953	 5.7955	    NaN	 NaN	 NaN	 NaN	 143.9593	    1	 0.8600	 0	 2.126592e+03	 2.127226e+03	    2128.8342
2	 99	 1	 72	 1	    1	 10	 9	 1	 NaN	    1	 3	 0	 3	 -5.1532	    6.9972	 6.9149	 -5.2078	 NaN	 NaN	    NaN	 NaN	 NaN	 NaN	 11.8739	    13.3696	 8.5694	 18.4192	 NaN	 NaN	    NaN	 NaN	 NaN	 NaN	 145.3512	    1	 0.8800	 0	 2.133952e+03	 2.134577e+03	    2135.9689
2	 99	 1	 73	 1	    1	 10	 9	 4	 NaN	    4	 1	 0	 1	 -4.5340	    6.3285	 NaN	 NaN	 NaN	 NaN	    NaN	 NaN	 NaN	 NaN	 19.0002	    9.7821	 NaN	 NaN	 NaN	 NaN	    NaN	 NaN	 NaN	 NaN	 146.7182	    1	 0.9000	 0	 2.141170e+03	 2.141678e+03	    2143.0452
2	 99	 1	 74	 1	    2	 10	 9	 4	 NaN	    4	 0	 5	 5	 -6.1162	    2.0787	 1.3538	 6.0110	 -7.0852	 -3.0366	    NaN	 NaN	 NaN	 NaN	 10.1640	    5.9560	 13.8135	 4.8224	 18.5357	 13.3023	    NaN	 NaN	 NaN	 NaN	 148.4101	    1	 0.9200	 0	 2.147646e+03	 2.148588e+03	    2150.2799
2	 99	 1	 75	 1	    2	 10	 9	 3	 NaN	    4	 0	 0	 0	 7.6289	    NaN	 NaN	 NaN	 NaN	 NaN	    NaN	 NaN	 NaN	 NaN	 17.4960	    NaN	 NaN	 NaN	 NaN	 NaN	    NaN	 NaN	 NaN	 NaN	 149.4936	    0	 0.9000	 0	 2.155023e+03	 2.155723e+03	    2156.8062
2	 99	 1	 76	 1	    1	 10	 9	 1	 NaN	    1	 6	 0	 6	 -5.1281	    -4.1527	 1.7778	 2.5250	 7.8620	 -6.1230	    -2.3906	 NaN	 NaN	 NaN	 9.1316	    19.2042	 4.0805	 17.0970	 10.2133	 13.8639	    4.9530	 NaN	 NaN	 NaN	 150.6188	    1	 0.9200	 0	 2.161915e+03	 2.162707e+03	    2163.8325
2	 99	 1	 77	 1	    2	 10	 9	 1	 NaN	    1	 0	 4	 4	 4.0062	    -7.4676	 -5.0802	 7.5871	 -5.9607	 NaN	    NaN	 NaN	 NaN	 NaN	 4.2276	    10.2699	 14.9262	 13.9125	 5.4828	 NaN	    NaN	 NaN	 NaN	 NaN	 152.9609	    1	 0.9400	 0	 2.168633e+03	 2.169309e+03	    2171.6507
2	 99	 1	 78	 1	    2	 10	 9	 2	 NaN	    2	 0	 1	 1	 7.2492	    -4.2700	 NaN	 NaN	 NaN	 NaN	    NaN	 NaN	 NaN	 NaN	 5.7618	    12.3992	 NaN	 NaN	 NaN	 NaN	    NaN	 NaN	 NaN	 NaN	 154.6278	    1	 0.9600	 0	 2.176510e+03	 2.177168e+03	    2178.8354
2	 99	 1	 79	 1	    2	 10	 9	 1	 NaN	    1	 0	 8	 8	 -2.0840	    -2.9569	 3.5721	 -7.9940	 -4.1151	 5.1490	    1.1194	 2.5040	 4.8029	 NaN	 14.7164	    19.9856	 13.7640	 6.4200	 4.3405	 9.2767	    19.5631	 5.5505	 17.6530	 NaN	 159.0453	    1	 0.9800	 0	 2.183870e+03	 2.184570e+03	    2188.9873
2	 99	 1	 80	 1	    2	 10	 9	 3	 NaN	    3	 0	 6	 6	 -4.8311	    5.5782	 7.5871	 -7.2616	 4.8398	 -7.1145	    1.0987	 NaN	 NaN	 NaN	 15.7761	    19.0253	 13.9562	 9.7068	 6.7268	 4.2751	    14.3254	 NaN	 NaN	 NaN	 160.5039	    1	 1.0000	 0	 2.194147e+03	 2.195022e+03	    2196.4804
2	 99	 1	 81	 1	    1	 10	 9	 3	 NaN	    3	 7	 0	 7	 6.2363	    -6.4193	 -4.5848	 4.6990	 0.6977	 -0.4323	    7.8609	 -5.7155	 NaN	 NaN	 5.5882	    16.7223	 13.0395	 15.0115	 18.2554	 4.4457	    9.7281	 6.4651	 NaN	 NaN	 161.8625	    1	 1.0200	 0	 2.201406e+03	 2.202290e+03	    2203.6485
2	 99	 1	 82	 1	    1	 10	 9	 3	 NaN	    3	 8	 0	 8	 -3.4292	    -1.9715	 6.7209	 -4.9153	 -6.7453	 2.5265	    5.2397	 3.0190	 7.2071	 NaN	 6.8280	    17.0362	 6.4136	 11.1112	 18.0384	 5.5650	    12.6847	 17.7082	 16.9772	 NaN	 165.5632	    1	 1.0400	 0	 2.208683e+03	 2.209316e+03	    2213.0169
2	 99	 1	 83	 1	    2	 10	 9	 3	 NaN	    3	 0	 7	 7	 5.6632	    -2.7542	 -4.9153	 0.6374	 -6.5898	 7.7477	    3.3262	 -7.8305	 NaN	 NaN	 14.5916	    14.7164	 8.5072	 19.8403	 4.2276	 9.7556	    4.8224	 19.5384	 NaN	 NaN	 168.7471	    1	 1.0600	 0	 2.217943e+03	 2.218543e+03	    2221.7269
2	 99	 1	 84	 1	    2	 10	 9	 1	 NaN	    1	 0	 2	 2	 -4.9267	    4.4692	 5.4429	 NaN	 NaN	 NaN	    NaN	 NaN	 NaN	 NaN	 17.8018	    4.0134	 10.5517	 NaN	 NaN	 NaN	    NaN	 NaN	 NaN	 NaN	 169.8974	    1	 1.0800	 0	 2.226611e+03	 2.227561e+03	    2228.7116
2	 99	 1	 85	 1	    1	 10	 9	 3	 NaN	    4	 2	 0	 2	 -1.4429	    5.4471	 -0.0898	 NaN	 NaN	 NaN	    NaN	 NaN	 NaN	 NaN	 19.2387	    10.2219	 4.1872	 NaN	 NaN	 NaN	    NaN	 NaN	 NaN	 NaN	 171.6227	    0	 1.0600	 0	 2.233329e+03	 2.234104e+03	    2235.8296
2	 99	 1	 86	 1	    1	 10	 9	 4	 NaN	    4	 0	 0	 0	 0.9900	    NaN	 NaN	 NaN	 NaN	 NaN	    NaN	 NaN	 NaN	 NaN	 16.2312	    NaN	 NaN	 NaN	 NaN	 NaN	    NaN	 NaN	 NaN	 NaN	 172.5895	    1	 1.0800	 0	 2.240764e+03	 2.241314e+03	    2242.2808
2	 99	 1	 87	 1	    2	 10	 9	 2	 NaN	    2	 0	 3	 3	 -6.4193	    5.4924	 3.0463	 -2.9793	 NaN	 NaN	    NaN	 NaN	 NaN	 NaN	 17.0565	    10.0979	 6.7654	 19.9179	 NaN	 NaN	    NaN	 NaN	 NaN	 NaN	 174.5398	    1	 1.1000	 0	 2.246873e+03	 2.247590e+03	    2249.5405
2	 99	 1	 88	 1	    1	 10	 9	 1	 NaN	    1	 3	 0	 3	 6.2969	    -4.6035	 -4.6155	 4.7694	 NaN	 NaN	    NaN	 NaN	 NaN	 NaN	 5.8547	    18.3394	 11.3240	 19.0422	 NaN	 NaN	    NaN	 NaN	 NaN	 NaN	 176.8486	    1	 1.1200	 0	 2.254750e+03	 2.255750e+03	    2258.0588
2	 99	 1	 89	 1	    1	 10	 9	 2	 NaN	    2	 4	 0	 4	 4.8383	    -5.7869	 3.9287	 -7.9477	 -4.8523	 NaN	    NaN	 NaN	 NaN	 NaN	 4.4760	    14.2979	 18.7977	 8.3888	 19.0453	 NaN	    NaN	 NaN	 NaN	 NaN	 178.9073	    1	 1.1400	 0	 2.263335e+03	 2.263935e+03	    2265.9937
2	 99	 1	 90	 1	    1	 10	 9	 4	 NaN	    4	 5	 0	 5	 6.2167	    -2.5208	 -0.1345	 2.2082	 -5.1273	 7.2541	    NaN	 NaN	 NaN	 NaN	 15.6455	    14.5404	 4.9249	 14.2979	 5.2785	 10.2836	    NaN	 NaN	 NaN	 NaN	 181.3494	    1	 1.1600	 0	 2.270945e+03	 2.271561e+03	    2274.0035
2	 99	 1	 91	 1	    1	 10	 9	 2	 NaN	    2	 6	 0	 6	 4.1183	    -0.2020	 2.9952	 6.2363	 -4.2801	 -4.0586	    -6.0241	 NaN	 NaN	 NaN	 11.3618	    19.5232	 16.9462	 19.5477	 5.5324	 10.6034	    14.2979	 NaN	 NaN	 NaN	 182.7913	    1	 1.1800	 0	 2.278971e+03	 2.279488e+03	    2280.9298
2	 99	 1	 92	 1	    1	 10	 9	 4	 NaN	    4	 3	 0	 3	 -5.1048	    7.7477	 7.1866	 -6.7456	 NaN	 NaN	    NaN	 NaN	 NaN	 NaN	 14.7836	    17.1223	 10.0248	 5.5505	 NaN	 NaN	    NaN	 NaN	 NaN	 NaN	 184.4666	    1	 1.2000	 0	 2.285831e+03	 2.286514e+03	    2288.1896
2	 99	 1	 93	 1	    1	 10	 9	 3	 NaN	    3	 1	 0	 1	 -5.2892	    6.1926	 NaN	 NaN	 NaN	 NaN	    NaN	 NaN	 NaN	 NaN	 10.8714	    19.7915	 NaN	 NaN	 NaN	 NaN	    NaN	 NaN	 NaN	 NaN	 185.7752	    1	 1.2200	 0	 2.293091e+03	 2.293907e+03	    2295.2159
2	 99	 1	 94	 1	    2	 10	 9	 3	 NaN	    3	 0	 5	 5	 -7.1450	    3.2990	 -7.3322	 6.5209	 0.5091	 -2.7948	    NaN	 NaN	 NaN	 NaN	 8.3874	    19.5232	 14.0569	 10.7508	 5.2785	 15.4445	    NaN	 NaN	 NaN	 NaN	 188.0006	    1	 1.2400	 0	 2.300050e+03	 2.300817e+03	    2303.0424
2	 99	 1	 95	 1	    2	 10	 9	 1	 NaN	    1	 0	 1	 1	 7.4838	    -5.3356	 NaN	 NaN	 NaN	 NaN	    NaN	 NaN	 NaN	 NaN	 7.4803	    14.9408	 NaN	 NaN	 NaN	 NaN	    NaN	 NaN	 NaN	 NaN	 189.3925	    1	 1.2600	 0	 2.308002e+03	 2.308660e+03	    2310.0521
2	 99	 1	 96	 1	    2	 10	 9	 4	 NaN	    4	 0	 3	 3	 -5.4931	    -2.1279	 5.2397	 2.9692	 NaN	 NaN	    NaN	 NaN	 NaN	 NaN	 19.8904	    15.0115	 8.4482	 4.0370	 NaN	 NaN	    NaN	 NaN	 NaN	 NaN	 190.9178	    1	 1.2800	 0	 2.314761e+03	 2.315361e+03	    2316.8867
2	 99	 1	 97	 1	    2	 10	 9	 1	 NaN	    1	 0	 2	 2	 -5.7534	    1.9258	 7.6644	 NaN	 NaN	 NaN	    NaN	 NaN	 NaN	 NaN	 7.6523	    13.5443	 17.6761	 NaN	 NaN	 NaN	    NaN	 NaN	 NaN	 NaN	 192.6514	    1	 1.3000	 0	 2.321788e+03	 2.322304e+03	    2324.0381
2	 99	 1	 98	 1	    1	 10	 9	 1	 NaN	    1	 0	 0	 0	 -5.1281	    NaN	 NaN	 NaN	 NaN	 NaN	    NaN	 NaN	 NaN	 NaN	 13.4178	    NaN	 NaN	 NaN	 NaN	 NaN	    NaN	 NaN	 NaN	 NaN	 194.0433	    1	 1.3200	 0	 2.328939e+03	 2.329556e+03	    2330.9478
2	 99	 1	 99	 1	    2	 10	 9	 2	 NaN	    2	 0	 8	 8	 -4.3919	    0.3204	 -7.9386	 6.8293	 -6.1992	 -3.8355	    6.6672	 3.6375	 -0.9614	 NaN	 17.1236	    14.2186	 10.2762	 4.3489	 5.8547	 12.7605	    13.3149	 6.9919	 4.1975	 NaN	 195.0601	    1	 1.3400	 0	 2.335740e+03	 2.336407e+03	    2337.4240
2	 99	 1	 100	 1	    1	 10	 9	 4	 NaN	    4	 2	 0	 2	 -4.5340	    6.1650	 -7.9940	 NaN	 NaN	 NaN	    NaN	 NaN	 NaN	 NaN	 5.5487	    12.9244	 13.1986	 NaN	 NaN	 NaN	    NaN	 NaN	 NaN	 NaN	 196.2853	    1	 1.3600	 0	 2.342142e+03	 2.342758e+03	    2343.9835
2	 99	 1	 101	 1	    2	 10	 9	 2	 NaN	    1	 0	 0	 0	 5.8307	    NaN	 NaN	 NaN	 NaN	 NaN	    NaN	 NaN	 NaN	 NaN	 8.5054	    NaN	 NaN	 NaN	 NaN	 NaN	    NaN	 NaN	 NaN	 NaN	 197.3772	    0	 1.3400	 0	 2.348768e+03	 2.349401e+03	    2350.4931
2	 99	 1	 102	 1	    2	 10	 9	 4	 NaN	    4	 0	 7	 7	 6.2167	    -4.5620	 -2.7284	 7.5871	 -5.2054	 3.2771	    -0.1285	 7.2541	 NaN	 NaN	 7.3439	    10.2593	 17.9595	 13.7322	 5.4743	 14.9381	    5.5020	 18.9509	 NaN	 NaN	 200.1610	    1	 1.3600	 0	 2.355319e+03	 2.356244e+03	    2359.0281
2	 99	 1	 103	 1	    1	 10	 9	 4	 NaN	    4	 4	 0	 4	 -7.8501	    4.9484	 6.5777	 -2.1198	 1.8127	 NaN	    NaN	 NaN	 NaN	 NaN	 4.1872	    11.8091	 16.0744	 19.3696	 18.1010	 NaN	    NaN	 NaN	 NaN	 NaN	 201.6696	    1	 1.3800	 0	 2.364029e+03	 2.364554e+03	    2366.0628
2	 99	 1	 104	 1	    1	 10	 9	 1	 NaN	    1	 7	 0	 7	 -5.0224	    -0.4401	 7.2541	 -0.0904	 -4.2871	 7.6036	    3.1371	 4.8112	 NaN	 NaN	 11.3240	    19.5566	 4.1147	 14.8755	 6.2443	 13.3696	    4.1147	 17.6347	 NaN	 NaN	 206.6288	    1	 1.4000	 0	 2.370980e+03	 2.371489e+03	    2376.4481
2	 99	 1	 105	 1	    1	 10	 9	 4	 NaN	    4	 5	 0	 5	 7.4838	    -3.8430	 -7.8230	 -1.4662	 4.0062	 5.2444	    NaN	 NaN	 NaN	 NaN	 5.6580	    4.6484	 17.0463	 18.1531	 9.7157	 15.1476	    NaN	 NaN	 NaN	 NaN	 209.1543	    1	 1.4200	 0	 2.381324e+03	 2.381932e+03	    2384.4580
2	 99	 1	 106	 1	    1	 10	 9	 3	 NaN	    3	 8	 0	 8	 1.9659	    6.0185	 5.3945	 -5.3356	 -3.4656	 -0.7221	    -5.7155	 7.1490	 -4.3530	 NaN	 14.3263	    6.9968	 19.3175	 17.8189	 5.2239	 17.8560	    9.7748	 11.3618	 13.8258	 NaN	 210.6296	    1	 1.4400	 0	 2.389426e+03	 2.390351e+03	    2391.8260
2	 99	 1	 107	 1	    2	 10	 9	 1	 NaN	    1	 0	 6	 6	 -0.9326	    5.2397	 -4.7526	 7.2071	 -0.3794	 3.1580	    -6.5973	 NaN	 NaN	 NaN	 14.0516	    13.8316	 10.5988	 7.0319	 19.1351	 4.9638	    14.7557	 NaN	 NaN	 NaN	 212.1798	    1	 1.4600	 0	 2.397035e+03	 2.397585e+03	    2399.1357
2	 99	 1	 108	 1	    2	 10	 9	 3	 NaN	    3	 0	 4	 4	 -5.2507	    -0.2259	 5.2397	 7.5188	 -5.7990	 NaN	    NaN	 NaN	 NaN	 NaN	 6.9968	    14.1639	 4.4451	 13.8028	 11.1173	 NaN	    NaN	 NaN	 NaN	 NaN	 213.9552	    1	 1.4800	 0	 2.403870e+03	 2.404795e+03	    2406.5705
2	 99	 1	 109	 1	    2	 10	 9	 2	 NaN	    2	 0	 1	 1	 4.8029	    -6.7456	 NaN	 NaN	 NaN	 NaN	    NaN	 NaN	 NaN	 NaN	 6.7654	    12.9808	 NaN	 NaN	 NaN	 NaN	    NaN	 NaN	 NaN	 NaN	 215.3471	    1	 1.5000	 0	 2.411521e+03	 2.412438e+03	    2413.8302
2	 99	 1	 110	 1	    1	 10	 9	 2	 NaN	    2	 0	 0	 0	 4.6829	    NaN	 NaN	 NaN	 NaN	 NaN	    NaN	 NaN	 NaN	 NaN	 9.0292	    NaN	 NaN	 NaN	 NaN	 NaN	    NaN	 NaN	 NaN	 NaN	 216.6473	    1	 1.5200	 0	 2.418631e+03	 2.419256e+03	    2420.5565
2	 99	 1	 111	 1	    1	 10	 9	 4	 NaN	    3	 4	 0	 4	 -7.0393	    -1.2686	 1.5407	 6.1998	 -5.5827	 NaN	    NaN	 NaN	 NaN	 NaN	 13.1712	    4.0134	 16.9462	 7.1381	 17.7150	 NaN	    NaN	 NaN	 NaN	 NaN	 219.2644	    0	 1.5000	 0	 2.425382e+03	 2.426099e+03	    2428.7164
2	 99	 1	 112	 1	    1	 10	 9	 3	 NaN	    3	 5	 0	 5	 7.3561	    -7.2817	 1.6758	 -6.9250	 -1.3634	 3.0959	    NaN	 NaN	 NaN	 NaN	 5.6580	    13.7791	 19.1351	 6.4334	 4.2819	 14.0516	    NaN	 NaN	 NaN	 NaN	 221.7483	    1	 1.5200	 0	 2.433551e+03	 2.434192e+03	    2436.6763
2	 99	 1	 113	 1	    1	 10	 9	 4	 NaN	    4	 1	 0	 1	 3.7916	    -1.7205	 NaN	 NaN	 NaN	 NaN	    NaN	 NaN	 NaN	 NaN	 18.5164	    4.5973	 NaN	 NaN	 NaN	 NaN	    NaN	 NaN	 NaN	 NaN	 222.5151	    1	 1.5400	 0	 2.441444e+03	 2.442194e+03	    2442.9608
2	 99	 1	 114	 1	    2	 10	 9	 1	 NaN	    1	 0	 4	 4	 -3.6939	    3.2990	 1.0469	 -5.0832	 7.8639	 NaN	    NaN	 NaN	 NaN	 NaN	 5.3260	    17.7478	 4.5175	 18.5738	 15.9646	 NaN	    NaN	 NaN	 NaN	 NaN	 224.7988	    1	 1.5600	 0	 2.447645e+03	 2.448237e+03	    2450.5205
2	 99	 1	 115	 1	    2	 10	 9	 2	 NaN	    2	 0	 2	 2	 0.3411	    -3.6309	 5.6323	 NaN	 NaN	 NaN	    NaN	 NaN	 NaN	 NaN	 16.1540	    11.5025	 16.0744	 NaN	 NaN	 NaN	    NaN	 NaN	 NaN	 NaN	 226.5824	    1	 1.5800	 0	 2.455371e+03	 2.456088e+03	    2457.8719
2	 99	 1	 116	 1	    1	 10	 9	 1	 NaN	    1	 7	 0	 7	 -6.7040	    5.4917	 3.7057	 -3.1728	 -6.3508	 -7.6951	    5.8006	 7.2027	 NaN	 NaN	 4.2751	    9.7281	 19.8917	 13.8135	 16.6261	 8.6022	    4.0994	 17.4172	 NaN	 NaN	 228.9828	    1	 1.6000	 0	 2.462906e+03	 2.463556e+03	    2465.9568
2	 99	 1	 117	 1	    1	 10	 9	 4	 NaN	    4	 8	 0	 8	 7.2027	    -6.7575	 3.1921	 -1.9011	 -5.1355	 7.3561	    5.7838	 -6.9831	 6.7164	 NaN	 9.7228	    13.6403	 16.9462	 17.9595	 4.0069	 14.3254	    4.4451	 9.1897	 19.3685	 NaN	 232.2418	    1	 1.6200	 0	 2.471133e+03	 2.471641e+03	    2474.9002
2	 99	 1	 118	 1	    2	 10	 9	 3	 NaN	    3	 0	 5	 5	 7.2514	    -5.5314	 6.7661	 -3.4336	 -4.9357	 1.6744	    NaN	 NaN	 NaN	 NaN	 11.9667	    18.8673	 5.2785	 12.9244	 8.1924	 13.2976	    NaN	 NaN	 NaN	 NaN	 233.9421	    1	 1.6400	 0	 2.479859e+03	 2.480551e+03	    2482.2516
2	 99	 1	 119	 1	    2	 10	 9	 4	 NaN	    4	 0	 3	 3	 5.0232	    5.6529	 -6.6064	 -5.5827	 NaN	 NaN	    NaN	 NaN	 NaN	 NaN	 5.2785	    12.2391	 16.2699	 4.2751	 NaN	 NaN	    NaN	 NaN	 NaN	 NaN	 235.8758	    1	 1.6600	 0	 2.487286e+03	 2.488028e+03	    2489.9614
2	 99	 1	 120	 1	    2	 10	 9	 4	 NaN	    4	 0	 8	 8	 1.7460	    -5.2675	 4.2632	 -7.3780	 3.9072	 -7.8350	    7.4308	 -0.6148	 7.8978	 NaN	 15.0642	    12.9868	 8.6367	 6.7854	 4.5184	 19.4721	    17.2703	 5.4271	 5.9750	 NaN	 238.5679	    1	 1.6800	 0	 2.494804e+03	 2.495529e+03	    2498.2213
2	 99	 1	 121	 1	    1	 10	 9	 4	 NaN	    4	 3	 0	 3	 7.4863	    -1.4262	 2.8221	 -3.6587	 NaN	 NaN	    NaN	 NaN	 NaN	 NaN	 13.9562	    16.5236	 6.6017	 6.1939	 NaN	 NaN	    NaN	 NaN	 NaN	 NaN	 239.7264	    1	 1.7000	 0	 2.503681e+03	 2.504664e+03	    2505.8228
2	 99	 1	 122	 1	    1	 10	 9	 4	 NaN	    4	 6	 0	 6	 -4.1391	    4.7694	 -2.9334	 4.9329	 -7.0469	 7.4863	    1.6274	 NaN	 NaN	 NaN	 6.8725	    4.2752	 13.0414	 8.5072	 19.5972	 13.7322	    15.7480	 NaN	 NaN	 NaN	 241.2350	    1	 1.7200	 0	 2.510649e+03	 2.511649e+03	    2513.1575
2	 99	 1	 123	 1	    2	 10	 9	 4	 NaN	    4	 0	 7	 7	 -6.7297	    5.2397	 -5.1048	 -0.7176	 -6.1785	 0.1602	    4.6339	 5.8968	 NaN	 NaN	 8.0933	    19.3696	 4.1872	 15.7648	 17.5555	 4.2819	    4.0069	 13.4838	 NaN	 NaN	 243.9022	    1	 1.7400	 0	 2.517867e+03	 2.518725e+03	    2521.3924
2	 99	 1	 124	 1	    1	 10	 9	 1	 NaN	    1	 2	 0	 2	 -5.2871	    4.9200	 -5.6161	 NaN	 NaN	 NaN	    NaN	 NaN	 NaN	 NaN	 11.4247	    13.8639	 17.1296	 NaN	 NaN	 NaN	    NaN	 NaN	 NaN	 NaN	 245.2691	    1	 1.7600	 0	 2.526185e+03	 2.526818e+03	    2528.1854
2	 99	 1	 125	 1	    2	 10	 9	 1	 NaN	    2	 0	 6	 6	 6.4510	    -0.5323	 3.4893	 -6.8153	 -4.0848	 6.5720	    -6.5776	 NaN	 NaN	 NaN	 11.8264	    17.2703	 17.1106	 15.1041	 6.6017	 5.3449	    9.8645	 NaN	 NaN	 NaN	 247.1444	    0	 1.7400	 0	 2.532703e+03	 2.533253e+03	    2535.1283
2	 99	 1	 126	 1	    2	 10	 9	 4	 NaN	    4	 0	 0	 0	 -1.4610	    NaN	 NaN	 NaN	 NaN	 NaN	    NaN	 NaN	 NaN	 NaN	 14.6807	    NaN	 NaN	 NaN	 NaN	 NaN	    NaN	 NaN	 NaN	 NaN	 248.9448	    1	 1.7600	 0	 2.540238e+03	 2.541238e+03	    2543.0382
2	 99	 1	 127	 1	    1	 10	 9	 2	 NaN	    2	 8	 0	 8	 7.9375	    7.4308	 7.5188	 -4.9437	 -4.0934	 4.0377	    -0.7538	 -4.8311	 4.0773	 NaN	 19.1700	    8.8935	 14.0569	 13.4838	 6.7268	 11.7755	    4.4760	 17.8189	 17.2703	 NaN	 251.8369	    1	 1.7800	 0	 2.547881e+03	 2.548839e+03	    2551.7315
2	 99	 1	 128	 1	    1	 10	 9	 3	 NaN	    3	 7	 0	 7	 -7.7458	    -3.7737	 2.5250	 2.8221	 -3.3337	 7.9123	    -2.7115	 6.7004	 NaN	 NaN	 16.1629	    18.8988	 4.8027	 16.8328	 6.3255	 10.5808	    13.8142	 6.1271	 NaN	 NaN	 255.1459	    1	 1.8000	 0	 2.556707e+03	 2.557449e+03	    2560.7583
2	 99	 1	 129	 1	    1	 10	 9	 4	 NaN	    4	 1	 0	 1	 1.6948	    -6.7456	 NaN	 NaN	 NaN	 NaN	    NaN	 NaN	 NaN	 NaN	 5.1875	    18.3626	 NaN	 NaN	 NaN	 NaN	    NaN	 NaN	 NaN	 NaN	 256.1044	    1	 1.8200	 0	 2.565668e+03	 2.566476e+03	    2567.4345
2	 99	 1	 130	 1	    1	 10	 9	 1	 NaN	    2	 5	 0	 5	 2.9952	    -1.1230	 -7.2817	 -4.6035	 7.4308	 6.0406	    NaN	 NaN	 NaN	 NaN	 17.8018	    19.3110	 7.6578	 4.6254	 19.3827	 6.8208	    NaN	 NaN	 NaN	 NaN	 257.9547	    0	 1.8000	 0	 2.572027e+03	 2.572569e+03	    2574.4192
2	 99	 1	 131	 1	    2	 10	 9	 3	 NaN	    3	 0	 1	 1	 6.1650	    -5.2580	 NaN	 NaN	 NaN	 NaN	    NaN	 NaN	 NaN	 NaN	 19.5536	    9.0319	 NaN	 NaN	 NaN	 NaN	    NaN	 NaN	 NaN	 NaN	 258.8715	    1	 1.8200	 0	 2.579245e+03	 2.579845e+03	    2580.7621
2	 99	 1	 132	 1	    2	 10	 9	 1	 NaN	    1	 0	 4	 4	 5.0232	    3.2862	 -0.2259	 -5.8352	 0.8925	 NaN	    NaN	 NaN	 NaN	 NaN	 14.4755	    6.7914	 19.7915	 9.7228	 13.9346	 NaN	    NaN	 NaN	 NaN	 NaN	 260.4384	    1	 1.8400	 0	 2.585646e+03	 2.586388e+03	    2587.9551
2	 99	 1	 133	 1	    2	 10	 9	 2	 NaN	    2	 0	 2	 2	 -4.3991	    7.3576	 5.8795	 NaN	 NaN	 NaN	    NaN	 NaN	 NaN	 NaN	 4.5175	    17.1915	 6.8933	 NaN	 NaN	 NaN	    NaN	 NaN	 NaN	 NaN	 261.7303	    1	 1.8600	 0	 2.592781e+03	 2.593389e+03	    2594.6814
2	 99	 1	 134	 1	    2	 10	 9	 1	 NaN	    1	 0	 5	 5	 6.0185	    0.2603	 -7.3780	 -2.5208	 1.6057	 -2.6713	    NaN	 NaN	 NaN	 NaN	 6.3379	    17.9369	 15.0641	 13.0585	 4.0457	 6.1431	    NaN	 NaN	 NaN	 NaN	 262.6971	    1	 1.8800	 0	 2.599791e+03	 2.600783e+03	    2601.7494
2	 99	 1	 135	 1	    2	 10	 9	 2	 NaN	    2	 0	 6	 6	 -5.9366	    2.2550	 6.4510	 -6.5898	 -6.8210	 4.4692	    6.2945	 NaN	 NaN	 NaN	 15.1483	    14.7557	 16.4610	 10.9734	 5.4563	 7.4803	    12.1630	 NaN	 NaN	 NaN	 265.2142	    1	 1.9000	 0	 2.606325e+03	 2.607309e+03	    2609.8259
2	 99	 1	 136	 1	    1	 10	 9	 1	 NaN	    1	 3	 0	 3	 -7.1348	    -6.8766	 6.5720	 1.1264	 NaN	 NaN	    NaN	 NaN	 NaN	 NaN	 10.5139	    18.8199	 10.1640	 19.2226	 NaN	 NaN	    NaN	 NaN	 NaN	 NaN	 267.0312	    1	 1.9200	 0	 2.614694e+03	 2.615302e+03	    2617.1190
2	 99	 1	 137	 1	    1	 10	 9	 2	 NaN	    2	 0	 0	 0	 -0.6637	    NaN	 NaN	 NaN	 NaN	 NaN	    NaN	 NaN	 NaN	 NaN	 18.2835	    NaN	 NaN	 NaN	 NaN	 NaN	    NaN	 NaN	 NaN	 NaN	 268.1564	    1	 1.9400	 0	 2.622053e+03	 2.623053e+03	    2624.1787
2	 99	 1	 138	 1	    2	 10	 9	 2	 NaN	    2	 0	 0	 0	 -7.4782	    NaN	 NaN	 NaN	 NaN	 NaN	    NaN	 NaN	 NaN	 NaN	 14.7763	    NaN	 NaN	 NaN	 NaN	 NaN	    NaN	 NaN	 NaN	 NaN	 269.5566	    1	 1.9600	 0	 2.628780e+03	 2.629430e+03	    2630.8299
2	 99	 1	 139	 1	    1	 10	 9	 2	 NaN	    2	 2	 0	 2	 0.8925	    -0.6794	 -6.1230	 NaN	 NaN	 NaN	    NaN	 NaN	 NaN	 NaN	 18.5164	    4.0457	 16.1629	 NaN	 NaN	 NaN	    NaN	 NaN	 NaN	 NaN	 271.1236	    1	 1.9800	 0	 2.635531e+03	 2.636281e+03	    2637.8480
2	 99	 1	 140	 1	    2	 10	 9	 1	 NaN	    1	 0	 3	 3	 -7.7658	    -1.4854	 3.8803	 4.6829	 NaN	 NaN	    NaN	 NaN	 NaN	 NaN	 7.1149	    19.5384	 14.1652	 9.3552	 NaN	 NaN	    NaN	 NaN	 NaN	 NaN	 273.2823	    1	 2.0000	 0	 2.643182e+03	 2.643824e+03	    2645.9828
2	 99	 1	 141	 1	    1	 10	 9	 4	 NaN	    4	 4	 0	 4	 -0.3823	    7.1490	 7.6108	 -5.1894	 3.2435	 NaN	    NaN	 NaN	 NaN	 NaN	 18.9200	    6.2950	 16.0102	 6.8933	 5.3218	 NaN	    NaN	 NaN	 NaN	 NaN	 275.1910	    1	 2.0200	 0	 2.650634e+03	 2.651334e+03	    2653.2425
2	 99	 1	 142	 1	    1	 10	 9	 3	 NaN	    3	 6	 0	 6	 -5.2871	    7.5871	 -2.6620	 3.8725	 -5.9947	 3.1580	    0.4635	 NaN	 NaN	 NaN	 12.9363	    6.6191	 17.7478	 11.0722	 6.2826	 17.9369	    5.1402	 NaN	 NaN	 NaN	 276.3578	    1	 2.0400	 0	 2.658494e+03	 2.659294e+03	    2660.4606
2	 99	 1	 143	 1	    2	 10	 9	 4	 NaN	    4	 0	 7	 7	 6.9381	    7.0591	 -6.6008	 -4.5097	 -0.5323	 2.8221	    2.9714	 -1.9997	 NaN	 NaN	 6.3138	    15.8330	 5.7197	 14.6807	 19.1297	 14.2458	    5.3090	 5.8583	 NaN	 NaN	 277.3747	    1	 2.0600	 0	 2.665278e+03	 2.665995e+03	    2667.0118
2	 99	 1	 144	 1	    2	 10	 9	 2	 NaN	    2	 0	 8	 8	 2.5113	    -5.2473	 6.2945	 -6.3845	 -2.7111	 2.3970	    -4.4877	 7.3561	 -1.5629	 NaN	 16.5534	    19.5233	 17.9795	 13.9036	 4.6295	 5.7955	    9.9247	 11.0594	 17.6886	 NaN	 279.7335	    1	 2.0800	 0	 2.671838e+03	 2.672405e+03	    2674.7633
2	 99	 1	 145	 1	    2	 10	 9	 1	 NaN	    1	 0	 2	 2	 5.6323	    -5.1894	 6.1650	 NaN	 NaN	 NaN	    NaN	 NaN	 NaN	 NaN	 6.3379	    12.8992	 15.8704	 NaN	 NaN	 NaN	    NaN	 NaN	 NaN	 NaN	 281.6255	    1	 2.1000	 0	 2.679523e+03	 2.680281e+03	    2682.1731
2	 99	 1	 146	 1	    2	 10	 9	 4	 NaN	    4	 0	 3	 3	 5.7838	    -7.7458	 4.7694	 -5.1048	 NaN	 NaN	    NaN	 NaN	 NaN	 NaN	 5.3642	    9.4584	 12.3921	 13.6119	 NaN	 NaN	    NaN	 NaN	 NaN	 NaN	 283.2924	    1	 2.1200	 0	 2.687299e+03	 2.688024e+03	    2689.6912
2	 99	 1	 147	 1	    2	 10	 9	 1	 NaN	    1	 0	 5	 5	 7.6455	    4.0986	 -6.3961	 -2.2561	 3.0498	 -2.5747	    NaN	 NaN	 NaN	 NaN	 17.8018	    10.9734	 8.4418	 17.9595	 17.4159	 5.5650	    NaN	 NaN	 NaN	 NaN	 284.4343	    1	 2.1400	 0	 2.694342e+03	 2.695042e+03	    2696.1841
2	 99	 1	 148	 1	    1	 10	 9	 2	 NaN	    2	 8	 0	 8	 -3.1481	    -7.0852	 2.9364	 6.7095	 -7.9477	 -5.2841	    1.6147	 4.4343	 4.5878	 NaN	 18.4248	    14.0681	 15.3546	 7.4994	 4.8027	 8.6022	    5.8208	 19.8941	 11.4059	 NaN	 287.3182	    1	 2.1600	 0	 2.700785e+03	 2.701643e+03	    2704.5274
2	 99	 1	 149	 1	    1	 10	 9	 4	 NaN	    4	 1	 0	 1	 -4.2780	    5.8795	 NaN	 NaN	 NaN	 NaN	    NaN	 NaN	 NaN	 NaN	 10.3659	    16.8328	 NaN	 NaN	 NaN	 NaN	    NaN	 NaN	 NaN	 NaN	 288.6934	    1	 2.1800	 0	 2.709295e+03	 2.710020e+03	    2711.3953
2	 99	 1	 150	 1	    1	 10	 9	 4	 NaN	    4	 2	 0	 2	 -5.4992	    5.2865	 0.6877	 NaN	 NaN	 NaN	    NaN	 NaN	 NaN	 NaN	 16.3516	    8.3586	 5.2256	 NaN	 NaN	 NaN	    NaN	 NaN	 NaN	 NaN	 289.6519	    1	 2.2000	 0	 2.716038e+03	 2.716863e+03	    2717.8216
2	 99	 1	 151	 1	    2	 10	 9	 2	 NaN	    2	 0	 4	 4	 5.8795	    3.3061	 -4.5097	 -7.8501	 -3.6939	 NaN	    NaN	 NaN	 NaN	 NaN	 12.7605	    6.7590	 10.7136	 14.8755	 5.0404	 NaN	    NaN	 NaN	 NaN	 NaN	 291.1188	    1	 2.2200	 0	 2.722531e+03	 2.723331e+03	    2724.7979
2	 99	 1	 152	 1	    2	 10	 9	 3	 NaN	    4	 0	 7	 7	 -5.1532	    2.5576	 7.0612	 4.6540	 -7.8501	 -1.4610	    1.7806	 -3.4336	 NaN	 NaN	 19.7422	    5.9621	 6.9215	 16.4414	 7.0225	 15.5677	    19.9856	 4.9574	 NaN	 NaN	 292.1940	    0	 2.2000	 0	 2.729415e+03	 2.730124e+03	    2731.1991
2	 99	 1	 153	 1	    1	 10	 9	 4	 NaN	    4	 5	 0	 5	 -0.7994	    -7.5738	 3.7069	 7.5188	 6.8617	 -7.3780	    NaN	 NaN	 NaN	 NaN	 17.5021	    8.5405	 16.6261	 10.8190	 4.8027	 19.5536	    NaN	 NaN	 NaN	 NaN	 293.6526	    1	 2.2200	 0	 2.736108e+03	 2.736734e+03	    2738.1921
2	 99	 1	 154	 1	    1	 10	 9	 1	 NaN	    1	 3	 0	 3	 7.3576	    -7.0469	 0.1699	 -5.6526	 NaN	 NaN	    NaN	 NaN	 NaN	 NaN	 7.4994	    5.9931	 18.8199	 19.5232	 NaN	 NaN	    NaN	 NaN	 NaN	 NaN	 295.3112	    1	 2.2400	 0	 2.743010e+03	 2.743593e+03	    2745.2518
2	 99	 1	 155	 1	    2	 10	 9	 4	 NaN	    4	 0	 6	 6	 0.7401	    -3.0176	 2.4377	 6.6672	 -4.3919	 -0.6162	    6.7095	 NaN	 NaN	 NaN	 4.2819	    6.1939	 16.1629	 7.4994	 12.7857	 18.8988	    13.0542	 NaN	 NaN	 NaN	 297.6283	    1	 2.2600	 0	 2.750144e+03	 2.750803e+03	    2753.1199
2	 99	 1	 156	 1	    2	 10	 9	 4	 NaN	    4	 0	 8	 8	 4.2755	    -7.3117	 -2.1092	 -0.1318	 -7.2117	 6.7555	    3.4441	 5.6323	 7.5744	 NaN	 17.8560	    6.6814	 14.8757	 5.4563	 18.1738	 8.9788	    13.1534	 5.0404	 12.9244	 NaN	 301.5540	    1	 2.2800	 0	 2.757829e+03	 2.758579e+03	    2762.5051
2	 99	 1	 157	 1	    1	 10	 9	 4	 NaN	    4	 0	 0	 0	 -7.7658	    NaN	 NaN	 NaN	 NaN	 NaN	    NaN	 NaN	 NaN	 NaN	 14.7957	    NaN	 NaN	 NaN	 NaN	 NaN	    NaN	 NaN	 NaN	 NaN	 302.5626	    1	 2.3000	 0	 2.767423e+03	 2.768240e+03	    2769.2480
2	 99	 1	 158	 1	    1	 10	 9	 1	 NaN	    2	 4	 0	 4	 5.9125	    1.5648	 -7.7066	 -3.8637	 -5.7155	 NaN	    NaN	 NaN	 NaN	 NaN	 8.7636	    18.7661	 18.4335	 4.6295	 11.4247	 NaN	    NaN	 NaN	 NaN	 NaN	 304.0045	    0	 2.2800	 0	 2.774041e+03	 2.774891e+03	    2776.3327
2	 99	 1	 159	 1	    1	 10	 9	 3	 NaN	    3	 7	 0	 7	 5.7281	    2.0272	 -4.8128	 3.0575	 7.2134	 -5.2054	    -3.8402	 -0.4401	 NaN	 NaN	 18.8990	    14.4581	 9.5788	 4.5184	 7.9674	 4.9631	    15.1488	 18.5708	 NaN	 NaN	 305.8631	    1	 2.3000	 0	 2.781042e+03	 2.781734e+03	    2783.5924
2	 99	 1	 160	 1	    2	 10	 9	 3	 NaN	    3	 0	 0	 0	 7.3561	    NaN	 NaN	 NaN	 NaN	 NaN	    NaN	 NaN	 NaN	 NaN	 7.2402	    NaN	 NaN	 NaN	 NaN	 NaN	    NaN	 NaN	 NaN	 NaN	 306.8133	    1	 2.3200	 0	 2.788335e+03	 2.789152e+03	    2790.1020
2	 99	 1	 161	 1	    2	 10	 9	 1	 NaN	    2	 0	 1	 1	 -7.9386	    4.2051	 NaN	 NaN	 NaN	 NaN	    NaN	 NaN	 NaN	 NaN	 11.5239	    19.8917	 NaN	 NaN	 NaN	 NaN	    NaN	 NaN	 NaN	 NaN	 308.8637	    0	 2.3000	 0	 2.794686e+03	 2.795486e+03	    2797.5367
2	 99	 1	 162	 1	    1	 10	 9	 2	 NaN	    2	 6	 0	 6	 -5.0586	    7.4348	 -6.9835	 -3.9700	 6.8450	 3.8144	    7.9123	 NaN	 NaN	 NaN	 7.2962	    18.0261	 12.8992	 17.1296	 11.5627	 6.4200	    5.7908	 NaN	 NaN	 NaN	 312.3226	    1	 2.3200	 0	 2.802696e+03	 2.803321e+03	    2806.7802
2	 99	 1	 163	 1	    2	 10	 9	 2	 NaN	    2	 0	 0	 0	 4.9541	    NaN	 NaN	 NaN	 NaN	 NaN	    NaN	 NaN	 NaN	 NaN	 6.8196	    NaN	 NaN	 NaN	 NaN	 NaN	    NaN	 NaN	 NaN	 NaN	 313.2144	    1	 2.3400	 0	 2.811673e+03	 2.812456e+03	    2813.3481
2	 99	 1	 164	 1	    1	 10	 9	 3	 NaN	    3	 7	 0	 7	 4.7694	    -4.1721	 -6.6587	 -1.5599	 3.4546	 6.8965	    -3.0692	 7.8620	 NaN	 NaN	 16.0298	    7.1733	 17.7478	 18.7079	 6.0402	 9.7932	    13.2452	 5.7955	 NaN	 NaN	 316.9651	    1	 2.3600	 0	 2.818057e+03	 2.818649e+03	    2822.3999
2	 99	 1	 165	 1	    2	 10	 9	 2	 NaN	    2	 0	 7	 7	 7.6455	    -6.0241	 0.7401	 0.8500	 -7.4505	 -0.7962	    4.4692	 -3.2857	 NaN	 NaN	 10.0485	    6.8725	 14.5404	 18.5438	 12.9590	 4.2102	    7.0319	 14.9056	 NaN	 NaN	 318.8654	    1	 2.3800	 0	 2.827317e+03	 2.828134e+03	    2830.0346
2	 99	 1	 166	 1	    2	 10	 9	 3	 NaN	    4	 0	 2	 2	 -7.2934	    6.8009	 -5.9064	 NaN	 NaN	 NaN	    NaN	 NaN	 NaN	 NaN	 16.4896	    4.5973	 5.1960	 NaN	 NaN	 NaN	    NaN	 NaN	 NaN	 NaN	 320.3907	    0	 2.3600	 0	 2.834861e+03	 2.835852e+03	    2837.3777
2	 99	 1	 167	 1	    2	 10	 9	 2	 NaN	    1	 0	 1	 1	 -5.7155	    6.5599	 NaN	 NaN	 NaN	 NaN	    NaN	 NaN	 NaN	 NaN	 15.9182	    6.9213	 NaN	 NaN	 NaN	 NaN	    NaN	 NaN	 NaN	 NaN	 321.8910	    0	 2.3400	 0	 2.842320e+03	 2.843170e+03	    2844.6707
2	 99	 1	 168	 1	    2	 10	 9	 4	 NaN	    4	 0	 8	 8	 -1.5599	    -5.2841	 4.8073	 -4.8610	 6.3285	 -5.3440	    0.9918	 7.2083	 1.6074	 NaN	 17.8535	    5.2239	 7.1020	 14.2458	 14.3953	 9.7068	    5.3090	 19.6692	 13.5107	 NaN	 324.2914	    1	 2.3600	 0	 2.849313e+03	 2.850047e+03	    2852.4472
2	 99	 1	 169	 1	    1	 10	 9	 4	 NaN	    4	 0	 0	 0	 -5.2826	    NaN	 NaN	 NaN	 NaN	 NaN	    NaN	 NaN	 NaN	 NaN	 14.1652	    NaN	 NaN	 NaN	 NaN	 NaN	    NaN	 NaN	 NaN	 NaN	 325.2915	    1	 2.3800	 0	 2.857215e+03	 2.857723e+03	    2858.7234
2	 99	 1	 170	 1	    1	 10	 9	 2	 NaN	    2	 8	 0	 8	 -7.3437	    -5.1505	 -6.4216	 3.1921	 6.7004	 6.7633	    -4.2938	 6.0046	 0.6617	 NaN	 14.2326	    10.6867	 5.5487	 19.4157	 14.7557	 9.9293	    19.5536	 5.3218	 14.7557	 NaN	 327.2085	    1	 2.4000	 0	 2.863308e+03	 2.863858e+03	    2865.7748
2	 99	 1	 171	 1	    2	 10	 9	 2	 NaN	    2	 0	 4	 4	 -3.2741	    -1.0766	 5.0232	 4.2161	 2.9364	 NaN	    NaN	 NaN	 NaN	 NaN	 15.9117	    5.5487	 7.5585	 18.4966	 13.0911	 NaN	    NaN	 NaN	 NaN	 NaN	 328.8422	    1	 2.4200	 0	 2.870384e+03	 2.871276e+03	    2872.9095
2	 99	 1	 172	 1	    2	 10	 9	 4	 NaN	    4	 0	 3	 3	 7.1334	    4.7694	 -7.2817	 -6.8153	 NaN	 NaN	    NaN	 NaN	 NaN	 NaN	 6.9213	    14.0457	 6.6897	 19.9856	 NaN	 NaN	    NaN	 NaN	 NaN	 NaN	 331.0592	    1	 2.4400	 0	 2.877627e+03	 2.878402e+03	    2880.6193
2	 99	 1	 173	 1	    2	 10	 9	 2	 NaN	    2	 0	 6	 6	 -5.5544	    -4.2819	 -7.7458	 7.5871	 7.0591	 2.5250	    -1.6384	 NaN	 NaN	 NaN	 6.8280	    15.1488	 19.0253	 5.3996	 17.1915	 4.0128	    5.3777	 NaN	 NaN	 NaN	 332.3928	    1	 2.4600	 0	 2.885579e+03	 2.886270e+03	    2887.6040
2	 99	 1	 174	 1	    1	 10	 9	 3	 NaN	    3	 4	 0	 4	 5.4410	    7.1334	 -7.4782	 -6.8153	 -7.5101	 NaN	    NaN	 NaN	 NaN	 NaN	 5.8839	    13.9036	 6.5879	 18.0041	 11.7254	 NaN	    NaN	 NaN	 NaN	 NaN	 333.6597	    1	 2.4800	 0	 2.892530e+03	 2.893205e+03	    2894.4719
2	 99	 1	 175	 1	    1	 10	 9	 3	 NaN	    4	 3	 0	 3	 3.2990	    -7.1380	 5.6106	 -0.6560	 NaN	 NaN	    NaN	 NaN	 NaN	 NaN	 5.9638	    6.8386	 14.0681	 15.8330	 NaN	 NaN	    NaN	 NaN	 NaN	 NaN	 335.0183	    0	 2.4600	 0	 2.899681e+03	 2.900431e+03	    2901.7900
2	 99	 1	 176	 1	    1	 10	 9	 1	 NaN	    1	 1	 0	 1	 -0.3731	    4.8112	 NaN	 NaN	 NaN	 NaN	    NaN	 NaN	 NaN	 NaN	 14.8971	    8.9415	 NaN	 NaN	 NaN	 NaN	    NaN	 NaN	 NaN	 NaN	 336.5435	    1	 2.4800	 0	 2.906491e+03	 2.906999e+03	    2908.5246
2	 99	 1	 177	 1	    1	 10	 9	 2	 NaN	    2	 6	 0	 6	 4.3986	    -5.4931	 0.9918	 -5.0025	 7.9123	 -4.2533	    -0.8263	 NaN	 NaN	 NaN	 17.5555	    12.3455	 5.5020	 19.5232	 10.5808	 5.8669	    18.3815	 NaN	 NaN	 NaN	 338.7522	    1	 2.5000	 0	 2.913234e+03	 2.914067e+03	    2916.2761
2	 99	 1	 178	 1	    1	 10	 9	 1	 NaN	    1	 2	 0	 2	 5.7808	    -5.6132	 3.4499	 NaN	 NaN	 NaN	    NaN	 NaN	 NaN	 NaN	 10.0092	    19.5450	 6.2059	 NaN	 NaN	 NaN	    NaN	 NaN	 NaN	 NaN	 339.9357	    1	 2.5200	 0	 2.921035e+03	 2.921585e+03	    2922.7690
2	 99	 1	 179	 1	    2	 10	 9	 4	 NaN	    4	 0	 5	 5	 6.7164	    -2.9569	 -4.3530	 6.6446	 -0.9614	 6.8651	    NaN	 NaN	 NaN	 NaN	 4.6830	    14.3663	 5.8619	 11.2094	 18.4217	 19.8941	    NaN	 NaN	 NaN	 NaN	 342.2862	    1	 2.5400	 0	 2.930279e+03	 2.930962e+03	    2933.3127
2	 99	 1	 180	 1	    1	 10	 9	 3	 NaN	    3	 5	 0	 5	 -1.4576	    6.5209	 3.6540	 -4.5765	 -7.9710	 4.7272	    NaN	 NaN	 NaN	 NaN	 14.0569	    18.3626	 6.6080	 9.7228	 16.5826	 11.5488	    NaN	 NaN	 NaN	 NaN	 344.3699	    1	 2.5600	 0	 2.938147e+03	 2.939114e+03	    2941.1975
2	 99	 1	 181	 1	    1	 10	 9	 2	 NaN	    2	 1	 0	 1	 -2.2152	    0.4773	 NaN	 NaN	 NaN	 NaN	    NaN	 NaN	 NaN	 NaN	 4.2752	    17.0362	 NaN	 NaN	 NaN	 NaN	    NaN	 NaN	 NaN	 NaN	 345.9035	    1	 2.5800	 0	 2.946048e+03	 2.946624e+03	    2948.1572
2	 99	 1	 182	 1	    2	 10	 9	 4	 NaN	    4	 0	 1	 1	 -4.8703	    5.8133	 NaN	 NaN	 NaN	 NaN	    NaN	 NaN	 NaN	 NaN	 15.1118	    6.9985	 NaN	 NaN	 NaN	 NaN	    NaN	 NaN	 NaN	 NaN	 347.3788	    1	 2.6000	 0	 2.952683e+03	 2.953633e+03	    2955.1085
2	 99	 1	 183	 1	    2	 10	 9	 4	 NaN	    4	 0	 3	 3	 7.2134	    7.6289	 -5.3356	 -0.5599	 NaN	 NaN	    NaN	 NaN	 NaN	 NaN	 17.4172	    4.8314	 8.6787	 14.8971	 NaN	 NaN	    NaN	 NaN	 NaN	 NaN	 348.6123	    1	 2.6200	 0	 2.961018e+03	 2.961885e+03	    2963.1184
2	 99	 1	 184	 1	    2	 10	 9	 2	 NaN	    2	 0	 6	 6	 -0.9326	    7.3561	 -7.3780	 2.6615	 -7.4676	 7.6108	    -2.5171	 NaN	 NaN	 NaN	 18.3626	    10.9488	 12.7882	 16.3553	 5.9594	 6.9236	    12.9777	 NaN	 NaN	 NaN	 350.6960	    1	 2.6400	 0	 2.968144e+03	 2.969078e+03	    2971.1615
2	 99	 1	 185	 1	    2	 10	 9	 2	 NaN	    2	 0	 5	 5	 2.1578	    -5.8788	 -3.2741	 -7.9710	 2.9597	 7.0591	    NaN	 NaN	 NaN	 NaN	 15.8330	    16.8328	 12.7137	 10.2133	 6.7914	 7.1381	    NaN	 NaN	 NaN	 NaN	 353.2049	    1	 2.6600	 0	 2.976279e+03	 2.976796e+03	    2979.3048
2	 99	 1	 186	 1	    1	 10	 9	 3	 NaN	    3	 6	 0	 6	 6.7004	    2.6047	 -7.6489	 -6.8210	 -0.6794	 5.0325	    -0.7409	 NaN	 NaN	 NaN	 9.7821	    19.4113	 15.4476	 9.1179	 4.9917	 15.5677	    15.1118	 NaN	 NaN	 NaN	 354.5385	    1	 2.6800	 0	 2.997283e+03	 2.998250e+03	    2999.5836
2	 99	 1	 187	 1	    2	 10	 9	 1	 NaN	    1	 0	 0	 0	 -7.7658	    NaN	 NaN	 NaN	 NaN	 NaN	    NaN	 NaN	 NaN	 NaN	 4.7517	    NaN	 NaN	 NaN	 NaN	 NaN	    NaN	 NaN	 NaN	 NaN	 355.9137	    1	 2.7000	 0	 3.004493e+03	 3.005443e+03	    3006.8184
2	 99	 1	 188	 1	    1	 10	 9	 3	 NaN	    3	 8	 0	 8	 -2.9392	    -6.5973	 7.5333	 4.4567	 1.8780	 -2.3800	    1.2474	 -5.3440	 6.8617	 NaN	 19.3110	    11.5482	 7.1733	 12.6358	 17.7082	 15.1022	    4.1147	 7.7471	 17.8832	 NaN	 358.7309	    1	 2.7200	 0	 3.011769e+03	 3.012411e+03	    3015.2283
2	 99	 1	 189	 1	    2	 10	 9	 1	 NaN	    1	 0	 4	 4	 -2.2152	    6.7004	 -6.5580	 3.2302	 4.2632	 NaN	    NaN	 NaN	 NaN	 NaN	 5.9134	    12.3545	 14.8085	 6.7854	 17.6530	 NaN	    NaN	 NaN	 NaN	 NaN	 360.4895	    1	 2.7400	 0	 3.020079e+03	 3.020971e+03	    3022.7297
2	 99	 1	 190	 1	    1	 10	 9	 4	 NaN	    4	 3	 0	 3	 -4.5498	    7.7901	 1.8007	 -4.0884	 NaN	 NaN	    NaN	 NaN	 NaN	 NaN	 16.9917	    7.3562	 18.2066	 9.4584	 NaN	 NaN	    NaN	 NaN	 NaN	 NaN	 361.4480	    1	 2.7600	 0	 3.027572e+03	 3.028114e+03	    3029.0726
2	 99	 1	 191	 1	    1	 10	 9	 1	 NaN	    1	 0	 0	 0	 4.9200	    NaN	 NaN	 NaN	 NaN	 NaN	    NaN	 NaN	 NaN	 NaN	 18.5438	    NaN	 NaN	 NaN	 NaN	 NaN	    NaN	 NaN	 NaN	 NaN	 362.4232	    1	 2.7800	 0	 3.033865e+03	 3.034465e+03	    3035.4405
2	 99	 1	 192	 1	    1	 10	 9	 4	 NaN	    4	 2	 0	 2	 7.4308	    -6.7040	 7.8639	 NaN	 NaN	 NaN	    NaN	 NaN	 NaN	 NaN	 9.0319	    13.7640	 14.7836	 NaN	 NaN	 NaN	    NaN	 NaN	 NaN	 NaN	 364.0068	    1	 2.8000	 0	 3.040308e+03	 3.041025e+03	    3042.6085
2	 99	 1	 193	 1	    1	 10	 9	 4	 NaN	    3	 4	 0	 4	 -7.2028	    3.4061	 4.8619	 -3.6587	 3.9634	 NaN	    NaN	 NaN	 NaN	 NaN	 8.1924	    18.4335	 8.4482	 19.4835	 13.8142	 NaN	    NaN	 NaN	 NaN	 NaN	 365.6071	    0	 2.7800	 0	 3.047301e+03	 3.048235e+03	    3049.8349
2	 99	 1	 194	 1	    2	 10	 9	 1	 NaN	    1	 0	 7	 7	 4.2632	    -5.4446	 -1.0029	 3.4061	 -5.2892	 5.2262	    7.4035	 -6.5898	 NaN	 NaN	 16.9772	    5.8208	 16.3780	 12.5323	 17.9795	 5.9931	    10.2191	 10.6015	 NaN	 NaN	 367.0156	    1	 2.8000	 0	 3.054461e+03	 3.055211e+03	    3056.6195
2	 99	 1	 195	 1	    2	 10	 9	 2	 NaN	    2	 0	 2	 2	 -4.4877	    4.9329	 -4.5156	 NaN	 NaN	 NaN	    NaN	 NaN	 NaN	 NaN	 8.4418	    17.6530	 14.4755	 NaN	 NaN	 NaN	    NaN	 NaN	 NaN	 NaN	 368.3409	    1	 2.8200	 0	 3.061320e+03	 3.062196e+03	    3063.5208
2	 99	 1	 196	 1	    2	 10	 9	 3	 NaN	    3	 0	 8	 8	 1.4702	    -4.9008	 4.2632	 7.1776	 -4.9357	 -6.6894	    2.9692	 -2.0892	 7.7477	 NaN	 15.9646	    9.1669	 9.5677	 12.5963	 15.1041	 4.2751	    5.4271	 19.4835	 19.1297	 NaN	 371.1164	    1	 2.8400	 0	 3.068438e+03	 3.069080e+03	    3071.8557
2	 99	 1	 197	 1	    1	 10	 9	 2	 NaN	    2	 7	 0	 7	 -1.0212	    -5.4947	 5.4310	 1.5994	 -5.3440	 -0.3209	    7.8639	 6.8313	 NaN	 NaN	 18.8673	    6.2824	 17.4588	 14.5333	 10.6304	 5.0224	    4.1872	 13.3149	 NaN	 NaN	 373.2751	    1	 2.8600	 0	 3.076632e+03	 3.077215e+03	    3079.3739
2	 99	 1	 198	 1	    1	 10	 9	 4	 NaN	    4	 5	 0	 5	 -5.3334	    4.7632	 -2.3601	 2.1172	 -6.6894	 7.0413	    NaN	 NaN	 NaN	 NaN	 16.4414	    7.2387	 5.9560	 17.9369	 7.4994	 16.7223	    NaN	 NaN	 NaN	 NaN	 375.2504	    1	 2.8800	 0	 3.084108e+03	 3.084867e+03	    3086.8420
2	 99	 1	 199	 1	    2	 10	 9	 4	 NaN	    4	 0	 7	 7	 5.5782	    -3.4656	 -2.9793	 -6.3508	 6.9381	 5.7466	    -5.9707	 6.9972	 NaN	 NaN	 19.5384	    4.3036	 18.1932	 7.9824	 9.8247	 4.8027	    12.8174	 14.8982	 NaN	 NaN	 377.4592	    1	 2.9000	 0	 3.091893e+03	 3.092418e+03	    3094.6268
2	 99	 1	 200	 1	    1	 10	 9	 1	 NaN	    1	 0	 0	 0	 -1.5435	    NaN	 NaN	 NaN	 NaN	 NaN	    NaN	 NaN	 NaN	 NaN	 13.4565	    NaN	 NaN	 NaN	 NaN	 NaN	    NaN	 NaN	 NaN	 NaN	 378.9594	    1	 2.9200	 0	 3.099378e+03	 3.099969e+03	    3101.4697
2	 99	 1	 201	 1	    2	 10	 9	 3	 NaN	    3	 0	 4	 4	 -4.8610	    7.2071	 5.4471	 -2.1092	 1.8994	 NaN	    NaN	 NaN	 NaN	 NaN	 10.3464	    9.2767	 12.9808	 18.9049	 17.9129	 NaN	    NaN	 NaN	 NaN	 NaN	 381.4599	    1	 2.9400	 0	 3.106187e+03	 3.106796e+03	    3109.2963
2	 99	 1	 202	 1	    2	 10	 9	 1	 NaN	    1	 0	 8	 8	 -4.2780	    6.2167	 -6.4110	 2.5601	 -2.1826	 -5.4992	    4.2499	 7.8978	 7.2179	 NaN	 11.1879	    13.2976	 7.1381	 16.9711	 14.9381	 17.2058	    5.8547	 7.7095	 17.8832	 NaN	 385.2856	    1	 2.9600	 0	 3.114172e+03	 3.114706e+03	    3118.5313
2	 99	 1	 203	 1	    2	 10	 9	 3	 NaN	    3	 0	 6	 6	 5.8939	    5.6632	 -0.9614	 -7.7658	 -6.1088	 7.2179	    -5.8788	 NaN	 NaN	 NaN	 13.3755	    4.9917	 16.3516	 19.8941	 7.0824	 9.1607	    15.0641	 NaN	 NaN	 NaN	 387.7611	    1	 2.9800	 0	 3.124841e+03	 3.125716e+03	    3128.1915
2	 99	 1	 204	 1	    2	 10	 9	 4	 NaN	    4	 0	 1	 1	 -0.8263	    7.9123	 NaN	 NaN	 NaN	 NaN	    NaN	 NaN	 NaN	 NaN	 15.5677	    6.3379	 NaN	 NaN	 NaN	 NaN	    NaN	 NaN	 NaN	 NaN	 389.0030	    1	 2.9600	 1	 3.134151e+03	 3.135143e+03	    3136.3847
2	 99	 1	 205	 1	    2	 10	 9	 1	 NaN	    1	 0	 5	 5	 3.2990	    -3.2763	 4.0062	 -2.9392	 7.9608	 -5.4992	    NaN	 NaN	 NaN	 NaN	 14.2326	    6.8933	 5.9134	 14.7704	 17.0917	 10.3258	    NaN	 NaN	 NaN	 NaN	 390.4532	    1	 2.9800	 0	 3.142594e+03	 3.143253e+03	    3144.7030
