2	 99	 99	 1	 1	    1	 10	 9	 3	 NaN	    4	 6	 0	 6	 -7.5134	    6.3636	 -6.1540	 -1.6473	 2.6935	 2.1355	    7.8770	 NaN	 NaN	 NaN	 9.8321	    17.7441	 5.4822	 16.9408	 4.1092	 13.4918	    7.0955	 NaN	 NaN	 NaN	 0.0000	    0	 -0.0200	 0	 9.180032e+02	 9.185450e+02	    925.0962
2	 99	 99	 2	 1	    1	 10	 9	 4	 NaN	    4	 0	 0	 0	 3.2567	    NaN	 NaN	 NaN	 NaN	 NaN	    NaN	 NaN	 NaN	 NaN	 12.1762	    NaN	 NaN	 NaN	 NaN	 NaN	    NaN	 NaN	 NaN	 NaN	 0.0000	    1	 0.0000	 0	 9.587526e+02	 9.594778e+02	    960.6029
2	 99	 99	 3	 1	    2	 10	 9	 1	 NaN	    1	 0	 8	 8	 -1.3695	    7.0658	 5.1558	 5.3265	 -4.4494	 -3.6479	    2.7825	 -6.4595	 -1.9417	 NaN	 13.6599	    5.5363	 12.8102	 18.6430	 9.1371	 4.8141	    6.5487	 19.0823	 18.2594	 NaN	 0.0000	    1	 0.0200	 0	 9.665374e+02	 9.673626e+02	    971.1633
2	 99	 99	 4	 1	    2	 10	 9	 3	 NaN	    3	 0	 1	 1	 5.5442	    -7.3164	 NaN	 NaN	 NaN	 NaN	    NaN	 NaN	 NaN	 NaN	 13.6701	    9.4144	 NaN	 NaN	 NaN	 NaN	    NaN	 NaN	 NaN	 NaN	 0.0000	    1	 0.0400	 0	 9.768811e+02	 9.773895e+02	    979.0815
2	 99	 99	 5	 1	    2	 10	 9	 3	 NaN	    4	 0	 5	 5	 -6.5022	    1.6453	 7.9017	 3.5884	 -6.7479	 -2.3469	    NaN	 NaN	 NaN	 NaN	 15.4470	    4.2791	 12.7210	 16.6249	 8.5553	 6.2084	    NaN	 NaN	 NaN	 NaN	 0.0000	    0	 0.0200	 0	 9.840158e+02	 9.845826e+02	    987.5248
2	 99	 99	 6	 1	    1	 10	 9	 1	 NaN	    1	 8	 0	 8	 2.8134	    -4.4696	 4.9564	 7.5165	 -5.6649	 1.5282	    -2.9250	 -0.1199	 -7.6781	 NaN	 14.5492	    15.8508	 8.0269	 17.6664	 8.7580	 4.9927	    4.5232	 18.8236	 13.0881	 NaN	 0.0000	    1	 0.0400	 0	 9.926424e+02	 9.935342e+02	    994.7011
2	 99	 99	 7	 1	    1	 10	 9	 3	 NaN	    3	 7	 0	 7	 2.2609	    7.3868	 -1.2692	 -4.0099	 2.8256	 -6.5017	    7.3908	 -6.4732	 NaN	 NaN	 4.0114	    9.9028	 16.9408	 7.1363	 14.8729	 19.3483	    19.8581	 10.5072	 NaN	 NaN	 0.0000	    1	 0.0600	 0	 1.000827e+03	 1.001652e+03	    1003.3611
2	 99	 99	 8	 1	    2	 10	 9	 1	 NaN	    1	 0	 7	 7	 3.2232	    -5.7892	 -4.4494	 -4.3596	 7.5743	 1.8885	    -2.0074	 4.0929	 NaN	 NaN	 4.3111	    15.4457	 4.1092	 9.0634	 15.7311	 16.8046	    19.0931	 10.4975	 NaN	 NaN	 0.0000	    1	 0.0800	 0	 1.008604e+03	 1.009354e+03	    1011.8378
2	 99	 99	 9	 1	    1	 10	 9	 1	 NaN	    1	 1	 0	 1	 3.3979	    -7.0260	 NaN	 NaN	 NaN	 NaN	    NaN	 NaN	 NaN	 NaN	 15.4457	    11.4938	 NaN	 NaN	 NaN	 NaN	    NaN	 NaN	 NaN	 NaN	 0.0000	    1	 0.1000	 0	 1.017014e+03	 1.017747e+03	    1018.5807
2	 99	 99	 10	 1	    1	 10	 9	 3	 NaN	    3	 3	 0	 3	 4.5072	    -0.7182	 -4.2239	 4.2433	 NaN	 NaN	    NaN	 NaN	 NaN	 NaN	 15.4470	    15.8339	 11.7861	 10.6571	 NaN	 NaN	    NaN	 NaN	 NaN	 NaN	 0.0000	    1	 0.1200	 0	 1.023557e+03	 1.024348e+03	    1026.2238
2	 99	 99	 11	 1	    2	 10	 9	 1	 NaN	    1	 0	 3	 3	 -7.3672	    4.8955	 1.1471	 -2.8410	 NaN	 NaN	    NaN	 NaN	 NaN	 NaN	 8.6978	    10.6571	 15.2771	 14.2788	 NaN	 NaN	    NaN	 NaN	 NaN	 NaN	 0.0000	    1	 0.1400	 0	 1.031533e+03	 1.032400e+03	    1033.5919
2	 99	 99	 12	 1	    1	 10	 9	 4	 NaN	    4	 5	 0	 5	 4.1623	    6.3699	 -6.5022	 5.2619	 -0.8792	 -5.1352	    NaN	 NaN	 NaN	 NaN	 18.2213	    4.7745	 10.2078	 12.0865	 15.9647	 5.7356	    NaN	 NaN	 NaN	 NaN	 0.0000	    1	 0.1600	 0	 1.038585e+03	 1.039285e+03	    1040.5432
2	 99	 99	 13	 1	    1	 10	 9	 1	 NaN	    1	 2	 0	 2	 -7.3164	    7.5947	 -0.0100	 NaN	 NaN	 NaN	    NaN	 NaN	 NaN	 NaN	 7.0390	    13.9433	 17.0339	 NaN	 NaN	 NaN	    NaN	 NaN	 NaN	 NaN	 0.0000	    1	 0.1800	 0	 1.045569e+03	 1.046178e+03	    1047.4028
2	 99	 99	 14	 1	    2	 10	 9	 3	 NaN	    3	 0	 0	 0	 6.2854	    NaN	 NaN	 NaN	 NaN	 NaN	    NaN	 NaN	 NaN	 NaN	 15.4537	    NaN	 NaN	 NaN	 NaN	 NaN	    NaN	 NaN	 NaN	 NaN	 0.0000	    1	 0.2000	 0	 1.052512e+03	 1.053246e+03	    1054.1541
2	 99	 99	 15	 1	    2	 10	 9	 3	 NaN	    4	 0	 4	 4	 -4.3651	    3.5653	 7.0613	 -7.0479	 -6.7569	 NaN	    NaN	 NaN	 NaN	 NaN	 6.0684	    16.2845	 5.4724	 14.4670	 18.5166	 NaN	    NaN	 NaN	 NaN	 NaN	 0.0000	    0	 0.1800	 0	 1.059238e+03	 1.059897e+03	    1061.6806
2	 99	 99	 16	 1	    2	 10	 9	 2	 NaN	    1	 0	 6	 6	 -3.7760	    4.6650	 2.9505	 6.7035	 -2.5576	 -7.3672	    -6.0086	 NaN	 NaN	 NaN	 11.3539	    9.7334	 17.9687	 5.6331	 16.9295	 15.7311	    19.5839	 NaN	 NaN	 NaN	 0.0000	    0	 0.1600	 0	 1.066907e+03	 1.067532e+03	    1072.6243
2	 99	 99	 17	 1	    1	 10	 9	 1	 NaN	    1	 4	 0	 4	 -0.5582	    7.2979	 -0.1199	 5.8779	 -2.7805	 NaN	    NaN	 NaN	 NaN	 NaN	 18.2857	    5.2352	 4.8141	 13.0881	 13.1068	 NaN	    NaN	 NaN	 NaN	 NaN	 0.0000	    1	 0.1800	 0	 1.077809e+03	 1.078726e+03	    1079.7924
2	 99	 99	 18	 1	    2	 10	 9	 2	 NaN	    2	 0	 2	 2	 5.0056	    -2.9959	 7.3555	 NaN	 NaN	 NaN	    NaN	 NaN	 NaN	 NaN	 5.9241	    13.1068	 10.9700	 NaN	 NaN	 NaN	    NaN	 NaN	 NaN	 NaN	 0.0000	    1	 0.2000	 0	 1.084510e+03	 1.085335e+03	    1087.6438
2	 99	 99	 19	 1	    2	 10	 9	 1	 NaN	    1	 0	 3	 3	 -5.4655	    0.7237	 -7.8675	 3.9333	 NaN	 NaN	    NaN	 NaN	 NaN	 NaN	 14.1067	    14.7711	 8.7580	 10.5613	 NaN	 NaN	    NaN	 NaN	 NaN	 NaN	 0.0000	    1	 0.1800	 1	 1.092595e+03	 1.093120e+03	    1094.7369
2	 99	 99	 20	 1	    1	 10	 9	 4	 NaN	    4	 0	 0	 0	 2.8463	    NaN	 NaN	 NaN	 NaN	 NaN	    NaN	 NaN	 NaN	 NaN	 14.2581	    NaN	 NaN	 NaN	 NaN	 NaN	    NaN	 NaN	 NaN	 NaN	 0.0000	    1	 0.2000	 0	 1.100663e+03	 1.101221e+03	    1102.2300
2	 99	 99	 21	 1	    2	 10	 9	 4	 NaN	    4	 0	 6	 6	 -6.7759	    4.5204	 5.1558	 0.1709	 -3.1778	 -1.7410	    4.5393	 NaN	 NaN	 NaN	 6.7314	    7.1433	 13.9051	 16.9943	 12.0311	 5.0359	    18.8610	 NaN	 NaN	 NaN	 0.0000	    1	 0.2200	 0	 1.107231e+03	 1.107998e+03	    1110.8233
2	 99	 99	 22	 1	    1	 10	 9	 2	 NaN	    2	 3	 0	 3	 -4.0304	    0.8165	 7.6846	 -7.9545	 NaN	 NaN	    NaN	 NaN	 NaN	 NaN	 12.4776	    16.8720	 11.7121	 10.5601	 NaN	 NaN	    NaN	 NaN	 NaN	 NaN	 0.0000	    1	 0.2400	 0	 1.116124e+03	 1.117066e+03	    1118.6664
2	 99	 99	 23	 1	    1	 10	 9	 1	 NaN	    1	 2	 0	 2	 1.8999	    -4.5475	 -7.6038	 NaN	 NaN	 NaN	    NaN	 NaN	 NaN	 NaN	 13.6496	    5.1193	 15.2853	 NaN	 NaN	 NaN	    NaN	 NaN	 NaN	 NaN	 0.0000	    1	 0.2600	 0	 1.123709e+03	 1.124634e+03	    1126.0345
2	 99	 99	 24	 1	    2	 10	 9	 4	 NaN	    4	 0	 2	 2	 1.9593	    -4.7257	 5.4980	 NaN	 NaN	 NaN	    NaN	 NaN	 NaN	 NaN	 19.7399	    8.8999	 13.3580	 NaN	 NaN	 NaN	    NaN	 NaN	 NaN	 NaN	 0.0000	    1	 0.2800	 0	 1.130960e+03	 1.131777e+03	    1133.4109
2	 99	 99	 25	 1	    1	 10	 9	 2	 NaN	    2	 1	 0	 1	 4.0456	    -6.9338	 NaN	 NaN	 NaN	 NaN	    NaN	 NaN	 NaN	 NaN	 10.1720	    18.5783	 NaN	 NaN	 NaN	 NaN	    NaN	 NaN	 NaN	 NaN	 0.0000	    1	 0.3000	 0	 1.138354e+03	 1.139229e+03	    1140.6290
2	 99	 99	 26	 1	    1	 10	 9	 1	 NaN	    2	 5	 0	 5	 -5.3232	    2.3959	 5.0175	 -6.9958	 5.3590	 -3.3100	    NaN	 NaN	 NaN	 NaN	 17.2207	    15.1352	 6.9240	 12.2232	 11.2670	 5.6631	    NaN	 NaN	 NaN	 NaN	 0.0000	    0	 0.2800	 0	 1.145555e+03	 1.146105e+03	    1147.8970
2	 99	 99	 27	 1	    2	 10	 9	 3	 NaN	    3	 0	 0	 0	 0.4131	    NaN	 NaN	 NaN	 NaN	 NaN	    NaN	 NaN	 NaN	 NaN	 5.1838	    NaN	 NaN	 NaN	 NaN	 NaN	    NaN	 NaN	 NaN	 NaN	 0.0000	    1	 0.3000	 0	 1.153031e+03	 1.153815e+03	    1155.2651
2	 99	 99	 28	 1	    1	 10	 9	 3	 NaN	    3	 8	 0	 8	 -3.5517	    -4.4658	 2.3895	 6.6111	 2.7762	 7.5165	    -7.4788	 -6.3984	 -1.7410	 NaN	 5.6306	    18.8610	 18.2857	 10.6271	 13.8405	 5.5018	    6.6981	 12.5903	 13.9737	 NaN	 0.0000	    1	 0.3200	 0	 1.160616e+03	 1.161133e+03	    1163.7084
2	 99	 99	 29	 1	    2	 10	 9	 3	 NaN	    3	 0	 4	 4	 -6.1540	    2.3895	 -4.4494	 3.5653	 7.9175	 NaN	    NaN	 NaN	 NaN	 NaN	 14.1726	    4.9018	 10.3853	 17.2504	 9.4639	 NaN	    NaN	 NaN	 NaN	 NaN	 0.0000	    1	 0.3400	 0	 1.170943e+03	 1.171568e+03	    1174.1770
2	 99	 99	 30	 1	    2	 10	 9	 3	 NaN	    3	 0	 5	 5	 3.6478	    -2.4249	 -6.9342	 7.8092	 -5.4655	 5.2796	    NaN	 NaN	 NaN	 NaN	 6.0684	    17.0253	 15.4457	 4.3111	 10.5613	 18.1888	    NaN	 NaN	 NaN	 NaN	 0.0000	    1	 0.3600	 0	 1.179253e+03	 1.179970e+03	    1182.4703
2	 99	 99	 31	 1	    1	 10	 9	 1	 NaN	    1	 6	 0	 6	 7.5938	    1.7336	 -1.0222	 4.5588	 -2.8157	 -4.9608	    -4.6387	 NaN	 NaN	 NaN	 16.7532	    5.4606	 18.1109	 8.6580	 12.4833	 8.5889	    16.2158	 NaN	 NaN	 NaN	 0.0000	    1	 0.3800	 0	 1.187846e+03	 1.188446e+03	    1190.4135
2	 99	 99	 32	 1	    1	 10	 9	 4	 NaN	    4	 4	 0	 4	 3.1020	    -5.4058	 -7.2439	 3.9799	 5.6370	 NaN	    NaN	 NaN	 NaN	 NaN	 4.2791	    11.8538	 17.7508	 14.4989	 19.0010	 NaN	    NaN	 NaN	 NaN	 NaN	 0.0000	    1	 0.4000	 0	 1.195248e+03	 1.196065e+03	    1198.1233
2	 99	 99	 33	 1	    2	 10	 9	 3	 NaN	    4	 0	 8	 8	 5.6431	    1.9708	 -7.9762	 2.8256	 6.5042	 -6.8114	    -1.9256	 -3.4516	 -6.9270	 NaN	 15.4330	    19.3708	 8.7580	 5.2404	 10.0887	 15.0828	    14.0513	 4.9018	 19.1052	 NaN	 0.0000	    0	 0.3800	 0	 1.203049e+03	 1.203758e+03	    1206.4999
2	 99	 99	 34	 1	    2	 10	 9	 2	 NaN	    2	 0	 7	 7	 -5.8754	    3.8429	 7.4184	 -0.7313	 7.1774	 -4.2380	    4.6532	 -5.8206	 NaN	 NaN	 6.4708	    11.3173	 8.8472	 15.4330	 4.2323	 13.1068	    17.6664	 19.4802	 NaN	 NaN	 0.0000	    1	 0.4000	 0	 1.211884e+03	 1.212551e+03	    1214.7265
2	 99	 99	 35	 1	    2	 10	 9	 4	 NaN	    4	 0	 1	 1	 7.3908	    -6.3315	 NaN	 NaN	 NaN	 NaN	    NaN	 NaN	 NaN	 NaN	 6.5487	    14.9002	 NaN	 NaN	 NaN	 NaN	    NaN	 NaN	 NaN	 NaN	 0.0000	    1	 0.4200	 0	 1.219544e+03	 1.220086e+03	    1221.8528
2	 99	 99	 36	 1	    1	 10	 9	 4	 NaN	    4	 7	 0	 7	 6.8158	    -7.6703	 5.5827	 -2.9813	 3.9277	 -3.1902	    -4.8079	 2.2867	 NaN	 NaN	 12.7041	    8.9798	 8.8657	 12.7334	 16.1483	 5.5567	    17.3833	 4.8970	 NaN	 NaN	 0.0000	    1	 0.4400	 0	 1.226670e+03	 1.227604e+03	    1230.8295
