2	 8	 1	 1	 1	    1	 10	 9	 1	 NaN	    1	 3	 0	 3	 -0.0522	    1.5670	 -4.3994	 7.6883	 NaN	 NaN	    NaN	 NaN	 NaN	 NaN	 4.3028	    14.4183	 17.1903	 11.9774	 NaN	 NaN	    NaN	 NaN	 NaN	 NaN	 2.0254	    1	 0.0200	 0	 2.422920e+03	 2.423545e+03	    2425.5701
2	 8	 1	 2	 1	    2	 10	 9	 3	 NaN	    4	 0	 0	 0	 -7.1558	    NaN	 NaN	 NaN	 NaN	 NaN	    NaN	 NaN	 NaN	 NaN	 19.0591	    NaN	 NaN	 NaN	 NaN	 NaN	    NaN	 NaN	 NaN	 NaN	 3.0089	    0	 0.0000	 0	 2.431205e+03	 2.431955e+03	    2432.9382
2	 8	 1	 3	 1	    1	 10	 9	 1	 NaN	    1	 2	 0	 2	 -5.2573	    3.7831	 -0.5914	 NaN	 NaN	 NaN	    NaN	 NaN	 NaN	 NaN	 5.0439	    19.0431	 17.3751	 NaN	 NaN	 NaN	    NaN	 NaN	 NaN	 NaN	 4.5926	    1	 0.0200	 0	 2.438056e+03	 2.438914e+03	    2440.4981
2	 8	 1	 4	 1	    1	 10	 9	 2	 NaN	    2	 1	 0	 1	 -6.4140	    7.3629	 NaN	 NaN	 NaN	 NaN	    NaN	 NaN	 NaN	 NaN	 4.3487	    15.3181	 NaN	 NaN	 NaN	 NaN	    NaN	 NaN	 NaN	 NaN	 5.9679	    1	 0.0400	 0	 2.445324e+03	 2.445966e+03	    2447.3411
2	 8	 1	 5	 1	    1	 10	 9	 4	 NaN	    4	 8	 0	 8	 -4.4733	    4.4449	 -4.2581	 4.1773	 -6.5851	 0.5168	    -1.8875	 6.5962	 -0.2029	 NaN	 12.3161	    4.4262	 16.5984	 17.9990	 6.0304	 13.5129	    5.7677	 9.3512	 19.8945	 NaN	 9.3185	    1	 0.0600	 0	 2.452242e+03	 2.453226e+03	    2456.5763
2	 8	 1	 6	 1	    2	 10	 9	 2	 NaN	    2	 0	 5	 5	 -0.0426	    -6.4797	 -2.7069	 7.8835	 2.4443	 7.7713	    NaN	 NaN	 NaN	 NaN	 4.9874	    17.8542	 15.3626	 11.6556	 14.1590	 4.1802	    NaN	 NaN	 NaN	 NaN	 10.7438	    1	 0.0800	 0	 2.461602e+03	 2.462227e+03	    2463.6527
2	 8	 1	 7	 1	    1	 10	 9	 4	 NaN	    4	 7	 0	 7	 -5.1726	    0.7168	 -0.9799	 5.4471	 6.1435	 7.8748	    -3.7261	 -5.3689	 NaN	 NaN	 8.6600	    5.2729	 15.2993	 18.5180	 13.7724	 10.0879	    4.7424	 13.7135	 NaN	 NaN	 12.6525	    1	 0.1000	 0	 2.468570e+03	 2.469229e+03	    2471.1375
2	 8	 1	 8	 1	    2	 10	 9	 1	 NaN	    1	 0	 8	 8	 7.2501	    -4.8852	 0.0568	 -2.8900	 -4.7265	 -7.4472	    4.5009	 7.4558	 7.6889	 NaN	 15.5655	    16.6078	 15.6709	 6.6103	 10.6467	 5.3221	    6.4435	 19.8283	 9.9941	 NaN	 15.4780	    1	 0.1200	 0	 2.475680e+03	 2.476380e+03	    2479.2058
2	 8	 1	 9	 1	    1	 10	 9	 1	 NaN	    1	 6	 0	 6	 7.7150	    -7.2605	 -6.8645	 0.8545	 2.3854	 -5.9709	    6.3090	 NaN	 NaN	 NaN	 16.9026	    17.3819	 11.2125	 14.2799	 5.9880	 6.1615	    9.0146	 NaN	 NaN	 NaN	 17.4867	    1	 0.1400	 0	 2.484190e+03	 2.484915e+03	    2486.9240
2	 8	 1	 10	 1	    2	 10	 9	 4	 NaN	    4	 0	 6	 6	 4.2502	    -6.0103	 7.6092	 -5.1663	 5.5875	 -2.5464	    -1.7736	 NaN	 NaN	 NaN	 6.2389	    4.5456	 10.0879	 19.6221	 16.2080	 16.3254	    4.5059	 NaN	 NaN	 NaN	 18.4285	    1	 0.1600	 0	 2.491858e+03	 2.492425e+03	    2493.3669
2	 8	 1	 11	 1	    1	 10	 9	 2	 NaN	    2	 5	 0	 5	 4.3390	    -5.6205	 -7.7027	 0.6742	 -4.1566	 5.8113	    NaN	 NaN	 NaN	 NaN	 8.4092	    18.5599	 9.9276	 17.1541	 5.9618	 13.1689	    NaN	 NaN	 NaN	 NaN	 20.3706	    1	 0.1800	 0	 2.498560e+03	 2.499135e+03	    2501.0768
2	 8	 1	 12	 1	    2	 10	 9	 1	 NaN	    1	 0	 7	 7	 -7.4424	    -6.9330	 2.8153	 -0.7226	 -2.5063	 6.0417	    2.3821	 7.7433	 NaN	 NaN	 7.4417	    12.8500	 5.0183	 18.1975	 5.7709	 11.1731	    13.6847	 15.4649	 NaN	 NaN	 24.0797	    1	 0.1600	 1	 2.507128e+03	 2.508062e+03	    2511.7706
2	 8	 1	 13	 1	    2	 10	 9	 3	 NaN	    3	 0	 3	 3	 0.3615	    4.0629	 -2.8197	 -7.1199	 NaN	 NaN	    NaN	 NaN	 NaN	 NaN	 18.9688	    13.8902	 5.7154	 8.5063	 NaN	 NaN	    NaN	 NaN	 NaN	 NaN	 25.5216	    1	 0.1800	 0	 2.517063e+03	 2.517847e+03	    2519.2887
2	 8	 1	 14	 1	    2	 10	 9	 1	 NaN	    1	 0	 4	 4	 2.4344	    -6.4985	 2.5446	 -3.8656	 4.1213	 NaN	    NaN	 NaN	 NaN	 NaN	 5.3835	    13.7869	 16.7068	 8.4092	 10.1770	 NaN	    NaN	 NaN	 NaN	 NaN	 27.4220	    1	 0.2000	 0	 2.524406e+03	 2.525098e+03	    2526.9986
2	 8	 1	 15	 1	    1	 10	 9	 4	 NaN	    4	 0	 0	 0	 -1.8856	    NaN	 NaN	 NaN	 NaN	 NaN	    NaN	 NaN	 NaN	 NaN	 16.2278	    NaN	 NaN	 NaN	 NaN	 NaN	    NaN	 NaN	 NaN	 NaN	 28.5055	    1	 0.2200	 0	 2.531925e+03	 2.532725e+03	    2533.8083
2	 8	 1	 16	 1	    2	 10	 9	 4	 NaN	    4	 0	 2	 2	 5.6721	    -7.4419	 7.5111	 NaN	 NaN	 NaN	    NaN	 NaN	 NaN	 NaN	 6.3252	    12.3531	 15.6093	 NaN	 NaN	 NaN	    NaN	 NaN	 NaN	 NaN	 29.8975	    1	 0.2400	 0	 2.540701e+03	 2.541593e+03	    2542.9851
2	 8	 1	 17	 1	    2	 10	 9	 1	 NaN	    1	 0	 1	 1	 -6.3956	    0.5424	 NaN	 NaN	 NaN	 NaN	    NaN	 NaN	 NaN	 NaN	 17.4905	    5.2490	 NaN	 NaN	 NaN	 NaN	    NaN	 NaN	 NaN	 NaN	 31.1227	    1	 0.2600	 0	 2.547878e+03	 2.548561e+03	    2549.7865
2	 8	 1	 18	 1	    1	 10	 9	 2	 NaN	    2	 4	 0	 4	 7.8973	    -6.9330	 5.8727	 -6.4640	 7.1357	 NaN	    NaN	 NaN	 NaN	 NaN	 16.2983	    16.4236	 6.1685	 10.3708	 11.9587	 NaN	    NaN	 NaN	 NaN	 NaN	 32.7230	    1	 0.2400	 1	 2.554779e+03	 2.555404e+03	    2557.0046
2	 8	 1	 19	 1	    2	 10	 9	 2	 NaN	    2	 0	 0	 0	 -6.4985	    NaN	 NaN	 NaN	 NaN	 NaN	    NaN	 NaN	 NaN	 NaN	 6.5618	    NaN	 NaN	 NaN	 NaN	 NaN	    NaN	 NaN	 NaN	 NaN	 33.6565	    1	 0.2600	 0	 2.562414e+03	 2.563356e+03	    2564.2893
2	 8	 1	 20	 1	    1	 10	 9	 3	 NaN	    3	 4	 0	 4	 -4.2788	    6.7419	 0.6152	 -2.2940	 -4.9848	 NaN	    NaN	 NaN	 NaN	 NaN	 14.4609	    7.0300	 18.7944	 4.5003	 8.1967	 NaN	    NaN	 NaN	 NaN	 NaN	 35.6736	    1	 0.2800	 0	 2.569065e+03	 2.569890e+03	    2571.9075
2	 8	 1	 21	 1	    1	 10	 9	 2	 NaN	    2	 5	 0	 5	 6.7267	    -7.7027	 1.4521	 -3.1942	 -7.6690	 4.4449	    NaN	 NaN	 NaN	 NaN	 12.2857	    4.5456	 4.0747	 13.7822	 9.4232	 19.3960	    NaN	 NaN	 NaN	 NaN	 37.9990	    1	 0.3000	 0	 2.577167e+03	 2.577934e+03	    2580.2592
2	 8	 1	 22	 1	    2	 10	 9	 3	 NaN	    4	 0	 3	 3	 -6.6971	    7.8283	 4.7052	 -2.6129	 NaN	 NaN	    NaN	 NaN	 NaN	 NaN	 11.3793	    15.4231	 7.0246	 13.3082	 NaN	 NaN	    NaN	 NaN	 NaN	 NaN	 39.8910	    0	 0.2800	 0	 2.585319e+03	 2.586002e+03	    2587.8940
2	 8	 1	 23	 1	    2	 10	 9	 1	 NaN	    1	 0	 7	 7	 0.6180	    5.8113	 7.7108	 2.6296	 -7.6814	 -7.9797	    -3.5524	 -3.3921	 NaN	 NaN	 16.9026	    10.1151	 17.6572	 4.6540	 15.2993	 9.1084	    5.3941	 17.3838	 NaN	 NaN	 43.4084	    1	 0.3000	 0	 2.594879e+03	 2.595737e+03	    2599.2546
2	 8	 1	 24	 1	    1	 10	 9	 1	 NaN	    1	 1	 0	 1	 -3.5320	    4.6585	 NaN	 NaN	 NaN	 NaN	    NaN	 NaN	 NaN	 NaN	 16.5888	    7.2854	 NaN	 NaN	 NaN	 NaN	    NaN	 NaN	 NaN	 NaN	 44.4336	    1	 0.3200	 0	 2.604072e+03	 2.604964e+03	    2605.9893
2	 8	 1	 25	 1	    2	 10	 9	 1	 NaN	    1	 0	 2	 2	 1.1675	    -5.3152	 -5.1663	 NaN	 NaN	 NaN	    NaN	 NaN	 NaN	 NaN	 13.3833	    11.9587	 7.6611	 NaN	 NaN	 NaN	    NaN	 NaN	 NaN	 NaN	 45.8672	    1	 0.3400	 0	 2.611499e+03	 2.612032e+03	    2613.4658
2	 8	 1	 26	 1	    2	 10	 9	 1	 NaN	    1	 0	 1	 1	 -7.0661	    5.9861	 NaN	 NaN	 NaN	 NaN	    NaN	 NaN	 NaN	 NaN	 14.4183	    8.6850	 NaN	 NaN	 NaN	 NaN	    NaN	 NaN	 NaN	 NaN	 46.9674	    1	 0.3600	 0	 2.618342e+03	 2.618859e+03	    2619.9588
2	 8	 1	 27	 1	    2	 10	 9	 3	 NaN	    3	 0	 4	 4	 -6.7369	    5.9015	 -7.3181	 5.4133	 7.9075	 NaN	    NaN	 NaN	 NaN	 NaN	 4.3095	    13.3371	 13.0808	 8.1998	 4.3015	 NaN	    NaN	 NaN	 NaN	 NaN	 47.9425	    1	 0.3800	 0	 2.624743e+03	 2.625468e+03	    2626.4434
2	 8	 1	 28	 1	    2	 10	 9	 4	 NaN	    4	 0	 6	 6	 -7.4850	    4.8207	 5.2598	 7.1986	 -6.3333	 -0.0538	    -3.8085	 NaN	 NaN	 NaN	 17.1747	    17.9956	 9.0325	 13.6129	 7.6331	 5.4039	    14.7135	 NaN	 NaN	 NaN	 50.4347	    1	 0.4000	 0	 2.631319e+03	 2.632036e+03	    2634.5283
2	 8	 1	 29	 1	    1	 10	 9	 2	 NaN	    2	 3	 0	 3	 7.8965	    5.2598	 -6.6459	 -6.2747	 NaN	 NaN	    NaN	 NaN	 NaN	 NaN	 11.7299	    16.5582	 19.8588	 8.0053	 NaN	 NaN	    NaN	 NaN	 NaN	 NaN	 51.4766	    1	 0.4200	 0	 2.639488e+03	 2.640346e+03	    2641.3880
2	 8	 1	 30	 1	    1	 10	 9	 4	 NaN	    4	 7	 0	 7	 -5.8378	    -3.6370	 1.4019	 6.8730	 -3.5834	 -6.6894	    5.2613	 0.0970	 NaN	 NaN	 16.7480	    7.8131	 16.6593	 7.3899	 12.5321	 4.3879	    13.5129	 4.5909	 NaN	 NaN	 52.6935	    1	 0.4400	 0	 2.646381e+03	 2.647147e+03	    2648.3644
2	 8	 1	 31	 1	    1	 10	 9	 1	 NaN	    1	 0	 0	 0	 4.7612	    NaN	 NaN	 NaN	 NaN	 NaN	    NaN	 NaN	 NaN	 NaN	 19.9973	    NaN	 NaN	 NaN	 NaN	 NaN	    NaN	 NaN	 NaN	 NaN	 54.3771	    1	 0.4600	 0	 2.653449e+03	 2.654174e+03	    2655.8576
2	 8	 1	 32	 1	    1	 10	 9	 3	 NaN	    3	 8	 0	 8	 -0.0155	    7.6294	 -7.3181	 -6.0808	 2.3854	 7.9659	    -7.8424	 4.5676	 -3.4858	 NaN	 15.6170	    4.3548	 4.1487	 18.2756	 5.7817	 17.1035	    12.7044	 11.5937	 12.5451	 NaN	 57.5611	    1	 0.4800	 0	 2.660859e+03	 2.661517e+03	    2664.7009
2	 8	 1	 33	 1	    2	 10	 9	 1	 NaN	    1	 0	 5	 5	 -2.6070	    6.0642	 -2.8981	 -7.5423	 5.9092	 2.5924	    NaN	 NaN	 NaN	 NaN	 17.7248	    17.9956	 6.0126	 18.8274	 8.7554	 5.4039	    NaN	 NaN	 NaN	 NaN	 59.1697	    1	 0.4600	 1	 2.669502e+03	 2.670035e+03	    2671.6440
2	 8	 1	 34	 1	    2	 10	 9	 2	 NaN	    2	 0	 8	 8	 2.2651	    -5.3888	 -6.6161	 -3.4170	 4.5979	 -7.2605	    7.1986	 6.5438	 -2.8883	 NaN	 17.4452	    10.9331	 14.7901	 6.3947	 5.9356	 18.7457	    10.8523	 19.0105	 16.9700	 NaN	 62.5203	    1	 0.4800	 0	 2.676920e+03	 2.677920e+03	    2681.2709
2	 8	 1	 35	 1	    1	 10	 9	 2	 NaN	    2	 2	 0	 2	 6.3090	    -4.2973	 2.7463	 NaN	 NaN	 NaN	    NaN	 NaN	 NaN	 NaN	 15.3765	    6.5408	 4.4437	 NaN	 NaN	 NaN	    NaN	 NaN	 NaN	 NaN	 63.4871	    1	 0.5000	 0	 2.686289e+03	 2.686989e+03	    2687.9556
2	 8	 1	 36	 1	    1	 10	 9	 1	 NaN	    1	 6	 0	 6	 -7.5715	    0.7778	 -7.0661	 4.4983	 -4.7045	 0.2844	    5.5087	 NaN	 NaN	 NaN	 17.8936	    16.5984	 7.7710	 7.7834	 13.0225	 4.7886	    12.8770	 NaN	 NaN	 NaN	 66.1293	    1	 0.5200	 0	 2.692740e+03	 2.693332e+03	    2695.9738
2	 8	 1	 37	 1	    2	 10	 9	 4	 NaN	    4	 0	 0	 0	 3.9006	    NaN	 NaN	 NaN	 NaN	 NaN	    NaN	 NaN	 NaN	 NaN	 15.7367	    NaN	 NaN	 NaN	 NaN	 NaN	    NaN	 NaN	 NaN	 NaN	 67.1045	    1	 0.5400	 0	 2.700725e+03	 2.701308e+03	    2702.2834
2	 8	 1	 38	 1	    2	 10	 9	 2	 NaN	    2	 0	 2	 2	 -3.1378	    7.4081	 6.2228	 NaN	 NaN	 NaN	    NaN	 NaN	 NaN	 NaN	 14.5259	    9.3693	 19.9985	 NaN	 NaN	 NaN	    NaN	 NaN	 NaN	 NaN	 68.8631	    1	 0.5200	 1	 2.717228e+03	 2.717928e+03	    2719.6869
2	 8	 1	 39	 1	    2	 10	 9	 3	 NaN	    4	 0	 7	 7	 6.8605	    -7.6772	 -3.1101	 2.5179	 7.9789	 4.6364	    -7.7027	 -5.0153	 NaN	 NaN	 11.4603	    5.8122	 17.9655	 15.8798	 16.8489	 4.3906	    15.2488	 11.2935	 NaN	 NaN	 70.8218	    0	 0.5000	 0	 2.725546e+03	 2.726513e+03	    2728.4719
2	 8	 1	 40	 1	    1	 10	 9	 4	 NaN	    4	 3	 0	 3	 -6.7716	    -5.6205	 0.0568	 1.0676	 NaN	 NaN	    NaN	 NaN	 NaN	 NaN	 13.2197	    9.2247	 4.6190	 16.8624	 NaN	 NaN	    NaN	 NaN	 NaN	 NaN	 72.6722	    1	 0.5200	 0	 2.734023e+03	 2.734973e+03	    2736.8237
2	 8	 1	 41	 1	    2	 10	 9	 3	 NaN	    3	 0	 4	 4	 4.1491	    -5.9400	 4.5587	 -4.4142	 -1.0011	 NaN	    NaN	 NaN	 NaN	 NaN	 4.3095	    5.4178	 14.8983	 13.8872	 18.7565	 NaN	    NaN	 NaN	 NaN	 NaN	 75.1227	    1	 0.5400	 0	 2.741875e+03	 2.742600e+03	    2745.0502
2	 8	 1	 42	 1	    2	 10	 9	 4	 NaN	    4	 0	 6	 6	 4.3309	    -0.8402	 -5.3510	 7.1536	 2.5108	 -7.6814	    5.9112	 NaN	 NaN	 NaN	 9.1916	    4.5777	 15.6125	 16.5984	 13.2933	 8.0438	    4.7979	 NaN	 NaN	 NaN	 77.1314	    1	 0.5600	 0	 2.753377e+03	 2.754327e+03	    2756.3358
2	 8	 1	 43	 1	    1	 10	 9	 4	 NaN	    4	 5	 0	 5	 2.8153	    6.7816	 -4.2781	 1.9137	 -4.7754	 -4.7445	    NaN	 NaN	 NaN	 NaN	 18.6113	    17.4452	 4.3360	 5.1807	 17.2545	 10.6342	    NaN	 NaN	 NaN	 NaN	 79.0068	    1	 0.5800	 0	 2.760945e+03	 2.761862e+03	    2763.7373
2	 8	 1	 44	 1	    2	 10	 9	 2	 NaN	    2	 0	 8	 8	 -4.1454	    -1.2541	 4.1773	 5.6690	 -4.2949	 5.9112	    0.4949	 -6.7511	 6.9006	 NaN	 12.4358	    4.5059	 18.0765	 10.5389	 17.2545	 4.6190	    13.9179	 4.6557	 14.8979	 NaN	 81.7406	    1	 0.6000	 0	 2.768988e+03	 2.769588e+03	    2772.3223
2	 8	 1	 45	 1	    2	 10	 9	 1	 NaN	    1	 0	 3	 3	 4.2731	    -4.2949	 6.5962	 -6.2778	 NaN	 NaN	    NaN	 NaN	 NaN	 NaN	 15.0985	    16.2983	 7.8032	 8.1408	 NaN	 NaN	    NaN	 NaN	 NaN	 NaN	 83.0242	    1	 0.6200	 0	 2.777398e+03	 2.778040e+03	    2779.3237
2	 8	 1	 46	 1	    2	 10	 9	 2	 NaN	    2	 0	 5	 5	 4.8207	    -6.8056	 -3.9555	 -1.5121	 4.6896	 4.1016	    NaN	 NaN	 NaN	 NaN	 18.4096	    8.8500	 13.7822	 18.3887	 9.9276	 5.2988	    NaN	 NaN	 NaN	 NaN	 84.2661	    1	 0.6400	 0	 2.788826e+03	 2.789517e+03	    2790.7594
2	 8	 1	 47	 1	    2	 10	 9	 1	 NaN	    1	 0	 1	 1	 5.2598	    -5.0546	 NaN	 NaN	 NaN	 NaN	    NaN	 NaN	 NaN	 NaN	 10.6105	    16.2242	 NaN	 NaN	 NaN	 NaN	    NaN	 NaN	 NaN	 NaN	 85.9914	    1	 0.6600	 0	 2.795944e+03	 2.796886e+03	    2798.6109
2	 8	 1	 48	 1	    1	 10	 9	 2	 NaN	    2	 2	 0	 2	 -7.0661	    3.8902	 -4.9848	 NaN	 NaN	 NaN	    NaN	 NaN	 NaN	 NaN	 6.4435	    19.4461	 19.2414	 NaN	 NaN	 NaN	    NaN	 NaN	 NaN	 NaN	 87.4417	    1	 0.6800	 0	 2.805154e+03	 2.806137e+03	    2807.5877
2	 8	 1	 49	 1	    1	 10	 9	 3	 NaN	    3	 7	 0	 7	 1.8636	    -6.2509	 2.8324	 -5.8343	 -1.6617	 7.1549	    6.5796	 -3.2598	 NaN	 NaN	 17.8936	    10.1736	 5.0439	 18.7457	 14.9790	 10.1427	    17.6311	 4.3548	 NaN	 NaN	 88.4335	    1	 0.7000	 0	 2.812222e+03	 2.812739e+03	    2813.7306
2	 8	 1	 50	 1	    1	 10	 9	 2	 NaN	    2	 8	 0	 8	 -4.4142	    -2.8212	 7.2501	 5.1851	 -6.6971	 1.2305	    0.3615	 -5.9781	 -6.7947	 NaN	 11.7399	    19.8945	 15.0329	 8.5063	 8.4134	 19.9395	    13.6847	 4.0757	 18.9941	 NaN	 92.6510	    1	 0.7200	 0	 2.821899e+03	 2.822549e+03	    2826.7665
2	 8	 1	 51	 1	    1	 10	 9	 4	 NaN	    4	 4	 0	 4	 5.7545	    -2.6469	 -3.9892	 6.1910	 -3.7609	 NaN	    NaN	 NaN	 NaN	 NaN	 14.5611	    17.3838	 11.7826	 7.2856	 4.4030	 NaN	    NaN	 NaN	 NaN	 NaN	 93.4678	    1	 0.7000	 1	 2.832084e+03	 2.832926e+03	    2833.7429
2	 8	 1	 52	 1	    1	 10	 9	 1	 NaN	    1	 1	 0	 1	 6.4240	    -3.7117	 NaN	 NaN	 NaN	 NaN	    NaN	 NaN	 NaN	 NaN	 4.0007	    16.1253	 NaN	 NaN	 NaN	 NaN	    NaN	 NaN	 NaN	 NaN	 95.1765	    1	 0.7200	 0	 2.838877e+03	 2.839611e+03	    2841.3194
2	 8	 1	 53	 1	    1	 10	 9	 3	 NaN	    3	 0	 0	 0	 -6.8645	    NaN	 NaN	 NaN	 NaN	 NaN	    NaN	 NaN	 NaN	 NaN	 13.9515	    NaN	 NaN	 NaN	 NaN	 NaN	    NaN	 NaN	 NaN	 NaN	 96.2517	    1	 0.7400	 0	 2.846254e+03	 2.846929e+03	    2848.0041
2	 8	 1	 54	 1	    1	 10	 9	 4	 NaN	    4	 6	 0	 6	 7.3629	    -5.3888	 -3.4444	 0.8778	 -7.8715	 2.4344	    -5.9400	 NaN	 NaN	 NaN	 8.8163	    5.4988	 13.4349	 14.4198	 17.7862	 5.5238	    10.1427	 NaN	 NaN	 NaN	 98.7355	    1	 0.7600	 0	 2.852638e+03	 2.853280e+03	    2855.7639
2	 8	 1	 55	 1	    2	 10	 9	 2	 NaN	    2	 0	 3	 3	 6.3308	    7.3741	 -2.8197	 -1.9330	 NaN	 NaN	    NaN	 NaN	 NaN	 NaN	 8.8500	    14.9193	 5.2988	 14.2627	 NaN	 NaN	    NaN	 NaN	 NaN	 NaN	 100.6276	    1	 0.7800	 0	 2.860515e+03	 2.861490e+03	    2863.3821
2	 8	 1	 56	 1	    2	 10	 9	 1	 NaN	    1	 0	 6	 6	 6.4708	    -3.1063	 -0.8402	 1.1507	 7.6405	 -6.7801	    -7.8910	 NaN	 NaN	 NaN	 15.4231	    16.7047	 4.3190	 18.3783	 6.2241	 9.3512	    15.6093	 NaN	 NaN	 NaN	 103.0864	    1	 0.8000	 0	 2.868033e+03	 2.868750e+03	    2871.2087
2	 8	 1	 57	 1	    2	 10	 9	 1	 NaN	    2	 0	 7	 7	 6.4279	    -7.6690	 1.4064	 -7.7465	 -3.3320	 2.4106	    5.2598	 -5.3680	 NaN	 NaN	 16.0687	    5.9618	 4.4030	 10.3838	 15.0117	 16.1321	    9.6888	 18.9859	 NaN	 NaN	 108.7875	    0	 0.7800	 0	 2.876085e+03	 2.876760e+03	    2882.4609
2	 8	 1	 58	 1	    1	 10	 9	 3	 NaN	    3	 1	 0	 1	 -4.6917	    5.5365	 NaN	 NaN	 NaN	 NaN	    NaN	 NaN	 NaN	 NaN	 7.0839	    16.6657	 NaN	 NaN	 NaN	 NaN	    NaN	 NaN	 NaN	 NaN	 109.9794	    1	 0.7600	 1	 2.887662e+03	 2.888262e+03	    2889.4540
2	 8	 1	 59	 1	    1	 10	 9	 1	 NaN	    1	 5	 0	 5	 -6.5606	    3.0583	 -5.4539	 4.7931	 -1.2500	 5.9015	    NaN	 NaN	 NaN	 NaN	 9.7741	    18.5898	 16.7458	 8.8293	 16.2084	 4.2138	    NaN	 NaN	 NaN	 NaN	 113.0883	    1	 0.7800	 0	 2.894930e+03	 2.895480e+03	    2898.5891
2	 8	 1	 60	 1	    1	 10	 9	 4	 NaN	    4	 2	 0	 2	 0.3734	    -2.7956	 -6.4617	 NaN	 NaN	 NaN	    NaN	 NaN	 NaN	 NaN	 5.1858	    14.1409	 7.2788	 NaN	 NaN	 NaN	    NaN	 NaN	 NaN	 NaN	 114.2885	    1	 0.8000	 0	 2.903473e+03	 2.904457e+03	    2905.6572
2	 8	 1	 61	 1	    1	 10	 9	 4	 NaN	    4	 3	 0	 3	 -2.3450	    -3.8085	 4.5979	 7.1951	 NaN	 NaN	    NaN	 NaN	 NaN	 NaN	 4.0007	    12.3531	 9.6393	 16.8624	 NaN	 NaN	    NaN	 NaN	 NaN	 NaN	 116.0889	    1	 0.7800	 1	 2.910375e+03	 2.910908e+03	    2912.7086
2	 8	 1	 62	 1	    1	 10	 9	 1	 NaN	    2	 8	 0	 8	 6.7267	    1.2302	 -7.0661	 5.2598	 -5.5305	 -3.3019	    7.2632	 -1.8875	 1.2212	 NaN	 6.4239	    19.6804	 10.1251	 11.2125	 18.4096	 14.8702	    16.5582	 4.5777	 14.0829	 NaN	 118.8392	    0	 0.7600	 0	 2.918952e+03	 2.919602e+03	    2922.3521
2	 8	 1	 63	 1	    2	 10	 9	 3	 NaN	    4	 0	 5	 5	 -0.0155	    2.0788	 7.7500	 -5.4047	 -5.3236	 7.0893	    NaN	 NaN	 NaN	 NaN	 4.1802	    13.3082	 19.0591	 10.6006	 15.8337	 5.3872	    NaN	 NaN	 NaN	 NaN	 120.1727	    0	 0.7400	 0	 2.930220e+03	 2.930987e+03	    2932.3208
2	 8	 1	 64	 1	    1	 10	 9	 4	 NaN	    4	 0	 0	 0	 7.9565	    NaN	 NaN	 NaN	 NaN	 NaN	    NaN	 NaN	 NaN	 NaN	 12.1072	    NaN	 NaN	 NaN	 NaN	 NaN	    NaN	 NaN	 NaN	 NaN	 121.4146	    1	 0.7600	 0	 2.937530e+03	 2.938505e+03	    2939.7473
2	 8	 1	 65	 1	    2	 10	 9	 1	 NaN	    1	 0	 4	 4	 2.5923	    6.4408	 -4.7045	 -7.7817	 6.0642	 NaN	    NaN	 NaN	 NaN	 NaN	 5.7677	    9.1147	 14.1678	 18.3496	 14.3767	 NaN	    NaN	 NaN	 NaN	 NaN	 123.4984	    1	 0.7800	 0	 2.945157e+03	 2.945823e+03	    2947.9072
2	 8	 1	 66	 1	    2	 10	 9	 3	 NaN	    4	 0	 0	 0	 0.2144	    NaN	 NaN	 NaN	 NaN	 NaN	    NaN	 NaN	 NaN	 NaN	 19.2414	    NaN	 NaN	 NaN	 NaN	 NaN	    NaN	 NaN	 NaN	 NaN	 124.4486	    0	 0.7600	 0	 2.953225e+03	 2.953758e+03	    2954.7086
2	 8	 1	 67	 1	    2	 10	 9	 3	 NaN	    3	 0	 1	 1	 3.5385	    -0.5159	 NaN	 NaN	 NaN	 NaN	    NaN	 NaN	 NaN	 NaN	 18.0466	    4.7424	 NaN	 NaN	 NaN	 NaN	    NaN	 NaN	 NaN	 NaN	 125.3321	    1	 0.7800	 0	 2.959393e+03	 2.960168e+03	    2961.0515
2	 8	 1	 68	 1	    2	 10	 9	 4	 NaN	    4	 0	 2	 2	 5.3049	    -6.8056	 -0.6928	 NaN	 NaN	 NaN	    NaN	 NaN	 NaN	 NaN	 13.4551	    6.7961	 5.1124	 NaN	 NaN	 NaN	    NaN	 NaN	 NaN	 NaN	 126.8074	    1	 0.8000	 0	 2.965819e+03	 2.966711e+03	    2968.1863
2	 8	 1	 69	 1	    1	 10	 9	 2	 NaN	    2	 7	 0	 7	 0.6092	    -5.9260	 4.7190	 3.8617	 -7.5811	 -2.7956	    7.4558	 -0.2873	 NaN	 NaN	 5.3108	    10.1251	 19.0105	 12.0153	 4.3906	 14.9944	    5.2729	 19.2414	 NaN	 NaN	 130.0497	    1	 0.8200	 0	 2.973196e+03	 2.974071e+03	    2977.3131
2	 8	 1	 70	 1	    1	 10	 9	 4	 NaN	    4	 6	 0	 6	 -5.4047	    -5.1663	 6.0417	 4.1773	 -7.9797	 7.6294	    -1.1293	 NaN	 NaN	 NaN	 16.5886	    11.7399	 10.1736	 15.6599	 4.3190	 18.8760	    17.8778	 NaN	 NaN	 NaN	 132.7252	    1	 0.8400	 0	 2.982406e+03	 2.982914e+03	    2985.5897
2	 8	 1	 71	 1	    2	 10	 9	 2	 NaN	    2	 0	 8	 8	 4.1491	    -3.1172	 -7.9797	 -6.7511	 5.2043	 -6.7801	    0.5272	 6.4240	 -0.4911	 NaN	 17.0231	    12.1032	 9.6381	 14.8702	 6.0304	 4.1802	    4.6431	 13.1689	 19.9841	 NaN	 136.3676	    1	 0.8600	 0	 2.990557e+03	 2.991283e+03	    2994.9249
2	 8	 1	 72	 1	    1	 10	 9	 4	 NaN	    4	 4	 0	 4	 -4.7504	    1.4335	 4.0629	 -6.9718	 -6.0808	 NaN	    NaN	 NaN	 NaN	 NaN	 14.4542	    5.0183	 13.1881	 7.0596	 19.4240	 NaN	    NaN	 NaN	 NaN	 NaN	 138.6764	    1	 0.8800	 0	 2.999951e+03	 3.000884e+03	    3003.1932
2	 8	 1	 73	 1	    1	 10	 9	 2	 NaN	    2	 5	 0	 5	 -2.6971	    -2.7069	 1.7113	 6.6427	 -4.2482	 4.1465	    NaN	 NaN	 NaN	 NaN	 16.7568	    5.8999	 4.7979	 18.3643	 9.9276	 13.7840	    NaN	 NaN	 NaN	 NaN	 141.1018	    1	 0.9000	 0	 3.007944e+03	 3.008628e+03	    3011.0531
2	 8	 1	 74	 1	    2	 10	 9	 2	 NaN	    2	 0	 1	 1	 -4.9296	    7.5191	 NaN	 NaN	 NaN	 NaN	    NaN	 NaN	 NaN	 NaN	 5.6440	    18.6537	 NaN	 NaN	 NaN	 NaN	    NaN	 NaN	 NaN	 NaN	 142.7938	    1	 0.8800	 1	 3.016087e+03	 3.016838e+03	    3018.5296
2	 8	 1	 75	 1	    2	 10	 9	 3	 NaN	    3	 0	 0	 0	 7.2632	    NaN	 NaN	 NaN	 NaN	 NaN	    NaN	 NaN	 NaN	 NaN	 10.1427	    NaN	 NaN	 NaN	 NaN	 NaN	    NaN	 NaN	 NaN	 NaN	 143.7440	    1	 0.9000	 0	 3.023939e+03	 3.024664e+03	    3025.6143
2	 8	 1	 76	 1	    1	 10	 9	 1	 NaN	    1	 7	 0	 7	 4.6547	    -7.9059	 2.0537	 -4.7265	 7.9659	 -7.9390	    -5.9400	 7.6092	 NaN	 NaN	 9.0301	    9.3464	 16.6593	 13.1564	 13.5451	 5.2988	    18.9859	 6.2887	 NaN	 NaN	 147.4114	    1	 0.9200	 0	 3.030465e+03	 3.031107e+03	    3034.7745
2	 8	 1	 77	 1	    2	 10	 9	 3	 NaN	    3	 0	 3	 3	 5.0120	    -6.1620	 5.9861	 -6.6459	 NaN	 NaN	    NaN	 NaN	 NaN	 NaN	 14.8983	    7.9812	 10.9610	 17.3751	 NaN	 NaN	    NaN	 NaN	 NaN	 NaN	 149.6035	    1	 0.9400	 0	 3.039792e+03	 3.040417e+03	    3042.6094
2	 8	 1	 78	 1	    2	 10	 9	 4	 NaN	    4	 0	 6	 6	 -3.2219	    0.5941	 -4.9650	 6.4408	 6.8272	 -2.6129	    2.2636	 NaN	 NaN	 NaN	 4.9151	    18.4047	 10.1640	 10.6105	 16.5886	 15.0483	    4.9952	 NaN	 NaN	 NaN	 151.0121	    1	 0.9600	 0	 3.047760e+03	 3.048619e+03	    3050.0275
2	 8	 1	 79	 1	    1	 10	 9	 1	 NaN	    1	 2	 0	 2	 5.9861	    -7.4472	 4.5979	 NaN	 NaN	 NaN	    NaN	 NaN	 NaN	 NaN	 16.5888	    11.2935	 7.5641	 NaN	 NaN	 NaN	    NaN	 NaN	 NaN	 NaN	 152.2373	    1	 0.9800	 0	 3.055254e+03	 3.056120e+03	    3057.3456
2	 8	 1	 80	 1	    2	 10	 9	 3	 NaN	    4	 0	 7	 7	 -4.9650	    4.7190	 -0.8089	 -4.7265	 -3.4927	 4.4983	    5.7922	 7.8973	 NaN	 NaN	 7.8131	    6.1685	 5.3090	 15.2689	 19.6855	 14.8702	    18.6828	 11.8112	 NaN	 NaN	 154.4877	    0	 0.9600	 0	 3.062163e+03	 3.062847e+03	    3065.0972
2	 8	 1	 81	 1	    1	 10	 9	 2	 NaN	    2	 6	 0	 6	 -6.3333	    -3.4170	 -7.0432	 7.2501	 7.6092	 0.6007	    4.0307	 NaN	 NaN	 NaN	 18.7565	    13.1375	 5.2798	 11.8183	 16.1253	 5.1510	    18.4096	 NaN	 NaN	 NaN	 157.3299	    1	 0.9800	 0	 3.070248e+03	 3.071082e+03	    3073.9239
2	 8	 1	 82	 1	    1	 10	 9	 1	 NaN	    1	 1	 0	 1	 -6.8627	    5.9015	 NaN	 NaN	 NaN	 NaN	    NaN	 NaN	 NaN	 NaN	 16.7480	    9.3464	 NaN	 NaN	 NaN	 NaN	    NaN	 NaN	 NaN	 NaN	 158.5051	    1	 1.0000	 0	 3.079717e+03	 3.080384e+03	    3081.5588
2	 8	 1	 83	 1	    1	 10	 9	 3	 NaN	    3	 8	 0	 8	 -5.4778	    4.2923	 -2.8129	 7.0733	 -4.7543	 -6.8119	    7.2187	 6.0065	 2.2425	 NaN	 4.1096	    10.9359	 16.9684	 6.7529	 8.8500	 19.9973	    13.7869	 19.6643	 16.1253	 NaN	 162.0642	    1	 1.0200	 0	 3.086376e+03	 3.087043e+03	    3090.6023
2	 8	 1	 84	 1	    2	 10	 9	 4	 NaN	    4	 0	 4	 4	 7.4908	    -3.3200	 -6.1620	 6.6047	 0.6367	 NaN	    NaN	 NaN	 NaN	 NaN	 12.1895	    15.2689	 8.8293	 6.6388	 4.3906	 NaN	    NaN	 NaN	 NaN	 NaN	 163.0560	    1	 1.0400	 0	 3.096187e+03	 3.097020e+03	    3098.0121
2	 8	 1	 85	 1	    2	 10	 9	 4	 NaN	    4	 0	 8	 8	 -6.4437	    4.1773	 3.1749	 7.4558	 -5.9777	 3.1333	    -3.4927	 -5.8463	 7.7713	 NaN	 10.5389	    11.3277	 4.0072	 16.4938	 18.2340	 16.5062	    13.5451	 4.8268	 7.8256	 NaN	 165.0314	    1	 1.0600	 0	 3.102913e+03	 3.103521e+03	    3105.4969
2	 8	 1	 86	 1	    1	 10	 9	 4	 NaN	    4	 4	 0	 4	 6.2266	    -4.1454	 -0.9867	 5.4988	 -3.1378	 NaN	    NaN	 NaN	 NaN	 NaN	 6.7835	    5.3221	 13.8359	 14.1348	 19.6221	 NaN	    NaN	 NaN	 NaN	 NaN	 167.9402	    1	 1.0800	 0	 3.110206e+03	 3.110823e+03	    3113.7318
2	 8	 1	 87	 1	    1	 10	 9	 3	 NaN	    3	 0	 0	 0	 7.0733	    NaN	 NaN	 NaN	 NaN	 NaN	    NaN	 NaN	 NaN	 NaN	 19.8375	    NaN	 NaN	 NaN	 NaN	 NaN	    NaN	 NaN	 NaN	 NaN	 168.8821	    1	 1.1000	 0	 3.121525e+03	 3.122400e+03	    3123.3421
2	 8	 1	 88	 1	    2	 10	 9	 1	 NaN	    1	 0	 2	 2	 5.7490	    -3.2260	 -5.5537	 NaN	 NaN	 NaN	    NaN	 NaN	 NaN	 NaN	 4.1232	    15.4497	 7.5919	 NaN	 NaN	 NaN	    NaN	 NaN	 NaN	 NaN	 170.3741	    1	 1.1200	 0	 3.128735e+03	 3.129243e+03	    3130.7352
2	 8	 1	 89	 1	    1	 10	 9	 3	 NaN	    3	 3	 0	 3	 2.4670	    -5.4728	 -4.9848	 7.1098	 NaN	 NaN	    NaN	 NaN	 NaN	 NaN	 16.6657	    16.9026	 4.7794	 8.6265	 NaN	 NaN	    NaN	 NaN	 NaN	 NaN	 171.5076	    1	 1.1400	 0	 3.136045e+03	 3.136620e+03	    3137.7533
2	 8	 1	 90	 1	    2	 10	 9	 4	 NaN	    4	 0	 5	 5	 -3.2476	    -7.4419	 2.7875	 6.8925	 -7.1823	 3.6838	    NaN	 NaN	 NaN	 NaN	 7.0957	    13.4323	 19.6043	 10.6737	 18.7457	 4.4579	    NaN	 NaN	 NaN	 NaN	 172.3828	    1	 1.1600	 0	 3.142646e+03	 3.143538e+03	    3144.4129
2	 8	 1	 91	 1	    2	 10	 9	 3	 NaN	    3	 0	 1	 1	 5.2905	    -2.8883	 NaN	 NaN	 NaN	 NaN	    NaN	 NaN	 NaN	 NaN	 7.9537	    12.6655	 NaN	 NaN	 NaN	 NaN	    NaN	 NaN	 NaN	 NaN	 173.7164	    1	 1.1800	 0	 3.149106e+03	 3.149922e+03	    3151.2560
2	 8	 1	 92	 1	    2	 10	 9	 1	 NaN	    1	 0	 5	 5	 1.2212	    -6.0428	 6.7267	 -6.6375	 -1.3302	 7.2632	    NaN	 NaN	 NaN	 NaN	 19.0431	    16.5562	 8.0837	 9.7103	 4.1769	 19.2414	    NaN	 NaN	 NaN	 NaN	 176.7170	    1	 1.2000	 0	 3.156749e+03	 3.157366e+03	    3160.3661
2	 8	 1	 93	 1	    1	 10	 9	 1	 NaN	    1	 3	 0	 3	 -2.2820	    4.3546	 3.3559	 -4.7045	 NaN	 NaN	    NaN	 NaN	 NaN	 NaN	 17.1292	    12.0454	 7.1799	 7.0957	 NaN	 NaN	    NaN	 NaN	 NaN	 NaN	 177.8839	    1	 1.2200	 0	 3.165667e+03	 3.166359e+03	    3167.5259
2	 8	 1	 94	 1	    2	 10	 9	 2	 NaN	    2	 0	 0	 0	 1.8960	    NaN	 NaN	 NaN	 NaN	 NaN	    NaN	 NaN	 NaN	 NaN	 15.0483	    NaN	 NaN	 NaN	 NaN	 NaN	    NaN	 NaN	 NaN	 NaN	 179.3091	    1	 1.2400	 0	 3.176019e+03	 3.176794e+03	    3178.2196
2	 8	 1	 95	 1	    1	 10	 9	 3	 NaN	    3	 0	 0	 0	 7.5083	    NaN	 NaN	 NaN	 NaN	 NaN	    NaN	 NaN	 NaN	 NaN	 5.0183	    NaN	 NaN	 NaN	 NaN	 NaN	    NaN	 NaN	 NaN	 NaN	 180.1009	    1	 1.2600	 0	 3.185638e+03	 3.186371e+03	    3187.1631
2	 8	 1	 96	 1	    1	 10	 9	 3	 NaN	    3	 5	 0	 5	 5.1851	    2.3149	 7.5863	 -6.9691	 -2.9058	 -3.7117	    NaN	 NaN	 NaN	 NaN	 5.3872	    15.4649	 19.0113	 8.9455	 5.2725	 13.3172	    NaN	 NaN	 NaN	 NaN	 182.1180	    1	 1.2800	 0	 3.191822e+03	 3.192614e+03	    3194.6313
2	 8	 1	 97	 1	    1	 10	 9	 4	 NaN	    4	 4	 0	 4	 -6.0284	    5.1851	 7.8928	 -6.6213	 -7.7027	 NaN	    NaN	 NaN	 NaN	 NaN	 18.9941	    19.0113	 4.8907	 5.1352	 14.1348	 NaN	    NaN	 NaN	 NaN	 NaN	 184.0184	    1	 1.3000	 0	 3.199541e+03	 3.200066e+03	    3201.9660
2	 8	 1	 98	 1	    2	 10	 9	 4	 NaN	    4	 0	 4	 4	 -5.0171	    7.0252	 6.2744	 -4.9848	 0.6007	 NaN	    NaN	 NaN	 NaN	 NaN	 15.6739	    6.0152	 14.4442	 4.5043	 19.5387	 NaN	    NaN	 NaN	 NaN	 NaN	 186.0021	    1	 1.3200	 0	 3.206767e+03	 3.207350e+03	    3209.3342
2	 8	 1	 99	 1	    2	 10	 9	 4	 NaN	    3	 0	 3	 3	 -5.3680	    4.7794	 -3.6147	 5.0988	 NaN	 NaN	    NaN	 NaN	 NaN	 NaN	 4.5456	    16.5888	 17.3195	 10.6741	 NaN	 NaN	    NaN	 NaN	 NaN	 NaN	 187.3940	    0	 1.3000	 0	 3.214369e+03	 3.215044e+03	    3216.4356
2	 8	 1	 100	 1	    1	 10	 9	 4	 NaN	    4	 6	 0	 6	 4.3309	    1.3709	 -6.4140	 -3.1942	 5.2043	 -6.9297	    0.4577	 NaN	 NaN	 NaN	 10.5280	    4.3879	 12.0454	 4.3487	 19.8375	 16.9700	    13.6042	 NaN	 NaN	 NaN	 189.1693	    1	 1.3200	 0	 3.221145e+03	 3.222003e+03	    3223.7787
2	 8	 1	 101	 1	    2	 10	 9	 4	 NaN	    4	 0	 8	 8	 -4.2828	    6.5714	 -6.2778	 1.7026	 -5.6205	 3.1333	    -3.2812	 6.2498	 7.9565	 NaN	 5.4988	    4.0315	 9.4327	 15.6093	 18.8760	 6.4487	    12.8646	 18.4096	 10.3958	 NaN	 192.8117	    1	 1.3400	 0	 3.228513e+03	 3.229205e+03	    3232.8472
2	 8	 1	 102	 1	    1	 10	 9	 1	 NaN	    1	 7	 0	 7	 -6.4797	    -5.5537	 4.3261	 7.8690	 -4.9560	 1.3698	    1.7113	 -2.2302	 NaN	 NaN	 16.9663	    5.2966	 14.9944	 7.6757	 11.4233	 4.1232	    18.4882	 15.2378	 NaN	 NaN	 195.9289	    1	 1.3600	 0	 3.237540e+03	 3.238407e+03	    3241.5239
2	 8	 1	 103	 1	    1	 10	 9	 4	 NaN	    4	 1	 0	 1	 5.0988	    -4.4733	 NaN	 NaN	 NaN	 NaN	    NaN	 NaN	 NaN	 NaN	 9.2156	    12.5306	 NaN	 NaN	 NaN	 NaN	    NaN	 NaN	 NaN	 NaN	 197.2542	    1	 1.3800	 0	 3.246433e+03	 3.247075e+03	    3248.4003
2	 8	 1	 104	 1	    2	 10	 9	 1	 NaN	    1	 0	 7	 7	 5.8330	    -4.0468	 2.5108	 -4.5552	 7.0252	 3.2148	    -4.6917	 -7.9059	 NaN	 NaN	 17.4007	    16.2220	 5.5238	 11.2711	 7.7572	 12.7280	    4.1015	 19.5907	 NaN	 NaN	 200.4298	    1	 1.4000	 0	 3.253110e+03	 3.254043e+03	    3257.2187
2	 8	 1	 105	 1	    2	 10	 9	 2	 NaN	    1	 0	 2	 2	 -6.0808	    2.8470	 2.2651	 NaN	 NaN	 NaN	    NaN	 NaN	 NaN	 NaN	 5.6436	    17.3899	 12.9812	 NaN	 NaN	 NaN	    NaN	 NaN	 NaN	 NaN	 201.8301	    0	 1.3800	 0	 3.262020e+03	 3.262936e+03	    3264.3368
2	 8	 1	 106	 1	    1	 10	 9	 3	 NaN	    3	 8	 0	 8	 7.1282	    0.6367	 -6.8872	 -4.4213	 0.3615	 -2.2892	    5.4944	 -7.9059	 -3.4114	 NaN	 14.2546	    18.2521	 9.0779	 15.0496	 13.8872	 4.5003	    7.3741	 4.4579	 19.5990	 NaN	 204.9891	    1	 1.4000	 0	 3.270330e+03	 3.271188e+03	    3274.3471
2	 8	 1	 107	 1	    2	 10	 9	 1	 NaN	    2	 0	 6	 6	 7.6749	    -5.3689	 -5.6248	 2.2591	 -0.2566	 6.0632	    -0.5952	 NaN	 NaN	 NaN	 9.1916	    7.3363	 17.2572	 18.6763	 15.0496	 4.4030	    4.0718	 NaN	 NaN	 NaN	 206.3393	    0	 1.3800	 0	 3.279440e+03	 3.280007e+03	    3281.3568
2	 8	 1	 108	 1	    1	 10	 9	 4	 NaN	    4	 2	 0	 2	 7.5134	    -3.7261	 -7.4997	 NaN	 NaN	 NaN	    NaN	 NaN	 NaN	 NaN	 10.6006	    16.9265	 18.7766	 NaN	 NaN	 NaN	    NaN	 NaN	 NaN	 NaN	 207.8479	    1	 1.4000	 0	 3.286074e+03	 3.287041e+03	    3288.5499
2	 8	 1	 109	 1	    2	 10	 9	 4	 NaN	    4	 0	 7	 7	 4.7687	    1.1017	 -4.1146	 -0.2029	 -4.3146	 4.0673	    5.9015	 -4.7445	 NaN	 NaN	 15.8337	    14.0882	 16.7568	 19.5964	 11.8417	 5.1124	    10.6105	 6.5597	 NaN	 NaN	 208.9231	    1	 1.4200	 0	 3.294985e+03	 3.295943e+03	    3297.0183
2	 8	 1	 110	 1	    1	 10	 9	 1	 NaN	    1	 1	 0	 1	 0.9001	    -7.7027	 NaN	 NaN	 NaN	 NaN	    NaN	 NaN	 NaN	 NaN	 18.6113	    8.4092	 NaN	 NaN	 NaN	 NaN	    NaN	 NaN	 NaN	 NaN	 209.9900	    1	 1.4400	 0	 3.301928e+03	 3.302786e+03	    3303.8530
2	 8	 1	 111	 1	    1	 10	 9	 4	 NaN	    4	 7	 0	 7	 0.9001	    4.2244	 -3.5600	 6.3180	 0.5039	 -6.7716	    -4.0468	 -7.8910	 NaN	 NaN	 17.2414	    14.9801	 17.1747	 7.8358	 4.5909	 11.7399	    6.8476	 17.8825	 NaN	 NaN	 212.3404	    1	 1.4600	 0	 3.308462e+03	 3.309046e+03	    3311.3961
2	 8	 1	 112	 1	    2	 10	 9	 3	 NaN	    4	 0	 0	 0	 3.9638	    NaN	 NaN	 NaN	 NaN	 NaN	    NaN	 NaN	 NaN	 NaN	 7.8942	    NaN	 NaN	 NaN	 NaN	 NaN	    NaN	 NaN	 NaN	 NaN	 213.1739	    0	 1.4400	 0	 3.318548e+03	 3.319364e+03	    3320.1979
2	 8	 1	 113	 1	    2	 10	 9	 3	 NaN	    3	 0	 8	 8	 6.5568	    -6.0103	 0.3451	 -3.9506	 -6.7906	 5.7159	    -3.1841	 2.5923	 1.1017	 NaN	 7.4391	    16.7568	 18.5315	 5.2490	 11.4991	 16.1253	    13.8872	 4.0747	 14.0461	 NaN	 215.2160	    1	 1.4600	 0	 3.325082e+03	 3.325699e+03	    3327.7410
2	 8	 1	 114	 1	    1	 10	 9	 4	 NaN	    4	 3	 0	 3	 -3.1101	    -4.7543	 2.8779	 1.0419	 NaN	 NaN	    NaN	 NaN	 NaN	 NaN	 19.9985	    4.7886	 17.1541	 4.6190	 NaN	 NaN	    NaN	 NaN	 NaN	 NaN	 216.0995	    1	 1.4800	 0	 3.332384e+03	 3.333375e+03	    3334.2590
2	 8	 1	 115	 1	    1	 10	 9	 4	 NaN	    4	 0	 0	 0	 1.2190	    NaN	 NaN	 NaN	 NaN	 NaN	    NaN	 NaN	 NaN	 NaN	 14.9801	    NaN	 NaN	 NaN	 NaN	 NaN	    NaN	 NaN	 NaN	 NaN	 217.1330	    1	 1.5000	 0	 3.339368e+03	 3.340194e+03	    3341.2271
2	 8	 1	 116	 1	    2	 10	 9	 1	 NaN	    1	 0	 2	 2	 -2.5405	    0.7029	 7.0195	 NaN	 NaN	 NaN	    NaN	 NaN	 NaN	 NaN	 5.9815	    16.6363	 4.3190	 NaN	 NaN	 NaN	    NaN	 NaN	 NaN	 NaN	 218.3748	    1	 1.5200	 0	 3.345845e+03	 3.346837e+03	    3348.0784
2	 8	 1	 117	 1	    1	 10	 9	 2	 NaN	    2	 4	 0	 4	 5.2613	    6.8297	 -7.3076	 -5.4739	 -0.2773	 NaN	    NaN	 NaN	 NaN	 NaN	 9.0585	    17.1035	 12.2894	 4.9151	 16.5984	 NaN	    NaN	 NaN	 NaN	 NaN	 220.6585	    1	 1.5400	 0	 3.352896e+03	 3.353463e+03	    3355.7466
2	 8	 1	 118	 1	    1	 10	 9	 1	 NaN	    1	 6	 0	 6	 6.5773	    -0.4132	 4.5009	 6.3180	 -4.6712	 -5.1423	    -3.9789	 NaN	 NaN	 NaN	 5.7737	    17.4905	 11.6999	 19.4240	 18.9859	 8.6185	    14.1678	 NaN	 NaN	 NaN	 223.9175	    1	 1.5600	 0	 3.360389e+03	 3.360998e+03	    3364.2566
2	 8	 1	 119	 1	    1	 10	 9	 1	 NaN	    1	 2	 0	 2	 3.7831	    -4.2788	 -0.0538	 NaN	 NaN	 NaN	    NaN	 NaN	 NaN	 NaN	 7.2088	    14.4542	 18.2157	 NaN	 NaN	 NaN	    NaN	 NaN	 NaN	 NaN	 225.7011	    1	 1.5800	 0	 3.368849e+03	 3.369533e+03	    3371.3163
2	 8	 1	 120	 1	    1	 10	 9	 1	 NaN	    1	 5	 0	 5	 7.6883	    6.1308	 -2.2892	 -5.5305	 4.3675	 -6.5771	    NaN	 NaN	 NaN	 NaN	 4.3548	    18.0885	 4.9547	 11.2088	 14.1409	 19.0169	    NaN	 NaN	 NaN	 NaN	 228.7851	    1	 1.6000	 0	 3.375934e+03	 3.376526e+03	    3379.6097
2	 8	 1	 121	 1	    2	 10	 9	 2	 NaN	    2	 0	 5	 5	 4.1491	    -5.5413	 4.5009	 1.3158	 -4.2581	 -2.2802	    NaN	 NaN	 NaN	 NaN	 13.0772	    16.5984	 4.1232	 17.8825	 9.2156	 4.1769	    NaN	 NaN	 NaN	 NaN	 230.3187	    1	 1.6200	 0	 3.384502e+03	 3.385269e+03	    3386.8028
2	 8	 1	 122	 1	    2	 10	 9	 4	 NaN	    4	 0	 4	 4	 5.8156	    -5.9781	 1.8406	 -2.2213	 -7.6690	 NaN	    NaN	 NaN	 NaN	 NaN	 8.0170	    7.9854	 13.2197	 17.3838	 12.1992	 NaN	    NaN	 NaN	 NaN	 NaN	 232.6025	    1	 1.6400	 0	 3.391329e+03	 3.392179e+03	    3394.4626
2	 8	 1	 123	 1	    1	 10	 9	 3	 NaN	    3	 8	 0	 8	 6.5796	    4.0712	 6.9290	 2.4443	 -1.8467	 -4.5496	    -4.9458	 -6.6161	 -0.0024	 NaN	 15.7465	    5.8332	 9.7103	 13.6277	 14.2158	 10.9722	    18.9790	 6.7587	 18.4047	 NaN	 235.9699	    1	 1.6600	 0	 3.402523e+03	 3.403373e+03	    3406.7400
2	 8	 1	 124	 1	    2	 10	 9	 3	 NaN	    3	 0	 3	 3	 -2.9799	    1.0612	 7.8496	 -3.1337	 NaN	 NaN	    NaN	 NaN	 NaN	 NaN	 5.5238	    18.5208	 9.4232	 13.4551	 NaN	 NaN	    NaN	 NaN	 NaN	 NaN	 237.4535	    1	 1.6800	 0	 3.413158e+03	 3.413875e+03	    3415.3584
2	 8	 1	 125	 1	    2	 10	 9	 3	 NaN	    4	 0	 1	 1	 -0.6745	    1.2302	 NaN	 NaN	 NaN	 NaN	    NaN	 NaN	 NaN	 NaN	 13.9774	    4.5708	 NaN	 NaN	 NaN	 NaN	    NaN	 NaN	 NaN	 NaN	 238.2120	    0	 1.6600	 0	 3.420034e+03	 3.421026e+03	    3421.7847
2	 8	 1	 126	 1	    2	 10	 9	 2	 NaN	    2	 0	 6	 6	 4.4069	    -5.1212	 -0.0965	 -7.4832	 4.8356	 7.4779	    -0.9238	 NaN	 NaN	 NaN	 11.5746	    18.5315	 18.9492	 4.1769	 6.1561	 15.6093	    4.0315	 NaN	 NaN	 NaN	 239.4705	    1	 1.6800	 0	 3.426694e+03	 3.427486e+03	    3428.7444
2	 8	 1	 127	 1	    2	 10	 9	 1	 NaN	    1	 0	 8	 8	 -2.8406	    -3.7503	 -5.9260	 -7.5811	 2.4670	 6.4279	    7.9720	 0.8778	 -7.4472	 NaN	 19.4240	    8.0347	 11.8417	 15.5655	 4.0718	 9.0536	    18.0765	 15.0483	 5.3108	 NaN	 241.6043	    1	 1.7000	 0	 3.433854e+03	 3.434421e+03	    3436.5543
2	 8	 1	 128	 1	    1	 10	 9	 1	 NaN	    1	 8	 0	 8	 -6.0664	    5.0120	 -6.8119	 4.2502	 3.9515	 -4.1433	    1.1675	 -7.8424	 7.2501	 NaN	 16.9265	    11.4375	 12.6655	 16.1321	 4.0812	 7.8134	    19.0194	 5.2729	 7.3887	 NaN	 243.8131	    1	 1.7200	 0	 3.441305e+03	 3.442055e+03	    3444.2642
2	 8	 1	 129	 1	    2	 10	 9	 1	 NaN	    1	 0	 1	 1	 6.5568	    -5.6744	 NaN	 NaN	 NaN	 NaN	    NaN	 NaN	 NaN	 NaN	 16.7047	    11.7299	 NaN	 NaN	 NaN	 NaN	    NaN	 NaN	 NaN	 NaN	 245.2800	    1	 1.7400	 0	 3.450515e+03	 3.451399e+03	    3452.8659
2	 8	 1	 130	 1	    2	 10	 9	 1	 NaN	    1	 0	 7	 7	 7.9565	    4.3390	 -2.8212	 3.6838	 -6.7369	 -0.9655	    4.8356	 -5.3689	 NaN	 NaN	 4.3906	    18.1508	 4.1802	 13.2197	 18.0885	 16.9195	    8.8590	 10.0770	 NaN	 NaN	 247.5138	    1	 1.7600	 0	 3.457475e+03	 3.457992e+03	    3460.2257
2	 8	 1	 131	 1	    1	 10	 9	 1	 NaN	    1	 6	 0	 6	 -7.1330	    -6.3167	 5.2613	 7.1951	 3.6231	 -2.4909	    2.8779	 NaN	 NaN	 NaN	 14.4735	    7.3772	 7.8780	 15.9118	 11.7299	 18.4742	    4.3879	 NaN	 NaN	 NaN	 248.8640	    1	 1.7800	 0	 3.464960e+03	 3.465643e+03	    3466.9937
2	 8	 1	 132	 1	    1	 10	 9	 1	 NaN	    1	 1	 0	 1	 6.7816	    -4.8970	 NaN	 NaN	 NaN	 NaN	    NaN	 NaN	 NaN	 NaN	 9.1916	    12.2348	 NaN	 NaN	 NaN	 NaN	    NaN	 NaN	 NaN	 NaN	 250.3726	    1	 1.8000	 0	 3.471628e+03	 3.472611e+03	    3474.1201
2	 8	 1	 133	 1	    1	 10	 9	 2	 NaN	    2	 5	 0	 5	 6.5714	    -1.7637	 -7.0224	 -4.9174	 1.2983	 3.2003	    NaN	 NaN	 NaN	 NaN	 13.9844	    5.2725	 15.5871	 10.8179	 19.1335	 6.0669	    NaN	 NaN	 NaN	 NaN	 251.6729	    1	 1.8200	 0	 3.479146e+03	 3.479971e+03	    3481.2715
2	 8	 1	 134	 1	    2	 10	 9	 3	 NaN	    3	 0	 2	 2	 5.6042	    -6.8872	 -5.7123	 NaN	 NaN	 NaN	    NaN	 NaN	 NaN	 NaN	 15.8205	    9.6587	 17.4905	 NaN	 NaN	 NaN	    NaN	 NaN	 NaN	 NaN	 253.0232	    1	 1.8400	 0	 3.485856e+03	 3.486406e+03	    3487.7562
2	 8	 1	 135	 1	    1	 10	 9	 1	 NaN	    1	 7	 0	 7	 -4.4213	    -0.9867	 5.5087	 -4.1489	 6.4408	 -6.8061	    0.6306	 1.5937	 NaN	 NaN	 16.7458	    19.8945	 14.8376	 5.4052	 6.4173	 9.3545	    4.1096	 16.2194	 NaN	 NaN	 256.0321	    1	 1.8600	 0	 3.492765e+03	 3.493291e+03	    3496.2995
2	 8	 1	 136	 1	    2	 10	 9	 3	 NaN	    3	 0	 4	 4	 6.7632	    -5.2573	 -3.2476	 6.8297	 -7.1954	 NaN	    NaN	 NaN	 NaN	 NaN	 17.8583	    8.4186	 19.8886	 7.5831	 16.4358	 NaN	    NaN	 NaN	 NaN	 NaN	 258.4409	    1	 1.8800	 0	 3.501367e+03	 3.502217e+03	    3504.6262
2	 8	 1	 137	 1	    2	 10	 9	 4	 NaN	    4	 0	 0	 0	 -6.5514	    NaN	 NaN	 NaN	 NaN	 NaN	    NaN	 NaN	 NaN	 NaN	 10.4340	    NaN	 NaN	 NaN	 NaN	 NaN	    NaN	 NaN	 NaN	 NaN	 259.3327	    1	 1.9000	 0	 3.509402e+03	 3.510027e+03	    3510.9191
2	 8	 1	 138	 1	    2	 10	 9	 1	 NaN	    2	 0	 3	 3	 1.5466	    -5.9781	 -6.7752	 4.7876	 NaN	 NaN	    NaN	 NaN	 NaN	 NaN	 14.1174	    10.8523	 14.9193	 6.6938	 NaN	 NaN	    NaN	 NaN	 NaN	 NaN	 260.5996	    0	 1.8800	 0	 3.515612e+03	 3.516195e+03	    3517.4620
2	 8	 1	 139	 1	    2	 10	 9	 2	 NaN	    1	 0	 6	 6	 4.5872	    7.3326	 -5.5305	 -3.7117	 5.3210	 -0.4532	    -4.7754	 NaN	 NaN	 NaN	 14.2627	    10.2365	 16.3462	 6.3278	 4.1769	 15.4497	    11.8820	 NaN	 NaN	 NaN	 262.6667	    0	 1.8600	 0	 3.522163e+03	 3.522671e+03	    3524.7385
2	 8	 1	 140	 1	    1	 10	 9	 1	 NaN	    1	 3	 0	 3	 7.6749	    -4.4643	 3.6596	 -6.1748	 NaN	 NaN	    NaN	 NaN	 NaN	 NaN	 13.7869	    15.8205	 6.0304	 7.3772	 NaN	 NaN	    NaN	 NaN	 NaN	 NaN	 263.7502	    1	 1.8800	 0	 3.529873e+03	 3.530565e+03	    3531.6482
2	 8	 1	 141	 1	    1	 10	 9	 1	 NaN	    1	 2	 0	 2	 -5.3510	    5.8156	 -5.4564	 NaN	 NaN	 NaN	    NaN	 NaN	 NaN	 NaN	 4.5043	    12.2857	 17.2414	 NaN	 NaN	 NaN	    NaN	 NaN	 NaN	 NaN	 265.6172	    1	 1.9000	 0	 3.537849e+03	 3.538666e+03	    3540.5333
2	 8	 1	 142	 1	    1	 10	 9	 1	 NaN	    1	 0	 0	 0	 -6.1138	    NaN	 NaN	 NaN	 NaN	 NaN	    NaN	 NaN	 NaN	 NaN	 8.2031	    NaN	 NaN	 NaN	 NaN	 NaN	    NaN	 NaN	 NaN	 NaN	 266.5424	    1	 1.9200	 0	 3.545376e+03	 3.546309e+03	    3547.2346
2	 8	 1	 143	 1	    1	 10	 9	 4	 NaN	    4	 4	 0	 4	 -5.1212	    5.5875	 3.8902	 -4.3242	 -6.9449	 NaN	    NaN	 NaN	 NaN	 NaN	 6.4116	    6.6938	 13.5295	 17.6311	 10.3958	 NaN	    NaN	 NaN	 NaN	 NaN	 268.9595	    1	 1.9400	 0	 3.552111e+03	 3.552752e+03	    3555.1695
2	 8	 1	 144	 1	    2	 10	 9	 3	 NaN	    4	 0	 5	 5	 -5.2321	    2.4106	 -7.0634	 7.1549	 -0.9883	 1.8406	    NaN	 NaN	 NaN	 NaN	 12.2842	    13.3966	 5.2837	 7.3275	 18.4742	 4.0747	    NaN	 NaN	 NaN	 NaN	 269.9430	    0	 1.9200	 0	 3.560029e+03	 3.560996e+03	    3561.9792
2	 8	 1	 145	 1	    2	 10	 9	 1	 NaN	    1	 0	 1	 1	 3.0757	    -4.8423	 NaN	 NaN	 NaN	 NaN	    NaN	 NaN	 NaN	 NaN	 6.6103	    17.6290	 NaN	 NaN	 NaN	 NaN	    NaN	 NaN	 NaN	 NaN	 271.5350	    1	 1.9400	 0	 3.569464e+03	 3.570298e+03	    3571.8896
2	 8	 1	 146	 1	    2	 10	 9	 4	 NaN	    4	 0	 7	 7	 -2.6469	    6.5796	 -6.6780	 0.8742	 -6.1971	 2.0537	    -0.5455	 5.3336	 NaN	 NaN	 4.4262	    6.3278	 10.2058	 15.5193	 18.7133	 6.0669	    19.9973	 13.1375	 NaN	 NaN	 273.7355	    1	 1.9600	 0	 3.576515e+03	 3.577166e+03	    3579.3660
2	 8	 1	 147	 1	    1	 10	 9	 4	 NaN	    4	 1	 0	 1	 -1.0011	    4.5587	 NaN	 NaN	 NaN	 NaN	    NaN	 NaN	 NaN	 NaN	 18.2340	    4.8268	 NaN	 NaN	 NaN	 NaN	    NaN	 NaN	 NaN	 NaN	 274.6773	    1	 1.9800	 0	 3.584000e+03	 3.584800e+03	    3585.7423
2	 8	 1	 148	 1	    1	 10	 9	 1	 NaN	    1	 6	 0	 6	 5.6867	    -1.0204	 6.9290	 4.2678	 -6.0284	 -7.4997	    -7.5920	 NaN	 NaN	 NaN	 17.4007	    19.2553	 11.9039	 7.9401	 7.2788	 12.6956	    18.2253	 NaN	 NaN	 NaN	 277.7864	    1	 2.0000	 0	 3.590502e+03	 3.591152e+03	    3594.2607
2	 8	 1	 149	 1	    1	 10	 9	 3	 NaN	    3	 5	 0	 5	 -3.6370	    -5.2573	 -1.2541	 7.8965	 7.9660	 1.0676	    NaN	 NaN	 NaN	 NaN	 15.1499	    9.9153	 19.2143	 19.5907	 5.2988	 5.6436	    NaN	 NaN	 NaN	 NaN	 278.9032	    1	 2.0200	 0	 3.599037e+03	 3.599912e+03	    3601.0286
2	 8	 1	 150	 1	    2	 10	 9	 3	 NaN	    3	 0	 5	 5	 -5.5305	    -0.8078	 6.0065	 -1.1679	 7.8702	 6.7267	    NaN	 NaN	 NaN	 NaN	 13.5295	    18.0767	 11.7396	 4.3906	 7.3899	 18.2756	    NaN	 NaN	 NaN	 NaN	 281.0370	    1	 2.0400	 0	 3.605838e+03	 3.606363e+03	    3608.4968
2	 8	 1	 151	 1	    2	 10	 9	 1	 NaN	    1	 0	 0	 0	 1.8777	    NaN	 NaN	 NaN	 NaN	 NaN	    NaN	 NaN	 NaN	 NaN	 16.0312	    NaN	 NaN	 NaN	 NaN	 NaN	    NaN	 NaN	 NaN	 NaN	 282.4456	    1	 2.0600	 0	 3.613148e+03	 3.614098e+03	    3615.5065
2	 8	 1	 152	 1	    1	 10	 9	 1	 NaN	    1	 2	 0	 2	 -5.9781	    7.4558	 -3.4858	 NaN	 NaN	 NaN	    NaN	 NaN	 NaN	 NaN	 4.8907	    15.7310	 13.9774	 NaN	 NaN	 NaN	    NaN	 NaN	 NaN	 NaN	 283.8375	    1	 2.0800	 0	 3.620333e+03	 3.620849e+03	    3622.2412
2	 8	 1	 153	 1	    1	 10	 9	 1	 NaN	    1	 3	 0	 3	 -0.0024	    7.1536	 -7.4424	 7.8928	 NaN	 NaN	    NaN	 NaN	 NaN	 NaN	 4.6190	    14.0399	 18.8274	 8.0733	 NaN	 NaN	    NaN	 NaN	 NaN	 NaN	 285.0961	    1	 2.1000	 0	 3.627659e+03	 3.628359e+03	    3629.6177
2	 8	 1	 154	 1	    1	 10	 9	 4	 NaN	    4	 7	 0	 7	 -3.7609	    2.3821	 -7.1954	 6.4979	 2.8024	 2.7623	    -5.6827	 -6.8627	 NaN	 NaN	 8.0837	    14.7532	 6.0152	 6.5408	 19.5907	 4.5003	    12.1032	 17.4186	 NaN	 NaN	 287.5549	    1	 2.1200	 0	 3.634310e+03	 3.635119e+03	    3637.5776
2	 8	 1	 155	 1	    1	 10	 9	 3	 NaN	    3	 0	 0	 0	 -6.4640	    NaN	 NaN	 NaN	 NaN	 NaN	    NaN	 NaN	 NaN	 NaN	 4.3028	    NaN	 NaN	 NaN	 NaN	 NaN	    NaN	 NaN	 NaN	 NaN	 288.3134	    1	 2.1400	 0	 3.644646e+03	 3.645362e+03	    3646.1210
2	 8	 1	 156	 1	    2	 10	 9	 1	 NaN	    1	 0	 4	 4	 7.7500	    -2.3450	 0.8742	 -1.1640	 -5.4679	 NaN	    NaN	 NaN	 NaN	 NaN	 8.3752	    5.2837	 18.8274	 14.1590	 13.0772	 NaN	    NaN	 NaN	 NaN	 NaN	 290.4471	    1	 2.1600	 0	 3.650797e+03	 3.651755e+03	    3653.8892
2	 8	 1	 157	 1	    2	 10	 9	 3	 NaN	    3	 0	 6	 6	 6.5773	    5.7545	 -0.3664	 -7.5632	 -5.3680	 2.2170	    -3.1942	 NaN	 NaN	 NaN	 11.8491	    17.5809	 15.1499	 14.0150	 7.9812	 4.3028	    19.8375	 NaN	 NaN	 NaN	 292.5142	    1	 2.1800	 0	 3.658748e+03	 3.659415e+03	    3661.4823
2	 8	 1	 158	 1	    2	 10	 9	 2	 NaN	    2	 0	 3	 3	 -7.1330	    3.4475	 7.7500	 -6.5514	 NaN	 NaN	    NaN	 NaN	 NaN	 NaN	 5.5238	    6.6313	 18.9443	 19.0431	 NaN	 NaN	    NaN	 NaN	 NaN	 NaN	 294.6146	    1	 2.2000	 0	 3.666200e+03	 3.666775e+03	    3668.8755
2	 8	 1	 159	 1	    2	 10	 9	 2	 NaN	    1	 0	 8	 8	 0.5039	    -3.4170	 -5.4728	 -7.5111	 2.8313	 4.0343	    -5.8463	 7.2501	 7.3741	 NaN	 17.3819	    11.6627	 6.8476	 12.5817	 4.9547	 9.1730	    16.2832	 19.9395	 12.9063	 NaN	 297.7236	    0	 2.1800	 0	 3.674702e+03	 3.675352e+03	    3678.4607
2	 8	 1	 160	 1	    1	 10	 9	 3	 NaN	    3	 8	 0	 8	 1.0612	    -5.3680	 4.3309	 -6.2778	 -7.7352	 2.0076	    7.9777	 -3.0443	 6.8563	 NaN	 4.0315	    14.5397	 9.1147	 10.0770	 18.3872	 16.5886	    17.1292	 4.0007	 6.0126	 NaN	 302.0994	    1	 2.2000	 0	 3.683462e+03	 3.684304e+03	    3688.6794
2	 8	 1	 161	 1	    1	 10	 9	 3	 NaN	    3	 4	 0	 4	 -7.4419	    4.2244	 -2.5683	 1.8128	 6.5796	 NaN	    NaN	 NaN	 NaN	 NaN	 8.1967	    4.9706	 15.2853	 13.4740	 16.5886	 NaN	    NaN	 NaN	 NaN	 NaN	 304.3832	    1	 2.2200	 0	 3.693414e+03	 3.694222e+03	    3696.5060
2	 8	 1	 162	 1	    2	 10	 9	 2	 NaN	    1	 0	 2	 2	 -3.3241	    7.2501	 2.4443	 NaN	 NaN	 NaN	    NaN	 NaN	 NaN	 NaN	 15.7664	    6.1425	 4.7868	 NaN	 NaN	 NaN	    NaN	 NaN	 NaN	 NaN	 305.5334	    0	 2.2000	 0	 3.701165e+03	 3.701682e+03	    3702.8322
2	 8	 1	 163	 1	    2	 10	 9	 4	 NaN	    3	 0	 8	 8	 4.0629	    -5.6744	 7.8283	 7.9659	 -3.4170	 -6.5606	    4.6443	 -3.4226	 -7.8876	 NaN	 15.5871	    19.9514	 4.0757	 9.6749	 15.6125	 9.2623	    19.5907	 5.9095	 4.5043	 NaN	 307.0920	    0	 2.1800	 0	 3.707642e+03	 3.708450e+03	    3710.0086
2	 8	 1	 164	 1	    1	 10	 9	 2	 NaN	    2	 8	 0	 8	 7.8835	    -7.6814	 5.5875	 -7.0331	 7.1536	 -0.3452	    -1.0204	 3.8540	 -5.5696	 NaN	 15.6599	    8.6265	 5.4052	 14.0399	 9.8359	 18.3643	    4.9671	 12.5430	 18.7944	 NaN	 309.2008	    1	 2.2000	 0	 3.716435e+03	 3.717193e+03	    3719.3022
2	 8	 1	 165	 1	    1	 10	 9	 4	 NaN	    3	 5	 0	 5	 -5.4564	    -7.4072	 2.5108	 4.4983	 -1.9824	 7.0733	    NaN	 NaN	 NaN	 NaN	 13.4349	    9.6381	 5.8756	 14.1590	 18.0802	 6.6938	    NaN	 NaN	 NaN	 NaN	 310.5760	    0	 2.1800	 0	 3.726137e+03	 3.726912e+03	    3728.2873
2	 8	 1	 166	 1	    2	 10	 9	 1	 NaN	    1	 0	 1	 1	 7.1951	    -5.7123	 NaN	 NaN	 NaN	 NaN	    NaN	 NaN	 NaN	 NaN	 5.2837	    13.1881	 NaN	 NaN	 NaN	 NaN	    NaN	 NaN	 NaN	 NaN	 312.1013	    1	 2.2000	 0	 3.732980e+03	 3.733530e+03	    3735.0553
2	 8	 1	 167	 1	    2	 10	 9	 2	 NaN	    2	 0	 3	 3	 4.1016	    -2.5546	 -0.8956	 7.0426	 NaN	 NaN	    NaN	 NaN	 NaN	 NaN	 11.9058	    4.0072	 16.6989	 16.3462	 NaN	 NaN	    NaN	 NaN	 NaN	 NaN	 314.1517	    1	 2.2200	 0	 3.739748e+03	 3.740298e+03	    3742.3484
2	 8	 1	 168	 1	    1	 10	 9	 3	 NaN	    4	 1	 0	 1	 7.9720	    -3.9841	 NaN	 NaN	 NaN	 NaN	    NaN	 NaN	 NaN	 NaN	 17.8638	    6.1165	 NaN	 NaN	 NaN	 NaN	    NaN	 NaN	 NaN	 NaN	 315.0019	    0	 2.2000	 1	 3.747083e+03	 3.748066e+03	    3748.9164
2	 8	 1	 169	 1	    2	 10	 9	 1	 NaN	    1	 0	 0	 0	 -5.7287	    NaN	 NaN	 NaN	 NaN	 NaN	    NaN	 NaN	 NaN	 NaN	 12.2326	    NaN	 NaN	 NaN	 NaN	 NaN	    NaN	 NaN	 NaN	 NaN	 316.2354	    1	 2.2200	 0	 3.754217e+03	 3.754884e+03	    3756.1178
2	 8	 1	 170	 1	    1	 10	 9	 3	 NaN	    3	 7	 0	 7	 7.7150	    0.1396	 -7.5920	 7.3179	 -3.0450	 -5.3689	    2.4909	 -6.7752	 NaN	 NaN	 17.3756	    17.6572	 4.1232	 9.8359	 12.3161	 19.1335	    4.9059	 9.9458	 NaN	 NaN	 317.6940	    1	 2.2400	 0	 3.760727e+03	 3.761711e+03	    3763.1692
2	 8	 1	 171	 1	    2	 10	 9	 3	 NaN	    3	 0	 4	 4	 -7.7032	    3.3559	 -2.8984	 7.9065	 6.6047	 NaN	    NaN	 NaN	 NaN	 NaN	 9.2759	    19.3825	 18.3774	 4.3879	 14.1174	 NaN	    NaN	 NaN	 NaN	 NaN	 320.0695	    1	 2.2600	 0	 3.767820e+03	 3.768754e+03	    3771.1292
2	 8	 1	 172	 1	    2	 10	 9	 4	 NaN	    3	 0	 7	 7	 5.5087	    -0.0522	 -6.5851	 -4.4643	 -3.9892	 4.5439	    5.5365	 0.7168	 NaN	 NaN	 17.1050	    17.8638	 6.4487	 10.7663	 18.7457	 12.5324	    4.7979	 4.5003	 NaN	 NaN	 321.4281	    0	 2.2400	 0	 3.775872e+03	 3.776497e+03	    3777.8554
2	 8	 1	 173	 1	    2	 10	 9	 1	 NaN	    1	 0	 5	 5	 -7.0331	    -2.2302	 6.5401	 7.0426	 0.5941	 -2.4960	    NaN	 NaN	 NaN	 NaN	 5.2837	    4.0315	 9.0107	 19.8886	 17.6059	 14.0150	    NaN	 NaN	 NaN	 NaN	 325.3955	    1	 2.2600	 0	 3.782765e+03	 3.783615e+03	    3787.5824
2	 8	 1	 174	 1	    1	 10	 9	 3	 NaN	    3	 3	 0	 3	 -5.5714	    1.1675	 6.7816	 -4.8490	 NaN	 NaN	    NaN	 NaN	 NaN	 NaN	 17.2572	    4.2138	 16.9663	 10.2058	 NaN	 NaN	    NaN	 NaN	 NaN	 NaN	 326.6208	    1	 2.2800	 0	 3.792492e+03	 3.793334e+03	    3794.5588
2	 8	 1	 175	 1	    1	 10	 9	 3	 NaN	    4	 4	 0	 4	 -6.8645	    7.1098	 -6.6213	 2.5179	 6.5568	 NaN	    NaN	 NaN	 NaN	 NaN	 19.0591	    8.6850	 4.4474	 15.4129	 17.6572	 NaN	    NaN	 NaN	 NaN	 NaN	 328.8462	    0	 2.2600	 0	 3.801068e+03	 3.801919e+03	    3804.1440
2	 8	 1	 176	 1	    1	 10	 9	 4	 NaN	    4	 6	 0	 6	 -4.2788	    -6.8406	 2.8779	 2.8153	 6.6248	 -1.4802	    7.0658	 NaN	 NaN	 NaN	 16.3555	    8.9533	 6.0820	 12.8181	 7.7834	 13.3019	    19.8588	 NaN	 NaN	 NaN	 332.1218	    1	 2.2800	 0	 3.809487e+03	 3.810154e+03	    3813.4292
2	 8	 1	 177	 1	    2	 10	 9	 3	 NaN	    4	 0	 2	 2	 -7.7352	    7.3604	 3.6334	 NaN	 NaN	 NaN	    NaN	 NaN	 NaN	 NaN	 9.6409	    18.9492	 17.3339	 NaN	 NaN	 NaN	    NaN	 NaN	 NaN	 NaN	 333.6639	    0	 2.2600	 0	 3.818005e+03	 3.818730e+03	    3820.2723
2	 8	 1	 178	 1	    2	 10	 9	 1	 NaN	    2	 0	 6	 6	 2.8996	    -5.4679	 7.0733	 6.0065	 -5.4031	 -7.6814	    -0.9799	 NaN	 NaN	 NaN	 19.6043	    11.9532	 13.7894	 4.5448	 19.9382	 6.3278	    4.3095	 NaN	 NaN	 NaN	 335.3475	    0	 2.2400	 0	 3.824765e+03	 3.825490e+03	    3827.1736
2	 8	 1	 179	 1	    1	 10	 9	 2	 NaN	    2	 2	 0	 2	 -6.1288	    2.5520	 0.7778	 NaN	 NaN	 NaN	    NaN	 NaN	 NaN	 NaN	 9.9171	    12.8807	 19.6043	 NaN	 NaN	 NaN	    NaN	 NaN	 NaN	 NaN	 337.1145	    1	 2.2600	 0	 3.831916e+03	 3.832783e+03	    3834.5501
2	 8	 1	 180	 1	    1	 10	 9	 3	 NaN	    3	 0	 0	 0	 1.7620	    NaN	 NaN	 NaN	 NaN	 NaN	    NaN	 NaN	 NaN	 NaN	 13.6291	    NaN	 NaN	 NaN	 NaN	 NaN	    NaN	 NaN	 NaN	 NaN	 338.1648	    1	 2.2800	 0	 3.839184e+03	 3.839951e+03	    3841.0013
2	 8	 1	 181	 1	    1	 10	 9	 4	 NaN	    4	 8	 0	 8	 -7.8910	    4.0829	 -4.1489	 7.7682	 3.2148	 7.1536	    -4.4643	 -4.7543	 0.9961	 NaN	 9.3512	    7.3772	 18.4742	 19.8879	 13.5939	 10.4183	    7.1799	 14.0858	 18.0767	 NaN	 340.8069	    1	 2.3000	 0	 3.845569e+03	 3.846536e+03	    3849.1780
2	 8	 1	 182	 1	    1	 10	 9	 3	 NaN	    3	 6	 0	 6	 7.2501	    -6.1231	 -5.4539	 1.9682	 7.9065	 -6.5771	    -1.6617	 NaN	 NaN	 NaN	 11.9300	    18.8246	 14.4966	 18.5599	 6.4019	 4.4579	    16.6989	 NaN	 NaN	 NaN	 342.7157	    1	 2.3200	 0	 3.853946e+03	 3.854462e+03	    3856.3711
2	 8	 1	 183	 1	    1	 10	 9	 2	 NaN	    2	 4	 0	 4	 -4.4213	    3.8540	 7.9988	 -3.4114	 2.4443	 NaN	    NaN	 NaN	 NaN	 NaN	 6.1843	    10.7306	 15.9234	 14.3290	 5.6436	 NaN	    NaN	 NaN	 NaN	 NaN	 344.9828	    1	 2.3400	 0	 3.860997e+03	 3.861772e+03	    3864.0393
2	 8	 1	 184	 1	    2	 10	 9	 3	 NaN	    3	 0	 8	 8	 7.1549	    1.1507	 -3.0645	 -7.4997	 -2.9514	 7.5863	    -5.5714	 5.5875	 1.4335	 NaN	 4.7886	    16.9663	 17.4905	 9.6381	 4.9151	 16.6772	    14.2627	 10.2180	 4.5003	 NaN	 346.6581	    1	 2.3600	 0	 3.868807e+03	 3.869749e+03	    3871.4240
2	 8	 1	 185	 1	    2	 10	 9	 3	 NaN	    3	 0	 5	 5	 -7.4072	    -4.7504	 -0.8089	 4.9559	 6.9352	 5.2613	    NaN	 NaN	 NaN	 NaN	 16.0687	    10.2365	 16.7568	 11.4991	 7.0540	 19.0169	    NaN	 NaN	 NaN	 NaN	 348.5668	    1	 2.3800	 0	 3.876258e+03	 3.876775e+03	    3878.6838
2	 8	 1	 186	 1	    2	 10	 9	 3	 NaN	    3	 0	 1	 1	 -3.8656	    5.9112	 NaN	 NaN	 NaN	 NaN	    NaN	 NaN	 NaN	 NaN	 16.2983	    9.9153	 NaN	 NaN	 NaN	 NaN	    NaN	 NaN	 NaN	 NaN	 349.6503	    1	 2.4000	 0	 3.883710e+03	 3.884627e+03	    3885.7102
2	 8	 1	 187	 1	    1	 10	 9	 4	 NaN	    4	 5	 0	 5	 -2.9258	    -4.4142	 2.8117	 7.9565	 7.4558	 -6.8228	    NaN	 NaN	 NaN	 NaN	 15.7664	    11.8158	 16.3725	 9.2156	 17.4905	 7.3320	    NaN	 NaN	 NaN	 NaN	 350.7922	    1	 2.4200	 0	 3.890211e+03	 3.890761e+03	    3891.9032
2	 8	 1	 188	 1	    1	 10	 9	 4	 NaN	    4	 7	 0	 7	 -3.6370	    -3.2598	 4.4069	 3.4166	 -7.7027	 2.7538	    -7.7817	 6.8730	 NaN	 NaN	 5.3941	    15.8798	 17.3838	 12.1068	 18.2521	 4.0812	    9.2623	 7.3899	 NaN	 NaN	 352.4258	    1	 2.4400	 0	 3.896596e+03	 3.897271e+03	    3898.9045
2	 8	 1	 189	 1	    1	 10	 9	 3	 NaN	    3	 0	 0	 0	 4.0391	    NaN	 NaN	 NaN	 NaN	 NaN	    NaN	 NaN	 NaN	 NaN	 15.3819	    NaN	 NaN	 NaN	 NaN	 NaN	    NaN	 NaN	 NaN	 NaN	 353.7094	    1	 2.4600	 0	 3.903514e+03	 3.904181e+03	    3905.4642
2	 8	 1	 190	 1	    2	 10	 9	 1	 NaN	    2	 0	 3	 3	 -2.8129	    -1.4841	 5.7159	 6.5973	 NaN	 NaN	    NaN	 NaN	 NaN	 NaN	 13.6277	    4.0007	 17.0312	 8.2902	 NaN	 NaN	    NaN	 NaN	 NaN	 NaN	 355.2931	    0	 2.4400	 0	 3.909973e+03	 3.910749e+03	    3912.3322
2	 8	 1	 191	 1	    1	 10	 9	 2	 NaN	    2	 2	 0	 2	 7.8835	    -7.7667	 -0.6714	 NaN	 NaN	 NaN	    NaN	 NaN	 NaN	 NaN	 14.2799	    6.6713	 19.6043	 NaN	 NaN	 NaN	    NaN	 NaN	 NaN	 NaN	 356.8768	    1	 2.4600	 0	 3.917058e+03	 3.917933e+03	    3919.5170
2	 8	 1	 192	 1	    1	 10	 9	 2	 NaN	    2	 1	 0	 1	 5.2905	    -5.1423	 NaN	 NaN	 NaN	 NaN	    NaN	 NaN	 NaN	 NaN	 6.9173	    13.9774	 NaN	 NaN	 NaN	 NaN	    NaN	 NaN	 NaN	 NaN	 358.4271	    1	 2.4800	 0	 3.924018e+03	 3.924960e+03	    3926.5100
2	 8	 1	 193	 1	    2	 10	 9	 1	 NaN	    1	 0	 0	 0	 -7.1558	    NaN	 NaN	 NaN	 NaN	 NaN	    NaN	 NaN	 NaN	 NaN	 11.9505	    NaN	 NaN	 NaN	 NaN	 NaN	    NaN	 NaN	 NaN	 NaN	 360.0274	    1	 2.5000	 0	 3.931028e+03	 3.931603e+03	    3933.2030
2	 8	 1	 194	 1	    2	 10	 9	 4	 NaN	    4	 0	 6	 6	 -0.9799	    3.6122	 -4.3994	 0.5071	 -3.7601	 3.4166	    -7.6690	 NaN	 NaN	 NaN	 5.1124	    19.9737	 7.2788	 17.2017	 19.2143	 4.5777	    12.1072	 NaN	 NaN	 NaN	 362.7029	    1	 2.5200	 0	 3.937929e+03	 3.938646e+03	    3941.3213
2	 8	 1	 195	 1	    2	 10	 9	 3	 NaN	    4	 0	 2	 2	 -5.9777	    3.6692	 2.7407	 NaN	 NaN	 NaN	    NaN	 NaN	 NaN	 NaN	 13.6847	    6.0820	 18.3887	 NaN	 NaN	 NaN	    NaN	 NaN	 NaN	 NaN	 364.8283	    0	 2.5000	 0	 3.946356e+03	 3.947181e+03	    3949.3062
2	 8	 1	 196	 1	    2	 10	 9	 1	 NaN	    1	 0	 4	 4	 7.3741	    -0.6928	 -7.7491	 5.7775	 0.8058	 NaN	    NaN	 NaN	 NaN	 NaN	 7.1570	    17.6290	 8.0837	 15.8205	 5.2490	 NaN	    NaN	 NaN	 NaN	 NaN	 366.6787	    1	 2.5200	 0	 3.954124e+03	 3.954999e+03	    3956.8494
2	 8	 1	 197	 1	    2	 10	 9	 3	 NaN	    4	 0	 7	 7	 -4.9458	    5.7502	 6.9006	 7.7712	 1.1017	 -5.3680	    -1.5357	 -7.4027	 NaN	 NaN	 16.9700	    11.7137	 18.5208	 6.7835	 18.3565	 6.0820	    14.0712	 10.8266	 NaN	 NaN	 368.2457	    0	 2.5000	 0	 3.961600e+03	 3.962567e+03	    3964.1341
2	 8	 1	 198	 1	    1	 10	 9	 1	 NaN	    1	 3	 0	 3	 2.8779	    3.5385	 -6.5771	 -3.0645	 NaN	 NaN	    NaN	 NaN	 NaN	 NaN	 5.9693	    18.3496	 7.4391	 15.4231	 NaN	 NaN	    NaN	 NaN	 NaN	 NaN	 370.3711	    1	 2.5200	 0	 3.968943e+03	 3.969544e+03	    3971.6690
2	 8	 1	 199	 1	    2	 10	 9	 1	 NaN	    1	 0	 0	 0	 -3.0450	    NaN	 NaN	 NaN	 NaN	 NaN	    NaN	 NaN	 NaN	 NaN	 19.1470	    NaN	 NaN	 NaN	 NaN	 NaN	    NaN	 NaN	 NaN	 NaN	 371.4546	    1	 2.5400	 0	 3.976512e+03	 3.977078e+03	    3978.1619
2	 8	 1	 200	 1	    1	 10	 9	 3	 NaN	    3	 2	 0	 2	 0.5168	    -2.4960	 5.4944	 NaN	 NaN	 NaN	    NaN	 NaN	 NaN	 NaN	 18.8595	    4.9671	 11.8188	 NaN	 NaN	 NaN	    NaN	 NaN	 NaN	 NaN	 372.7799	    1	 2.5600	 0	 3.983063e+03	 3.983880e+03	    3985.2050
2	 8	 1	 201	 1	    1	 10	 9	 4	 NaN	    4	 1	 0	 1	 -3.1063	    5.2598	 NaN	 NaN	 NaN	 NaN	    NaN	 NaN	 NaN	 NaN	 5.2798	    14.4226	 NaN	 NaN	 NaN	 NaN	    NaN	 NaN	 NaN	 NaN	 374.3385	    1	 2.5800	 0	 3.990014e+03	 3.990673e+03	    3992.2314
2	 8	 1	 202	 1	    2	 10	 9	 3	 NaN	    3	 0	 2	 2	 5.9015	    -2.2940	 0.8545	 NaN	 NaN	 NaN	    NaN	 NaN	 NaN	 NaN	 10.9722	    13.4733	 4.6431	 NaN	 NaN	 NaN	    NaN	 NaN	 NaN	 NaN	 375.5304	    1	 2.6000	 0	 3.997032e+03	 3.997632e+03	    3998.8244
2	 8	 1	 203	 1	    2	 10	 9	 1	 NaN	    1	 0	 7	 7	 -4.2949	    2.1412	 0.5941	 -3.6370	 -4.7445	 6.5973	    -7.9774	 7.0252	 NaN	 NaN	 12.8262	    16.9265	 4.3190	 4.5777	 19.0194	 10.7989	    6.1165	 15.8835	 NaN	 NaN	 378.7644	    1	 2.6200	 0	 4.003634e+03	 4.004525e+03	    4007.7595
2	 8	 1	 204	 1	    1	 10	 9	 1	 NaN	    1	 0	 0	 0	 -5.1423	    NaN	 NaN	 NaN	 NaN	 NaN	    NaN	 NaN	 NaN	 NaN	 10.4340	    NaN	 NaN	 NaN	 NaN	 NaN	    NaN	 NaN	 NaN	 NaN	 379.9646	    1	 2.6400	 0	 4.012452e+03	 4.013411e+03	    4014.6108
2	 8	 1	 205	 1	    1	 10	 9	 1	 NaN	    1	 5	 0	 5	 7.3326	    4.2923	 -0.0320	 -4.9859	 1.7552	 -3.7601	    NaN	 NaN	 NaN	 NaN	 16.6363	    11.2125	 19.5387	 10.0770	 5.3941	 14.8369	    NaN	 NaN	 NaN	 NaN	 381.8732	    1	 2.6600	 0	 4.019128e+03	 4.020020e+03	    4021.9290
2	 8	 1	 206	 1	    1	 10	 9	 4	 NaN	    4	 8	 0	 8	 4.9298	    4.4983	 -4.0230	 -0.2458	 6.5438	 -7.2493	    0.6121	 -3.7601	 -6.9691	 NaN	 11.8188	    4.3190	 14.1304	 4.8268	 16.7242	 4.9059	    16.1859	 19.9985	 17.1050	 NaN	 384.8405	    1	 2.6400	 1	 4.026763e+03	 4.027522e+03	    4030.4890
2	 8	 1	 207	 1	    1	 10	 9	 1	 NaN	    1	 4	 0	 4	 -5.7814	    4.5872	 -4.7504	 1.0418	 7.9659	 NaN	    NaN	 NaN	 NaN	 NaN	 10.1476	    4.3879	 17.8936	 18.0802	 18.7431	 NaN	    NaN	 NaN	 NaN	 NaN	 387.4576	    1	 2.6600	 0	 4.036940e+03	 4.037674e+03	    4040.2909
2	 8	 1	 208	 1	    2	 10	 9	 2	 NaN	    2	 0	 6	 6	 -4.3242	    -6.6894	 2.4106	 -3.4226	 6.0871	 5.9637	    -3.5071	 NaN	 NaN	 NaN	 4.7886	    8.4186	 13.7822	 19.4240	 8.2326	 16.0948	    15.3819	 NaN	 NaN	 NaN	 389.3497	    1	 2.6800	 0	 4.046559e+03	 4.047317e+03	    4049.2094
2	 8	 1	 209	 1	    1	 10	 9	 4	 NaN	    4	 3	 0	 3	 4.7190	    -7.0504	 -5.0105	 7.7150	 NaN	 NaN	    NaN	 NaN	 NaN	 NaN	 9.0585	    15.4231	 6.4582	 19.0515	 NaN	 NaN	    NaN	 NaN	 NaN	 NaN	 391.6668	    1	 2.7000	 0	 4.054044e+03	 4.054585e+03	    4056.9026
