2	 3	 99	 1	 1	    1	 10	 9	 3	 NaN	    3	 4	 0	 4	 -4.6973	    6.6037	 7.2275	 -6.8344	 -7.9361	 NaN	    NaN	 NaN	 NaN	 NaN	 14.7207	    16.2615	 8.2217	 4.6397	 17.2048	 NaN	    NaN	 NaN	 NaN	 NaN	 0.0000	    1	 0.0200	 0	 1.118031e+03	 1.118815e+03	    1155.1300
2	 3	 99	 2	 1	    2	 10	 9	 1	 NaN	    2	 0	 6	 6	 -4.9034	    -6.6913	 4.6785	 0.9299	 -1.6391	 4.9615	    7.7003	 NaN	 NaN	 NaN	 6.0912	    11.0120	 15.3510	 19.0349	 13.1825	 6.0912	    11.0023	 NaN	 NaN	 NaN	 0.0000	    0	 0.0000	 0	 1.199330e+03	 1.200314e+03	    1204.8731
2	 3	 99	 3	 1	    1	 10	 9	 1	 NaN	    1	 3	 0	 3	 -0.2326	    -6.6199	 4.0947	 5.0281	 NaN	 NaN	    NaN	 NaN	 NaN	 NaN	 15.3194	    9.7848	 11.8505	 18.7447	 NaN	 NaN	    NaN	 NaN	 NaN	 NaN	 0.0000	    1	 0.0200	 0	 1.212366e+03	 1.212916e+03	    1215.2168
2	 3	 99	 4	 1	    2	 10	 9	 1	 NaN	    1	 0	 3	 3	 4.4538	    -4.0827	 5.1382	 -6.3025	 NaN	 NaN	    NaN	 NaN	 NaN	 NaN	 14.5778	    18.9245	 7.1339	 4.9479	 NaN	 NaN	    NaN	 NaN	 NaN	 NaN	 0.0000	    1	 0.0400	 0	 1.297166e+03	 1.297975e+03	    1300.2585
2	 3	 99	 5	 1	    1	 10	 9	 3	 NaN	    3	 6	 0	 6	 -4.5803	    0.9991	 6.0658	 -5.3458	 7.8864	 -7.3865	    7.5639	 NaN	 NaN	 NaN	 15.3510	    19.8901	 10.7872	 7.2014	 16.6230	 11.8017	    4.7205	 NaN	 NaN	 NaN	 0.0000	    1	 0.0600	 0	 1.306726e+03	 1.307618e+03	    1311.0523
2	 3	 99	 6	 1	    1	 10	 9	 2	 NaN	    2	 0	 0	 0	 1.4169	    NaN	 NaN	 NaN	 NaN	 NaN	    NaN	 NaN	 NaN	 NaN	 15.2268	    NaN	 NaN	 NaN	 NaN	 NaN	    NaN	 NaN	 NaN	 NaN	 0.0000	    1	 0.0800	 0	 1.316462e+03	 1.317287e+03	    1318.8705
2	 3	 99	 7	 1	    2	 10	 9	 3	 NaN	    3	 0	 5	 5	 -4.1166	    4.1958	 4.6902	 -0.5730	 6.3874	 -1.9704	    NaN	 NaN	 NaN	 NaN	 9.7252	    14.4788	 8.9987	 17.4097	 19.8575	 5.7766	    NaN	 NaN	 NaN	 NaN	 0.0000	    1	 0.1000	 0	 1.324180e+03	 1.324722e+03	    1326.2136
2	 3	 99	 8	 1	    2	 10	 9	 2	 NaN	    2	 0	 1	 1	 0.3337	    -5.1075	 NaN	 NaN	 NaN	 NaN	    NaN	 NaN	 NaN	 NaN	 17.8245	    8.6358	 NaN	 NaN	 NaN	 NaN	    NaN	 NaN	 NaN	 NaN	 0.0000	    1	 0.1200	 0	 1.331031e+03	 1.331740e+03	    1333.8068
2	 3	 99	 9	 1	    2	 10	 9	 4	 NaN	    4	 0	 2	 2	 -5.7084	    2.7920	 -7.6673	 NaN	 NaN	 NaN	    NaN	 NaN	 NaN	 NaN	 9.8350	    18.2873	 18.7453	 NaN	 NaN	 NaN	    NaN	 NaN	 NaN	 NaN	 0.0000	    1	 0.1400	 0	 1.338950e+03	 1.339800e+03	    1342.4501
2	 3	 99	 10	 1	    1	 10	 9	 2	 NaN	    2	 5	 0	 5	 2.9790	    3.9968	 -6.4751	 -5.4224	 -1.6257	 7.2198	    NaN	 NaN	 NaN	 NaN	 16.1292	    8.2148	 19.2730	 11.8889	 5.6454	 12.2581	    NaN	 NaN	 NaN	 NaN	 0.0000	    1	 0.1600	 0	 1.348126e+03	 1.348860e+03	    1351.3352
2	 3	 99	 11	 1	    1	 10	 9	 2	 NaN	    2	 7	 0	 7	 3.5839	    6.6371	 -5.8107	 -2.5596	 7.6186	 -6.9250	    5.6208	 -4.7137	 NaN	 NaN	 7.5394	    17.2048	 5.0546	 16.9626	 7.2376	 15.1807	    12.8213	 9.1948	 NaN	 NaN	 0.0000	    1	 0.1800	 0	 1.358795e+03	 1.359620e+03	    1361.3705
2	 3	 99	 12	 1	    2	 10	 9	 2	 NaN	    2	 0	 4	 4	 -4.1960	    4.9764	 -6.2046	 4.8700	 2.9977	 NaN	    NaN	 NaN	 NaN	 NaN	 8.3594	    19.5480	 19.4079	 7.7822	 14.4887	 NaN	    NaN	 NaN	 NaN	 NaN	 0.0000	    1	 0.2000	 0	 1.368505e+03	 1.369447e+03	    1372.0143
2	 3	 99	 13	 1	    2	 10	 9	 1	 NaN	    1	 0	 7	 7	 -3.4012	    2.5108	 6.9545	 3.7945	 -4.8059	 -7.6636	    -6.3647	 7.6749	 NaN	 NaN	 6.0674	    16.2997	 19.4050	 6.5023	 10.5606	 5.2870	    15.6187	 15.0496	 NaN	 NaN	 0.0000	    1	 0.2200	 0	 1.377582e+03	 1.378207e+03	    1381.2827
2	 3	 99	 14	 1	    1	 10	 9	 3	 NaN	    3	 1	 0	 1	 -1.8169	    2.8536	 NaN	 NaN	 NaN	 NaN	    NaN	 NaN	 NaN	 NaN	 15.3431	    6.0832	 NaN	 NaN	 NaN	 NaN	    NaN	 NaN	 NaN	 NaN	 0.0000	    1	 0.2400	 0	 1.386534e+03	 1.387517e+03	    1388.6092
2	 3	 99	 15	 1	    1	 10	 9	 4	 NaN	    3	 2	 0	 2	 7.2856	    -6.8661	 4.9881	 NaN	 NaN	 NaN	    NaN	 NaN	 NaN	 NaN	 19.9901	    7.5494	 9.2452	 NaN	 NaN	 NaN	    NaN	 NaN	 NaN	 NaN	 0.0000	    0	 0.2200	 0	 1.393819e+03	 1.394619e+03	    1396.0107
2	 3	 99	 16	 1	    2	 10	 9	 3	 NaN	    3	 0	 8	 8	 2.8439	    -1.4476	 -5.7888	 -7.0017	 -6.5170	 6.7146	    4.5418	 4.0407	 0.8415	 NaN	 4.0210	    13.5088	 15.5410	 11.4447	 6.2959	 5.6156	    17.0210	 12.6522	 18.9377	 NaN	 0.0000	    1	 0.2400	 0	 1.401128e+03	 1.401662e+03	    1406.6961
2	 3	 99	 17	 1	    1	 10	 9	 2	 NaN	    1	 8	 0	 8	 6.2507	    3.5297	 -4.5976	 7.9710	 -1.2234	 3.6427	    -1.8242	 -6.3038	 -0.2570	 NaN	 8.2148	    19.4079	 14.7201	 16.1609	 5.4474	 4.1339	    19.2807	 5.9907	 14.2484	 NaN	 0.0000	    0	 0.2200	 0	 1.411680e+03	 1.412489e+03	    1415.5561
2	 3	 99	 18	 1	    2	 10	 9	 4	 NaN	    3	 0	 0	 0	 -7.1538	    NaN	 NaN	 NaN	 NaN	 NaN	    NaN	 NaN	 NaN	 NaN	 8.3700	    NaN	 NaN	 NaN	 NaN	 NaN	    NaN	 NaN	 NaN	 NaN	 0.0000	    0	 0.2000	 0	 1.421349e+03	 1.422249e+03	    1423.6077
2	 3	 99	 19	 1	    1	 10	 9	 4	 NaN	    4	 4	 0	 4	 6.7307	    2.6977	 -3.8585	 -6.6199	 -1.8983	 NaN	    NaN	 NaN	 NaN	 NaN	 16.5347	    4.8354	 6.4435	 14.8665	 19.1746	 NaN	    NaN	 NaN	 NaN	 NaN	 0.0000	    1	 0.2200	 0	 1.429034e+03	 1.429842e+03	    1432.0677
2	 3	 99	 20	 1	    2	 10	 9	 1	 NaN	    1	 0	 5	 5	 2.7105	    6.6614	 -5.2050	 -1.5567	 7.0757	 -7.0526	    NaN	 NaN	 NaN	 NaN	 18.7414	    12.4773	 9.2435	 14.2793	 7.5152	 4.9435	    NaN	 NaN	 NaN	 NaN	 0.0000	    1	 0.2000	 1	 1.437827e+03	 1.438502e+03	    1440.6528
2	 3	 99	 21	 1	    2	 10	 9	 2	 NaN	    2	 0	 0	 0	 -6.8925	    NaN	 NaN	 NaN	 NaN	 NaN	    NaN	 NaN	 NaN	 NaN	 17.6080	    NaN	 NaN	 NaN	 NaN	 NaN	    NaN	 NaN	 NaN	 NaN	 0.0000	    1	 0.2200	 0	 1.447054e+03	 1.447637e+03	    1449.1127
2	 3	 99	 22	 1	    1	 10	 9	 3	 NaN	    4	 6	 0	 6	 -6.4751	    4.1862	 -4.2325	 7.2740	 5.1030	 -1.5241	    0.4001	 NaN	 NaN	 NaN	 7.1890	    17.8132	 14.2808	 9.6178	 5.4856	 18.7447	    14.9104	 NaN	 NaN	 NaN	 0.0000	    0	 0.2000	 0	 1.454606e+03	 1.455406e+03	    1457.7228
2	 3	 99	 23	 1	    2	 10	 9	 2	 NaN	    2	 0	 3	 3	 -1.5035	    -1.8728	 1.3450	 7.1601	 NaN	 NaN	    NaN	 NaN	 NaN	 NaN	 4.1339	    19.2486	 13.9998	 11.5646	 NaN	 NaN	    NaN	 NaN	 NaN	 NaN	 0.0000	    1	 0.2200	 0	 1.463274e+03	 1.463824e+03	    1465.6410
2	 3	 99	 24	 1	    1	 10	 9	 3	 NaN	    3	 3	 0	 3	 -6.8347	    2.3926	 7.1204	 -6.5170	 NaN	 NaN	    NaN	 NaN	 NaN	 NaN	 9.7848	    15.4280	 10.8871	 17.8343	 NaN	 NaN	    NaN	 NaN	 NaN	 NaN	 0.0000	    1	 0.2400	 0	 1.473476e+03	 1.474384e+03	    1476.3598
2	 3	 99	 25	 1	    1	 10	 9	 4	 NaN	    3	 0	 0	 0	 -4.0727	    NaN	 NaN	 NaN	 NaN	 NaN	    NaN	 NaN	 NaN	 NaN	 15.2469	    NaN	 NaN	 NaN	 NaN	 NaN	    NaN	 NaN	 NaN	 NaN	 0.0000	    0	 0.2200	 0	 1.481086e+03	 1.481836e+03	    1483.4778
2	 3	 99	 26	 1	    2	 10	 9	 4	 NaN	    4	 0	 8	 8	 0.9978	    3.5877	 4.6117	 -6.4580	 -1.0178	 -6.2188	    6.9407	 -1.6650	 -7.2725	 NaN	 5.0806	    11.6045	 18.1552	 10.7181	 18.4338	 14.8665	    6.3048	 13.9997	 19.0915	 NaN	 0.0000	    1	 0.2400	 0	 1.488504e+03	 1.489254e+03	    1493.1714
2	 3	 99	 27	 1	    1	 10	 9	 1	 NaN	    1	 1	 0	 1	 5.7698	    -7.3865	 NaN	 NaN	 NaN	 NaN	    NaN	 NaN	 NaN	 NaN	 6.5513	    18.0127	 NaN	 NaN	 NaN	 NaN	    NaN	 NaN	 NaN	 NaN	 0.0000	    1	 0.2600	 0	 1.498089e+03	 1.499056e+03	    1500.6145
2	 3	 99	 28	 1	    1	 10	 9	 4	 NaN	    4	 2	 0	 2	 2.9790	    -1.1953	 -4.5416	 NaN	 NaN	 NaN	    NaN	 NaN	 NaN	 NaN	 4.3817	    16.7967	 7.4212	 NaN	 NaN	 NaN	    NaN	 NaN	 NaN	 NaN	 0.0000	    1	 0.2800	 0	 1.505507e+03	 1.506391e+03	    1508.5661
2	 3	 99	 29	 1	    1	 10	 9	 1	 NaN	    1	 7	 0	 7	 5.3138	    -2.8909	 -5.3727	 -5.7457	 1.0713	 6.8253	    6.1859	 -5.7164	 NaN	 NaN	 10.4187	    14.0422	 17.8095	 6.0912	 15.7528	 17.0498	    5.2878	 10.1202	 NaN	 NaN	 0.0000	    1	 0.3000	 0	 1.513617e+03	 1.514176e+03	    1515.8091
2	 3	 99	 30	 1	    2	 10	 9	 3	 NaN	    3	 0	 2	 2	 -2.8987	    5.7698	 -4.2991	 NaN	 NaN	 NaN	    NaN	 NaN	 NaN	 NaN	 5.6454	    16.2461	 15.7318	 NaN	 NaN	 NaN	    NaN	 NaN	 NaN	 NaN	 0.0000	    1	 0.3200	 0	 1.520727e+03	 1.521694e+03	    1523.3523
2	 3	 99	 31	 1	    1	 10	 9	 2	 NaN	    2	 8	 0	 8	 -4.2999	    5.0347	 0.3875	 -6.6284	 -7.7175	 3.7387	    -2.7371	 2.1607	 6.7637	 NaN	 19.4953	    15.6773	 15.3510	 11.5974	 7.2972	 6.1481	    5.5412	 19.0102	 19.4953	 NaN	 0.0000	    1	 0.3400	 0	 1.528187e+03	 1.528995e+03	    1532.9209
2	 3	 99	 32	 1	    2	 10	 9	 3	 NaN	    3	 0	 1	 1	 1.1007	    -7.0604	 NaN	 NaN	 NaN	 NaN	    NaN	 NaN	 NaN	 NaN	 18.9377	    10.3536	 NaN	 NaN	 NaN	 NaN	    NaN	 NaN	 NaN	 NaN	 0.0000	    1	 0.3600	 0	 1.537730e+03	 1.538430e+03	    1539.6889
2	 3	 99	 33	 1	    2	 10	 9	 3	 NaN	    3	 0	 7	 7	 -1.3955	    0.6086	 -5.4224	 -6.1551	 6.4018	 -3.8021	    7.7003	 6.9341	 NaN	 NaN	 5.4474	    17.5260	 11.9890	 7.1496	 8.2938	 17.4097	    19.8561	 14.4411	 NaN	 NaN	 0.0000	    1	 0.3800	 0	 1.544398e+03	 1.545207e+03	    1548.1488
2	 3	 99	 34	 1	    2	 10	 9	 3	 NaN	    3	 0	 4	 4	 -1.8868	    4.6902	 -5.3458	 5.8870	 3.9968	 NaN	    NaN	 NaN	 NaN	 NaN	 14.2130	    7.5816	 8.3984	 19.8541	 16.0799	 NaN	    NaN	 NaN	 NaN	 NaN	 0.0000	    1	 0.4000	 0	 1.554125e+03	 1.555025e+03	    1556.5672
2	 3	 99	 35	 1	    1	 10	 9	 1	 NaN	    1	 5	 0	 5	 -6.6199	    3.9951	 6.6614	 -7.7175	 -2.5453	 2.1096	    NaN	 NaN	 NaN	 NaN	 6.4222	    17.2500	 9.1567	 12.7753	 18.8213	 4.1212	    NaN	 NaN	 NaN	 NaN	 0.0000	    1	 0.4200	 0	 1.561401e+03	 1.562093e+03	    1563.5602
2	 3	 99	 36	 1	    2	 10	 9	 4	 NaN	    3	 0	 6	 6	 6.5558	    -6.3891	 -7.6975	 -4.0199	 2.6979	 3.8056	    4.2434	 NaN	 NaN	 NaN	 11.4911	    9.0878	 18.4227	 13.7389	 14.1253	 7.6744	    18.3374	 NaN	 NaN	 NaN	 0.0000	    0	 0.4000	 0	 1.568386e+03	 1.569278e+03	    1573.4121
