2	 1	 1	 1	 1	    2	 10	 9	 3	 NaN	    3	 0	 2	 2	 -5.2165	    0.9538	 6.7600	 NaN	 NaN	 NaN	    NaN	 NaN	 NaN	 NaN	 6.6987	    13.7434	 6.0550	 NaN	 NaN	 NaN	    NaN	 NaN	 NaN	 NaN	 1.0085	    1	 -0.0200	 1	 2.146269e+03	 2.147103e+03	    2148.1113
2	 1	 1	 2	 1	    1	 10	 9	 1	 NaN	    1	 7	 0	 7	 -4.4696	    4.9459	 -6.6096	 6.4680	 -0.4787	 5.3816	    -7.4765	 0.2209	 NaN	 NaN	 6.7119	    12.3667	 11.3910	 4.4463	 16.1589	 17.7685	    18.3242	 4.7830	 NaN	 NaN	 4.7759	    1	 -0.0400	 1	 2.157113e+03	 2.157897e+03	    2161.6640
2	 1	 1	 3	 1	    2	 10	 9	 1	 NaN	    1	 0	 4	 4	 5.6066	    -0.6330	 0.1558	 -5.1770	 6.0042	 NaN	    NaN	 NaN	 NaN	 NaN	 19.8216	    5.2588	 17.4715	 5.6278	 12.0842	 NaN	    NaN	 NaN	 NaN	 NaN	 7.2264	    1	 -0.0200	 0	 2.167649e+03	 2.168340e+03	    2170.7908
2	 1	 1	 4	 1	    2	 10	 9	 1	 NaN	    2	 0	 6	 6	 -5.6661	    7.0335	 -4.5604	 1.0058	 4.5459	 -5.1769	    -2.1336	 NaN	 NaN	 NaN	 4.4209	    16.1558	 11.1240	 14.4014	 5.9092	 15.1961	    19.7014	 NaN	 NaN	 NaN	 10.3103	    0	 -0.0400	 0	 2.178159e+03	 2.178851e+03	    2181.9347
2	 1	 1	 5	 1	    1	 10	 9	 2	 NaN	    1	 5	 0	 5	 -0.6964	    -4.7975	 5.2201	 4.7456	 -6.9449	 4.9459	    NaN	 NaN	 NaN	 NaN	 17.2428	    5.8599	 14.6756	 4.4915	 14.5580	 8.7371	    NaN	 NaN	 NaN	 NaN	 12.8525	    0	 -0.0600	 0	 2.187719e+03	 2.188703e+03	    2191.2449
2	 1	 1	 6	 1	    1	 10	 9	 1	 NaN	    1	 0	 0	 0	 -3.0656	    NaN	 NaN	 NaN	 NaN	 NaN	    NaN	 NaN	 NaN	 NaN	 17.1454	    NaN	 NaN	 NaN	 NaN	 NaN	    NaN	 NaN	 NaN	 NaN	 14.3862	    1	 -0.0400	 0	 2.198696e+03	 2.199538e+03	    2201.0718
2	 1	 1	 7	 1	    1	 10	 9	 3	 NaN	    3	 3	 0	 3	 5.6882	    -5.1952	 -2.8964	 6.0486	 NaN	 NaN	    NaN	 NaN	 NaN	 NaN	 18.9328	    10.8734	 17.3967	 10.7995	 NaN	 NaN	    NaN	 NaN	 NaN	 NaN	 16.4615	    1	 -0.0600	 1	 2.206206e+03	 2.207031e+03	    2209.1067
2	 1	 1	 8	 1	    1	 10	 9	 4	 NaN	    4	 6	 0	 6	 2.8352	    -7.2153	 -0.6964	 4.9511	 0.1643	 -6.0580	    -7.9530	 NaN	 NaN	 NaN	 14.5217	    9.5766	 5.2828	 5.2142	 19.7435	 19.4324	    15.1113	 NaN	 NaN	 NaN	 18.5703	    1	 -0.0400	 0	 2.218117e+03	 2.219042e+03	    2221.1508
2	 1	 1	 9	 1	    2	 10	 9	 4	 NaN	    4	 0	 3	 3	 -6.0233	    -4.9162	 3.6331	 6.3726	 NaN	 NaN	    NaN	 NaN	 NaN	 NaN	 19.8560	    11.2675	 14.3213	 10.4886	 NaN	 NaN	    NaN	 NaN	 NaN	 NaN	 20.7957	    1	 -0.0600	 1	 2.229602e+03	 2.230561e+03	    2232.7864
2	 1	 1	 10	 1	    2	 10	 9	 4	 NaN	    4	 0	 8	 8	 -4.7923	    -7.4117	 2.5716	 6.5726	 4.9277	 6.7478	    -3.7161	 -0.8975	 0.9921	 NaN	 15.8463	    10.5220	 15.0902	 8.8469	 4.4209	 16.7416	    7.5074	 17.4715	 5.4689	 NaN	 24.8048	    1	 -0.0800	 1	 2.243005e+03	 2.243872e+03	    2247.8811
2	 1	 1	 11	 1	    2	 10	 9	 2	 NaN	    2	 0	 0	 0	 7.2449	    NaN	 NaN	 NaN	 NaN	 NaN	    NaN	 NaN	 NaN	 NaN	 8.9511	    NaN	 NaN	 NaN	 NaN	 NaN	    NaN	 NaN	 NaN	 NaN	 26.2301	    1	 -0.1000	 1	 2.254641e+03	 2.255533e+03	    2256.9579
2	 1	 1	 12	 1	    2	 10	 9	 1	 NaN	    2	 0	 5	 5	 -2.3383	    1.8763	 -4.1512	 5.6000	 6.0042	 -4.2074	    NaN	 NaN	 NaN	 NaN	 18.8789	    5.0497	 8.4355	 14.1210	 5.0577	 14.6186	    NaN	 NaN	 NaN	 NaN	 28.4639	    0	 -0.1200	 1	 2.266952e+03	 2.267818e+03	    2270.0522
2	 1	 1	 13	 1	    1	 10	 9	 3	 NaN	    3	 8	 0	 8	 7.6596	    5.0011	 7.5199	 -7.4607	 -5.1769	 -1.0405	    -1.2619	 3.9989	 -6.6069	 NaN	 12.9415	    4.2861	 19.7097	 8.4109	 15.4815	 15.9877	    4.9217	 8.3626	 4.4463	 NaN	 32.3647	    1	 -0.1400	 1	 2.281780e+03	 2.282463e+03	    2286.3638
2	 1	 1	 14	 1	    1	 10	 9	 2	 NaN	    2	 2	 0	 2	 3.0127	    -5.1920	 1.0451	 NaN	 NaN	 NaN	    NaN	 NaN	 NaN	 NaN	 4.7198	    18.7957	 15.3742	 NaN	 NaN	 NaN	    NaN	 NaN	 NaN	 NaN	 34.2484	    1	 -0.1200	 0	 2.294982e+03	 2.295541e+03	    2297.4243
2	 1	 1	 15	 1	    2	 10	 9	 1	 NaN	    1	 0	 1	 1	 -7.6022	    6.7145	 NaN	 NaN	 NaN	 NaN	    NaN	 NaN	 NaN	 NaN	 15.3977	    10.3113	 NaN	 NaN	 NaN	 NaN	    NaN	 NaN	 NaN	 NaN	 35.4070	    1	 -0.1000	 0	 2.303350e+03	 2.303959e+03	    2305.1175
2	 1	 1	 16	 1	    2	 10	 9	 1	 NaN	    1	 0	 7	 7	 2.6754	    0.0529	 -4.1234	 -3.6919	 3.2497	 4.0173	    -7.0712	 -2.6101	 NaN	 NaN	 19.5419	    4.0359	 4.0250	 14.5102	 13.4145	 4.8411	    8.4158	 19.7513	 NaN	 NaN	 38.2742	    1	 -0.1200	 1	 2.310127e+03	 2.311085e+03	    2313.9525
2	 1	 1	 17	 1	    1	 10	 9	 4	 NaN	    4	 1	 0	 1	 -6.9003	    2.1180	 NaN	 NaN	 NaN	 NaN	    NaN	 NaN	 NaN	 NaN	 9.9014	    15.9835	 NaN	 NaN	 NaN	 NaN	    NaN	 NaN	 NaN	 NaN	 39.7161	    1	 -0.1400	 1	 2.320070e+03	 2.320629e+03	    2322.0708
2	 1	 1	 18	 1	    1	 10	 9	 2	 NaN	    2	 4	 0	 4	 3.9627	    -0.8912	 -5.0384	 7.9074	 -7.2514	 NaN	    NaN	 NaN	 NaN	 NaN	 7.2946	    17.5838	 19.7139	 9.2274	 6.2897	 NaN	    NaN	 NaN	 NaN	 NaN	 41.2747	    1	 -0.1600	 1	 2.331264e+03	 2.332181e+03	    2333.7398
2	 1	 1	 19	 1	    2	 10	 9	 2	 NaN	    2	 0	 6	 6	 -2.9720	    -7.4765	 6.3680	 5.6736	 -3.1644	 7.9969	    -7.6022	 NaN	 NaN	 NaN	 15.3977	    12.8044	 16.5886	 11.9612	 5.8748	 8.1279	    18.7017	 NaN	 NaN	 NaN	 44.3253	    1	 -0.1400	 0	 2.351977e+03	 2.352744e+03	    2355.7942
2	 1	 1	 20	 1	    2	 10	 9	 1	 NaN	    1	 0	 4	 4	 -7.2118	    -5.8546	 5.4911	 2.4177	 3.1326	 NaN	    NaN	 NaN	 NaN	 NaN	 14.8101	    6.9020	 5.8243	 18.8442	 14.2596	 NaN	    NaN	 NaN	 NaN	 NaN	 46.6091	    1	 -0.1600	 1	 2.362479e+03	 2.363129e+03	    2365.4128
2	 1	 1	 21	 1	    1	 10	 9	 4	 NaN	    4	 8	 0	 8	 5.9774	    -7.4765	 -4.4084	 2.4663	 -2.2711	 5.6628	    -3.5307	 3.2497	 1.8497	 NaN	 13.6135	    10.1715	 14.3213	 4.4463	 17.9752	 8.8559	    7.5173	 19.6087	 14.0002	 NaN	 49.7680	    1	 -0.1800	 1	 2.397236e+03	 2.398094e+03	    2401.2532
2	 1	 1	 22	 1	    2	 10	 9	 3	 NaN	    4	 0	 7	 7	 7.3910	    1.1448	 -5.6947	 7.2404	 -5.6181	 6.7903	    -7.8690	 -6.8799	 NaN	 NaN	 5.7683	    16.2931	 14.5217	 10.2338	 5.0638	 18.5788	    18.8729	 9.3582	 NaN	 NaN	 51.6100	    0	 -0.2000	 1	 2.408688e+03	 2.409463e+03	    2411.3052
