2	 11	 1	 1	 1	    2	 10	 9	 3	 NaN	    3	 0	 3	 3	 2.5577	    3.2823	 -7.9925	 -6.9490	 NaN	 NaN	    NaN	 NaN	 NaN	 NaN	 5.6820	    15.5024	 18.5522	 5.5886	 NaN	 NaN	    NaN	 NaN	 NaN	 NaN	 10.3854	    1	 0.0200	 0	 7.094458e+02	 7.104377e+02	    720.8230
2	 11	 1	 2	 1	    1	 10	 9	 4	 NaN	    4	 6	 0	 6	 -3.3771	    6.2172	 7.9990	 4.0708	 -6.2796	 -3.4553	    0.5532	 NaN	 NaN	 NaN	 16.1900	    16.9162	 8.2553	 10.4419	 12.3770	 4.6878	    14.4760	 NaN	 NaN	 NaN	 13.1942	    1	 0.0400	 0	 7.283495e+02	 7.289246e+02	    731.7335
2	 11	 1	 3	 1	    2	 10	 9	 2	 NaN	    1	 0	 2	 2	 7.1178	    -3.7096	 -3.3334	 NaN	 NaN	 NaN	    NaN	 NaN	 NaN	 NaN	 4.7569	    17.7195	 11.9280	 NaN	 NaN	 NaN	    NaN	 NaN	 NaN	 NaN	 14.8363	    0	 0.0200	 0	 7.400018e+02	 7.409187e+02	    742.5607
2	 11	 1	 4	 1	    2	 10	 9	 2	 NaN	    2	 0	 5	 5	 5.3638	    -0.6731	 6.2484	 0.3345	 -5.2440	 -7.4037	    NaN	 NaN	 NaN	 NaN	 10.2710	    17.9135	 15.5551	 4.7397	 6.6918	 16.6955	    NaN	 NaN	 NaN	 NaN	 17.1950	    1	 0.0400	 0	 7.488952e+02	 7.498704e+02	    752.2292
2	 11	 1	 5	 1	    2	 10	 9	 1	 NaN	    1	 0	 0	 0	 -2.4191	    NaN	 NaN	 NaN	 NaN	 NaN	    NaN	 NaN	 NaN	 NaN	 13.4127	    NaN	 NaN	 NaN	 NaN	 NaN	    NaN	 NaN	 NaN	 NaN	 18.6786	    1	 0.0600	 0	 7.612893e+02	 7.620311e+02	    763.5147
2	 11	 1	 6	 1	    1	 10	 9	 1	 NaN	    1	 0	 0	 0	 4.4390	    NaN	 NaN	 NaN	 NaN	 NaN	    NaN	 NaN	 NaN	 NaN	 9.5885	    NaN	 NaN	 NaN	 NaN	 NaN	    NaN	 NaN	 NaN	 NaN	 19.9539	    1	 0.0800	 0	 7.702411e+02	 7.708079e+02	    772.0831
2	 11	 1	 7	 1	    2	 10	 9	 2	 NaN	    2	 0	 7	 7	 -4.4447	    -7.3728	 6.6496	 -0.5097	 6.3432	 -2.6562	    7.3863	 2.9696	 NaN	 NaN	 9.1928	    16.0023	 6.1066	 17.2260	 17.1892	 4.0870	    11.4270	 14.4990	 NaN	 NaN	 23.3796	    1	 0.1000	 0	 7.782843e+02	 7.789011e+02	    782.3268
2	 11	 1	 8	 1	    1	 10	 9	 3	 NaN	    3	 5	 0	 5	 4.9461	    -1.5575	 -4.5016	 6.1514	 -6.6222	 5.1070	    NaN	 NaN	 NaN	 NaN	 11.9280	    14.0067	 17.8908	 19.5952	 7.1956	 7.4056	    NaN	 NaN	 NaN	 NaN	 28.0555	    1	 0.1200	 0	 7.879279e+02	 7.886114e+02	    793.2872
2	 11	 1	 9	 1	    2	 10	 9	 1	 NaN	    1	 0	 8	 8	 -2.0906	    0.8330	 -3.1797	 6.1858	 5.8427	 -6.7703	    -6.1584	 4.1789	 -6.9793	 NaN	 4.1207	    15.4838	 19.4676	 14.4631	 7.4117	 4.1026	    11.1480	 18.9942	 15.8144	 NaN	 30.0642	    1	 0.1400	 0	 8.021307e+02	 8.030392e+02	    805.0479
2	 11	 1	 10	 1	    1	 10	 9	 3	 NaN	    3	 8	 0	 8	 7.1178	    -1.4122	 2.9912	 6.3359	 2.9912	 -7.3728	    -5.0913	 -5.7839	 -2.1912	 NaN	 14.9982	    18.0984	 19.3631	 10.1416	 4.5225	 10.8390	    6.7474	 18.1532	 12.9736	 NaN	 32.3063	    1	 0.1600	 0	 8.110907e+02	 8.120743e+02	    814.3164
2	 11	 1	 11	 1	    1	 10	 9	 3	 NaN	    3	 3	 0	 3	 -7.1873	    -5.5024	 3.0413	 5.1070	 NaN	 NaN	    NaN	 NaN	 NaN	 NaN	 8.5224	    17.2746	 12.2933	 7.0142	 NaN	 NaN	    NaN	 NaN	 NaN	 NaN	 34.2650	    1	 0.1800	 0	 8.195757e+02	 8.201259e+02	    822.0846
2	 11	 1	 12	 1	    2	 10	 9	 3	 NaN	    4	 0	 4	 4	 -4.8039	    1.3238	 -5.7433	 7.2286	 -7.3222	 NaN	    NaN	 NaN	 NaN	 NaN	 10.4049	    13.4654	 16.7393	 9.1354	 5.9271	 NaN	    NaN	 NaN	 NaN	 NaN	 36.3403	    0	 0.1600	 0	 8.275190e+02	 8.281358e+02	    830.2112
2	 11	 1	 13	 1	    1	 10	 9	 4	 NaN	    3	 4	 0	 4	 -6.4845	    -4.3323	 1.6974	 6.0116	 -1.1465	 NaN	    NaN	 NaN	 NaN	 NaN	 15.8204	    9.6758	 17.2287	 4.2245	 4.7569	 NaN	    NaN	 NaN	 NaN	 NaN	 37.2988	    0	 0.1400	 0	 8.351371e+02	 8.361123e+02	    837.0708
2	 11	 1	 14	 1	    1	 10	 9	 2	 NaN	    1	 7	 0	 7	 4.0708	    -3.8350	 3.2359	 5.6428	 -7.5091	 7.9753	    -3.0420	 -7.5396	 NaN	 NaN	 16.8560	    15.4516	 4.2101	 9.3417	 7.4097	 19.4676	    6.6316	 19.9514	 NaN	 NaN	 40.7662	    0	 0.1200	 0	 8.438555e+02	 8.447307e+02	    848.1980
2	 11	 1	 15	 1	    1	 10	 9	 1	 NaN	    2	 2	 0	 2	 5.5967	    -0.8629	 -6.8882	 NaN	 NaN	 NaN	    NaN	 NaN	 NaN	 NaN	 10.2536	    16.9221	 9.5651	 NaN	 NaN	 NaN	    NaN	 NaN	 NaN	 NaN	 43.6000	    0	 0.1000	 0	 8.541992e+02	 8.551827e+02	    858.0166
2	 11	 1	 16	 1	    1	 10	 9	 2	 NaN	    1	 1	 0	 1	 2.9937	    -3.2196	 NaN	 NaN	 NaN	 NaN	    NaN	 NaN	 NaN	 NaN	 15.7490	    4.5456	 NaN	 NaN	 NaN	 NaN	    NaN	 NaN	 NaN	 NaN	 44.7253	    0	 0.0800	 0	 8.632093e+02	 8.641262e+02	    865.2514
2	 11	 1	 17	 1	    2	 10	 9	 3	 NaN	    4	 0	 6	 6	 -6.1405	    6.9005	 -1.3809	 7.8667	 -2.0843	 2.3993	    7.7746	 NaN	 NaN	 NaN	 11.2863	    11.1466	 5.3155	 18.2539	 14.4990	 19.9390	    6.2453	 NaN	 NaN	 NaN	 48.2259	    0	 0.0600	 0	 8.701357e+02	 8.708775e+02	    874.3782
2	 11	 1	 18	 1	    2	 10	 9	 3	 NaN	    3	 0	 1	 1	 4.3482	    -7.3348	 NaN	 NaN	 NaN	 NaN	    NaN	 NaN	 NaN	 NaN	 11.1885	    19.7095	 NaN	 NaN	 NaN	 NaN	    NaN	 NaN	 NaN	 NaN	 49.6345	    1	 0.0800	 0	 8.794875e+02	 8.803293e+02	    881.7379
2	 11	 1	 19	 1	    1	 10	 9	 3	 NaN	    4	 3	 0	 3	 -7.5629	    -6.4859	 7.5031	 6.1858	 NaN	 NaN	    NaN	 NaN	 NaN	 NaN	 4.0203	    13.9929	 13.0548	 8.8409	 NaN	 NaN	    NaN	 NaN	 NaN	 NaN	 53.0102	    0	 0.0600	 0	 8.868306e+02	 8.874641e+02	    890.8397
2	 11	 1	 20	 1	    2	 10	 9	 1	 NaN	    1	 0	 4	 4	 -7.3728	    6.8235	 5.3901	 -2.1298	 -2.8873	 NaN	    NaN	 NaN	 NaN	 NaN	 19.5126	    10.5528	 15.6788	 4.7397	 14.6389	 NaN	    NaN	 NaN	 NaN	 NaN	 54.4522	    1	 0.0800	 0	 8.961158e+02	 8.970993e+02	    898.5413
2	 11	 1	 21	 1	    1	 10	 9	 3	 NaN	    3	 4	 0	 4	 5.8133	    0.2350	 -2.7965	 -4.5981	 -4.2261	 NaN	    NaN	 NaN	 NaN	 NaN	 15.3439	    4.8698	 16.7393	 11.4365	 6.2416	 NaN	    NaN	 NaN	 NaN	 NaN	 55.8941	    1	 0.1000	 0	 9.035505e+02	 9.040757e+02	    905.5176
2	 11	 1	 22	 1	    2	 10	 9	 1	 NaN	    1	 0	 8	 8	 -7.7972	    -1.8137	 -6.1503	 2.3993	 1.9286	 -3.1586	    6.7237	 7.1178	 -7.6194	 NaN	 10.7352	    19.9580	 14.7209	 4.1026	 16.4700	 6.1943	    16.5362	 4.4115	 5.7634	 NaN	 60.3532	    1	 0.1200	 0	 9.107436e+02	 9.113437e+02	    915.8029
2	 11	 1	 23	 1	    2	 10	 9	 2	 NaN	    2	 0	 0	 0	 -4.3469	    NaN	 NaN	 NaN	 NaN	 NaN	    NaN	 NaN	 NaN	 NaN	 5.5886	    NaN	 NaN	 NaN	 NaN	 NaN	    NaN	 NaN	 NaN	 NaN	 61.9535	    1	 0.1400	 0	 9.214457e+02	 9.222209e+02	    923.8212
2	 11	 1	 24	 1	    1	 10	 9	 4	 NaN	    4	 7	 0	 7	 7.8331	    -0.3667	 4.0045	 -2.0870	 3.3527	 7.9165	    -5.6876	 -2.0843	 NaN	 NaN	 5.2279	    4.4099	 13.3426	 13.7781	 6.5218	 14.7931	    8.5975	 19.3631	 NaN	 NaN	 64.6290	    1	 0.1600	 0	 9.284388e+02	 9.291973e+02	    931.8727
2	 11	 1	 25	 1	    2	 10	 9	 3	 NaN	    4	 0	 1	 1	 3.4320	    -0.3340	 NaN	 NaN	 NaN	 NaN	    NaN	 NaN	 NaN	 NaN	 16.7393	    5.1663	 NaN	 NaN	 NaN	 NaN	    NaN	 NaN	 NaN	 NaN	 65.6542	    0	 0.1400	 0	 9.370154e+02	 9.379406e+02	    938.9658
2	 11	 1	 26	 1	    2	 10	 9	 3	 NaN	    3	 0	 6	 6	 7.3863	    -6.4304	 -3.0420	 6.7481	 -4.3052	 0.1766	    -7.6194	 NaN	 NaN	 NaN	 19.1417	    13.5226	 15.7182	 11.8592	 9.0166	 5.2361	    18.9942	 NaN	 NaN	 NaN	 68.1880	    1	 0.1600	 0	 9.448753e+02	 9.454338e+02	    947.9676
2	 11	 1	 27	 1	    2	 10	 9	 4	 NaN	    3	 0	 5	 5	 -4.7887	    -2.4191	 5.9366	 0.4349	 -5.2657	 1.0292	    NaN	 NaN	 NaN	 NaN	 14.6375	    19.4676	 8.4077	 16.0469	 7.4900	 5.0300	    NaN	 NaN	 NaN	 NaN	 69.7133	    0	 0.1400	 0	 9.529436e+02	 9.535937e+02	    955.1190
2	 11	 1	 28	 1	    2	 10	 9	 2	 NaN	    2	 0	 2	 2	 0.4758	    -3.2551	 4.0565	 NaN	 NaN	 NaN	    NaN	 NaN	 NaN	 NaN	 15.0235	    6.7414	 9.7935	 NaN	 NaN	 NaN	    NaN	 NaN	 NaN	 NaN	 71.7637	    1	 0.1600	 0	 9.609118e+02	 9.616953e+02	    963.7457
2	 11	 1	 29	 1	    1	 10	 9	 4	 NaN	    4	 2	 0	 2	 3.1337	    -7.8971	 3.8770	 NaN	 NaN	 NaN	    NaN	 NaN	 NaN	 NaN	 18.1087	    11.0564	 10.8390	 NaN	 NaN	 NaN	    NaN	 NaN	 NaN	 NaN	 73.3556	    1	 0.1800	 0	 9.690634e+02	 9.699303e+02	    971.5222
2	 11	 1	 30	 1	    1	 10	 9	 2	 NaN	    2	 5	 0	 5	 7.7746	    -7.3002	 -4.9132	 6.7923	 -5.7762	 2.9982	    NaN	 NaN	 NaN	 NaN	 18.6071	    18.0639	 4.0925	 9.8052	 9.5599	 17.7812	    NaN	 NaN	 NaN	 NaN	 76.3812	    1	 0.2000	 0	 9.807490e+02	 9.814075e+02	    984.4331
2	 11	 1	 31	 1	    2	 10	 9	 1	 NaN	    1	 0	 7	 7	 6.7885	    2.2625	 0.5922	 -2.9850	 4.3855	 -5.7441	    -6.0439	 -1.6702	 NaN	 NaN	 16.1776	    14.7931	 4.2101	 6.2504	 7.0643	 9.3139	    16.6955	 13.9825	 NaN	 NaN	 81.5155	    1	 0.2200	 0	 9.911010e+02	 9.919262e+02	    997.0605
2	 11	 1	 32	 1	    2	 10	 9	 2	 NaN	    1	 0	 3	 3	 -3.8664	    7.3962	 3.8979	 -7.4493	 NaN	 NaN	    NaN	 NaN	 NaN	 NaN	 5.7845	    7.5690	 18.1762	 15.3439	 NaN	 NaN	    NaN	 NaN	 NaN	 NaN	 82.9991	    0	 0.2000	 0	 1.002545e+03	 1.003237e+03	    1004.7204
2	 11	 1	 33	 1	    1	 10	 9	 4	 NaN	    4	 1	 0	 1	 3.8310	    -6.9875	 NaN	 NaN	 NaN	 NaN	    NaN	 NaN	 NaN	 NaN	 17.7227	    5.7634	 NaN	 NaN	 NaN	 NaN	    NaN	 NaN	 NaN	 NaN	 84.1993	    1	 0.2200	 0	 1.013147e+03	 1.013730e+03	    1014.9307
2	 11	 1	 34	 1	    1	 10	 9	 1	 NaN	    1	 0	 0	 0	 1.4243	    NaN	 NaN	 NaN	 NaN	 NaN	    NaN	 NaN	 NaN	 NaN	 14.2195	    NaN	 NaN	 NaN	 NaN	 NaN	    NaN	 NaN	 NaN	 NaN	 85.2829	    1	 0.2400	 0	 1.020232e+03	 1.020857e+03	    1021.9404
2	 11	 1	 35	 1	    1	 10	 9	 3	 NaN	    3	 6	 0	 6	 -3.3927	    -3.8090	 2.2150	 6.5910	 4.9577	 -6.8201	    6.5175	 NaN	 NaN	 NaN	 16.5387	    5.7208	 19.2036	 9.5918	 14.7649	 8.5803	    19.6391	 NaN	 NaN	 NaN	 88.4335	    1	 0.2600	 0	 1.026916e+03	 1.027783e+03	    1030.9339
2	 11	 1	 36	 1	    1	 10	 9	 2	 NaN	    1	 8	 0	 8	 -4.0587	    6.0570	 1.1798	 4.3855	 -2.9850	 -3.8090	    -3.8961	 6.5910	 -7.3664	 NaN	 9.9438	    11.7954	 18.3174	 5.2103	 4.0925	 19.4729	    14.2246	 17.1547	 7.6240	 NaN	 92.1759	    0	 0.2400	 0	 1.035801e+03	 1.036485e+03	    1040.2273
2	 11	 1	 37	 1	    2	 10	 9	 3	 NaN	    3	 0	 3	 3	 -2.3108	    1.7416	 6.4110	 -2.1554	 NaN	 NaN	    NaN	 NaN	 NaN	 NaN	 15.4838	    14.9221	 9.5918	 5.0425	 NaN	 NaN	    NaN	 NaN	 NaN	 NaN	 93.5845	    1	 0.2600	 0	 1.045320e+03	 1.045853e+03	    1047.2621
2	 11	 1	 38	 1	    1	 10	 9	 4	 NaN	    4	 1	 0	 1	 -5.1332	    4.7321	 NaN	 NaN	 NaN	 NaN	    NaN	 NaN	 NaN	 NaN	 16.2988	    7.2417	 NaN	 NaN	 NaN	 NaN	    NaN	 NaN	 NaN	 NaN	 94.8430	    1	 0.2800	 0	 1.052171e+03	 1.052913e+03	    1054.1717
2	 11	 1	 39	 1	    2	 10	 9	 2	 NaN	    2	 0	 1	 1	 -1.2733	    3.4503	 NaN	 NaN	 NaN	 NaN	    NaN	 NaN	 NaN	 NaN	 5.1663	    15.8064	 NaN	 NaN	 NaN	 NaN	    NaN	 NaN	 NaN	 NaN	 96.4349	    1	 0.3000	 0	 1.061773e+03	 1.062523e+03	    1064.1153
2	 11	 1	 40	 1	    1	 10	 9	 3	 NaN	    3	 5	 0	 5	 2.2322	    -2.0036	 -5.7433	 5.0079	 -7.0451	 4.6356	    NaN	 NaN	 NaN	 NaN	 5.0634	    5.0226	 9.7913	 16.9221	 19.7458	 12.4875	    NaN	 NaN	 NaN	 NaN	 98.0519	    1	 0.3200	 0	 1.071342e+03	 1.071934e+03	    1073.5505
2	 11	 1	 41	 1	    2	 10	 9	 1	 NaN	    1	 0	 6	 6	 4.1115	    -3.9458	 0.2539	 -7.5718	 -2.9353	 3.5215	    -6.5189	 NaN	 NaN	 NaN	 8.1697	    17.3308	 13.5992	 6.1066	 5.6820	 17.3607	    12.5575	 NaN	 NaN	 NaN	 99.8105	    1	 0.3400	 0	 1.085178e+03	 1.085720e+03	    1087.4783
2	 11	 1	 42	 1	    1	 10	 9	 4	 NaN	    3	 4	 0	 4	 -4.2261	    -4.5642	 2.8136	 4.6626	 -7.9646	 NaN	    NaN	 NaN	 NaN	 NaN	 12.9140	    7.0409	 4.5302	 16.1200	 19.9514	 NaN	    NaN	 NaN	 NaN	 NaN	 102.4776	    0	 0.3200	 1	 1.092396e+03	 1.093313e+03	    1095.9799
2	 11	 1	 43	 1	    2	 10	 9	 4	 NaN	    4	 0	 0	 0	 5.2587	    NaN	 NaN	 NaN	 NaN	 NaN	    NaN	 NaN	 NaN	 NaN	 17.8419	    NaN	 NaN	 NaN	 NaN	 NaN	    NaN	 NaN	 NaN	 NaN	 104.1696	    1	 0.3400	 0	 1.106457e+03	 1.107007e+03	    1108.6991
2	 11	 1	 44	 1	    2	 10	 9	 4	 NaN	    4	 0	 7	 7	 7.1287	    -4.1950	 3.8025	 -5.1805	 4.1128	 -0.4846	    -7.6258	 6.6440	 NaN	 NaN	 5.2242	    16.5284	 7.9838	 8.5896	 14.4760	 5.2242	    12.0817	 18.1563	 NaN	 NaN	 107.1285	    1	 0.3600	 0	 1.115217e+03	 1.116109e+03	    1119.0678
2	 11	 1	 45	 1	    1	 10	 9	 3	 NaN	    3	 3	 0	 3	 -6.9368	    -0.8534	 3.8979	 7.4688	 NaN	 NaN	    NaN	 NaN	 NaN	 NaN	 10.1190	    15.7932	 6.3647	 16.4100	 NaN	 NaN	    NaN	 NaN	 NaN	 NaN	 109.5540	    1	 0.3800	 0	 1.125044e+03	 1.125627e+03	    1128.0529
2	 11	 1	 46	 1	    1	 10	 9	 4	 NaN	    4	 7	 0	 7	 7.8273	    7.4688	 -6.0942	 -0.8526	 -5.3948	 4.3617	    3.2823	 -3.7371	 NaN	 NaN	 8.5224	    16.3428	 18.8721	 18.0453	 11.3590	 4.3698	    15.6502	 7.4031	 NaN	 NaN	 111.5710	    1	 0.4000	 0	 1.132904e+03	 1.133571e+03	    1135.5877
2	 11	 1	 47	 1	    2	 10	 9	 2	 NaN	    1	 0	 5	 5	 4.1128	    1.7963	 -1.6738	 -0.3734	 6.3359	 -7.6194	    NaN	 NaN	 NaN	 NaN	 18.7960	    5.2103	 15.8064	 19.6391	 8.7257	 11.1946	    NaN	 NaN	 NaN	 NaN	 113.8131	    0	 0.3800	 0	 1.140605e+03	 1.141606e+03	    1143.8476
2	 11	 1	 48	 1	    1	 10	 9	 1	 NaN	    1	 8	 0	 8	 -6.0620	    -3.5953	 6.3993	 6.9005	 2.9937	 -2.1276	    -6.1405	 2.9176	 2.3503	 NaN	 7.0409	    11.6060	 9.5400	 15.1496	 18.5522	 15.6502	    16.2988	 4.2193	 13.6130	 NaN	 118.0389	    1	 0.4000	 0	 1.149816e+03	 1.150691e+03	    1154.9165
2	 11	 1	 49	 1	    1	 10	 9	 3	 NaN	    3	 2	 0	 2	 5.8479	    -4.6681	 -1.1119	 NaN	 NaN	 NaN	    NaN	 NaN	 NaN	 NaN	 5.6820	    12.9448	 17.1892	 NaN	 NaN	 NaN	    NaN	 NaN	 NaN	 NaN	 119.9059	    1	 0.4200	 0	 1.160351e+03	 1.160901e+03	    1162.7680
2	 11	 1	 50	 1	    1	 10	 9	 3	 NaN	    3	 6	 0	 6	 5.6155	    -4.8576	 6.3993	 -7.7980	 2.6641	 -1.9657	    7.1345	 NaN	 NaN	 NaN	 5.0208	    4.7664	 9.3644	 13.5160	 19.5220	 15.5393	    18.5655	 NaN	 NaN	 NaN	 122.7314	    1	 0.4400	 0	 1.167886e+03	 1.168403e+03	    1171.2280
2	 11	 1	 51	 1	    2	 10	 9	 1	 NaN	    1	 0	 2	 2	 -5.7839	    5.1944	 -6.9875	 NaN	 NaN	 NaN	    NaN	 NaN	 NaN	 NaN	 17.7812	    9.8935	 6.9140	 NaN	 NaN	 NaN	    NaN	 NaN	 NaN	 NaN	 124.1067	    1	 0.4600	 0	 1.179905e+03	 1.180722e+03	    1182.0968
2	 11	 1	 52	 1	    2	 10	 9	 2	 NaN	    2	 0	 8	 8	 -0.8260	    3.9977	 -1.5719	 -7.7426	 -4.8239	 5.2349	    6.8048	 4.0196	 -7.9925	 NaN	 16.8504	    12.9736	 5.3155	 7.0643	 16.3003	 8.9653	    19.6391	 4.5533	 11.5374	 NaN	 126.1654	    1	 0.4800	 0	 1.188115e+03	 1.189098e+03	    1191.1569
2	 11	 1	 53	 1	    2	 10	 9	 1	 NaN	    2	 0	 4	 4	 7.4688	    -3.5001	 -1.3809	 5.5512	 -7.9476	 NaN	    NaN	 NaN	 NaN	 NaN	 11.1110	    12.2090	 4.7664	 17.1784	 7.9775	 NaN	    NaN	 NaN	 NaN	 NaN	 127.9074	    0	 0.4600	 0	 1.196408e+03	 1.197058e+03	    1198.8001
2	 11	 1	 54	 1	    1	 10	 9	 4	 NaN	    4	 0	 0	 0	 -4.3982	    NaN	 NaN	 NaN	 NaN	 NaN	    NaN	 NaN	 NaN	 NaN	 17.2233	    NaN	 NaN	 NaN	 NaN	 NaN	    NaN	 NaN	 NaN	 NaN	 129.7744	    1	 0.4800	 0	 1.204526e+03	 1.205443e+03	    1207.3101
2	 11	 1	 55	 1	    2	 10	 9	 4	 NaN	    4	 0	 3	 3	 3.8310	    -7.3002	 -5.1837	 6.9636	 NaN	 NaN	    NaN	 NaN	 NaN	 NaN	 13.2196	    4.5302	 18.0453	 8.4502	 NaN	 NaN	    NaN	 NaN	 NaN	 NaN	 132.0498	    1	 0.5000	 0	 1.215145e+03	 1.216120e+03	    1218.3956
2	 11	 1	 56	 1	    2	 10	 9	 3	 NaN	    4	 0	 6	 6	 5.2482	    0.3486	 -5.7839	 -6.8758	 -6.7703	 3.3071	    5.7043	 NaN	 NaN	 NaN	 9.8180	    5.1000	 19.3485	 13.0409	 8.9132	 15.5966	    5.2242	 NaN	 NaN	 NaN	 133.6168	    0	 0.4800	 0	 1.223838e+03	 1.224647e+03	    1226.2138
2	 11	 1	 57	 1	    1	 10	 9	 2	 NaN	    2	 3	 0	 3	 -1.4122	    -3.0658	 5.9731	 7.9165	 NaN	 NaN	    NaN	 NaN	 NaN	 NaN	 15.8790	    5.9305	 11.7936	 18.1563	 NaN	 NaN	    NaN	 NaN	 NaN	 NaN	 135.6005	    1	 0.5000	 0	 1.231240e+03	 1.232157e+03	    1234.1404
2	 11	 1	 58	 1	    1	 10	 9	 1	 NaN	    1	 2	 0	 2	 5.5512	    -2.9995	 2.0757	 NaN	 NaN	 NaN	    NaN	 NaN	 NaN	 NaN	 12.5849	    6.7474	 16.9639	 NaN	 NaN	 NaN	    NaN	 NaN	 NaN	 NaN	 137.3258	    1	 0.5200	 0	 1.239600e+03	 1.240458e+03	    1242.1836
2	 11	 1	 59	 1	    1	 10	 9	 4	 NaN	    4	 0	 0	 0	 -3.5973	    NaN	 NaN	 NaN	 NaN	 NaN	    NaN	 NaN	 NaN	 NaN	 18.0060	    NaN	 NaN	 NaN	 NaN	 NaN	    NaN	 NaN	 NaN	 NaN	 138.4260	    1	 0.5400	 0	 1.251719e+03	 1.252244e+03	    1253.3441
2	 11	 1	 60	 1	    1	 10	 9	 3	 NaN	    4	 6	 0	 6	 -0.8260	    2.6089	 -4.7225	 0.0886	 6.9274	 -2.0462	    -6.9575	 NaN	 NaN	 NaN	 19.0817	    13.7942	 9.8935	 4.3336	 5.2783	 14.1012	    17.7227	 NaN	 NaN	 NaN	 140.3931	    0	 0.5200	 0	 1.258845e+03	 1.259554e+03	    1261.5208
2	 11	 1	 61	 1	    2	 10	 9	 4	 NaN	    4	 0	 4	 4	 4.6356	    -4.1939	 7.8273	 -7.2958	 2.9912	 NaN	    NaN	 NaN	 NaN	 NaN	 7.9247	    13.9640	 4.8565	 18.2655	 14.9040	 NaN	    NaN	 NaN	 NaN	 NaN	 142.7601	    1	 0.5400	 0	 1.266463e+03	 1.267405e+03	    1269.7723
2	 11	 1	 62	 1	    1	 10	 9	 2	 NaN	    1	 4	 0	 4	 -3.4015	    5.1771	 -3.9976	 7.1769	 0.0886	 NaN	    NaN	 NaN	 NaN	 NaN	 14.7179	    8.0113	 4.9791	 17.9135	 17.3308	 NaN	    NaN	 NaN	 NaN	 NaN	 144.8772	    0	 0.5200	 0	 1.274415e+03	 1.275015e+03	    1277.1321
2	 11	 1	 63	 1	    2	 10	 9	 4	 NaN	    4	 0	 1	 1	 0.0420	    -7.7980	 NaN	 NaN	 NaN	 NaN	    NaN	 NaN	 NaN	 NaN	 15.4516	    8.0113	 NaN	 NaN	 NaN	 NaN	    NaN	 NaN	 NaN	 NaN	 146.1524	    1	 0.5400	 0	 1.282083e+03	 1.282750e+03	    1284.0251
2	 11	 1	 64	 1	    2	 10	 9	 3	 NaN	    3	 0	 0	 0	 -3.9039	    NaN	 NaN	 NaN	 NaN	 NaN	    NaN	 NaN	 NaN	 NaN	 12.5575	    NaN	 NaN	 NaN	 NaN	 NaN	    NaN	 NaN	 NaN	 NaN	 147.2860	    1	 0.5600	 0	 1.289001e+03	 1.289668e+03	    1290.8014
2	 11	 1	 65	 1	    2	 10	 9	 4	 NaN	    4	 0	 7	 7	 -0.0093	    -5.2440	 -6.9490	 4.1128	 6.5175	 7.7746	    2.4646	 -2.6679	 NaN	 NaN	 15.1496	    17.2287	 7.3127	 4.8876	 18.0353	 9.8971	    19.5126	 4.5533	 NaN	 NaN	 148.4028	    1	 0.5800	 0	 1.296294e+03	 1.297119e+03	    1298.2363
2	 11	 1	 66	 1	    1	 10	 9	 2	 NaN	    2	 8	 0	 8	 2.0380	    7.6513	 -4.5642	 -4.8692	 2.9982	 3.9977	    -5.0829	 -2.1856	 -7.9476	 NaN	 17.8908	    17.8999	 6.6918	 10.7598	 5.0574	 11.7954	    19.1644	 15.8342	 14.2195	 NaN	 151.3534	    1	 0.6000	 0	 1.303729e+03	 1.304713e+03	    1307.6631
2	 11	 1	 67	 1	    2	 10	 9	 4	 NaN	    4	 0	 8	 8	 -4.2857	    4.7893	 -2.1794	 -2.9353	 4.5876	 4.0253	    -7.2228	 7.8273	 -6.9584	 NaN	 5.4048	    18.4237	 19.5770	 13.1827	 11.9264	 4.0870	    13.5547	 5.4094	 18.1622	 NaN	 154.7040	    1	 0.5800	 1	 1.314156e+03	 1.314673e+03	    1318.0235
2	 11	 1	 68	 1	    1	 10	 9	 3	 NaN	    3	 5	 0	 5	 4.0909	    0.5532	 -0.0608	 -5.8132	 4.9825	 -3.9976	    NaN	 NaN	 NaN	 NaN	 11.1455	    4.3698	 16.5547	 14.6342	 4.9665	 18.6199	    NaN	 NaN	 NaN	 NaN	 156.2960	    1	 0.6000	 0	 1.324141e+03	 1.324967e+03	    1326.5585
2	 11	 1	 69	 1	    1	 10	 9	 2	 NaN	    1	 7	 0	 7	 -5.4636	    -6.9490	 -0.2687	 7.7114	 3.6092	 -7.5629	    4.0629	 1.7870	 NaN	 NaN	 19.0284	    10.2374	 15.2275	 12.7636	 18.0677	 4.0870	    9.3244	 4.0554	 NaN	 NaN	 157.7129	    0	 0.5800	 0	 1.331684e+03	 1.332410e+03	    1333.8266
2	 11	 1	 70	 1	    2	 10	 9	 2	 NaN	    2	 0	 5	 5	 -3.9458	    2.2150	 5.8141	 -2.1573	 0.3486	 -0.3982	    NaN	 NaN	 NaN	 NaN	 11.1110	    18.3333	 4.1044	 17.7195	 5.3250	 14.1151	    NaN	 NaN	 NaN	 NaN	 159.9967	    1	 0.6000	 0	 1.339753e+03	 1.340745e+03	    1343.0283
2	 11	 1	 71	 1	    2	 10	 9	 1	 NaN	    1	 0	 2	 2	 -2.6380	    6.6496	 -3.1581	 NaN	 NaN	 NaN	    NaN	 NaN	 NaN	 NaN	 6.0946	    13.1827	 19.5952	 NaN	 NaN	 NaN	    NaN	 NaN	 NaN	 NaN	 161.6553	    1	 0.6200	 0	 1.348304e+03	 1.348980e+03	    1350.6382
2	 11	 1	 72	 1	    1	 10	 9	 2	 NaN	    1	 1	 0	 1	 -4.9977	    6.5175	 NaN	 NaN	 NaN	 NaN	    NaN	 NaN	 NaN	 NaN	 16.5387	    10.2536	 NaN	 NaN	 NaN	 NaN	    NaN	 NaN	 NaN	 NaN	 162.6055	    0	 0.6000	 0	 1.355631e+03	 1.356339e+03	    1357.2895
2	 11	 1	 73	 1	    2	 10	 9	 4	 NaN	    4	 0	 4	 4	 -1.0924	    6.3791	 -7.5267	 7.1287	 3.9183	 NaN	    NaN	 NaN	 NaN	 NaN	 4.0373	    8.2262	 14.7931	 14.6910	 18.3154	 NaN	    NaN	 NaN	 NaN	 NaN	 164.5475	    1	 0.6200	 0	 1.362082e+03	 1.362749e+03	    1364.6909
2	 11	 1	 74	 1	    2	 10	 9	 3	 NaN	    3	 0	 2	 2	 7.9215	    -7.6187	 -1.9999	 NaN	 NaN	 NaN	    NaN	 NaN	 NaN	 NaN	 14.7834	    8.6418	 4.3336	 NaN	 NaN	 NaN	    NaN	 NaN	 NaN	 NaN	 165.5143	    1	 0.6400	 0	 1.369700e+03	 1.370384e+03	    1371.3506
2	 11	 1	 75	 1	    1	 10	 9	 4	 NaN	    4	 8	 0	 8	 -5.1332	    -5.5628	 5.4274	 -1.2733	 5.9373	 -5.8064	    5.7427	 2.2219	 1.9286	 NaN	 17.8419	    5.4464	 7.3127	 16.1200	 17.5803	 11.7839	    12.9147	 4.7283	 19.1813	 NaN	 168.1982	    1	 0.6600	 0	 1.376160e+03	 1.377043e+03	    1379.7273
2	 11	 1	 76	 1	    1	 10	 9	 3	 NaN	    3	 3	 0	 3	 -6.5911	    1.1512	 -6.0672	 4.8976	 NaN	 NaN	    NaN	 NaN	 NaN	 NaN	 17.7147	    13.6026	 7.4491	 4.6488	 NaN	 NaN	    NaN	 NaN	 NaN	 NaN	 169.3234	    1	 0.6800	 0	 1.386795e+03	 1.387354e+03	    1388.4789
2	 11	 1	 77	 1	    2	 10	 9	 2	 NaN	    2	 0	 5	 5	 -6.1777	    1.0021	 -3.6819	 7.6665	 -2.0547	 6.1185	    NaN	 NaN	 NaN	 NaN	 14.9221	    16.5284	 18.3657	 5.9767	 4.3336	 11.4365	    NaN	 NaN	 NaN	 NaN	 173.3158	    1	 0.7000	 0	 1.395764e+03	 1.396314e+03	    1400.3063
2	 11	 1	 78	 1	    1	 10	 9	 4	 NaN	    4	 0	 0	 0	 7.4947	    NaN	 NaN	 NaN	 NaN	 NaN	    NaN	 NaN	 NaN	 NaN	 11.6060	    NaN	 NaN	 NaN	 NaN	 NaN	    NaN	 NaN	 NaN	 NaN	 174.4410	    1	 0.7200	 0	 1.405824e+03	 1.406583e+03	    1407.7077
2	 11	 1	 79	 1	    1	 10	 9	 1	 NaN	    1	 5	 0	 5	 -6.8818	    -2.1554	 2.0263	 5.6428	 -2.9850	 4.3482	    NaN	 NaN	 NaN	 NaN	 8.7820	    4.2101	 17.7392	 14.0044	 18.1532	 5.6820	    NaN	 NaN	 NaN	 NaN	 175.9163	    1	 0.7400	 0	 1.414001e+03	 1.414909e+03	    1416.3844
2	 11	 1	 80	 1	    2	 10	 9	 4	 NaN	    3	 0	 1	 1	 -3.0752	    5.9366	 NaN	 NaN	 NaN	 NaN	    NaN	 NaN	 NaN	 NaN	 18.0453	    5.9271	 NaN	 NaN	 NaN	 NaN	    NaN	 NaN	 NaN	 NaN	 176.9748	    0	 0.7200	 0	 1.421102e+03	 1.421777e+03	    1422.8357
2	 11	 1	 81	 1	    1	 10	 9	 1	 NaN	    1	 6	 0	 6	 -7.3348	    0.1385	 7.4947	 -6.4814	 -5.9337	 1.6972	    6.5910	 NaN	 NaN	 NaN	 9.8935	    15.5955	 8.7820	 15.7051	 19.9580	 5.0851	    13.4908	 NaN	 NaN	 NaN	 178.8585	    1	 0.7400	 0	 1.429629e+03	 1.430387e+03	    1432.2709
2	 11	 1	 82	 1	    1	 10	 9	 2	 NaN	    1	 2	 0	 2	 -2.0870	    4.7524	 6.5602	 NaN	 NaN	 NaN	    NaN	 NaN	 NaN	 NaN	 4.4099	    17.0645	 10.8706	 NaN	 NaN	 NaN	    NaN	 NaN	 NaN	 NaN	 180.2087	    0	 0.7200	 1	 1.436997e+03	 1.437880e+03	    1439.2306
2	 11	 1	 83	 1	    2	 10	 9	 2	 NaN	    2	 0	 0	 0	 6.1032	    NaN	 NaN	 NaN	 NaN	 NaN	    NaN	 NaN	 NaN	 NaN	 5.0208	    NaN	 NaN	 NaN	 NaN	 NaN	    NaN	 NaN	 NaN	 NaN	 181.8674	    1	 0.7400	 0	 1.444840e+03	 1.445540e+03	    1447.1988
2	 11	 1	 84	 1	    2	 10	 9	 3	 NaN	    3	 0	 6	 6	 -3.6911	    0.3599	 -5.0232	 7.8676	 4.7866	 -2.9483	    -6.8758	 NaN	 NaN	 NaN	 19.9851	    4.3698	 10.0609	 8.1998	 16.2476	 16.0160	    4.5533	 NaN	 NaN	 NaN	 183.4343	    1	 0.7600	 0	 1.452333e+03	 1.453125e+03	    1454.6919
2	 11	 1	 85	 1	    1	 10	 9	 1	 NaN	    1	 1	 0	 1	 5.0206	    -1.1171	 NaN	 NaN	 NaN	 NaN	    NaN	 NaN	 NaN	 NaN	 6.0638	    13.7291	 NaN	 NaN	 NaN	 NaN	    NaN	 NaN	 NaN	 NaN	 184.8845	    1	 0.7400	 1	 1.461410e+03	 1.462010e+03	    1463.4603
2	 11	 1	 86	 1	    2	 10	 9	 2	 NaN	    1	 0	 8	 8	 1.7037	    7.3372	 -6.0439	 -4.0444	 6.4110	 -0.1944	    6.1172	 -5.4970	 5.6593	 NaN	 5.8191	    4.0459	 6.7474	 14.7179	 8.2621	 18.6199	    12.6390	 19.5220	 18.6199	 NaN	 188.1685	    0	 0.7200	 0	 1.470678e+03	 1.471362e+03	    1474.6458
2	 11	 1	 87	 1	    2	 10	 9	 4	 NaN	    3	 0	 3	 3	 -6.0672	    -7.7830	 6.3432	 1.4243	 NaN	 NaN	    NaN	 NaN	 NaN	 NaN	 15.7051	    9.9965	 8.8834	 13.7981	 NaN	 NaN	    NaN	 NaN	 NaN	 NaN	 189.6771	    0	 0.7000	 0	 1.480122e+03	 1.480789e+03	    1482.2973
2	 11	 1	 88	 1	    1	 10	 9	 4	 NaN	    4	 4	 0	 4	 5.2587	    -6.8818	 -6.7564	 1.6134	 5.7243	 NaN	    NaN	 NaN	 NaN	 NaN	 16.6955	    5.1497	 9.6758	 14.0597	 4.6878	 NaN	    NaN	 NaN	 NaN	 NaN	 190.8940	    1	 0.7200	 0	 1.487907e+03	 1.488590e+03	    1489.8071
2	 11	 1	 89	 1	    1	 10	 9	 2	 NaN	    2	 7	 0	 7	 1.2679	    5.0250	 4.7071	 -6.8818	 -1.6814	 -2.9850	    -4.3103	 6.7481	 NaN	 NaN	 18.9143	    14.9760	 4.7397	 10.2536	 5.0851	 12.2023	    19.6468	 9.3139	 NaN	 NaN	 193.7195	    1	 0.7400	 0	 1.497409e+03	 1.498200e+03	    1501.0260
2	 11	 1	 90	 1	    2	 10	 9	 1	 NaN	    1	 0	 7	 7	 5.1070	    -6.5911	 -1.7408	 -3.0186	 -4.3052	 7.7187	    1.0518	 6.1172	 NaN	 NaN	 7.6240	    18.4795	 14.2195	 5.0208	 10.4220	 11.7954	    19.3485	 16.0351	 NaN	 NaN	 196.7201	    1	 0.7600	 0	 1.506894e+03	 1.507644e+03	    1510.6445
2	 11	 1	 91	 1	    2	 10	 9	 2	 NaN	    1	 0	 3	 3	 5.3493	    4.6626	 -4.0489	 -6.4845	 NaN	 NaN	    NaN	 NaN	 NaN	 NaN	 10.3254	    14.7597	 5.2103	 14.2246	 NaN	 NaN	    NaN	 NaN	 NaN	 NaN	 198.1954	    0	 0.7400	 0	 1.518129e+03	 1.518880e+03	    1520.3548
2	 11	 1	 92	 1	    2	 10	 9	 4	 NaN	    4	 0	 8	 8	 -5.7762	    7.1178	 -7.7830	 4.3855	 5.8979	 -3.9953	    -3.9953	 0.8582	 -0.2218	 NaN	 15.8064	    7.1956	 5.8254	 15.9376	 11.7936	 9.2870	    19.9390	 18.8721	 14.1012	 NaN	 200.1374	    1	 0.7600	 0	 1.524881e+03	 1.525664e+03	    1527.6062
2	 11	 1	 93	 1	    2	 10	 9	 4	 NaN	    4	 0	 1	 1	 -6.9575	    7.7114	 NaN	 NaN	 NaN	 NaN	    NaN	 NaN	 NaN	 NaN	 6.4043	    17.3308	 NaN	 NaN	 NaN	 NaN	    NaN	 NaN	 NaN	 NaN	 201.3626	    1	 0.7800	 0	 1.532916e+03	 1.533841e+03	    1535.0660
2	 11	 1	 94	 1	    1	 10	 9	 4	 NaN	    4	 4	 0	 4	 -5.3895	    5.7674	 -4.0152	 0.8021	 4.7524	 NaN	    NaN	 NaN	 NaN	 NaN	 5.2279	    16.5387	 14.1331	 4.1044	 4.7397	 NaN	    NaN	 NaN	 NaN	 NaN	 202.9129	    1	 0.8000	 0	 1.540575e+03	 1.541376e+03	    1542.9259
2	 11	 1	 95	 1	    1	 10	 9	 4	 NaN	    4	 0	 0	 0	 -6.9584	    NaN	 NaN	 NaN	 NaN	 NaN	    NaN	 NaN	 NaN	 NaN	 13.8881	    NaN	 NaN	 NaN	 NaN	 NaN	    NaN	 NaN	 NaN	 NaN	 203.7880	    1	 0.8200	 0	 1.548727e+03	 1.549519e+03	    1550.3940
2	 11	 1	 96	 1	    1	 10	 9	 2	 NaN	    2	 2	 0	 2	 -4.8039	    2.9696	 3.8252	 NaN	 NaN	 NaN	    NaN	 NaN	 NaN	 NaN	 5.7794	    15.5966	 6.8085	 NaN	 NaN	 NaN	    NaN	 NaN	 NaN	 NaN	 205.4717	    1	 0.8400	 0	 1.555087e+03	 1.555745e+03	    1557.4287
2	 11	 1	 97	 1	    1	 10	 9	 4	 NaN	    4	 1	 0	 1	 -1.6407	    5.0129	 NaN	 NaN	 NaN	 NaN	    NaN	 NaN	 NaN	 NaN	 14.9291	    7.4793	 NaN	 NaN	 NaN	 NaN	    NaN	 NaN	 NaN	 NaN	 206.4385	    1	 0.8600	 0	 1.564847e+03	 1.565455e+03	    1566.4222
2	 11	 1	 98	 1	    2	 10	 9	 4	 NaN	    4	 0	 5	 5	 -4.9750	    6.2856	 5.5412	 -3.4015	 1.5914	 -4.7887	    NaN	 NaN	 NaN	 NaN	 7.3845	    15.5754	 4.0373	 17.2746	 5.2103	 13.5226	    NaN	 NaN	 NaN	 NaN	 208.6306	    1	 0.8800	 0	 1.572315e+03	 1.573090e+03	    1575.2822
2	 11	 1	 99	 1	    2	 10	 9	 1	 NaN	    1	 0	 6	 6	 -7.6718	    -7.9556	 7.2921	 4.8921	 6.5890	 -6.9596	    0.5035	 NaN	 NaN	 NaN	 14.4990	    10.4689	 4.8565	 17.7147	 12.0982	 6.5297	    4.6878	 NaN	 NaN	 NaN	 209.6891	    1	 0.9000	 0	 1.581442e+03	 1.582184e+03	    1583.2421
2	 11	 1	 100	 1	    1	 10	 9	 2	 NaN	    1	 5	 0	 5	 0.4512	    4.4364	 -4.8239	 -6.4859	 1.1363	 -4.8239	    NaN	 NaN	 NaN	 NaN	 14.8281	    5.5886	 17.1831	 5.1000	 19.4676	 10.3125	    NaN	 NaN	 NaN	 NaN	 211.2144	    0	 0.8800	 0	 1.587926e+03	 1.588893e+03	    1590.4185
2	 11	 1	 101	 1	    1	 10	 9	 1	 NaN	    1	 6	 0	 6	 0.4376	    -6.8201	 2.8355	 -2.0036	 -6.0620	 5.2587	    5.4759	 NaN	 NaN	 NaN	 17.0645	    4.5766	 5.6820	 5.1465	 13.4842	 19.5770	    10.3856	 NaN	 NaN	 NaN	 214.3149	    1	 0.9000	 0	 1.594961e+03	 1.595636e+03	    1598.7368
2	 11	 1	 102	 1	    2	 10	 9	 2	 NaN	    1	 0	 7	 7	 -1.8137	    5.9180	 -6.3356	 -3.1610	 2.0278	 7.3372	    5.9377	 -6.7078	 NaN	 NaN	 18.5958	    17.9872	 9.7913	 5.6820	 14.2246	 7.5966	    11.8932	 17.3835	 NaN	 NaN	 216.2486	    0	 0.8800	 0	 1.603563e+03	 1.604563e+03	    1606.4967
2	 11	 1	 103	 1	    1	 10	 9	 3	 NaN	    3	 8	 0	 8	 -4.6455	    2.5577	 -3.0420	 -7.7830	 5.6593	 7.6853	    3.5490	 -3.0658	 0.4465	 NaN	 19.0086	    15.2275	 4.6827	 10.8706	 9.7913	 19.3145	    5.9929	 15.3216	 19.6624	 NaN	 219.5076	    1	 0.9000	 0	 1.611548e+03	 1.612515e+03	    1615.7735
2	 11	 1	 104	 1	    1	 10	 9	 4	 NaN	    4	 7	 0	 7	 -5.7441	    -7.7048	 5.0329	 0.2970	 2.8195	 4.8047	    -0.2218	 -3.5779	 NaN	 NaN	 10.2642	    17.0621	 12.3062	 4.0925	 19.6468	 4.4289	    16.1900	 5.9271	 NaN	 NaN	 222.6332	    1	 0.9200	 0	 1.622950e+03	 1.623733e+03	    1626.8590
2	 11	 1	 105	 1	    1	 10	 9	 2	 NaN	    2	 3	 0	 3	 7.8889	    -0.0093	 -5.9498	 6.5175	 NaN	 NaN	    NaN	 NaN	 NaN	 NaN	 10.0016	    15.9376	 5.4238	 17.1892	 NaN	 NaN	    NaN	 NaN	 NaN	 NaN	 224.6669	    1	 0.9400	 0	 1.631752e+03	 1.632710e+03	    1634.7439
2	 11	 1	 106	 1	    2	 10	 9	 3	 NaN	    4	 0	 0	 0	 1.1512	    NaN	 NaN	 NaN	 NaN	 NaN	    NaN	 NaN	 NaN	 NaN	 19.7095	    NaN	 NaN	 NaN	 NaN	 NaN	    NaN	 NaN	 NaN	 NaN	 225.9671	    0	 0.9200	 0	 1.639695e+03	 1.640653e+03	    1641.9536
2	 11	 1	 107	 1	    2	 10	 9	 3	 NaN	    4	 0	 2	 2	 -1.8137	    5.7124	 5.8479	 NaN	 NaN	 NaN	    NaN	 NaN	 NaN	 NaN	 4.6827	    16.9162	 10.3910	 NaN	 NaN	 NaN	    NaN	 NaN	 NaN	 NaN	 227.4758	    0	 0.9000	 0	 1.647363e+03	 1.648297e+03	    1649.8052
2	 11	 1	 108	 1	    2	 10	 9	 1	 NaN	    2	 0	 4	 4	 -5.4970	    5.8479	 3.7795	 -2.9995	 -1.4618	 NaN	    NaN	 NaN	 NaN	 NaN	 10.1593	    10.3254	 17.8908	 14.6591	 18.5522	 NaN	    NaN	 NaN	 NaN	 NaN	 229.5761	    0	 0.8800	 0	 1.655231e+03	 1.656198e+03	    1658.2985
2	 11	 1	 109	 1	    2	 10	 9	 2	 NaN	    1	 0	 4	 4	 -2.6593	    -4.3874	 6.8666	 0.3225	 -2.1733	 NaN	    NaN	 NaN	 NaN	 NaN	 5.0425	    10.8191	 17.5065	 15.9376	 19.8748	 NaN	    NaN	 NaN	 NaN	 NaN	 231.8349	    0	 0.8600	 0	 1.664058e+03	 1.665050e+03	    1667.3086
2	 11	 1	 110	 1	    2	 10	 9	 2	 NaN	    1	 0	 1	 1	 -0.6024	    5.0079	 NaN	 NaN	 NaN	 NaN	    NaN	 NaN	 NaN	 NaN	 15.5551	    10.2748	 NaN	 NaN	 NaN	 NaN	    NaN	 NaN	 NaN	 NaN	 233.0935	    0	 0.8400	 1	 1.672576e+03	 1.673143e+03	    1674.4017
2	 11	 1	 111	 1	    1	 10	 9	 1	 NaN	    2	 0	 0	 0	 5.4978	    NaN	 NaN	 NaN	 NaN	 NaN	    NaN	 NaN	 NaN	 NaN	 10.4877	    NaN	 NaN	 NaN	 NaN	 NaN	    NaN	 NaN	 NaN	 NaN	 235.1022	    0	 0.8200	 0	 1.680486e+03	 1.681153e+03	    1683.1617
2	 11	 1	 112	 1	    1	 10	 9	 2	 NaN	    2	 4	 0	 4	 -2.2451	    1.7020	 -6.8758	 4.0543	 -1.8137	 NaN	    NaN	 NaN	 NaN	 NaN	 6.0926	    4.3002	 17.0923	 19.6733	 17.4493	 NaN	    NaN	 NaN	 NaN	 NaN	 237.1526	    1	 0.8400	 0	 1.688296e+03	 1.689013e+03	    1691.0633
2	 11	 1	 113	 1	    1	 10	 9	 3	 NaN	    4	 1	 0	 1	 -2.9850	    5.1771	 NaN	 NaN	 NaN	 NaN	    NaN	 NaN	 NaN	 NaN	 18.1087	    11.1838	 NaN	 NaN	 NaN	 NaN	    NaN	 NaN	 NaN	 NaN	 238.2778	    0	 0.8200	 0	 1.696014e+03	 1.696531e+03	    1697.6562
2	 11	 1	 114	 1	    2	 10	 9	 3	 NaN	    3	 0	 3	 3	 -3.6911	    7.6351	 -6.9793	 0.8872	 NaN	 NaN	    NaN	 NaN	 NaN	 NaN	 16.5284	    11.0563	 6.9380	 17.3607	 NaN	 NaN	    NaN	 NaN	 NaN	 NaN	 240.0281	    1	 0.8400	 0	 1.702532e+03	 1.703182e+03	    1704.9326
2	 11	 1	 115	 1	    1	 10	 9	 1	 NaN	    1	 7	 0	 7	 -6.4859	    4.3482	 -0.3003	 -7.5396	 -5.3494	 5.3493	    2.4181	 3.9521	 NaN	 NaN	 13.9591	    14.1969	 15.6750	 9.8347	 4.5302	 8.2553	    5.0851	 19.9514	 NaN	 NaN	 243.5538	    1	 0.8600	 0	 1.711267e+03	 1.712109e+03	    1715.6347
2	 11	 1	 116	 1	    2	 10	 9	 1	 NaN	    1	 0	 7	 7	 1.6687	    -4.1860	 -7.1939	 7.7958	 -7.7048	 -1.2120	    6.1514	 3.1337	 NaN	 NaN	 13.4127	    5.6820	 17.9047	 9.7935	 10.4689	 17.2746	    16.1200	 4.4620	 NaN	 NaN	 244.6539	    1	 0.8800	 0	 1.720527e+03	 1.721453e+03	    1722.5528
2	 11	 1	 117	 1	    1	 10	 9	 4	 NaN	    4	 2	 0	 2	 5.3493	    -6.8266	 -4.8955	 NaN	 NaN	 NaN	    NaN	 NaN	 NaN	 NaN	 13.3935	    6.4931	 18.3631	 NaN	 NaN	 NaN	    NaN	 NaN	 NaN	 NaN	 246.4710	    1	 0.9000	 0	 1.728962e+03	 1.729829e+03	    1731.6462
2	 11	 1	 118	 1	    1	 10	 9	 2	 NaN	    1	 8	 0	 8	 -1.1119	    3.6755	 6.9005	 6.5463	 -6.3143	 -3.9482	    4.2281	 -0.2116	 -7.6448	 NaN	 16.9162	    11.2863	 14.4990	 5.2964	 17.1784	 8.5975	    19.1417	 4.0554	 6.0702	 NaN	 248.5713	    0	 0.8800	 0	 1.737189e+03	 1.737997e+03	    1740.0979
2	 11	 1	 119	 1	    2	 10	 9	 2	 NaN	    2	 0	 0	 0	 -7.1939	    NaN	 NaN	 NaN	 NaN	 NaN	    NaN	 NaN	 NaN	 NaN	 5.4094	    NaN	 NaN	 NaN	 NaN	 NaN	    NaN	 NaN	 NaN	 NaN	 250.7968	    1	 0.9000	 0	 1.745457e+03	 1.745966e+03	    1748.1911
2	 11	 1	 120	 1	    2	 10	 9	 2	 NaN	    2	 0	 5	 5	 1.4170	    2.2249	 4.2075	 -5.4662	 -3.5953	 -6.8266	    NaN	 NaN	 NaN	 NaN	 17.0645	    5.0851	 12.9448	 4.4289	 15.1630	 10.4524	    NaN	 NaN	 NaN	 NaN	 258.3232	    1	 0.9200	 0	 1.756034e+03	 1.756851e+03	    1764.3776
2	 11	 1	 121	 1	    2	 10	 9	 1	 NaN	    1	 0	 8	 8	 4.7524	    -6.4859	 3.1445	 7.6307	 -3.6640	 -5.2656	    7.6513	 -1.1133	 3.7795	 NaN	 18.7960	    8.4077	 5.4094	 7.9775	 5.0425	 19.1867	    12.9834	 13.8417	 11.5831	 NaN	 262.1073	    1	 0.9000	 1	 1.769562e+03	 1.770170e+03	    1773.9545
2	 11	 1	 122	 1	    2	 10	 9	 1	 NaN	    1	 0	 2	 2	 -3.5387	    0.7522	 4.5404	 NaN	 NaN	 NaN	    NaN	 NaN	 NaN	 NaN	 12.7794	    4.9982	 17.7812	 NaN	 NaN	 NaN	    NaN	 NaN	 NaN	 NaN	 264.2160	    1	 0.9200	 0	 1.780064e+03	 1.781056e+03	    1783.1647
2	 11	 1	 123	 1	    1	 10	 9	 4	 NaN	    4	 6	 0	 6	 -6.6117	    -1.1765	 -3.9872	 6.3759	 5.8427	 6.6440	    3.3124	 NaN	 NaN	 NaN	 16.1200	    16.5891	 8.5155	 10.4689	 19.6391	 4.9665	    7.2125	 NaN	 NaN	 NaN	 265.7496	    1	 0.9000	 1	 1.788324e+03	 1.789291e+03	    1790.8245
2	 11	 1	 124	 1	    1	 10	 9	 1	 NaN	    1	 5	 0	 5	 5.6593	    4.5581	 -6.5222	 -6.4304	 1.2706	 -0.3166	    NaN	 NaN	 NaN	 NaN	 4.9982	    13.2837	 14.2246	 9.4832	 17.3372	 5.0300	    NaN	 NaN	 NaN	 NaN	 266.8665	    1	 0.9200	 0	 1.796884e+03	 1.797634e+03	    1798.7510
2	 11	 1	 125	 1	    1	 10	 9	 2	 NaN	    1	 3	 0	 3	 -0.4516	    3.3071	 -2.3108	 1.3311	 NaN	 NaN	    NaN	 NaN	 NaN	 NaN	 14.0597	    5.1497	 4.4879	 18.6071	 NaN	 NaN	    NaN	 NaN	 NaN	 NaN	 269.5170	    0	 0.9000	 0	 1.803652e+03	 1.804511e+03	    1807.1610
2	 11	 1	 126	 1	    2	 10	 9	 3	 NaN	    3	 0	 6	 6	 -6.0717	    2.5738	 -4.5194	 6.8235	 -5.2948	 0.4837	    7.8889	 NaN	 NaN	 NaN	 12.3941	    5.7720	 16.2737	 11.0843	 8.2815	 15.1035	    16.4100	 NaN	 NaN	 NaN	 272.7176	    1	 0.9200	 0	 1.813137e+03	 1.814054e+03	    1817.2547
2	 11	 1	 127	 1	    2	 10	 9	 3	 NaN	    3	 0	 5	 5	 -6.3143	    1.2189	 -5.4636	 4.4177	 7.7746	 -2.6212	    NaN	 NaN	 NaN	 NaN	 9.3417	    14.1115	 16.1200	 8.5896	 11.1455	 19.5952	    NaN	 NaN	 NaN	 NaN	 275.8182	    1	 0.9400	 0	 1.823264e+03	 1.823889e+03	    1826.9899
2	 11	 1	 128	 1	    2	 10	 9	 4	 NaN	    3	 0	 0	 0	 2.7577	    NaN	 NaN	 NaN	 NaN	 NaN	    NaN	 NaN	 NaN	 NaN	 13.3935	    NaN	 NaN	 NaN	 NaN	 NaN	    NaN	 NaN	 NaN	 NaN	 277.0767	    0	 0.9200	 0	 1.832483e+03	 1.833074e+03	    1834.3330
2	 11	 1	 129	 1	    2	 10	 9	 1	 NaN	    1	 0	 4	 4	 -2.1276	    5.9935	 -6.6222	 0.2386	 7.5031	 NaN	    NaN	 NaN	 NaN	 NaN	 14.1115	    10.6336	 11.4270	 18.0353	 19.3631	 NaN	    NaN	 NaN	 NaN	 NaN	 280.0523	    1	 0.9400	 0	 1.839842e+03	 1.840759e+03	    1843.7348
2	 11	 1	 130	 1	    1	 10	 9	 1	 NaN	    2	 2	 0	 2	 2.1776	    -7.1287	 -7.2174	 NaN	 NaN	 NaN	    NaN	 NaN	 NaN	 NaN	 5.0537	    14.6990	 6.2453	 NaN	 NaN	 NaN	    NaN	 NaN	 NaN	 NaN	 281.4942	    0	 0.9200	 0	 1.848519e+03	 1.849111e+03	    1850.5529
2	 11	 1	 131	 1	    2	 10	 9	 1	 NaN	    1	 0	 3	 3	 6.7481	    -1.5719	 3.6092	 -3.0436	 NaN	 NaN	    NaN	 NaN	 NaN	 NaN	 7.4097	    14.1012	 17.3835	 5.9767	 NaN	 NaN	    NaN	 NaN	 NaN	 NaN	 282.5111	    1	 0.9400	 0	 1.855862e+03	 1.856821e+03	    1857.8376
2	 11	 1	 132	 1	    1	 10	 9	 2	 NaN	    2	 1	 0	 1	 -1.1207	    5.5039	 NaN	 NaN	 NaN	 NaN	    NaN	 NaN	 NaN	 NaN	 5.1465	    17.3607	 NaN	 NaN	 NaN	 NaN	    NaN	 NaN	 NaN	 NaN	 284.5697	    1	 0.9600	 0	 1.862947e+03	 1.863514e+03	    1865.5725
2	 11	 1	 133	 1	    2	 10	 9	 1	 NaN	    1	 0	 7	 7	 3.1595	    7.8349	 -0.7291	 -7.5343	 0.4511	 6.3993	    -4.3874	 -4.3799	 NaN	 NaN	 17.4601	    11.1045	 16.1900	 16.8560	 4.7569	 4.7684	    4.5456	 19.9390	 NaN	 NaN	 287.6453	    1	 0.9800	 0	 1.870407e+03	 1.870957e+03	    1874.0324
2	 11	 1	 134	 1	    1	 10	 9	 4	 NaN	    4	 8	 0	 8	 -1.6756	    5.4776	 2.7295	 -7.4648	 -6.9575	 -4.6098	    1.1411	 6.1019	 6.6700	 NaN	 15.7182	    16.6187	 13.3894	 15.0235	 5.4636	 10.9487	    4.6827	 11.0549	 5.1465	 NaN	 289.0789	    1	 1.0000	 0	 1.879434e+03	 1.880350e+03	    1881.7840
2	 11	 1	 135	 1	    1	 10	 9	 3	 NaN	    3	 7	 0	 7	 -3.7371	    1.1411	 6.8641	 4.4364	 -7.7980	 6.4110	    -3.5202	 -5.2657	 NaN	 NaN	 5.0300	    16.1779	 9.9480	 4.1701	 16.0383	 18.0677	    13.6302	 9.1502	 NaN	 NaN	 291.0459	    1	 1.0200	 0	 1.887202e+03	 1.887894e+03	    1889.8606
2	 11	 1	 136	 1	    2	 10	 9	 1	 NaN	    1	 0	 8	 8	 -6.9490	    -2.1881	 4.2821	 7.2286	 4.6626	 -5.8382	    -2.9995	 0.8194	 1.6770	 NaN	 8.8538	    17.2157	 6.1984	 15.7967	 11.1885	 14.1012	    4.2193	 14.2857	 19.0708	 NaN	 294.4133	    1	 1.0400	 0	 1.894695e+03	 1.895445e+03	    1898.8124
2	 11	 1	 137	 1	    1	 10	 9	 4	 NaN	    4	 4	 0	 4	 -3.6819	    4.5783	 2.4905	 -3.5779	 -5.3494	 NaN	    NaN	 NaN	 NaN	 NaN	 13.4908	    7.9775	 4.2926	 19.0771	 8.1697	 NaN	    NaN	 NaN	 NaN	 NaN	 296.9304	    1	 1.0600	 0	 1.903722e+03	 1.904372e+03	    1906.8889
2	 11	 1	 138	 1	    1	 10	 9	 3	 NaN	    3	 0	 0	 0	 0.3345	    NaN	 NaN	 NaN	 NaN	 NaN	    NaN	 NaN	 NaN	 NaN	 18.8721	    NaN	 NaN	 NaN	 NaN	 NaN	    NaN	 NaN	 NaN	 NaN	 298.1890	    1	 1.0800	 0	 1.911857e+03	 1.912482e+03	    1913.7403
2	 11	 1	 139	 1	    2	 10	 9	 4	 NaN	    4	 0	 1	 1	 7.9753	    -6.9179	 NaN	 NaN	 NaN	 NaN	    NaN	 NaN	 NaN	 NaN	 19.9637	    5.4094	 NaN	 NaN	 NaN	 NaN	    NaN	 NaN	 NaN	 NaN	 299.0642	    1	 1.1000	 0	 1.919341e+03	 1.920275e+03	    1921.1500
2	 11	 1	 140	 1	    2	 10	 9	 1	 NaN	    1	 0	 6	 6	 6.8114	    -0.7820	 -7.2589	 7.9753	 -0.1626	 3.0413	    -5.1627	 NaN	 NaN	 NaN	 14.7209	    4.8159	 9.9838	 9.8479	 13.8444	 16.9221	    13.4860	 NaN	 NaN	 NaN	 301.2562	    1	 1.1200	 0	 1.926026e+03	 1.926684e+03	    1928.8766
2	 11	 1	 141	 1	    2	 10	 9	 4	 NaN	    4	 0	 2	 2	 -4.1939	    4.8681	 7.8077	 NaN	 NaN	 NaN	    NaN	 NaN	 NaN	 NaN	 18.3037	    6.9724	 18.3446	 NaN	 NaN	 NaN	    NaN	 NaN	 NaN	 NaN	 302.7149	    1	 1.1400	 0	 1.935311e+03	 1.936236e+03	    1937.6950
2	 11	 1	 142	 1	    1	 10	 9	 4	 NaN	    4	 6	 0	 6	 -4.1950	    -4.2087	 5.0129	 7.6400	 -4.8907	 4.6626	    2.7577	 NaN	 NaN	 NaN	 4.5302	    10.1190	 8.2553	 18.2655	 14.8755	 14.7834	    19.8335	 NaN	 NaN	 NaN	 304.5735	    1	 1.1600	 0	 1.942629e+03	 1.943321e+03	    1945.1798
2	 11	 1	 143	 1	    1	 10	 9	 4	 NaN	    4	 5	 0	 5	 6.2172	    -5.9204	 -2.7760	 7.9565	 -5.1627	 2.6867	    NaN	 NaN	 NaN	 NaN	 4.5766	    18.6381	 4.3336	 19.2983	 10.2570	 15.6856	    NaN	 NaN	 NaN	 NaN	 307.3574	    1	 1.1800	 0	 1.950189e+03	 1.950973e+03	    1953.7564
2	 11	 1	 144	 1	    1	 10	 9	 3	 NaN	    3	 3	 0	 3	 7.1185	    4.9825	 -6.1307	 -1.4618	 NaN	 NaN	    NaN	 NaN	 NaN	 NaN	 14.7179	    10.1416	 18.8106	 5.3155	 NaN	 NaN	    NaN	 NaN	 NaN	 NaN	 308.1659	    1	 1.1600	 1	 1.959608e+03	 1.960474e+03	    1961.2829
2	 11	 1	 145	 1	    1	 10	 9	 2	 NaN	    1	 3	 0	 3	 1.7416	    0.3441	 -6.9596	 -4.1168	 NaN	 NaN	    NaN	 NaN	 NaN	 NaN	 15.4838	    4.8504	 11.3590	 16.3428	 NaN	 NaN	    NaN	 NaN	 NaN	 NaN	 309.9329	    0	 1.1400	 0	 1.967709e+03	 1.968218e+03	    1969.9847
2	 11	 1	 146	 1	    2	 10	 9	 1	 NaN	    2	 0	 5	 5	 -1.8617	    5.1115	 2.0380	 -4.3323	 7.1345	 -6.5400	    NaN	 NaN	 NaN	 NaN	 5.1497	    9.3873	 18.1789	 10.4419	 17.9872	 13.8755	    NaN	 NaN	 NaN	 NaN	 312.2500	    0	 1.1200	 0	 1.974911e+03	 1.975677e+03	    1977.9945
2	 11	 1	 147	 1	    2	 10	 9	 4	 NaN	    4	 0	 2	 2	 6.4303	    -5.7142	 3.8225	 NaN	 NaN	 NaN	    NaN	 NaN	 NaN	 NaN	 19.5770	    10.7598	 15.4213	 NaN	 NaN	 NaN	    NaN	 NaN	 NaN	 NaN	 314.0336	    1	 1.1400	 0	 1.982862e+03	 1.983604e+03	    1985.3876
2	 11	 1	 148	 1	    2	 10	 9	 3	 NaN	    3	 0	 8	 8	 -3.7096	    7.9815	 -3.5001	 5.1115	 5.3645	 -5.1837	    0.3225	 -5.9373	 -1.2733	 NaN	 14.4411	    4.3285	 7.4031	 10.4220	 17.7923	 18.3333	    13.9289	 11.0134	 19.4985	 NaN	 316.4341	    1	 1.1200	 1	 1.990405e+03	 1.991014e+03	    1993.4142
2	 11	 1	 149	 1	    1	 10	 9	 4	 NaN	    4	 6	 0	 6	 -1.6911	    6.7237	 4.1115	 -7.5203	 4.7866	 -6.8882	    0.7700	 NaN	 NaN	 NaN	 15.8204	    6.6918	 9.8347	 9.3095	 18.9143	 17.1636	    19.7458	 NaN	 NaN	 NaN	 319.1763	    1	 1.1400	 0	 1.999665e+03	 2.000441e+03	    2003.1828
2	 11	 1	 150	 1	    2	 10	 9	 3	 NaN	    3	 0	 6	 6	 -3.2133	    -5.4699	 7.9215	 3.6535	 0.3486	 -5.8160	    5.9366	 NaN	 NaN	 NaN	 15.4032	    10.1593	 9.9919	 16.0351	 4.8698	 18.6071	    4.0304	 NaN	 NaN	 NaN	 322.1685	    1	 1.1200	 1	 2.008067e+03	 2.009026e+03	    2012.0178
2	 11	 1	 151	 1	    2	 10	 9	 4	 NaN	    4	 0	 3	 3	 3.6642	    -3.9039	 3.5044	 -0.3003	 NaN	 NaN	    NaN	 NaN	 NaN	 NaN	 6.6463	    12.9147	 11.8157	 18.3481	 NaN	 NaN	    NaN	 NaN	 NaN	 NaN	 324.7523	    1	 1.1400	 0	 2.017611e+03	 2.018152e+03	    2020.7362
2	 11	 1	 152	 1	    1	 10	 9	 1	 NaN	    1	 4	 0	 4	 5.0423	    -5.6876	 -4.1168	 7.8077	 -7.5629	 NaN	    NaN	 NaN	 NaN	 NaN	 13.7781	    17.1636	 4.3309	 8.5803	 12.9736	 NaN	    NaN	 NaN	 NaN	 NaN	 326.2942	    1	 1.1600	 0	 2.025696e+03	 2.026304e+03	    2027.8459
2	 11	 1	 153	 1	    2	 10	 9	 1	 NaN	    1	 0	 4	 4	 -2.3108	    4.5581	 -6.5400	 5.5609	 -4.9826	 NaN	    NaN	 NaN	 NaN	 NaN	 16.5387	    10.1319	 10.4220	 16.4100	 19.9637	 NaN	    NaN	 NaN	 NaN	 NaN	 328.2696	    1	 1.1800	 0	 2.032439e+03	 2.033364e+03	    2035.3391
2	 11	 1	 154	 1	    2	 10	 9	 3	 NaN	    3	 0	 7	 7	 -7.7853	    2.9176	 0.5922	 -1.4646	 6.0570	 -5.8160	    5.9846	 -4.1168	 NaN	 NaN	 11.3605	    13.7291	 5.0574	 19.6468	 18.9942	 17.8999	    9.3244	 9.5629	 NaN	 NaN	 329.5614	    1	 1.2000	 0	 2.040290e+03	 2.041232e+03	    2042.5238
2	 11	 1	 155	 1	    1	 10	 9	 3	 NaN	    4	 0	 0	 0	 -7.4648	    NaN	 NaN	 NaN	 NaN	 NaN	    NaN	 NaN	 NaN	 NaN	 10.8390	    NaN	 NaN	 NaN	 NaN	 NaN	    NaN	 NaN	 NaN	 NaN	 330.6533	    0	 1.1800	 0	 2.047958e+03	 2.048600e+03	    2049.6919
2	 11	 1	 156	 1	    1	 10	 9	 3	 NaN	    3	 7	 0	 7	 -3.7096	    7.8868	 1.7416	 -4.5022	 3.2608	 -7.9476	    0.2970	 -6.6423	 NaN	 NaN	 11.0302	    5.4227	 19.1867	 19.1867	 14.4990	 4.8484	    4.0870	 14.4760	 NaN	 NaN	 332.8454	    1	 1.2000	 0	 2.055360e+03	 2.056102e+03	    2058.2936
2	 11	 1	 157	 1	    1	 10	 9	 1	 NaN	    1	 8	 0	 8	 -1.9999	    3.4787	 -1.3639	 5.8979	 -3.9976	 -7.9556	    4.6356	 7.7027	 -6.8266	 NaN	 4.9982	    12.0001	 17.8937	 18.0639	 13.5547	 17.2146	    7.4036	 10.8706	 8.5803	 NaN	 334.3040	    1	 1.2200	 0	 2.063053e+03	 2.063886e+03	    2065.3450
2	 11	 1	 158	 1	    1	 10	 9	 1	 NaN	    1	 1	 0	 1	 2.4646	    -7.1873	 NaN	 NaN	 NaN	 NaN	    NaN	 NaN	 NaN	 NaN	 19.3485	    7.9696	 NaN	 NaN	 NaN	 NaN	    NaN	 NaN	 NaN	 NaN	 335.4042	    1	 1.2400	 0	 2.070871e+03	 2.071580e+03	    2072.6797
2	 11	 1	 159	 1	    1	 10	 9	 1	 NaN	    1	 2	 0	 2	 5.5465	    -6.0159	 3.4503	 NaN	 NaN	 NaN	    NaN	 NaN	 NaN	 NaN	 13.5182	    11.5822	 5.9026	 NaN	 NaN	 NaN	    NaN	 NaN	 NaN	 NaN	 336.3960	    1	 1.2600	 0	 2.077789e+03	 2.078539e+03	    2079.5311
2	 11	 1	 160	 1	    2	 10	 9	 2	 NaN	    1	 0	 0	 0	 5.2646	    NaN	 NaN	 NaN	 NaN	 NaN	    NaN	 NaN	 NaN	 NaN	 18.3154	    NaN	 NaN	 NaN	 NaN	 NaN	    NaN	 NaN	 NaN	 NaN	 337.7296	    0	 1.2400	 0	 2.090825e+03	 2.091625e+03	    2092.9587
2	 11	 1	 161	 1	    1	 10	 9	 2	 NaN	    1	 5	 0	 5	 -3.9872	    4.0909	 -2.5139	 -6.0159	 7.4688	 3.0379	    NaN	 NaN	 NaN	 NaN	 4.2101	    18.6774	 15.3824	 9.5599	 15.4241	 6.2504	    NaN	 NaN	 NaN	 NaN	 338.8298	    0	 1.2200	 0	 2.099652e+03	 2.100610e+03	    2101.7104
2	 11	 1	 162	 1	    2	 10	 9	 2	 NaN	    2	 0	 1	 1	 -5.7441	    2.7615	 NaN	 NaN	 NaN	 NaN	    NaN	 NaN	 NaN	 NaN	 14.2766	    6.6011	 NaN	 NaN	 NaN	 NaN	    NaN	 NaN	 NaN	 NaN	 340.3384	    1	 1.2400	 0	 2.107312e+03	 2.108228e+03	    2109.7370
2	 11	 1	 163	 1	    1	 10	 9	 4	 NaN	    4	 0	 0	 0	 -7.1185	    NaN	 NaN	 NaN	 NaN	 NaN	    NaN	 NaN	 NaN	 NaN	 11.0134	    NaN	 NaN	 NaN	 NaN	 NaN	    NaN	 NaN	 NaN	 NaN	 341.4636	    1	 1.2600	 0	 2.115163e+03	 2.116055e+03	    2117.1801
2	 11	 1	 164	 1	    2	 10	 9	 2	 NaN	    1	 0	 2	 2	 6.4134	    -2.6207	 -7.3222	 NaN	 NaN	 NaN	    NaN	 NaN	 NaN	 NaN	 7.1956	    16.5382	 16.6955	 NaN	 NaN	 NaN	    NaN	 NaN	 NaN	 NaN	 343.8474	    0	 1.2400	 0	 2.122473e+03	 2.123015e+03	    2125.3984
2	 11	 1	 165	 1	    1	 10	 9	 2	 NaN	    2	 1	 0	 1	 7.8676	    -4.5680	 NaN	 NaN	 NaN	 NaN	    NaN	 NaN	 NaN	 NaN	 15.1035	    8.7427	 NaN	 NaN	 NaN	 NaN	    NaN	 NaN	 NaN	 NaN	 345.8894	    1	 1.2600	 0	 2.130741e+03	 2.131400e+03	    2133.4416
2	 11	 1	 166	 1	    1	 10	 9	 4	 NaN	    4	 6	 0	 6	 -1.1207	    5.5678	 -7.7048	 0.2970	 5.7732	 -6.8882	    6.7923	 NaN	 NaN	 NaN	 17.9135	    14.2857	 10.4689	 4.4099	 8.3694	 18.6071	    18.4522	 NaN	 NaN	 NaN	 348.1148	    1	 1.2800	 0	 2.141852e+03	 2.142819e+03	    2145.0439
2	 11	 1	 167	 1	    2	 10	 9	 2	 NaN	    2	 0	 0	 0	 -2.8840	    NaN	 NaN	 NaN	 NaN	 NaN	    NaN	 NaN	 NaN	 NaN	 4.2193	    NaN	 NaN	 NaN	 NaN	 NaN	    NaN	 NaN	 NaN	 NaN	 349.9401	    1	 1.3000	 0	 2.152704e+03	 2.153246e+03	    2155.0709
2	 11	 1	 168	 1	    2	 10	 9	 2	 NaN	    2	 0	 6	 6	 -3.1797	    7.8706	 -6.4029	 4.2032	 -3.3014	 4.7524	    -7.4037	 NaN	 NaN	 NaN	 13.5992	    4.4620	 10.2994	 8.8802	 18.0353	 14.3942	    19.5770	 NaN	 NaN	 NaN	 353.9658	    1	 1.3200	 0	 2.160805e+03	 2.161581e+03	    2165.6063
2	 11	 1	 169	 1	    1	 10	 9	 4	 NaN	    4	 2	 0	 2	 -6.6272	    4.3337	 4.7524	 NaN	 NaN	 NaN	    NaN	 NaN	 NaN	 NaN	 6.2891	    18.1762	 8.2960	 NaN	 NaN	 NaN	    NaN	 NaN	 NaN	 NaN	 355.5828	    1	 1.3000	 1	 2.171249e+03	 2.171824e+03	    2173.4412
2	 11	 1	 170	 1	    1	 10	 9	 2	 NaN	    2	 4	 0	 4	 5.0206	    -5.6876	 -5.4699	 3.9977	 -1.5157	 NaN	    NaN	 NaN	 NaN	 NaN	 8.2262	    9.9476	 17.9338	 18.2655	 17.2287	 NaN	    NaN	 NaN	 NaN	 NaN	 357.8166	    1	 1.3200	 0	 2.181960e+03	 2.182793e+03	    2185.0268
2	 11	 1	 171	 1	    2	 10	 9	 2	 NaN	    2	 0	 3	 3	 3.9977	    -6.2333	 5.5512	 -7.1648	 NaN	 NaN	    NaN	 NaN	 NaN	 NaN	 9.6938	    18.9942	 5.8596	 12.3728	 NaN	 NaN	    NaN	 NaN	 NaN	 NaN	 359.7586	    1	 1.3400	 0	 2.192161e+03	 2.192953e+03	    2194.8954
2	 11	 1	 172	 1	    2	 10	 9	 4	 NaN	    4	 0	 7	 7	 2.3711	    3.9089	 -4.8039	 -5.0232	 -3.6646	 5.1771	    -7.7465	 6.5910	 NaN	 NaN	 16.2737	    6.1749	 18.8743	 12.8909	 4.8698	 9.9919	    9.8491	 19.8748	 NaN	 NaN	 362.6508	    1	 1.3600	 0	 2.200638e+03	 2.201180e+03	    2204.0721
2	 11	 1	 173	 1	    2	 10	 9	 3	 NaN	    4	 0	 1	 1	 -7.1939	    1.1065	 NaN	 NaN	 NaN	 NaN	    NaN	 NaN	 NaN	 NaN	 8.4864	    18.9942	 NaN	 NaN	 NaN	 NaN	    NaN	 NaN	 NaN	 NaN	 364.1427	    0	 1.3400	 0	 2.209640e+03	 2.210190e+03	    2211.6820
2	 11	 1	 174	 1	    1	 10	 9	 3	 NaN	    3	 3	 0	 3	 5.6707	    -3.9458	 1.0021	 -6.5400	 NaN	 NaN	    NaN	 NaN	 NaN	 NaN	 6.7474	    5.4048	 16.1623	 18.4058	 NaN	 NaN	    NaN	 NaN	 NaN	 NaN	 366.7182	    1	 1.3600	 0	 2.218700e+03	 2.219234e+03	    2221.8090
2	 11	 1	 175	 1	    1	 10	 9	 1	 NaN	    2	 7	 0	 7	 7.3863	    -2.5801	 -3.9953	 5.3901	 2.3209	 -7.5091	    1.4170	 -3.3334	 NaN	 NaN	 18.0353	    17.5803	 11.3538	 7.9838	 16.1776	 14.8591	    4.6488	 6.2504	 NaN	 NaN	 368.1851	    0	 1.3400	 0	 2.227860e+03	 2.228594e+03	    2230.0606
2	 11	 1	 176	 1	    2	 10	 9	 4	 NaN	    4	 0	 4	 4	 -1.7230	    5.8039	 5.1771	 -6.8758	 -6.6272	 NaN	    NaN	 NaN	 NaN	 NaN	 13.4127	    13.3518	 5.5790	 4.2245	 18.3154	 NaN	    NaN	 NaN	 NaN	 NaN	 370.9189	    1	 1.3600	 0	 2.237087e+03	 2.237729e+03	    2240.4626
2	 11	 1	 177	 1	    2	 10	 9	 3	 NaN	    4	 0	 8	 8	 -5.2948	    0.2386	 -6.3803	 -3.0752	 5.5609	 4.3337	    -4.7225	 7.7842	 -6.5222	 NaN	 11.8592	    17.2069	 16.0469	 5.1088	 15.6750	 6.4931	    19.8199	 11.3477	 7.5966	 NaN	 372.3609	    0	 1.3400	 0	 2.246831e+03	 2.247347e+03	    2248.7893
2	 11	 1	 178	 1	    2	 10	 9	 4	 NaN	    4	 0	 5	 5	 -7.6891	    7.8889	 -2.8160	 3.8979	 4.4729	 -0.4273	    NaN	 NaN	 NaN	 NaN	 12.2779	    8.6072	 4.4620	 5.2022	 17.5517	 14.6990	    NaN	 NaN	 NaN	 NaN	 374.4363	    1	 1.3600	 0	 2.254074e+03	 2.254807e+03	    2256.8825
2	 11	 1	 179	 1	    1	 10	 9	 4	 NaN	    4	 8	 0	 8	 5.3645	    -3.2196	 -7.0027	 -1.0804	 3.6285	 4.3482	    7.9815	 -6.2796	 -5.8064	 NaN	 9.5629	    13.1528	 11.7839	 18.5641	 15.7932	 5.2279	    13.7079	 5.4410	 17.0645	 NaN	 377.3368	    1	 1.3800	 0	 2.261842e+03	 2.262742e+03	    2265.6426
2	 11	 1	 180	 1	    1	 10	 9	 2	 NaN	    1	 5	 0	 5	 -0.8260	    -6.7564	 6.5347	 4.6626	 -5.2008	 0.4465	    NaN	 NaN	 NaN	 NaN	 14.9773	    13.3894	 6.7545	 12.8468	 5.4238	 5.0300	    NaN	 NaN	 NaN	 NaN	 379.0038	    0	 1.3600	 1	 2.271444e+03	 2.271986e+03	    2273.6525
2	 11	 1	 181	 1	    1	 10	 9	 4	 NaN	    4	 7	 0	 7	 -4.0444	    -3.2212	 1.0518	 5.9373	 -2.0906	 7.1185	    -6.8230	 4.3617	 NaN	 NaN	 14.1012	    19.8849	 17.9135	 11.5374	 6.0231	 19.2983	    6.4251	 4.6827	 NaN	 NaN	 380.6791	    1	 1.3800	 0	 2.278653e+03	 2.279320e+03	    2280.9956
2	 11	 1	 182	 1	    2	 10	 9	 3	 NaN	    4	 0	 6	 6	 -2.3078	    6.0971	 3.9183	 -0.2687	 -6.0942	 0.5105	    -7.4178	 NaN	 NaN	 NaN	 17.1784	    15.4032	 11.2985	 4.8565	 9.7913	 13.7531	    19.6733	 NaN	 NaN	 NaN	 384.5131	    0	 1.3600	 0	 2.289497e+03	 2.290247e+03	    2294.0815
2	 11	 1	 183	 1	    2	 10	 9	 3	 NaN	    4	 0	 4	 4	 5.4767	    -4.3799	 5.7427	 -5.9373	 -0.2687	 NaN	    NaN	 NaN	 NaN	 NaN	 14.4760	    6.6411	 4.3336	 16.3428	 14.0597	 NaN	    NaN	 NaN	 NaN	 NaN	 386.4969	    0	 1.3400	 1	 2.299691e+03	 2.300324e+03	    2302.3081
2	 11	 1	 184	 1	    1	 10	 9	 3	 NaN	    3	 1	 0	 1	 5.6593	    -6.0717	 NaN	 NaN	 NaN	 NaN	    NaN	 NaN	 NaN	 NaN	 7.7374	    16.1200	 NaN	 NaN	 NaN	 NaN	    NaN	 NaN	 NaN	 NaN	 387.5637	    1	 1.3600	 0	 2.308384e+03	 2.309351e+03	    2310.4180
2	 11	 1	 185	 1	    2	 10	 9	 3	 NaN	    3	 0	 1	 1	 -6.7564	    6.0971	 NaN	 NaN	 NaN	 NaN	    NaN	 NaN	 NaN	 NaN	 14.9221	    4.4902	 NaN	 NaN	 NaN	 NaN	    NaN	 NaN	 NaN	 NaN	 388.5056	    1	 1.3800	 0	 2.316428e+03	 2.317269e+03	    2318.2112
2	 11	 1	 186	 1	    2	 10	 9	 2	 NaN	    2	 0	 7	 7	 5.7084	    -6.4896	 -1.5071	 4.1789	 4.8047	 -7.7426	    -3.5953	 7.8868	 NaN	 NaN	 6.1943	    9.2870	 16.5387	 12.4308	 17.4493	 18.3446	    6.5017	 9.9476	 NaN	 NaN	 392.1479	    1	 1.4000	 0	 2.323020e+03	 2.323879e+03	    2327.5214
